ARM GAS  C:\Users\Luis\AppData\Local\Temp\cciKWlHH.s 			page 1


   1              		.syntax unified
   2              		.cpu cortex-m4
   3              		.fpu softvfp
   4              		.eabi_attribute 20, 1
   5              		.eabi_attribute 21, 1
   6              		.eabi_attribute 23, 3
   7              		.eabi_attribute 24, 1
   8              		.eabi_attribute 25, 1
   9              		.eabi_attribute 26, 1
  10              		.eabi_attribute 30, 6
  11              		.eabi_attribute 34, 1
  12              		.eabi_attribute 18, 4
  13              		.thumb
  14              		.file	"chcore.c"
  15              		.text
  16              	.Ltext0:
  17              		.cfi_sections	.debug_frame
  18              	.Letext0:
  19              		.file 1 "c:\\emtechesdk\\gcc\\arm-none-eabi\\include\\stdint.h"
  20              		.file 2 "../../ChibiOS/os/rt/ports/ARMCMx/compilers/GCC/chtypes.h"
  21              		.file 3 "../../ChibiOS/os/rt/include/chsystypes.h"
  22              		.file 4 "../../ChibiOS/os/rt/include/chschd.h"
  23              		.file 5 "../../ChibiOS/os/rt/ports/ARMCMx/chcore.h"
  24              		.file 6 "../../ChibiOS/os/rt/ports/ARMCMx/chcore_v7m.h"
  25              		.file 7 "../../ChibiOS/os/rt/include/chdebug.h"
  26              		.file 8 "../../ChibiOS/os/rt/include/chtm.h"
  27              		.file 9 "../../ChibiOS/os/rt/include/chstats.h"
  28              		.file 10 "../../ChibiOS/os/rt/include/chsem.h"
  29              		.file 11 "../../ChibiOS/os/rt/include/chmtx.h"
  30              		.file 12 "../../ChibiOS/os/ext/CMSIS/include/core_cm4.h"
  31              		.section	.debug_info,"",%progbits
  32              	.Ldebug_info0:
  33 0000 9B070000 		.4byte	0x79b
  34 0004 0400     		.2byte	0x4
  35 0006 00000000 		.4byte	.Ldebug_abbrev0
  36 000a 04       		.byte	0x4
  37 000b 01       		.uleb128 0x1
  38 000c 77040000 		.4byte	.LASF126
  39 0010 01       		.byte	0x1
  40 0011 27010000 		.4byte	.LASF127
  41 0015 58010000 		.4byte	.LASF128
  42 0019 00000000 		.4byte	.Ldebug_line0
  43 001d 02       		.uleb128 0x2
  44 001e 04       		.byte	0x4
  45 001f 05       		.byte	0x5
  46 0020 696E7400 		.ascii	"int\000"
  47 0024 03       		.uleb128 0x3
  48 0025 04       		.byte	0x4
  49 0026 07       		.byte	0x7
  50 0027 25020000 		.4byte	.LASF0
  51 002b 03       		.uleb128 0x3
  52 002c 01       		.byte	0x1
  53 002d 06       		.byte	0x6
  54 002e 0B010000 		.4byte	.LASF1
  55 0032 04       		.uleb128 0x4
  56 0033 D2050000 		.4byte	.LASF5
  57 0037 01       		.byte	0x1
ARM GAS  C:\Users\Luis\AppData\Local\Temp\cciKWlHH.s 			page 2


  58 0038 2A       		.byte	0x2a
  59 0039 3D000000 		.4byte	0x3d
  60 003d 03       		.uleb128 0x3
  61 003e 01       		.byte	0x1
  62 003f 08       		.byte	0x8
  63 0040 B7030000 		.4byte	.LASF2
  64 0044 03       		.uleb128 0x3
  65 0045 02       		.byte	0x2
  66 0046 05       		.byte	0x5
  67 0047 CF030000 		.4byte	.LASF3
  68 004b 03       		.uleb128 0x3
  69 004c 02       		.byte	0x2
  70 004d 07       		.byte	0x7
  71 004e 5F020000 		.4byte	.LASF4
  72 0052 04       		.uleb128 0x4
  73 0053 AF030000 		.4byte	.LASF6
  74 0057 01       		.byte	0x1
  75 0058 4F       		.byte	0x4f
  76 0059 5D000000 		.4byte	0x5d
  77 005d 03       		.uleb128 0x3
  78 005e 04       		.byte	0x4
  79 005f 05       		.byte	0x5
  80 0060 9B010000 		.4byte	.LASF7
  81 0064 04       		.uleb128 0x4
  82 0065 2F040000 		.4byte	.LASF8
  83 0069 01       		.byte	0x1
  84 006a 50       		.byte	0x50
  85 006b 6F000000 		.4byte	0x6f
  86 006f 03       		.uleb128 0x3
  87 0070 04       		.byte	0x4
  88 0071 07       		.byte	0x7
  89 0072 60040000 		.4byte	.LASF9
  90 0076 03       		.uleb128 0x3
  91 0077 08       		.byte	0x8
  92 0078 05       		.byte	0x5
  93 0079 FD000000 		.4byte	.LASF10
  94 007d 04       		.uleb128 0x4
  95 007e 29000000 		.4byte	.LASF11
  96 0082 01       		.byte	0x1
  97 0083 78       		.byte	0x78
  98 0084 88000000 		.4byte	0x88
  99 0088 03       		.uleb128 0x3
 100 0089 08       		.byte	0x8
 101 008a 07       		.byte	0x7
 102 008b 84000000 		.4byte	.LASF12
 103 008f 05       		.uleb128 0x5
 104 0090 52000000 		.4byte	0x52
 105 0094 04       		.uleb128 0x4
 106 0095 8C050000 		.4byte	.LASF13
 107 0099 02       		.byte	0x2
 108 009a 45       		.byte	0x45
 109 009b 64000000 		.4byte	0x64
 110 009f 04       		.uleb128 0x4
 111 00a0 ED000000 		.4byte	.LASF14
 112 00a4 02       		.byte	0x2
 113 00a5 46       		.byte	0x46
 114 00a6 7D000000 		.4byte	0x7d
ARM GAS  C:\Users\Luis\AppData\Local\Temp\cciKWlHH.s 			page 3


 115 00aa 04       		.uleb128 0x4
 116 00ab A9020000 		.4byte	.LASF15
 117 00af 02       		.byte	0x2
 118 00b0 48       		.byte	0x48
 119 00b1 32000000 		.4byte	0x32
 120 00b5 04       		.uleb128 0x4
 121 00b6 A4010000 		.4byte	.LASF16
 122 00ba 02       		.byte	0x2
 123 00bb 49       		.byte	0x49
 124 00bc 32000000 		.4byte	0x32
 125 00c0 04       		.uleb128 0x4
 126 00c1 75030000 		.4byte	.LASF17
 127 00c5 02       		.byte	0x2
 128 00c6 4A       		.byte	0x4a
 129 00c7 32000000 		.4byte	0x32
 130 00cb 04       		.uleb128 0x4
 131 00cc 9E030000 		.4byte	.LASF18
 132 00d0 02       		.byte	0x2
 133 00d1 4C       		.byte	0x4c
 134 00d2 64000000 		.4byte	0x64
 135 00d6 04       		.uleb128 0x4
 136 00d7 8B020000 		.4byte	.LASF19
 137 00db 02       		.byte	0x2
 138 00dc 4D       		.byte	0x4d
 139 00dd 52000000 		.4byte	0x52
 140 00e1 04       		.uleb128 0x4
 141 00e2 CA020000 		.4byte	.LASF20
 142 00e6 02       		.byte	0x2
 143 00e7 4F       		.byte	0x4f
 144 00e8 64000000 		.4byte	0x64
 145 00ec 04       		.uleb128 0x4
 146 00ed 14020000 		.4byte	.LASF21
 147 00f1 02       		.byte	0x2
 148 00f2 51       		.byte	0x51
 149 00f3 52000000 		.4byte	0x52
 150 00f7 04       		.uleb128 0x4
 151 00f8 96020000 		.4byte	.LASF22
 152 00fc 02       		.byte	0x2
 153 00fd 52       		.byte	0x52
 154 00fe 64000000 		.4byte	0x64
 155 0102 04       		.uleb128 0x4
 156 0103 55050000 		.4byte	.LASF23
 157 0107 03       		.byte	0x3
 158 0108 33       		.byte	0x33
 159 0109 64000000 		.4byte	0x64
 160 010d 04       		.uleb128 0x4
 161 010e C3050000 		.4byte	.LASF24
 162 0112 03       		.byte	0x3
 163 0113 3F       		.byte	0x3f
 164 0114 18010000 		.4byte	0x118
 165 0118 06       		.uleb128 0x6
 166 0119 81020000 		.4byte	.LASF47
 167 011d 68       		.byte	0x68
 168 011e 04       		.byte	0x4
 169 011f C2       		.byte	0xc2
 170 0120 2B020000 		.4byte	0x22b
 171 0124 07       		.uleb128 0x7
ARM GAS  C:\Users\Luis\AppData\Local\Temp\cciKWlHH.s 			page 4


 172 0125 EF030000 		.4byte	.LASF25
 173 0129 04       		.byte	0x4
 174 012a C3       		.byte	0xc3
 175 012b 36020000 		.4byte	0x236
 176 012f 00       		.byte	0
 177 0130 07       		.uleb128 0x7
 178 0131 97030000 		.4byte	.LASF26
 179 0135 04       		.byte	0x4
 180 0136 C5       		.byte	0xc5
 181 0137 36020000 		.4byte	0x236
 182 013b 04       		.byte	0x4
 183 013c 07       		.uleb128 0x7
 184 013d F6000000 		.4byte	.LASF27
 185 0141 04       		.byte	0x4
 186 0142 C7       		.byte	0xc7
 187 0143 CB000000 		.4byte	0xcb
 188 0147 08       		.byte	0x8
 189 0148 07       		.uleb128 0x7
 190 0149 27060000 		.4byte	.LASF28
 191 014d 04       		.byte	0x4
 192 014e C8       		.byte	0xc8
 193 014f 9F040000 		.4byte	0x49f
 194 0153 0C       		.byte	0xc
 195 0154 07       		.uleb128 0x7
 196 0155 B3010000 		.4byte	.LASF29
 197 0159 04       		.byte	0x4
 198 015a CA       		.byte	0xca
 199 015b 36020000 		.4byte	0x236
 200 015f 10       		.byte	0x10
 201 0160 07       		.uleb128 0x7
 202 0161 39030000 		.4byte	.LASF30
 203 0165 04       		.byte	0x4
 204 0166 CB       		.byte	0xcb
 205 0167 36020000 		.4byte	0x236
 206 016b 14       		.byte	0x14
 207 016c 07       		.uleb128 0x7
 208 016d E1050000 		.4byte	.LASF31
 209 0171 04       		.byte	0x4
 210 0172 D2       		.byte	0xd2
 211 0173 43070000 		.4byte	0x743
 212 0177 18       		.byte	0x18
 213 0178 07       		.uleb128 0x7
 214 0179 1A020000 		.4byte	.LASF32
 215 017d 04       		.byte	0x4
 216 017e D8       		.byte	0xd8
 217 017f 55070000 		.4byte	0x755
 218 0183 1C       		.byte	0x1c
 219 0184 07       		.uleb128 0x7
 220 0185 D9030000 		.4byte	.LASF33
 221 0189 04       		.byte	0x4
 222 018a DD       		.byte	0xdd
 223 018b B5000000 		.4byte	0xb5
 224 018f 20       		.byte	0x20
 225 0190 07       		.uleb128 0x7
 226 0191 F6030000 		.4byte	.LASF34
 227 0195 04       		.byte	0x4
 228 0196 E1       		.byte	0xe1
ARM GAS  C:\Users\Luis\AppData\Local\Temp\cciKWlHH.s 			page 5


 229 0197 AA000000 		.4byte	0xaa
 230 019b 21       		.byte	0x21
 231 019c 07       		.uleb128 0x7
 232 019d B4050000 		.4byte	.LASF35
 233 01a1 04       		.byte	0x4
 234 01a2 E6       		.byte	0xe6
 235 01a3 C0000000 		.4byte	0xc0
 236 01a7 22       		.byte	0x22
 237 01a8 08       		.uleb128 0x8
 238 01a9 705F7500 		.ascii	"p_u\000"
 239 01ad 04       		.byte	0x4
 240 01ae 3101     		.2byte	0x131
 241 01b0 7E060000 		.4byte	0x67e
 242 01b4 24       		.byte	0x24
 243 01b5 09       		.uleb128 0x9
 244 01b6 E1020000 		.4byte	.LASF36
 245 01ba 04       		.byte	0x4
 246 01bb 3601     		.2byte	0x136
 247 01bd 3C020000 		.4byte	0x23c
 248 01c1 28       		.byte	0x28
 249 01c2 09       		.uleb128 0x9
 250 01c3 41020000 		.4byte	.LASF37
 251 01c7 04       		.byte	0x4
 252 01c8 3C01     		.2byte	0x13c
 253 01ca 60020000 		.4byte	0x260
 254 01ce 2C       		.byte	0x2c
 255 01cf 09       		.uleb128 0x9
 256 01d0 04060000 		.4byte	.LASF38
 257 01d4 04       		.byte	0x4
 258 01d5 4001     		.2byte	0x140
 259 01d7 D6000000 		.4byte	0xd6
 260 01db 34       		.byte	0x34
 261 01dc 09       		.uleb128 0x9
 262 01dd 24040000 		.4byte	.LASF39
 263 01e1 04       		.byte	0x4
 264 01e2 4601     		.2byte	0x146
 265 01e4 E1000000 		.4byte	0xe1
 266 01e8 38       		.byte	0x38
 267 01e9 09       		.uleb128 0x9
 268 01ea C5030000 		.4byte	.LASF40
 269 01ee 04       		.byte	0x4
 270 01ef 4D01     		.2byte	0x14d
 271 01f1 3D070000 		.4byte	0x73d
 272 01f5 3C       		.byte	0x3c
 273 01f6 09       		.uleb128 0x9
 274 01f7 5F050000 		.4byte	.LASF41
 275 01fb 04       		.byte	0x4
 276 01fc 5101     		.2byte	0x151
 277 01fe CB000000 		.4byte	0xcb
 278 0202 40       		.byte	0x40
 279 0203 09       		.uleb128 0x9
 280 0204 17010000 		.4byte	.LASF42
 281 0208 04       		.byte	0x4
 282 0209 5801     		.2byte	0x158
 283 020b 13030000 		.4byte	0x313
 284 020f 44       		.byte	0x44
 285 0210 09       		.uleb128 0x9
ARM GAS  C:\Users\Luis\AppData\Local\Temp\cciKWlHH.s 			page 6


 286 0211 FE030000 		.4byte	.LASF43
 287 0215 04       		.byte	0x4
 288 0216 5E01     		.2byte	0x15e
 289 0218 2F060000 		.4byte	0x62f
 290 021c 48       		.byte	0x48
 291 021d 09       		.uleb128 0x9
 292 021e 4C020000 		.4byte	.LASF44
 293 0222 04       		.byte	0x4
 294 0223 6201     		.2byte	0x162
 295 0225 13030000 		.4byte	0x313
 296 0229 60       		.byte	0x60
 297 022a 00       		.byte	0
 298 022b 04       		.uleb128 0x4
 299 022c F4020000 		.4byte	.LASF45
 300 0230 03       		.byte	0x3
 301 0231 44       		.byte	0x44
 302 0232 36020000 		.4byte	0x236
 303 0236 0A       		.uleb128 0xa
 304 0237 04       		.byte	0x4
 305 0238 0D010000 		.4byte	0x10d
 306 023c 04       		.uleb128 0x4
 307 023d E8050000 		.4byte	.LASF46
 308 0241 03       		.byte	0x3
 309 0242 49       		.byte	0x49
 310 0243 47020000 		.4byte	0x247
 311 0247 06       		.uleb128 0x6
 312 0248 50040000 		.4byte	.LASF48
 313 024c 04       		.byte	0x4
 314 024d 04       		.byte	0x4
 315 024e B0       		.byte	0xb0
 316 024f 60020000 		.4byte	0x260
 317 0253 07       		.uleb128 0x7
 318 0254 EF030000 		.4byte	.LASF25
 319 0258 04       		.byte	0x4
 320 0259 B1       		.byte	0xb1
 321 025a 36020000 		.4byte	0x236
 322 025e 00       		.byte	0
 323 025f 00       		.byte	0
 324 0260 04       		.uleb128 0x4
 325 0261 9B050000 		.4byte	.LASF49
 326 0265 03       		.byte	0x3
 327 0266 50       		.byte	0x50
 328 0267 6B020000 		.4byte	0x26b
 329 026b 06       		.uleb128 0x6
 330 026c 4B000000 		.4byte	.LASF50
 331 0270 08       		.byte	0x8
 332 0271 04       		.byte	0x4
 333 0272 B7       		.byte	0xb7
 334 0273 90020000 		.4byte	0x290
 335 0277 07       		.uleb128 0x7
 336 0278 EF030000 		.4byte	.LASF25
 337 027c 04       		.byte	0x4
 338 027d B8       		.byte	0xb8
 339 027e 36020000 		.4byte	0x236
 340 0282 00       		.byte	0
 341 0283 07       		.uleb128 0x7
 342 0284 97030000 		.4byte	.LASF26
ARM GAS  C:\Users\Luis\AppData\Local\Temp\cciKWlHH.s 			page 7


 343 0288 04       		.byte	0x4
 344 0289 B9       		.byte	0xb9
 345 028a 36020000 		.4byte	0x236
 346 028e 04       		.byte	0x4
 347 028f 00       		.byte	0
 348 0290 04       		.uleb128 0x4
 349 0291 07000000 		.4byte	.LASF51
 350 0295 03       		.byte	0x3
 351 0296 57       		.byte	0x57
 352 0297 9B020000 		.4byte	0x29b
 353 029b 0B       		.uleb128 0xb
 354 029c BC020000 		.4byte	.LASF52
 355 02a0 1C       		.byte	0x1c
 356 02a1 04       		.byte	0x4
 357 02a2 9001     		.2byte	0x190
 358 02a4 F7020000 		.4byte	0x2f7
 359 02a8 09       		.uleb128 0x9
 360 02a9 3F040000 		.4byte	.LASF53
 361 02ad 04       		.byte	0x4
 362 02ae 9101     		.2byte	0x191
 363 02b0 60020000 		.4byte	0x260
 364 02b4 00       		.byte	0
 365 02b5 09       		.uleb128 0x9
 366 02b6 E1030000 		.4byte	.LASF54
 367 02ba 04       		.byte	0x4
 368 02bb 9201     		.2byte	0x192
 369 02bd CB000000 		.4byte	0xcb
 370 02c1 08       		.byte	0x8
 371 02c2 09       		.uleb128 0x9
 372 02c3 41030000 		.4byte	.LASF55
 373 02c7 04       		.byte	0x4
 374 02c8 9401     		.2byte	0x194
 375 02ca 9F040000 		.4byte	0x49f
 376 02ce 0C       		.byte	0xc
 377 02cf 09       		.uleb128 0x9
 378 02d0 CB010000 		.4byte	.LASF56
 379 02d4 04       		.byte	0x4
 380 02d5 9701     		.2byte	0x197
 381 02d7 36020000 		.4byte	0x236
 382 02db 10       		.byte	0x10
 383 02dc 09       		.uleb128 0x9
 384 02dd 62030000 		.4byte	.LASF57
 385 02e1 04       		.byte	0x4
 386 02e2 9801     		.2byte	0x198
 387 02e4 36020000 		.4byte	0x236
 388 02e8 14       		.byte	0x14
 389 02e9 09       		.uleb128 0x9
 390 02ea 58030000 		.4byte	.LASF58
 391 02ee 04       		.byte	0x4
 392 02ef 9B01     		.2byte	0x19b
 393 02f1 36020000 		.4byte	0x236
 394 02f5 18       		.byte	0x18
 395 02f6 00       		.byte	0
 396 02f7 04       		.uleb128 0x4
 397 02f8 6A050000 		.4byte	.LASF59
 398 02fc 03       		.byte	0x3
 399 02fd 5C       		.byte	0x5c
ARM GAS  C:\Users\Luis\AppData\Local\Temp\cciKWlHH.s 			page 8


 400 02fe 02030000 		.4byte	0x302
 401 0302 0A       		.uleb128 0xa
 402 0303 04       		.byte	0x4
 403 0304 08030000 		.4byte	0x308
 404 0308 0C       		.uleb128 0xc
 405 0309 13030000 		.4byte	0x313
 406 030d 0D       		.uleb128 0xd
 407 030e 13030000 		.4byte	0x313
 408 0312 00       		.byte	0
 409 0313 0E       		.uleb128 0xe
 410 0314 04       		.byte	0x4
 411 0315 04       		.uleb128 0x4
 412 0316 87030000 		.4byte	.LASF60
 413 031a 03       		.byte	0x3
 414 031b 61       		.byte	0x61
 415 031c 20030000 		.4byte	0x320
 416 0320 0B       		.uleb128 0xb
 417 0321 06040000 		.4byte	.LASF61
 418 0325 14       		.byte	0x14
 419 0326 04       		.byte	0x4
 420 0327 6B01     		.2byte	0x16b
 421 0329 6F030000 		.4byte	0x36f
 422 032d 09       		.uleb128 0x9
 423 032e 32020000 		.4byte	.LASF62
 424 0332 04       		.byte	0x4
 425 0333 6C01     		.2byte	0x16c
 426 0335 5B070000 		.4byte	0x75b
 427 0339 00       		.byte	0
 428 033a 09       		.uleb128 0x9
 429 033b DC010000 		.4byte	.LASF63
 430 033f 04       		.byte	0x4
 431 0340 6D01     		.2byte	0x16d
 432 0342 5B070000 		.4byte	0x75b
 433 0346 04       		.byte	0x4
 434 0347 09       		.uleb128 0x9
 435 0348 47040000 		.4byte	.LASF64
 436 034c 04       		.byte	0x4
 437 034d 6E01     		.2byte	0x16e
 438 034f 02010000 		.4byte	0x102
 439 0353 08       		.byte	0x8
 440 0354 09       		.uleb128 0x9
 441 0355 2D060000 		.4byte	.LASF65
 442 0359 04       		.byte	0x4
 443 035a 6F01     		.2byte	0x16f
 444 035c F7020000 		.4byte	0x2f7
 445 0360 0C       		.byte	0xc
 446 0361 09       		.uleb128 0x9
 447 0362 94050000 		.4byte	.LASF66
 448 0366 04       		.byte	0x4
 449 0367 7101     		.2byte	0x171
 450 0369 13030000 		.4byte	0x313
 451 036d 10       		.byte	0x10
 452 036e 00       		.byte	0
 453 036f 04       		.uleb128 0x4
 454 0370 CA000000 		.4byte	.LASF67
 455 0374 03       		.byte	0x3
 456 0375 66       		.byte	0x66
ARM GAS  C:\Users\Luis\AppData\Local\Temp\cciKWlHH.s 			page 9


 457 0376 7A030000 		.4byte	0x37a
 458 037a 0B       		.uleb128 0xb
 459 037b 07030000 		.4byte	.LASF68
 460 037f 10       		.byte	0x10
 461 0380 04       		.byte	0x4
 462 0381 7B01     		.2byte	0x17b
 463 0383 BC030000 		.4byte	0x3bc
 464 0387 09       		.uleb128 0x9
 465 0388 32020000 		.4byte	.LASF62
 466 038c 04       		.byte	0x4
 467 038d 7C01     		.2byte	0x17c
 468 038f 5B070000 		.4byte	0x75b
 469 0393 00       		.byte	0
 470 0394 09       		.uleb128 0x9
 471 0395 DC010000 		.4byte	.LASF63
 472 0399 04       		.byte	0x4
 473 039a 7E01     		.2byte	0x17e
 474 039c 5B070000 		.4byte	0x75b
 475 03a0 04       		.byte	0x4
 476 03a1 09       		.uleb128 0x9
 477 03a2 47040000 		.4byte	.LASF64
 478 03a6 04       		.byte	0x4
 479 03a7 8001     		.2byte	0x180
 480 03a9 02010000 		.4byte	0x102
 481 03ad 08       		.byte	0x8
 482 03ae 09       		.uleb128 0x9
 483 03af 2D030000 		.4byte	.LASF69
 484 03b3 04       		.byte	0x4
 485 03b4 8801     		.2byte	0x188
 486 03b6 02010000 		.4byte	0x102
 487 03ba 0C       		.byte	0xc
 488 03bb 00       		.byte	0
 489 03bc 04       		.uleb128 0x4
 490 03bd 5C000000 		.4byte	.LASF70
 491 03c1 03       		.byte	0x3
 492 03c2 6B       		.byte	0x6b
 493 03c3 C7030000 		.4byte	0x3c7
 494 03c7 0F       		.uleb128 0xf
 495 03c8 E4010000 		.4byte	.LASF71
 496 03cc 1404     		.2byte	0x414
 497 03ce 04       		.byte	0x4
 498 03cf A201     		.2byte	0x1a2
 499 03d1 0A040000 		.4byte	0x40a
 500 03d5 09       		.uleb128 0x9
 501 03d6 73050000 		.4byte	.LASF72
 502 03da 04       		.byte	0x4
 503 03db AA01     		.2byte	0x1aa
 504 03dd 61070000 		.4byte	0x761
 505 03e1 00       		.byte	0
 506 03e2 09       		.uleb128 0x9
 507 03e3 BB050000 		.4byte	.LASF73
 508 03e7 04       		.byte	0x4
 509 03e8 AF01     		.2byte	0x1af
 510 03ea EC000000 		.4byte	0xec
 511 03ee 04       		.byte	0x4
 512 03ef 09       		.uleb128 0x9
 513 03f0 FC010000 		.4byte	.LASF74
ARM GAS  C:\Users\Luis\AppData\Local\Temp\cciKWlHH.s 			page 10


 514 03f4 04       		.byte	0x4
 515 03f5 B301     		.2byte	0x1b3
 516 03f7 EC000000 		.4byte	0xec
 517 03fb 08       		.byte	0x8
 518 03fc 09       		.uleb128 0x9
 519 03fd F7050000 		.4byte	.LASF75
 520 0401 04       		.byte	0x4
 521 0402 B901     		.2byte	0x1b9
 522 0404 C1050000 		.4byte	0x5c1
 523 0408 0C       		.byte	0xc
 524 0409 00       		.byte	0
 525 040a 04       		.uleb128 0x4
 526 040b 9D020000 		.4byte	.LASF76
 527 040f 03       		.byte	0x3
 528 0410 70       		.byte	0x70
 529 0411 15040000 		.4byte	0x415
 530 0415 0F       		.uleb128 0xf
 531 0416 91010000 		.4byte	.LASF77
 532 041a E805     		.2byte	0x5e8
 533 041c 04       		.byte	0x4
 534 041d C201     		.2byte	0x1c2
 535 041f 82040000 		.4byte	0x482
 536 0423 09       		.uleb128 0x9
 537 0424 CC050000 		.4byte	.LASF78
 538 0428 04       		.byte	0x4
 539 0429 C601     		.2byte	0x1c6
 540 042b 90020000 		.4byte	0x290
 541 042f 00       		.byte	0
 542 0430 09       		.uleb128 0x9
 543 0431 51010000 		.4byte	.LASF79
 544 0435 04       		.byte	0x4
 545 0436 CA01     		.2byte	0x1ca
 546 0438 6F030000 		.4byte	0x36f
 547 043c 1C       		.byte	0x1c
 548 043d 08       		.uleb128 0x8
 549 043e 64626700 		.ascii	"dbg\000"
 550 0442 04       		.byte	0x4
 551 0443 CE01     		.2byte	0x1ce
 552 0445 BC030000 		.4byte	0x3bc
 553 0449 2C       		.byte	0x2c
 554 044a 10       		.uleb128 0x10
 555 044b BF000000 		.4byte	.LASF80
 556 044f 04       		.byte	0x4
 557 0450 D201     		.2byte	0x1d2
 558 0452 0D010000 		.4byte	0x10d
 559 0456 4004     		.2byte	0x440
 560 0458 11       		.uleb128 0x11
 561 0459 746D00   		.ascii	"tm\000"
 562 045c 04       		.byte	0x4
 563 045d D701     		.2byte	0x1d7
 564 045f E1050000 		.4byte	0x5e1
 565 0463 A804     		.2byte	0x4a8
 566 0465 10       		.uleb128 0x10
 567 0466 32000000 		.4byte	.LASF81
 568 046a 04       		.byte	0x4
 569 046b DD01     		.2byte	0x1dd
 570 046d 73060000 		.4byte	0x673
ARM GAS  C:\Users\Luis\AppData\Local\Temp\cciKWlHH.s 			page 11


 571 0471 B004     		.2byte	0x4b0
 572 0473 10       		.uleb128 0x10
 573 0474 05020000 		.4byte	.LASF82
 574 0478 04       		.byte	0x4
 575 0479 E301     		.2byte	0x1e3
 576 047b 66070000 		.4byte	0x766
 577 047f E804     		.2byte	0x4e8
 578 0481 00       		.byte	0
 579 0482 03       		.uleb128 0x3
 580 0483 04       		.byte	0x4
 581 0484 07       		.byte	0x7
 582 0485 EB020000 		.4byte	.LASF83
 583 0489 04       		.uleb128 0x4
 584 048a D3010000 		.4byte	.LASF84
 585 048e 05       		.byte	0x5
 586 048f 65       		.byte	0x65
 587 0490 13030000 		.4byte	0x313
 588 0494 04       		.uleb128 0x4
 589 0495 D6020000 		.4byte	.LASF85
 590 0499 05       		.byte	0x5
 591 049a 6D       		.byte	0x6d
 592 049b 7D000000 		.4byte	0x7d
 593 049f 06       		.uleb128 0x6
 594 04a0 84050000 		.4byte	.LASF86
 595 04a4 04       		.byte	0x4
 596 04a5 05       		.byte	0x5
 597 04a6 89       		.byte	0x89
 598 04a7 B8040000 		.4byte	0x4b8
 599 04ab 12       		.uleb128 0x12
 600 04ac 72313300 		.ascii	"r13\000"
 601 04b0 05       		.byte	0x5
 602 04b1 8A       		.byte	0x8a
 603 04b2 33050000 		.4byte	0x533
 604 04b6 00       		.byte	0
 605 04b7 00       		.byte	0
 606 04b8 06       		.uleb128 0x6
 607 04b9 3F000000 		.4byte	.LASF87
 608 04bd 24       		.byte	0x24
 609 04be 06       		.byte	0x6
 610 04bf F4       		.byte	0xf4
 611 04c0 33050000 		.4byte	0x533
 612 04c4 08       		.uleb128 0x8
 613 04c5 723400   		.ascii	"r4\000"
 614 04c8 06       		.byte	0x6
 615 04c9 0701     		.2byte	0x107
 616 04cb 89040000 		.4byte	0x489
 617 04cf 00       		.byte	0
 618 04d0 08       		.uleb128 0x8
 619 04d1 723500   		.ascii	"r5\000"
 620 04d4 06       		.byte	0x6
 621 04d5 0801     		.2byte	0x108
 622 04d7 89040000 		.4byte	0x489
 623 04db 04       		.byte	0x4
 624 04dc 08       		.uleb128 0x8
 625 04dd 723600   		.ascii	"r6\000"
 626 04e0 06       		.byte	0x6
 627 04e1 0901     		.2byte	0x109
ARM GAS  C:\Users\Luis\AppData\Local\Temp\cciKWlHH.s 			page 12


 628 04e3 89040000 		.4byte	0x489
 629 04e7 08       		.byte	0x8
 630 04e8 08       		.uleb128 0x8
 631 04e9 723700   		.ascii	"r7\000"
 632 04ec 06       		.byte	0x6
 633 04ed 0A01     		.2byte	0x10a
 634 04ef 89040000 		.4byte	0x489
 635 04f3 0C       		.byte	0xc
 636 04f4 08       		.uleb128 0x8
 637 04f5 723800   		.ascii	"r8\000"
 638 04f8 06       		.byte	0x6
 639 04f9 0B01     		.2byte	0x10b
 640 04fb 89040000 		.4byte	0x489
 641 04ff 10       		.byte	0x10
 642 0500 08       		.uleb128 0x8
 643 0501 723900   		.ascii	"r9\000"
 644 0504 06       		.byte	0x6
 645 0505 0C01     		.2byte	0x10c
 646 0507 89040000 		.4byte	0x489
 647 050b 14       		.byte	0x14
 648 050c 08       		.uleb128 0x8
 649 050d 72313000 		.ascii	"r10\000"
 650 0511 06       		.byte	0x6
 651 0512 0D01     		.2byte	0x10d
 652 0514 89040000 		.4byte	0x489
 653 0518 18       		.byte	0x18
 654 0519 08       		.uleb128 0x8
 655 051a 72313100 		.ascii	"r11\000"
 656 051e 06       		.byte	0x6
 657 051f 0E01     		.2byte	0x10e
 658 0521 89040000 		.4byte	0x489
 659 0525 1C       		.byte	0x1c
 660 0526 08       		.uleb128 0x8
 661 0527 6C7200   		.ascii	"lr\000"
 662 052a 06       		.byte	0x6
 663 052b 0F01     		.2byte	0x10f
 664 052d 89040000 		.4byte	0x489
 665 0531 20       		.byte	0x20
 666 0532 00       		.byte	0
 667 0533 0A       		.uleb128 0xa
 668 0534 04       		.byte	0x4
 669 0535 B8040000 		.4byte	0x4b8
 670 0539 13       		.uleb128 0x13
 671 053a 10       		.byte	0x10
 672 053b 07       		.byte	0x7
 673 053c 51       		.byte	0x51
 674 053d 72050000 		.4byte	0x572
 675 0541 07       		.uleb128 0x7
 676 0542 14000000 		.4byte	.LASF88
 677 0546 07       		.byte	0x7
 678 0547 55       		.byte	0x55
 679 0548 02010000 		.4byte	0x102
 680 054c 00       		.byte	0
 681 054d 07       		.uleb128 0x7
 682 054e AD010000 		.4byte	.LASF89
 683 0552 07       		.byte	0x7
 684 0553 59       		.byte	0x59
ARM GAS  C:\Users\Luis\AppData\Local\Temp\cciKWlHH.s 			page 13


 685 0554 36020000 		.4byte	0x236
 686 0558 04       		.byte	0x4
 687 0559 07       		.uleb128 0x7
 688 055a 1D060000 		.4byte	.LASF90
 689 055e 07       		.byte	0x7
 690 055f 5D       		.byte	0x5d
 691 0560 13030000 		.4byte	0x313
 692 0564 08       		.byte	0x8
 693 0565 07       		.uleb128 0x7
 694 0566 AD000000 		.4byte	.LASF91
 695 056a 07       		.byte	0x7
 696 056b 61       		.byte	0x61
 697 056c 32000000 		.4byte	0x32
 698 0570 0C       		.byte	0xc
 699 0571 00       		.byte	0
 700 0572 04       		.uleb128 0x4
 701 0573 1E030000 		.4byte	.LASF92
 702 0577 07       		.byte	0x7
 703 0578 62       		.byte	0x62
 704 0579 39050000 		.4byte	0x539
 705 057d 14       		.uleb128 0x14
 706 057e 0804     		.2byte	0x408
 707 0580 07       		.byte	0x7
 708 0581 67       		.byte	0x67
 709 0582 AB050000 		.4byte	0x5ab
 710 0586 07       		.uleb128 0x7
 711 0587 C3010000 		.4byte	.LASF93
 712 058b 07       		.byte	0x7
 713 058c 6B       		.byte	0x6b
 714 058d 24000000 		.4byte	0x24
 715 0591 00       		.byte	0
 716 0592 07       		.uleb128 0x7
 717 0593 00000000 		.4byte	.LASF94
 718 0597 07       		.byte	0x7
 719 0598 6F       		.byte	0x6f
 720 0599 AB050000 		.4byte	0x5ab
 721 059d 04       		.byte	0x4
 722 059e 07       		.uleb128 0x7
 723 059f 7D030000 		.4byte	.LASF95
 724 05a3 07       		.byte	0x7
 725 05a4 73       		.byte	0x73
 726 05a5 B1050000 		.4byte	0x5b1
 727 05a9 08       		.byte	0x8
 728 05aa 00       		.byte	0
 729 05ab 0A       		.uleb128 0xa
 730 05ac 04       		.byte	0x4
 731 05ad 72050000 		.4byte	0x572
 732 05b1 15       		.uleb128 0x15
 733 05b2 72050000 		.4byte	0x572
 734 05b6 C1050000 		.4byte	0x5c1
 735 05ba 16       		.uleb128 0x16
 736 05bb 82040000 		.4byte	0x482
 737 05bf 3F       		.byte	0x3f
 738 05c0 00       		.byte	0
 739 05c1 04       		.uleb128 0x4
 740 05c2 9B000000 		.4byte	.LASF96
 741 05c6 07       		.byte	0x7
ARM GAS  C:\Users\Luis\AppData\Local\Temp\cciKWlHH.s 			page 14


 742 05c7 74       		.byte	0x74
 743 05c8 7D050000 		.4byte	0x57d
 744 05cc 13       		.uleb128 0x13
 745 05cd 04       		.byte	0x4
 746 05ce 08       		.byte	0x8
 747 05cf 38       		.byte	0x38
 748 05d0 E1050000 		.4byte	0x5e1
 749 05d4 07       		.uleb128 0x7
 750 05d5 7D050000 		.4byte	.LASF97
 751 05d9 08       		.byte	0x8
 752 05da 3C       		.byte	0x3c
 753 05db 94000000 		.4byte	0x94
 754 05df 00       		.byte	0
 755 05e0 00       		.byte	0
 756 05e1 04       		.uleb128 0x4
 757 05e2 47030000 		.4byte	.LASF98
 758 05e6 08       		.byte	0x8
 759 05e7 3D       		.byte	0x3d
 760 05e8 CC050000 		.4byte	0x5cc
 761 05ec 13       		.uleb128 0x13
 762 05ed 18       		.byte	0x18
 763 05ee 08       		.byte	0x8
 764 05ef 48       		.byte	0x48
 765 05f0 2F060000 		.4byte	0x62f
 766 05f4 07       		.uleb128 0x7
 767 05f5 49050000 		.4byte	.LASF99
 768 05f9 08       		.byte	0x8
 769 05fa 49       		.byte	0x49
 770 05fb 94000000 		.4byte	0x94
 771 05ff 00       		.byte	0
 772 0600 07       		.uleb128 0x7
 773 0601 6B000000 		.4byte	.LASF100
 774 0605 08       		.byte	0x8
 775 0606 4A       		.byte	0x4a
 776 0607 94000000 		.4byte	0x94
 777 060b 04       		.byte	0x4
 778 060c 07       		.uleb128 0x7
 779 060d 91020000 		.4byte	.LASF101
 780 0611 08       		.byte	0x8
 781 0612 4B       		.byte	0x4b
 782 0613 94000000 		.4byte	0x94
 783 0617 08       		.byte	0x8
 784 0618 12       		.uleb128 0x12
 785 0619 6E00     		.ascii	"n\000"
 786 061b 08       		.byte	0x8
 787 061c 4C       		.byte	0x4c
 788 061d F7000000 		.4byte	0xf7
 789 0621 0C       		.byte	0xc
 790 0622 07       		.uleb128 0x7
 791 0623 6A030000 		.4byte	.LASF102
 792 0627 08       		.byte	0x8
 793 0628 4D       		.byte	0x4d
 794 0629 9F000000 		.4byte	0x9f
 795 062d 10       		.byte	0x10
 796 062e 00       		.byte	0
 797 062f 04       		.uleb128 0x4
 798 0630 71000000 		.4byte	.LASF103
ARM GAS  C:\Users\Luis\AppData\Local\Temp\cciKWlHH.s 			page 15


 799 0634 08       		.byte	0x8
 800 0635 4E       		.byte	0x4e
 801 0636 EC050000 		.4byte	0x5ec
 802 063a 13       		.uleb128 0x13
 803 063b 38       		.byte	0x38
 804 063c 09       		.byte	0x9
 805 063d 38       		.byte	0x38
 806 063e 73060000 		.4byte	0x673
 807 0642 07       		.uleb128 0x7
 808 0643 53020000 		.4byte	.LASF104
 809 0647 09       		.byte	0x9
 810 0648 39       		.byte	0x39
 811 0649 F7000000 		.4byte	0xf7
 812 064d 00       		.byte	0
 813 064e 07       		.uleb128 0x7
 814 064f A6030000 		.4byte	.LASF105
 815 0653 09       		.byte	0x9
 816 0654 3A       		.byte	0x3a
 817 0655 F7000000 		.4byte	0xf7
 818 0659 04       		.byte	0x4
 819 065a 07       		.uleb128 0x7
 820 065b 0A060000 		.4byte	.LASF106
 821 065f 09       		.byte	0x9
 822 0660 3B       		.byte	0x3b
 823 0661 2F060000 		.4byte	0x62f
 824 0665 08       		.byte	0x8
 825 0666 07       		.uleb128 0x7
 826 0667 B1020000 		.4byte	.LASF107
 827 066b 09       		.byte	0x9
 828 066c 3D       		.byte	0x3d
 829 066d 2F060000 		.4byte	0x62f
 830 0671 20       		.byte	0x20
 831 0672 00       		.byte	0
 832 0673 04       		.uleb128 0x4
 833 0674 72020000 		.4byte	.LASF108
 834 0678 09       		.byte	0x9
 835 0679 3F       		.byte	0x3f
 836 067a 3A060000 		.4byte	0x63a
 837 067e 17       		.uleb128 0x17
 838 067f 04       		.byte	0x4
 839 0680 04       		.byte	0x4
 840 0681 FA       		.byte	0xfa
 841 0682 DB060000 		.4byte	0x6db
 842 0686 18       		.uleb128 0x18
 843 0687 22000000 		.4byte	.LASF109
 844 068b 04       		.byte	0x4
 845 068c 0101     		.2byte	0x101
 846 068e D6000000 		.4byte	0xd6
 847 0692 18       		.uleb128 0x18
 848 0693 B6000000 		.4byte	.LASF110
 849 0697 04       		.byte	0x4
 850 0698 0801     		.2byte	0x108
 851 069a D6000000 		.4byte	0xd6
 852 069e 18       		.uleb128 0x18
 853 069f DA050000 		.4byte	.LASF111
 854 06a3 04       		.byte	0x4
 855 06a4 0F01     		.2byte	0x10f
ARM GAS  C:\Users\Luis\AppData\Local\Temp\cciKWlHH.s 			page 16


 856 06a6 13030000 		.4byte	0x313
 857 06aa 18       		.uleb128 0x18
 858 06ab 1C000000 		.4byte	.LASF112
 859 06af 04       		.byte	0x4
 860 06b0 1601     		.2byte	0x116
 861 06b2 DB060000 		.4byte	0x6db
 862 06b6 18       		.uleb128 0x18
 863 06b7 3A020000 		.4byte	.LASF113
 864 06bb 04       		.byte	0x4
 865 06bc 1E01     		.2byte	0x11e
 866 06be 06070000 		.4byte	0x706
 867 06c2 18       		.uleb128 0x18
 868 06c3 38040000 		.4byte	.LASF114
 869 06c7 04       		.byte	0x4
 870 06c8 2701     		.2byte	0x127
 871 06ca 3D070000 		.4byte	0x73d
 872 06ce 18       		.uleb128 0x18
 873 06cf E8030000 		.4byte	.LASF115
 874 06d3 04       		.byte	0x4
 875 06d4 2F01     		.2byte	0x12f
 876 06d6 E1000000 		.4byte	0xe1
 877 06da 00       		.byte	0
 878 06db 0A       		.uleb128 0xa
 879 06dc 04       		.byte	0x4
 880 06dd 2B020000 		.4byte	0x22b
 881 06e1 06       		.uleb128 0x6
 882 06e2 17040000 		.4byte	.LASF116
 883 06e6 0C       		.byte	0xc
 884 06e7 0A       		.byte	0xa
 885 06e8 34       		.byte	0x34
 886 06e9 06070000 		.4byte	0x706
 887 06ed 07       		.uleb128 0x7
 888 06ee BB010000 		.4byte	.LASF117
 889 06f2 0A       		.byte	0xa
 890 06f3 35       		.byte	0x35
 891 06f4 60020000 		.4byte	0x260
 892 06f8 00       		.byte	0
 893 06f9 07       		.uleb128 0x7
 894 06fa 59020000 		.4byte	.LASF118
 895 06fe 0A       		.byte	0xa
 896 06ff 37       		.byte	0x37
 897 0700 EC000000 		.4byte	0xec
 898 0704 08       		.byte	0x8
 899 0705 00       		.byte	0
 900 0706 0A       		.uleb128 0xa
 901 0707 04       		.byte	0x4
 902 0708 E1060000 		.4byte	0x6e1
 903 070c 06       		.uleb128 0x6
 904 070d AB050000 		.4byte	.LASF119
 905 0711 10       		.byte	0x10
 906 0712 0B       		.byte	0xb
 907 0713 39       		.byte	0x39
 908 0714 3D070000 		.4byte	0x73d
 909 0718 07       		.uleb128 0x7
 910 0719 1F010000 		.4byte	.LASF120
 911 071d 0B       		.byte	0xb
 912 071e 3A       		.byte	0x3a
ARM GAS  C:\Users\Luis\AppData\Local\Temp\cciKWlHH.s 			page 17


 913 071f 60020000 		.4byte	0x260
 914 0723 00       		.byte	0
 915 0724 07       		.uleb128 0x7
 916 0725 15060000 		.4byte	.LASF121
 917 0729 0B       		.byte	0xb
 918 072a 3C       		.byte	0x3c
 919 072b 36020000 		.4byte	0x236
 920 072f 08       		.byte	0x8
 921 0730 07       		.uleb128 0x7
 922 0731 4E050000 		.4byte	.LASF122
 923 0735 0B       		.byte	0xb
 924 0736 3E       		.byte	0x3e
 925 0737 81070000 		.4byte	0x781
 926 073b 0C       		.byte	0xc
 927 073c 00       		.byte	0
 928 073d 0A       		.uleb128 0xa
 929 073e 04       		.byte	0x4
 930 073f 0C070000 		.4byte	0x70c
 931 0743 0A       		.uleb128 0xa
 932 0744 04       		.byte	0x4
 933 0745 49070000 		.4byte	0x749
 934 0749 19       		.uleb128 0x19
 935 074a 4E070000 		.4byte	0x74e
 936 074e 03       		.uleb128 0x3
 937 074f 01       		.byte	0x1
 938 0750 08       		.byte	0x8
 939 0751 72040000 		.4byte	.LASF123
 940 0755 0A       		.uleb128 0xa
 941 0756 04       		.byte	0x4
 942 0757 94040000 		.4byte	0x494
 943 075b 0A       		.uleb128 0xa
 944 075c 04       		.byte	0x4
 945 075d 15030000 		.4byte	0x315
 946 0761 05       		.uleb128 0x5
 947 0762 43070000 		.4byte	0x743
 948 0766 15       		.uleb128 0x15
 949 0767 94040000 		.4byte	0x494
 950 076b 76070000 		.4byte	0x776
 951 076f 16       		.uleb128 0x16
 952 0770 82040000 		.4byte	0x482
 953 0774 1F       		.byte	0x1f
 954 0775 00       		.byte	0
 955 0776 04       		.uleb128 0x4
 956 0777 F4010000 		.4byte	.LASF124
 957 077b 0B       		.byte	0xb
 958 077c 34       		.byte	0x34
 959 077d 0C070000 		.4byte	0x70c
 960 0781 0A       		.uleb128 0xa
 961 0782 04       		.byte	0x4
 962 0783 76070000 		.4byte	0x776
 963 0787 1A       		.uleb128 0x1a
 964 0788 E0000000 		.4byte	.LASF125
 965 078c 0C       		.byte	0xc
 966 078d A706     		.2byte	0x6a7
 967 078f 8F000000 		.4byte	0x8f
 968 0793 1B       		.uleb128 0x1b
 969 0794 636800   		.ascii	"ch\000"
ARM GAS  C:\Users\Luis\AppData\Local\Temp\cciKWlHH.s 			page 18


 970 0797 04       		.byte	0x4
 971 0798 0902     		.2byte	0x209
 972 079a 0A040000 		.4byte	0x40a
 973 079e 00       		.byte	0
 974              		.section	.debug_abbrev,"",%progbits
 975              	.Ldebug_abbrev0:
 976 0000 01       		.uleb128 0x1
 977 0001 11       		.uleb128 0x11
 978 0002 01       		.byte	0x1
 979 0003 25       		.uleb128 0x25
 980 0004 0E       		.uleb128 0xe
 981 0005 13       		.uleb128 0x13
 982 0006 0B       		.uleb128 0xb
 983 0007 03       		.uleb128 0x3
 984 0008 0E       		.uleb128 0xe
 985 0009 1B       		.uleb128 0x1b
 986 000a 0E       		.uleb128 0xe
 987 000b 10       		.uleb128 0x10
 988 000c 17       		.uleb128 0x17
 989 000d 00       		.byte	0
 990 000e 00       		.byte	0
 991 000f 02       		.uleb128 0x2
 992 0010 24       		.uleb128 0x24
 993 0011 00       		.byte	0
 994 0012 0B       		.uleb128 0xb
 995 0013 0B       		.uleb128 0xb
 996 0014 3E       		.uleb128 0x3e
 997 0015 0B       		.uleb128 0xb
 998 0016 03       		.uleb128 0x3
 999 0017 08       		.uleb128 0x8
 1000 0018 00       		.byte	0
 1001 0019 00       		.byte	0
 1002 001a 03       		.uleb128 0x3
 1003 001b 24       		.uleb128 0x24
 1004 001c 00       		.byte	0
 1005 001d 0B       		.uleb128 0xb
 1006 001e 0B       		.uleb128 0xb
 1007 001f 3E       		.uleb128 0x3e
 1008 0020 0B       		.uleb128 0xb
 1009 0021 03       		.uleb128 0x3
 1010 0022 0E       		.uleb128 0xe
 1011 0023 00       		.byte	0
 1012 0024 00       		.byte	0
 1013 0025 04       		.uleb128 0x4
 1014 0026 16       		.uleb128 0x16
 1015 0027 00       		.byte	0
 1016 0028 03       		.uleb128 0x3
 1017 0029 0E       		.uleb128 0xe
 1018 002a 3A       		.uleb128 0x3a
 1019 002b 0B       		.uleb128 0xb
 1020 002c 3B       		.uleb128 0x3b
 1021 002d 0B       		.uleb128 0xb
 1022 002e 49       		.uleb128 0x49
 1023 002f 13       		.uleb128 0x13
 1024 0030 00       		.byte	0
 1025 0031 00       		.byte	0
 1026 0032 05       		.uleb128 0x5
ARM GAS  C:\Users\Luis\AppData\Local\Temp\cciKWlHH.s 			page 19


 1027 0033 35       		.uleb128 0x35
 1028 0034 00       		.byte	0
 1029 0035 49       		.uleb128 0x49
 1030 0036 13       		.uleb128 0x13
 1031 0037 00       		.byte	0
 1032 0038 00       		.byte	0
 1033 0039 06       		.uleb128 0x6
 1034 003a 13       		.uleb128 0x13
 1035 003b 01       		.byte	0x1
 1036 003c 03       		.uleb128 0x3
 1037 003d 0E       		.uleb128 0xe
 1038 003e 0B       		.uleb128 0xb
 1039 003f 0B       		.uleb128 0xb
 1040 0040 3A       		.uleb128 0x3a
 1041 0041 0B       		.uleb128 0xb
 1042 0042 3B       		.uleb128 0x3b
 1043 0043 0B       		.uleb128 0xb
 1044 0044 01       		.uleb128 0x1
 1045 0045 13       		.uleb128 0x13
 1046 0046 00       		.byte	0
 1047 0047 00       		.byte	0
 1048 0048 07       		.uleb128 0x7
 1049 0049 0D       		.uleb128 0xd
 1050 004a 00       		.byte	0
 1051 004b 03       		.uleb128 0x3
 1052 004c 0E       		.uleb128 0xe
 1053 004d 3A       		.uleb128 0x3a
 1054 004e 0B       		.uleb128 0xb
 1055 004f 3B       		.uleb128 0x3b
 1056 0050 0B       		.uleb128 0xb
 1057 0051 49       		.uleb128 0x49
 1058 0052 13       		.uleb128 0x13
 1059 0053 38       		.uleb128 0x38
 1060 0054 0B       		.uleb128 0xb
 1061 0055 00       		.byte	0
 1062 0056 00       		.byte	0
 1063 0057 08       		.uleb128 0x8
 1064 0058 0D       		.uleb128 0xd
 1065 0059 00       		.byte	0
 1066 005a 03       		.uleb128 0x3
 1067 005b 08       		.uleb128 0x8
 1068 005c 3A       		.uleb128 0x3a
 1069 005d 0B       		.uleb128 0xb
 1070 005e 3B       		.uleb128 0x3b
 1071 005f 05       		.uleb128 0x5
 1072 0060 49       		.uleb128 0x49
 1073 0061 13       		.uleb128 0x13
 1074 0062 38       		.uleb128 0x38
 1075 0063 0B       		.uleb128 0xb
 1076 0064 00       		.byte	0
 1077 0065 00       		.byte	0
 1078 0066 09       		.uleb128 0x9
 1079 0067 0D       		.uleb128 0xd
 1080 0068 00       		.byte	0
 1081 0069 03       		.uleb128 0x3
 1082 006a 0E       		.uleb128 0xe
 1083 006b 3A       		.uleb128 0x3a
ARM GAS  C:\Users\Luis\AppData\Local\Temp\cciKWlHH.s 			page 20


 1084 006c 0B       		.uleb128 0xb
 1085 006d 3B       		.uleb128 0x3b
 1086 006e 05       		.uleb128 0x5
 1087 006f 49       		.uleb128 0x49
 1088 0070 13       		.uleb128 0x13
 1089 0071 38       		.uleb128 0x38
 1090 0072 0B       		.uleb128 0xb
 1091 0073 00       		.byte	0
 1092 0074 00       		.byte	0
 1093 0075 0A       		.uleb128 0xa
 1094 0076 0F       		.uleb128 0xf
 1095 0077 00       		.byte	0
 1096 0078 0B       		.uleb128 0xb
 1097 0079 0B       		.uleb128 0xb
 1098 007a 49       		.uleb128 0x49
 1099 007b 13       		.uleb128 0x13
 1100 007c 00       		.byte	0
 1101 007d 00       		.byte	0
 1102 007e 0B       		.uleb128 0xb
 1103 007f 13       		.uleb128 0x13
 1104 0080 01       		.byte	0x1
 1105 0081 03       		.uleb128 0x3
 1106 0082 0E       		.uleb128 0xe
 1107 0083 0B       		.uleb128 0xb
 1108 0084 0B       		.uleb128 0xb
 1109 0085 3A       		.uleb128 0x3a
 1110 0086 0B       		.uleb128 0xb
 1111 0087 3B       		.uleb128 0x3b
 1112 0088 05       		.uleb128 0x5
 1113 0089 01       		.uleb128 0x1
 1114 008a 13       		.uleb128 0x13
 1115 008b 00       		.byte	0
 1116 008c 00       		.byte	0
 1117 008d 0C       		.uleb128 0xc
 1118 008e 15       		.uleb128 0x15
 1119 008f 01       		.byte	0x1
 1120 0090 27       		.uleb128 0x27
 1121 0091 19       		.uleb128 0x19
 1122 0092 01       		.uleb128 0x1
 1123 0093 13       		.uleb128 0x13
 1124 0094 00       		.byte	0
 1125 0095 00       		.byte	0
 1126 0096 0D       		.uleb128 0xd
 1127 0097 05       		.uleb128 0x5
 1128 0098 00       		.byte	0
 1129 0099 49       		.uleb128 0x49
 1130 009a 13       		.uleb128 0x13
 1131 009b 00       		.byte	0
 1132 009c 00       		.byte	0
 1133 009d 0E       		.uleb128 0xe
 1134 009e 0F       		.uleb128 0xf
 1135 009f 00       		.byte	0
 1136 00a0 0B       		.uleb128 0xb
 1137 00a1 0B       		.uleb128 0xb
 1138 00a2 00       		.byte	0
 1139 00a3 00       		.byte	0
 1140 00a4 0F       		.uleb128 0xf
ARM GAS  C:\Users\Luis\AppData\Local\Temp\cciKWlHH.s 			page 21


 1141 00a5 13       		.uleb128 0x13
 1142 00a6 01       		.byte	0x1
 1143 00a7 03       		.uleb128 0x3
 1144 00a8 0E       		.uleb128 0xe
 1145 00a9 0B       		.uleb128 0xb
 1146 00aa 05       		.uleb128 0x5
 1147 00ab 3A       		.uleb128 0x3a
 1148 00ac 0B       		.uleb128 0xb
 1149 00ad 3B       		.uleb128 0x3b
 1150 00ae 05       		.uleb128 0x5
 1151 00af 01       		.uleb128 0x1
 1152 00b0 13       		.uleb128 0x13
 1153 00b1 00       		.byte	0
 1154 00b2 00       		.byte	0
 1155 00b3 10       		.uleb128 0x10
 1156 00b4 0D       		.uleb128 0xd
 1157 00b5 00       		.byte	0
 1158 00b6 03       		.uleb128 0x3
 1159 00b7 0E       		.uleb128 0xe
 1160 00b8 3A       		.uleb128 0x3a
 1161 00b9 0B       		.uleb128 0xb
 1162 00ba 3B       		.uleb128 0x3b
 1163 00bb 05       		.uleb128 0x5
 1164 00bc 49       		.uleb128 0x49
 1165 00bd 13       		.uleb128 0x13
 1166 00be 38       		.uleb128 0x38
 1167 00bf 05       		.uleb128 0x5
 1168 00c0 00       		.byte	0
 1169 00c1 00       		.byte	0
 1170 00c2 11       		.uleb128 0x11
 1171 00c3 0D       		.uleb128 0xd
 1172 00c4 00       		.byte	0
 1173 00c5 03       		.uleb128 0x3
 1174 00c6 08       		.uleb128 0x8
 1175 00c7 3A       		.uleb128 0x3a
 1176 00c8 0B       		.uleb128 0xb
 1177 00c9 3B       		.uleb128 0x3b
 1178 00ca 05       		.uleb128 0x5
 1179 00cb 49       		.uleb128 0x49
 1180 00cc 13       		.uleb128 0x13
 1181 00cd 38       		.uleb128 0x38
 1182 00ce 05       		.uleb128 0x5
 1183 00cf 00       		.byte	0
 1184 00d0 00       		.byte	0
 1185 00d1 12       		.uleb128 0x12
 1186 00d2 0D       		.uleb128 0xd
 1187 00d3 00       		.byte	0
 1188 00d4 03       		.uleb128 0x3
 1189 00d5 08       		.uleb128 0x8
 1190 00d6 3A       		.uleb128 0x3a
 1191 00d7 0B       		.uleb128 0xb
 1192 00d8 3B       		.uleb128 0x3b
 1193 00d9 0B       		.uleb128 0xb
 1194 00da 49       		.uleb128 0x49
 1195 00db 13       		.uleb128 0x13
 1196 00dc 38       		.uleb128 0x38
 1197 00dd 0B       		.uleb128 0xb
ARM GAS  C:\Users\Luis\AppData\Local\Temp\cciKWlHH.s 			page 22


 1198 00de 00       		.byte	0
 1199 00df 00       		.byte	0
 1200 00e0 13       		.uleb128 0x13
 1201 00e1 13       		.uleb128 0x13
 1202 00e2 01       		.byte	0x1
 1203 00e3 0B       		.uleb128 0xb
 1204 00e4 0B       		.uleb128 0xb
 1205 00e5 3A       		.uleb128 0x3a
 1206 00e6 0B       		.uleb128 0xb
 1207 00e7 3B       		.uleb128 0x3b
 1208 00e8 0B       		.uleb128 0xb
 1209 00e9 01       		.uleb128 0x1
 1210 00ea 13       		.uleb128 0x13
 1211 00eb 00       		.byte	0
 1212 00ec 00       		.byte	0
 1213 00ed 14       		.uleb128 0x14
 1214 00ee 13       		.uleb128 0x13
 1215 00ef 01       		.byte	0x1
 1216 00f0 0B       		.uleb128 0xb
 1217 00f1 05       		.uleb128 0x5
 1218 00f2 3A       		.uleb128 0x3a
 1219 00f3 0B       		.uleb128 0xb
 1220 00f4 3B       		.uleb128 0x3b
 1221 00f5 0B       		.uleb128 0xb
 1222 00f6 01       		.uleb128 0x1
 1223 00f7 13       		.uleb128 0x13
 1224 00f8 00       		.byte	0
 1225 00f9 00       		.byte	0
 1226 00fa 15       		.uleb128 0x15
 1227 00fb 01       		.uleb128 0x1
 1228 00fc 01       		.byte	0x1
 1229 00fd 49       		.uleb128 0x49
 1230 00fe 13       		.uleb128 0x13
 1231 00ff 01       		.uleb128 0x1
 1232 0100 13       		.uleb128 0x13
 1233 0101 00       		.byte	0
 1234 0102 00       		.byte	0
 1235 0103 16       		.uleb128 0x16
 1236 0104 21       		.uleb128 0x21
 1237 0105 00       		.byte	0
 1238 0106 49       		.uleb128 0x49
 1239 0107 13       		.uleb128 0x13
 1240 0108 2F       		.uleb128 0x2f
 1241 0109 0B       		.uleb128 0xb
 1242 010a 00       		.byte	0
 1243 010b 00       		.byte	0
 1244 010c 17       		.uleb128 0x17
 1245 010d 17       		.uleb128 0x17
 1246 010e 01       		.byte	0x1
 1247 010f 0B       		.uleb128 0xb
 1248 0110 0B       		.uleb128 0xb
 1249 0111 3A       		.uleb128 0x3a
 1250 0112 0B       		.uleb128 0xb
 1251 0113 3B       		.uleb128 0x3b
 1252 0114 0B       		.uleb128 0xb
 1253 0115 01       		.uleb128 0x1
 1254 0116 13       		.uleb128 0x13
ARM GAS  C:\Users\Luis\AppData\Local\Temp\cciKWlHH.s 			page 23


 1255 0117 00       		.byte	0
 1256 0118 00       		.byte	0
 1257 0119 18       		.uleb128 0x18
 1258 011a 0D       		.uleb128 0xd
 1259 011b 00       		.byte	0
 1260 011c 03       		.uleb128 0x3
 1261 011d 0E       		.uleb128 0xe
 1262 011e 3A       		.uleb128 0x3a
 1263 011f 0B       		.uleb128 0xb
 1264 0120 3B       		.uleb128 0x3b
 1265 0121 05       		.uleb128 0x5
 1266 0122 49       		.uleb128 0x49
 1267 0123 13       		.uleb128 0x13
 1268 0124 00       		.byte	0
 1269 0125 00       		.byte	0
 1270 0126 19       		.uleb128 0x19
 1271 0127 26       		.uleb128 0x26
 1272 0128 00       		.byte	0
 1273 0129 49       		.uleb128 0x49
 1274 012a 13       		.uleb128 0x13
 1275 012b 00       		.byte	0
 1276 012c 00       		.byte	0
 1277 012d 1A       		.uleb128 0x1a
 1278 012e 34       		.uleb128 0x34
 1279 012f 00       		.byte	0
 1280 0130 03       		.uleb128 0x3
 1281 0131 0E       		.uleb128 0xe
 1282 0132 3A       		.uleb128 0x3a
 1283 0133 0B       		.uleb128 0xb
 1284 0134 3B       		.uleb128 0x3b
 1285 0135 05       		.uleb128 0x5
 1286 0136 49       		.uleb128 0x49
 1287 0137 13       		.uleb128 0x13
 1288 0138 3F       		.uleb128 0x3f
 1289 0139 19       		.uleb128 0x19
 1290 013a 3C       		.uleb128 0x3c
 1291 013b 19       		.uleb128 0x19
 1292 013c 00       		.byte	0
 1293 013d 00       		.byte	0
 1294 013e 1B       		.uleb128 0x1b
 1295 013f 34       		.uleb128 0x34
 1296 0140 00       		.byte	0
 1297 0141 03       		.uleb128 0x3
 1298 0142 08       		.uleb128 0x8
 1299 0143 3A       		.uleb128 0x3a
 1300 0144 0B       		.uleb128 0xb
 1301 0145 3B       		.uleb128 0x3b
 1302 0146 05       		.uleb128 0x5
 1303 0147 49       		.uleb128 0x49
 1304 0148 13       		.uleb128 0x13
 1305 0149 3F       		.uleb128 0x3f
 1306 014a 19       		.uleb128 0x19
 1307 014b 3C       		.uleb128 0x3c
 1308 014c 19       		.uleb128 0x19
 1309 014d 00       		.byte	0
 1310 014e 00       		.byte	0
 1311 014f 00       		.byte	0
ARM GAS  C:\Users\Luis\AppData\Local\Temp\cciKWlHH.s 			page 24


 1312              		.section	.debug_aranges,"",%progbits
 1313 0000 14000000 		.4byte	0x14
 1314 0004 0200     		.2byte	0x2
 1315 0006 00000000 		.4byte	.Ldebug_info0
 1316 000a 04       		.byte	0x4
 1317 000b 00       		.byte	0
 1318 000c 0000     		.2byte	0
 1319 000e 0000     		.2byte	0
 1320 0010 00000000 		.4byte	0
 1321 0014 00000000 		.4byte	0
 1322              		.section	.debug_line,"",%progbits
 1323              	.Ldebug_line0:
 1324 0000 69010000 		.section	.debug_str,"MS",%progbits,1
 1324      02006301 
 1324      00000201 
 1324      FB0E0D00 
 1324      01010101 
 1325              	.LASF94:
 1326 0000 74625F70 		.ascii	"tb_ptr\000"
 1326      747200
 1327              	.LASF51:
 1328 0007 72656164 		.ascii	"ready_list_t\000"
 1328      795F6C69 
 1328      73745F74 
 1328      00
 1329              	.LASF88:
 1330 0014 73655F74 		.ascii	"se_time\000"
 1330      696D6500 
 1331              	.LASF112:
 1332 001c 77747472 		.ascii	"wttrp\000"
 1332      7000
 1333              	.LASF109:
 1334 0022 7264796D 		.ascii	"rdymsg\000"
 1334      736700
 1335              	.LASF11:
 1336 0029 75696E74 		.ascii	"uint64_t\000"
 1336      36345F74 
 1336      00
 1337              	.LASF81:
 1338 0032 6B65726E 		.ascii	"kernel_stats\000"
 1338      656C5F73 
 1338      74617473 
 1338      00
 1339              	.LASF87:
 1340 003f 706F7274 		.ascii	"port_intctx\000"
 1340      5F696E74 
 1340      63747800 
 1341              	.LASF50:
 1342 004b 63685F74 		.ascii	"ch_threads_queue\000"
 1342      68726561 
 1342      64735F71 
 1342      75657565 
 1342      00
 1343              	.LASF70:
 1344 005c 73797374 		.ascii	"system_debug_t\000"
 1344      656D5F64 
 1344      65627567 
ARM GAS  C:\Users\Luis\AppData\Local\Temp\cciKWlHH.s 			page 25


 1344      5F7400
 1345              	.LASF100:
 1346 006b 776F7273 		.ascii	"worst\000"
 1346      7400
 1347              	.LASF103:
 1348 0071 74696D65 		.ascii	"time_measurement_t\000"
 1348      5F6D6561 
 1348      73757265 
 1348      6D656E74 
 1348      5F7400
 1349              	.LASF12:
 1350 0084 6C6F6E67 		.ascii	"long long unsigned int\000"
 1350      206C6F6E 
 1350      6720756E 
 1350      7369676E 
 1350      65642069 
 1351              	.LASF96:
 1352 009b 63685F74 		.ascii	"ch_trace_buffer_t\000"
 1352      72616365 
 1352      5F627566 
 1352      6665725F 
 1352      7400
 1353              	.LASF91:
 1354 00ad 73655F73 		.ascii	"se_state\000"
 1354      74617465 
 1354      00
 1355              	.LASF110:
 1356 00b6 65786974 		.ascii	"exitcode\000"
 1356      636F6465 
 1356      00
 1357              	.LASF80:
 1358 00bf 6D61696E 		.ascii	"mainthread\000"
 1358      74687265 
 1358      616400
 1359              	.LASF67:
 1360 00ca 76697274 		.ascii	"virtual_timers_list_t\000"
 1360      75616C5F 
 1360      74696D65 
 1360      72735F6C 
 1360      6973745F 
 1361              	.LASF125:
 1362 00e0 49544D5F 		.ascii	"ITM_RxBuffer\000"
 1362      52784275 
 1362      66666572 
 1362      00
 1363              	.LASF14:
 1364 00ed 72747469 		.ascii	"rttime_t\000"
 1364      6D655F74 
 1364      00
 1365              	.LASF27:
 1366 00f6 705F7072 		.ascii	"p_prio\000"
 1366      696F00
 1367              	.LASF10:
 1368 00fd 6C6F6E67 		.ascii	"long long int\000"
 1368      206C6F6E 
 1368      6720696E 
 1368      7400
ARM GAS  C:\Users\Luis\AppData\Local\Temp\cciKWlHH.s 			page 26


 1369              	.LASF1:
 1370 010b 7369676E 		.ascii	"signed char\000"
 1370      65642063 
 1370      68617200 
 1371              	.LASF42:
 1372 0117 705F6D70 		.ascii	"p_mpool\000"
 1372      6F6F6C00 
 1373              	.LASF120:
 1374 011f 6D5F7175 		.ascii	"m_queue\000"
 1374      65756500 
 1375              	.LASF127:
 1376 0127 2E2E2F2E 		.ascii	"../../ChibiOS/os/rt/ports/ARMCMx/chcore.c\000"
 1376      2E2F4368 
 1376      6962694F 
 1376      532F6F73 
 1376      2F72742F 
 1377              	.LASF79:
 1378 0151 76746C69 		.ascii	"vtlist\000"
 1378      737400
 1379              	.LASF128:
 1380 0158 433A5C55 		.ascii	"C:\\Users\\Luis\\git\\DSP-Library-Lanin\\examples\\"
 1380      73657273 
 1380      5C4C7569 
 1380      735C6769 
 1380      745C4453 
 1381 0185 4453502D 		.ascii	"DSP-Library\000"
 1381      4C696272 
 1381      61727900 
 1382              	.LASF77:
 1383 0191 63685F73 		.ascii	"ch_system\000"
 1383      79737465 
 1383      6D00
 1384              	.LASF7:
 1385 019b 6C6F6E67 		.ascii	"long int\000"
 1385      20696E74 
 1385      00
 1386              	.LASF16:
 1387 01a4 74737461 		.ascii	"tstate_t\000"
 1387      74655F74 
 1387      00
 1388              	.LASF89:
 1389 01ad 73655F74 		.ascii	"se_tp\000"
 1389      7000
 1390              	.LASF29:
 1391 01b3 705F6E65 		.ascii	"p_newer\000"
 1391      77657200 
 1392              	.LASF117:
 1393 01bb 735F7175 		.ascii	"s_queue\000"
 1393      65756500 
 1394              	.LASF93:
 1395 01c3 74625F73 		.ascii	"tb_size\000"
 1395      697A6500 
 1396              	.LASF56:
 1397 01cb 725F6E65 		.ascii	"r_newer\000"
 1397      77657200 
 1398              	.LASF84:
 1399 01d3 72656761 		.ascii	"regarm_t\000"
ARM GAS  C:\Users\Luis\AppData\Local\Temp\cciKWlHH.s 			page 27


 1399      726D5F74 
 1399      00
 1400              	.LASF63:
 1401 01dc 76745F70 		.ascii	"vt_prev\000"
 1401      72657600 
 1402              	.LASF71:
 1403 01e4 63685F73 		.ascii	"ch_system_debug\000"
 1403      79737465 
 1403      6D5F6465 
 1403      62756700 
 1404              	.LASF124:
 1405 01f4 6D757465 		.ascii	"mutex_t\000"
 1405      785F7400 
 1406              	.LASF74:
 1407 01fc 6C6F636B 		.ascii	"lock_cnt\000"
 1407      5F636E74 
 1407      00
 1408              	.LASF82:
 1409 0205 69646C65 		.ascii	"idle_thread_wa\000"
 1409      5F746872 
 1409      6561645F 
 1409      776100
 1410              	.LASF21:
 1411 0214 636E745F 		.ascii	"cnt_t\000"
 1411      7400
 1412              	.LASF32:
 1413 021a 705F7374 		.ascii	"p_stklimit\000"
 1413      6B6C696D 
 1413      697400
 1414              	.LASF0:
 1415 0225 756E7369 		.ascii	"unsigned int\000"
 1415      676E6564 
 1415      20696E74 
 1415      00
 1416              	.LASF62:
 1417 0232 76745F6E 		.ascii	"vt_next\000"
 1417      65787400 
 1418              	.LASF113:
 1419 023a 77747365 		.ascii	"wtsemp\000"
 1419      6D7000
 1420              	.LASF37:
 1421 0241 705F6D73 		.ascii	"p_msgqueue\000"
 1421      67717565 
 1421      756500
 1422              	.LASF44:
 1423 024c 746C7350 		.ascii	"tlsPtr\000"
 1423      747200
 1424              	.LASF104:
 1425 0253 6E5F6972 		.ascii	"n_irq\000"
 1425      7100
 1426              	.LASF118:
 1427 0259 735F636E 		.ascii	"s_cnt\000"
 1427      7400
 1428              	.LASF4:
 1429 025f 73686F72 		.ascii	"short unsigned int\000"
 1429      7420756E 
 1429      7369676E 
ARM GAS  C:\Users\Luis\AppData\Local\Temp\cciKWlHH.s 			page 28


 1429      65642069 
 1429      6E7400
 1430              	.LASF108:
 1431 0272 6B65726E 		.ascii	"kernel_stats_t\000"
 1431      656C5F73 
 1431      74617473 
 1431      5F7400
 1432              	.LASF47:
 1433 0281 63685F74 		.ascii	"ch_thread\000"
 1433      68726561 
 1433      6400
 1434              	.LASF19:
 1435 028b 6D73675F 		.ascii	"msg_t\000"
 1435      7400
 1436              	.LASF101:
 1437 0291 6C617374 		.ascii	"last\000"
 1437      00
 1438              	.LASF22:
 1439 0296 75636E74 		.ascii	"ucnt_t\000"
 1439      5F7400
 1440              	.LASF76:
 1441 029d 63685F73 		.ascii	"ch_system_t\000"
 1441      79737465 
 1441      6D5F7400 
 1442              	.LASF15:
 1443 02a9 746D6F64 		.ascii	"tmode_t\000"
 1443      655F7400 
 1444              	.LASF107:
 1445 02b1 6D5F6372 		.ascii	"m_crit_isr\000"
 1445      69745F69 
 1445      737200
 1446              	.LASF52:
 1447 02bc 63685F72 		.ascii	"ch_ready_list\000"
 1447      65616479 
 1447      5F6C6973 
 1447      7400
 1448              	.LASF20:
 1449 02ca 6576656E 		.ascii	"eventmask_t\000"
 1449      746D6173 
 1449      6B5F7400 
 1450              	.LASF85:
 1451 02d6 73746B61 		.ascii	"stkalign_t\000"
 1451      6C69676E 
 1451      5F7400
 1452              	.LASF36:
 1453 02e1 705F7761 		.ascii	"p_waiting\000"
 1453      6974696E 
 1453      6700
 1454              	.LASF83:
 1455 02eb 73697A65 		.ascii	"sizetype\000"
 1455      74797065 
 1455      00
 1456              	.LASF45:
 1457 02f4 74687265 		.ascii	"thread_reference_t\000"
 1457      61645F72 
 1457      65666572 
 1457      656E6365 
ARM GAS  C:\Users\Luis\AppData\Local\Temp\cciKWlHH.s 			page 29


 1457      5F7400
 1458              	.LASF68:
 1459 0307 63685F76 		.ascii	"ch_virtual_timers_list\000"
 1459      69727475 
 1459      616C5F74 
 1459      696D6572 
 1459      735F6C69 
 1460              	.LASF92:
 1461 031e 63685F73 		.ascii	"ch_swc_event_t\000"
 1461      77635F65 
 1461      76656E74 
 1461      5F7400
 1462              	.LASF69:
 1463 032d 76745F6C 		.ascii	"vt_lasttime\000"
 1463      61737474 
 1463      696D6500 
 1464              	.LASF30:
 1465 0339 705F6F6C 		.ascii	"p_older\000"
 1465      64657200 
 1466              	.LASF55:
 1467 0341 725F6374 		.ascii	"r_ctx\000"
 1467      7800
 1468              	.LASF98:
 1469 0347 746D5F63 		.ascii	"tm_calibration_t\000"
 1469      616C6962 
 1469      72617469 
 1469      6F6E5F74 
 1469      00
 1470              	.LASF58:
 1471 0358 725F6375 		.ascii	"r_current\000"
 1471      7272656E 
 1471      7400
 1472              	.LASF57:
 1473 0362 725F6F6C 		.ascii	"r_older\000"
 1473      64657200 
 1474              	.LASF102:
 1475 036a 63756D75 		.ascii	"cumulative\000"
 1475      6C617469 
 1475      766500
 1476              	.LASF17:
 1477 0375 74726566 		.ascii	"trefs_t\000"
 1477      735F7400 
 1478              	.LASF95:
 1479 037d 74625F62 		.ascii	"tb_buffer\000"
 1479      75666665 
 1479      7200
 1480              	.LASF60:
 1481 0387 76697274 		.ascii	"virtual_timer_t\000"
 1481      75616C5F 
 1481      74696D65 
 1481      725F7400 
 1482              	.LASF26:
 1483 0397 705F7072 		.ascii	"p_prev\000"
 1483      657600
 1484              	.LASF18:
 1485 039e 74707269 		.ascii	"tprio_t\000"
 1485      6F5F7400 
ARM GAS  C:\Users\Luis\AppData\Local\Temp\cciKWlHH.s 			page 30


 1486              	.LASF105:
 1487 03a6 6E5F6374 		.ascii	"n_ctxswc\000"
 1487      78737763 
 1487      00
 1488              	.LASF6:
 1489 03af 696E7433 		.ascii	"int32_t\000"
 1489      325F7400 
 1490              	.LASF2:
 1491 03b7 756E7369 		.ascii	"unsigned char\000"
 1491      676E6564 
 1491      20636861 
 1491      7200
 1492              	.LASF40:
 1493 03c5 705F6D74 		.ascii	"p_mtxlist\000"
 1493      786C6973 
 1493      7400
 1494              	.LASF3:
 1495 03cf 73686F72 		.ascii	"short int\000"
 1495      7420696E 
 1495      7400
 1496              	.LASF33:
 1497 03d9 705F7374 		.ascii	"p_state\000"
 1497      61746500 
 1498              	.LASF54:
 1499 03e1 725F7072 		.ascii	"r_prio\000"
 1499      696F00
 1500              	.LASF115:
 1501 03e8 65776D61 		.ascii	"ewmask\000"
 1501      736B00
 1502              	.LASF25:
 1503 03ef 705F6E65 		.ascii	"p_next\000"
 1503      787400
 1504              	.LASF34:
 1505 03f6 705F666C 		.ascii	"p_flags\000"
 1505      61677300 
 1506              	.LASF43:
 1507 03fe 705F7374 		.ascii	"p_stats\000"
 1507      61747300 
 1508              	.LASF61:
 1509 0406 63685F76 		.ascii	"ch_virtual_timer\000"
 1509      69727475 
 1509      616C5F74 
 1509      696D6572 
 1509      00
 1510              	.LASF116:
 1511 0417 63685F73 		.ascii	"ch_semaphore\000"
 1511      656D6170 
 1511      686F7265 
 1511      00
 1512              	.LASF39:
 1513 0424 705F6570 		.ascii	"p_epending\000"
 1513      656E6469 
 1513      6E6700
 1514              	.LASF8:
 1515 042f 75696E74 		.ascii	"uint32_t\000"
 1515      33325F74 
 1515      00
ARM GAS  C:\Users\Luis\AppData\Local\Temp\cciKWlHH.s 			page 31


 1516              	.LASF114:
 1517 0438 77746D74 		.ascii	"wtmtxp\000"
 1517      787000
 1518              	.LASF53:
 1519 043f 725F7175 		.ascii	"r_queue\000"
 1519      65756500 
 1520              	.LASF64:
 1521 0447 76745F64 		.ascii	"vt_delta\000"
 1521      656C7461 
 1521      00
 1522              	.LASF48:
 1523 0450 63685F74 		.ascii	"ch_threads_list\000"
 1523      68726561 
 1523      64735F6C 
 1523      69737400 
 1524              	.LASF9:
 1525 0460 6C6F6E67 		.ascii	"long unsigned int\000"
 1525      20756E73 
 1525      69676E65 
 1525      6420696E 
 1525      7400
 1526              	.LASF123:
 1527 0472 63686172 		.ascii	"char\000"
 1527      00
 1528              	.LASF126:
 1529 0477 474E5520 		.ascii	"GNU C 4.8.3 20131129 (release) [ARM/embedded-4_8-br"
 1529      4320342E 
 1529      382E3320 
 1529      32303133 
 1529      31313239 
 1530 04aa 616E6368 		.ascii	"anch revision 205641] -mcpu=cortex-m4 -mapcs-frame "
 1530      20726576 
 1530      6973696F 
 1530      6E203230 
 1530      35363431 
 1531 04dd 2D6D6E6F 		.ascii	"-mno-thumb-interwork -mthumb -ggdb -O0 -falign-func"
 1531      2D746875 
 1531      6D622D69 
 1531      6E746572 
 1531      776F726B 
 1532 0510 74696F6E 		.ascii	"tions=16 -ffunction-sections -fdata-sections -fno-c"
 1532      733D3136 
 1532      202D6666 
 1532      756E6374 
 1532      696F6E2D 
 1533 0543 6F6D6D6F 		.ascii	"ommon\000"
 1533      6E00
 1534              	.LASF99:
 1535 0549 62657374 		.ascii	"best\000"
 1535      00
 1536              	.LASF122:
 1537 054e 6D5F6E65 		.ascii	"m_next\000"
 1537      787400
 1538              	.LASF23:
 1539 0555 73797374 		.ascii	"systime_t\000"
 1539      696D655F 
 1539      7400
ARM GAS  C:\Users\Luis\AppData\Local\Temp\cciKWlHH.s 			page 32


 1540              	.LASF41:
 1541 055f 705F7265 		.ascii	"p_realprio\000"
 1541      616C7072 
 1541      696F00
 1542              	.LASF59:
 1543 056a 76746675 		.ascii	"vtfunc_t\000"
 1543      6E635F74 
 1543      00
 1544              	.LASF72:
 1545 0573 70616E69 		.ascii	"panic_msg\000"
 1545      635F6D73 
 1545      6700
 1546              	.LASF97:
 1547 057d 6F666673 		.ascii	"offset\000"
 1547      657400
 1548              	.LASF86:
 1549 0584 636F6E74 		.ascii	"context\000"
 1549      65787400 
 1550              	.LASF13:
 1551 058c 7274636E 		.ascii	"rtcnt_t\000"
 1551      745F7400 
 1552              	.LASF66:
 1553 0594 76745F70 		.ascii	"vt_par\000"
 1553      617200
 1554              	.LASF49:
 1555 059b 74687265 		.ascii	"threads_queue_t\000"
 1555      6164735F 
 1555      71756575 
 1555      655F7400 
 1556              	.LASF119:
 1557 05ab 63685F6D 		.ascii	"ch_mutex\000"
 1557      75746578 
 1557      00
 1558              	.LASF35:
 1559 05b4 705F7265 		.ascii	"p_refs\000"
 1559      667300
 1560              	.LASF73:
 1561 05bb 6973725F 		.ascii	"isr_cnt\000"
 1561      636E7400 
 1562              	.LASF24:
 1563 05c3 74687265 		.ascii	"thread_t\000"
 1563      61645F74 
 1563      00
 1564              	.LASF78:
 1565 05cc 726C6973 		.ascii	"rlist\000"
 1565      7400
 1566              	.LASF5:
 1567 05d2 75696E74 		.ascii	"uint8_t\000"
 1567      385F7400 
 1568              	.LASF111:
 1569 05da 77746F62 		.ascii	"wtobjp\000"
 1569      6A7000
 1570              	.LASF31:
 1571 05e1 705F6E61 		.ascii	"p_name\000"
 1571      6D6500
 1572              	.LASF46:
 1573 05e8 74687265 		.ascii	"threads_list_t\000"
ARM GAS  C:\Users\Luis\AppData\Local\Temp\cciKWlHH.s 			page 33


 1573      6164735F 
 1573      6C697374 
 1573      5F7400
 1574              	.LASF75:
 1575 05f7 74726163 		.ascii	"trace_buffer\000"
 1575      655F6275 
 1575      66666572 
 1575      00
 1576              	.LASF38:
 1577 0604 705F6D73 		.ascii	"p_msg\000"
 1577      6700
 1578              	.LASF106:
 1579 060a 6D5F6372 		.ascii	"m_crit_thd\000"
 1579      69745F74 
 1579      686400
 1580              	.LASF121:
 1581 0615 6D5F6F77 		.ascii	"m_owner\000"
 1581      6E657200 
 1582              	.LASF90:
 1583 061d 73655F77 		.ascii	"se_wtobjp\000"
 1583      746F626A 
 1583      7000
 1584              	.LASF28:
 1585 0627 705F6374 		.ascii	"p_ctx\000"
 1585      7800
 1586              	.LASF65:
 1587 062d 76745F66 		.ascii	"vt_func\000"
 1587      756E6300 
 1588              		.ident	"GCC: (GNU Tools for ARM Embedded Processors) 4.8.3 20131129 (release) [ARM/embedded-4_8-br
ARM GAS  C:\Users\Luis\AppData\Local\Temp\cciKWlHH.s 			page 34


DEFINED SYMBOLS
                            *ABS*:00000000 chcore.c

NO UNDEFINED SYMBOLS
