ARM GAS  C:\Users\Luis\AppData\Local\Temp\cc3lR5E0.s 			page 1


   1              		.syntax unified
   2              		.cpu cortex-m4
   3              		.fpu softvfp
   4              		.eabi_attribute 20, 1
   5              		.eabi_attribute 21, 1
   6              		.eabi_attribute 23, 3
   7              		.eabi_attribute 24, 1
   8              		.eabi_attribute 25, 1
   9              		.eabi_attribute 26, 1
  10              		.eabi_attribute 30, 6
  11              		.eabi_attribute 34, 1
  12              		.eabi_attribute 18, 4
  13              		.thumb
  14              		.file	"chstats.c"
  15              		.text
  16              	.Ltext0:
  17              		.cfi_sections	.debug_frame
  18              		.section	.text._stats_init,"ax",%progbits
  19              		.align	2
  20              		.p2align 4,,15
  21              		.global	_stats_init
  22              		.thumb
  23              		.thumb_func
  24              		.type	_stats_init, %function
  25              	_stats_init:
  26              	.LFB229:
  27              		.file 1 "../../ChibiOS/os/rt/src/chstats.c"
  28              		.loc 1 62 0
  29              		.cfi_startproc
  30              		@ args = 0, pretend = 0, frame = 0
  31              		@ frame_needed = 1, uses_anonymous_args = 0
  32 0000 80B5     		push	{r7, lr}
  33              		.cfi_def_cfa_offset 8
  34              		.cfi_offset 7, -8
  35              		.cfi_offset 14, -4
  36 0002 00AF     		add	r7, sp, #0
  37              		.cfi_def_cfa_register 7
  38              		.loc 1 64 0
  39 0004 074B     		ldr	r3, .L2
  40 0006 0022     		movs	r2, #0
  41 0008 C3F8B024 		str	r2, [r3, #1200]
  42              		.loc 1 65 0
  43 000c 054B     		ldr	r3, .L2
  44 000e 0022     		movs	r2, #0
  45 0010 C3F8B424 		str	r2, [r3, #1204]
  46              		.loc 1 66 0
  47 0014 0448     		ldr	r0, .L2+4
  48 0016 FFF7FEFF 		bl	chTMObjectInit
  49              		.loc 1 67 0
  50 001a 0448     		ldr	r0, .L2+8
  51 001c FFF7FEFF 		bl	chTMObjectInit
  52              		.loc 1 68 0
  53 0020 80BD     		pop	{r7, pc}
  54              	.L3:
  55 0022 00BF     		.align	2
  56              	.L2:
  57 0024 00000000 		.word	ch
ARM GAS  C:\Users\Luis\AppData\Local\Temp\cc3lR5E0.s 			page 2


  58 0028 B8040000 		.word	ch+1208
  59 002c D0040000 		.word	ch+1232
  60              		.cfi_endproc
  61              	.LFE229:
  62              		.size	_stats_init, .-_stats_init
  63              		.section	.text._stats_increase_irq,"ax",%progbits
  64              		.align	2
  65              		.p2align 4,,15
  66              		.global	_stats_increase_irq
  67              		.thumb
  68              		.thumb_func
  69              		.type	_stats_increase_irq, %function
  70              	_stats_increase_irq:
  71              	.LFB230:
  72              		.loc 1 73 0
  73              		.cfi_startproc
  74              		@ args = 0, pretend = 0, frame = 0
  75              		@ frame_needed = 1, uses_anonymous_args = 0
  76              		@ link register save eliminated.
  77 0000 80B4     		push	{r7}
  78              		.cfi_def_cfa_offset 4
  79              		.cfi_offset 7, -4
  80 0002 00AF     		add	r7, sp, #0
  81              		.cfi_def_cfa_register 7
  82              		.loc 1 75 0
  83 0004 054B     		ldr	r3, .L5
  84 0006 D3F8B034 		ldr	r3, [r3, #1200]
  85 000a 5A1C     		adds	r2, r3, #1
  86 000c 034B     		ldr	r3, .L5
  87 000e C3F8B024 		str	r2, [r3, #1200]
  88              		.loc 1 76 0
  89 0012 BD46     		mov	sp, r7
  90              		@ sp needed
  91 0014 5DF8047B 		ldr	r7, [sp], #4
  92 0018 7047     		bx	lr
  93              	.L6:
  94 001a 00BF     		.align	2
  95              	.L5:
  96 001c 00000000 		.word	ch
  97              		.cfi_endproc
  98              	.LFE230:
  99              		.size	_stats_increase_irq, .-_stats_increase_irq
 100              		.section	.text._stats_ctxswc,"ax",%progbits
 101              		.align	2
 102              		.p2align 4,,15
 103              		.global	_stats_ctxswc
 104              		.thumb
 105              		.thumb_func
 106              		.type	_stats_ctxswc, %function
 107              	_stats_ctxswc:
 108              	.LFB231:
 109              		.loc 1 84 0
 110              		.cfi_startproc
 111              		@ args = 0, pretend = 0, frame = 8
 112              		@ frame_needed = 1, uses_anonymous_args = 0
 113 0000 80B5     		push	{r7, lr}
 114              		.cfi_def_cfa_offset 8
ARM GAS  C:\Users\Luis\AppData\Local\Temp\cc3lR5E0.s 			page 3


 115              		.cfi_offset 7, -8
 116              		.cfi_offset 14, -4
 117 0002 82B0     		sub	sp, sp, #8
 118              		.cfi_def_cfa_offset 16
 119 0004 00AF     		add	r7, sp, #0
 120              		.cfi_def_cfa_register 7
 121 0006 7860     		str	r0, [r7, #4]
 122 0008 3960     		str	r1, [r7]
 123              		.loc 1 86 0
 124 000a 094B     		ldr	r3, .L8
 125 000c D3F8B434 		ldr	r3, [r3, #1204]
 126 0010 5A1C     		adds	r2, r3, #1
 127 0012 074B     		ldr	r3, .L8
 128 0014 C3F8B424 		str	r2, [r3, #1204]
 129              		.loc 1 87 0
 130 0018 3B68     		ldr	r3, [r7]
 131 001a 03F14802 		add	r2, r3, #72
 132 001e 7B68     		ldr	r3, [r7, #4]
 133 0020 4833     		adds	r3, r3, #72
 134 0022 1046     		mov	r0, r2
 135 0024 1946     		mov	r1, r3
 136 0026 FFF7FEFF 		bl	chTMChainMeasurementToX
 137              		.loc 1 88 0
 138 002a 0837     		adds	r7, r7, #8
 139 002c BD46     		mov	sp, r7
 140              		@ sp needed
 141 002e 80BD     		pop	{r7, pc}
 142              	.L9:
 143              		.align	2
 144              	.L8:
 145 0030 00000000 		.word	ch
 146              		.cfi_endproc
 147              	.LFE231:
 148              		.size	_stats_ctxswc, .-_stats_ctxswc
 149 0034 AFF30080 		.section	.text._stats_start_measure_crit_thd,"ax",%progbits
 149      AFF30080 
 149      AFF30080 
 150              		.align	2
 151              		.p2align 4,,15
 152              		.global	_stats_start_measure_crit_thd
 153              		.thumb
 154              		.thumb_func
 155              		.type	_stats_start_measure_crit_thd, %function
 156              	_stats_start_measure_crit_thd:
 157              	.LFB232:
 158              		.loc 1 93 0
 159              		.cfi_startproc
 160              		@ args = 0, pretend = 0, frame = 0
 161              		@ frame_needed = 1, uses_anonymous_args = 0
 162 0000 80B5     		push	{r7, lr}
 163              		.cfi_def_cfa_offset 8
 164              		.cfi_offset 7, -8
 165              		.cfi_offset 14, -4
 166 0002 00AF     		add	r7, sp, #0
 167              		.cfi_def_cfa_register 7
 168              		.loc 1 95 0
 169 0004 0148     		ldr	r0, .L11
ARM GAS  C:\Users\Luis\AppData\Local\Temp\cc3lR5E0.s 			page 4


 170 0006 FFF7FEFF 		bl	chTMStartMeasurementX
 171              		.loc 1 96 0
 172 000a 80BD     		pop	{r7, pc}
 173              	.L12:
 174              		.align	2
 175              	.L11:
 176 000c B8040000 		.word	ch+1208
 177              		.cfi_endproc
 178              	.LFE232:
 179              		.size	_stats_start_measure_crit_thd, .-_stats_start_measure_crit_thd
 180              		.section	.text._stats_stop_measure_crit_thd,"ax",%progbits
 181              		.align	2
 182              		.p2align 4,,15
 183              		.global	_stats_stop_measure_crit_thd
 184              		.thumb
 185              		.thumb_func
 186              		.type	_stats_stop_measure_crit_thd, %function
 187              	_stats_stop_measure_crit_thd:
 188              	.LFB233:
 189              		.loc 1 101 0
 190              		.cfi_startproc
 191              		@ args = 0, pretend = 0, frame = 0
 192              		@ frame_needed = 1, uses_anonymous_args = 0
 193 0000 80B5     		push	{r7, lr}
 194              		.cfi_def_cfa_offset 8
 195              		.cfi_offset 7, -8
 196              		.cfi_offset 14, -4
 197 0002 00AF     		add	r7, sp, #0
 198              		.cfi_def_cfa_register 7
 199              		.loc 1 103 0
 200 0004 0148     		ldr	r0, .L14
 201 0006 FFF7FEFF 		bl	chTMStopMeasurementX
 202              		.loc 1 104 0
 203 000a 80BD     		pop	{r7, pc}
 204              	.L15:
 205              		.align	2
 206              	.L14:
 207 000c B8040000 		.word	ch+1208
 208              		.cfi_endproc
 209              	.LFE233:
 210              		.size	_stats_stop_measure_crit_thd, .-_stats_stop_measure_crit_thd
 211              		.section	.text._stats_start_measure_crit_isr,"ax",%progbits
 212              		.align	2
 213              		.p2align 4,,15
 214              		.global	_stats_start_measure_crit_isr
 215              		.thumb
 216              		.thumb_func
 217              		.type	_stats_start_measure_crit_isr, %function
 218              	_stats_start_measure_crit_isr:
 219              	.LFB234:
 220              		.loc 1 109 0
 221              		.cfi_startproc
 222              		@ args = 0, pretend = 0, frame = 0
 223              		@ frame_needed = 1, uses_anonymous_args = 0
 224 0000 80B5     		push	{r7, lr}
 225              		.cfi_def_cfa_offset 8
 226              		.cfi_offset 7, -8
ARM GAS  C:\Users\Luis\AppData\Local\Temp\cc3lR5E0.s 			page 5


 227              		.cfi_offset 14, -4
 228 0002 00AF     		add	r7, sp, #0
 229              		.cfi_def_cfa_register 7
 230              		.loc 1 111 0
 231 0004 0148     		ldr	r0, .L17
 232 0006 FFF7FEFF 		bl	chTMStartMeasurementX
 233              		.loc 1 112 0
 234 000a 80BD     		pop	{r7, pc}
 235              	.L18:
 236              		.align	2
 237              	.L17:
 238 000c D0040000 		.word	ch+1232
 239              		.cfi_endproc
 240              	.LFE234:
 241              		.size	_stats_start_measure_crit_isr, .-_stats_start_measure_crit_isr
 242              		.section	.text._stats_stop_measure_crit_isr,"ax",%progbits
 243              		.align	2
 244              		.p2align 4,,15
 245              		.global	_stats_stop_measure_crit_isr
 246              		.thumb
 247              		.thumb_func
 248              		.type	_stats_stop_measure_crit_isr, %function
 249              	_stats_stop_measure_crit_isr:
 250              	.LFB235:
 251              		.loc 1 117 0
 252              		.cfi_startproc
 253              		@ args = 0, pretend = 0, frame = 0
 254              		@ frame_needed = 1, uses_anonymous_args = 0
 255 0000 80B5     		push	{r7, lr}
 256              		.cfi_def_cfa_offset 8
 257              		.cfi_offset 7, -8
 258              		.cfi_offset 14, -4
 259 0002 00AF     		add	r7, sp, #0
 260              		.cfi_def_cfa_register 7
 261              		.loc 1 119 0
 262 0004 0148     		ldr	r0, .L20
 263 0006 FFF7FEFF 		bl	chTMStopMeasurementX
 264              		.loc 1 120 0
 265 000a 80BD     		pop	{r7, pc}
 266              	.L21:
 267              		.align	2
 268              	.L20:
 269 000c D0040000 		.word	ch+1232
 270              		.cfi_endproc
 271              	.LFE235:
 272              		.size	_stats_stop_measure_crit_isr, .-_stats_stop_measure_crit_isr
 273              		.text
 274              	.Letext0:
 275              		.file 2 "c:\\emtechesdk\\gcc\\arm-none-eabi\\include\\stdint.h"
 276              		.file 3 "../../ChibiOS/os/rt/ports/ARMCMx/compilers/GCC/chtypes.h"
 277              		.file 4 "../../ChibiOS/os/rt/include/chsystypes.h"
 278              		.file 5 "../../ChibiOS/os/rt/include/chschd.h"
 279              		.file 6 "../../ChibiOS/os/rt/ports/ARMCMx/chcore.h"
 280              		.file 7 "../../ChibiOS/os/rt/ports/ARMCMx/chcore_v7m.h"
 281              		.file 8 "../../ChibiOS/os/rt/include/chdebug.h"
 282              		.file 9 "../../ChibiOS/os/rt/include/chtm.h"
 283              		.file 10 "../../ChibiOS/os/rt/include/chstats.h"
ARM GAS  C:\Users\Luis\AppData\Local\Temp\cc3lR5E0.s 			page 6


 284              		.file 11 "../../ChibiOS/os/rt/include/chsem.h"
 285              		.file 12 "../../ChibiOS/os/rt/include/chmtx.h"
 286              		.file 13 "../../ChibiOS/os/ext/CMSIS/include/core_cm4.h"
 287              		.section	.debug_info,"",%progbits
 288              	.Ldebug_info0:
 289 0000 3B080000 		.4byte	0x83b
 290 0004 0400     		.2byte	0x4
 291 0006 00000000 		.4byte	.Ldebug_abbrev0
 292 000a 04       		.byte	0x4
 293 000b 01       		.uleb128 0x1
 294 000c BC040000 		.4byte	.LASF132
 295 0010 01       		.byte	0x1
 296 0011 C2050000 		.4byte	.LASF133
 297 0015 4E030000 		.4byte	.LASF134
 298 0019 00000000 		.4byte	.Ldebug_ranges0+0
 299 001d 00000000 		.4byte	0
 300 0021 00000000 		.4byte	.Ldebug_line0
 301 0025 02       		.uleb128 0x2
 302 0026 04       		.byte	0x4
 303 0027 05       		.byte	0x5
 304 0028 696E7400 		.ascii	"int\000"
 305 002c 03       		.uleb128 0x3
 306 002d 04       		.byte	0x4
 307 002e 07       		.byte	0x7
 308 002f E0010000 		.4byte	.LASF0
 309 0033 03       		.uleb128 0x3
 310 0034 01       		.byte	0x1
 311 0035 06       		.byte	0x6
 312 0036 29010000 		.4byte	.LASF1
 313 003a 04       		.uleb128 0x4
 314 003b 39060000 		.4byte	.LASF5
 315 003f 02       		.byte	0x2
 316 0040 2A       		.byte	0x2a
 317 0041 45000000 		.4byte	0x45
 318 0045 03       		.uleb128 0x3
 319 0046 01       		.byte	0x1
 320 0047 08       		.byte	0x8
 321 0048 E8030000 		.4byte	.LASF2
 322 004c 03       		.uleb128 0x3
 323 004d 02       		.byte	0x2
 324 004e 05       		.byte	0x5
 325 004f 00040000 		.4byte	.LASF3
 326 0053 03       		.uleb128 0x3
 327 0054 02       		.byte	0x2
 328 0055 07       		.byte	0x7
 329 0056 1A020000 		.4byte	.LASF4
 330 005a 04       		.uleb128 0x4
 331 005b E0030000 		.4byte	.LASF6
 332 005f 02       		.byte	0x2
 333 0060 4F       		.byte	0x4f
 334 0061 65000000 		.4byte	0x65
 335 0065 03       		.uleb128 0x3
 336 0066 04       		.byte	0x4
 337 0067 05       		.byte	0x5
 338 0068 56010000 		.4byte	.LASF7
 339 006c 04       		.uleb128 0x4
 340 006d 60040000 		.4byte	.LASF8
ARM GAS  C:\Users\Luis\AppData\Local\Temp\cc3lR5E0.s 			page 7


 341 0071 02       		.byte	0x2
 342 0072 50       		.byte	0x50
 343 0073 77000000 		.4byte	0x77
 344 0077 03       		.uleb128 0x3
 345 0078 04       		.byte	0x4
 346 0079 07       		.byte	0x7
 347 007a 9E040000 		.4byte	.LASF9
 348 007e 03       		.uleb128 0x3
 349 007f 08       		.byte	0x8
 350 0080 05       		.byte	0x5
 351 0081 1B010000 		.4byte	.LASF10
 352 0085 04       		.uleb128 0x4
 353 0086 29000000 		.4byte	.LASF11
 354 008a 02       		.byte	0x2
 355 008b 78       		.byte	0x78
 356 008c 90000000 		.4byte	0x90
 357 0090 03       		.uleb128 0x3
 358 0091 08       		.byte	0x8
 359 0092 07       		.byte	0x7
 360 0093 84000000 		.4byte	.LASF12
 361 0097 05       		.uleb128 0x5
 362 0098 5A000000 		.4byte	0x5a
 363 009c 04       		.uleb128 0x4
 364 009d F3050000 		.4byte	.LASF13
 365 00a1 03       		.byte	0x3
 366 00a2 45       		.byte	0x45
 367 00a3 6C000000 		.4byte	0x6c
 368 00a7 04       		.uleb128 0x4
 369 00a8 0B010000 		.4byte	.LASF14
 370 00ac 03       		.byte	0x3
 371 00ad 46       		.byte	0x46
 372 00ae 85000000 		.4byte	0x85
 373 00b2 04       		.uleb128 0x4
 374 00b3 64020000 		.4byte	.LASF15
 375 00b7 03       		.byte	0x3
 376 00b8 48       		.byte	0x48
 377 00b9 3A000000 		.4byte	0x3a
 378 00bd 04       		.uleb128 0x4
 379 00be 5F010000 		.4byte	.LASF16
 380 00c2 03       		.byte	0x3
 381 00c3 49       		.byte	0x49
 382 00c4 3A000000 		.4byte	0x3a
 383 00c8 04       		.uleb128 0x4
 384 00c9 A6030000 		.4byte	.LASF17
 385 00cd 03       		.byte	0x3
 386 00ce 4A       		.byte	0x4a
 387 00cf 3A000000 		.4byte	0x3a
 388 00d3 04       		.uleb128 0x4
 389 00d4 CF030000 		.4byte	.LASF18
 390 00d8 03       		.byte	0x3
 391 00d9 4C       		.byte	0x4c
 392 00da 6C000000 		.4byte	0x6c
 393 00de 04       		.uleb128 0x4
 394 00df 46020000 		.4byte	.LASF19
 395 00e3 03       		.byte	0x3
 396 00e4 4D       		.byte	0x4d
 397 00e5 5A000000 		.4byte	0x5a
ARM GAS  C:\Users\Luis\AppData\Local\Temp\cc3lR5E0.s 			page 8


 398 00e9 04       		.uleb128 0x4
 399 00ea 85020000 		.4byte	.LASF20
 400 00ee 03       		.byte	0x3
 401 00ef 4F       		.byte	0x4f
 402 00f0 6C000000 		.4byte	0x6c
 403 00f4 04       		.uleb128 0x4
 404 00f5 CF010000 		.4byte	.LASF21
 405 00f9 03       		.byte	0x3
 406 00fa 51       		.byte	0x51
 407 00fb 5A000000 		.4byte	0x5a
 408 00ff 04       		.uleb128 0x4
 409 0100 51020000 		.4byte	.LASF22
 410 0104 03       		.byte	0x3
 411 0105 52       		.byte	0x52
 412 0106 6C000000 		.4byte	0x6c
 413 010a 04       		.uleb128 0x4
 414 010b 9A050000 		.4byte	.LASF23
 415 010f 04       		.byte	0x4
 416 0110 33       		.byte	0x33
 417 0111 6C000000 		.4byte	0x6c
 418 0115 04       		.uleb128 0x4
 419 0116 2A060000 		.4byte	.LASF24
 420 011a 04       		.byte	0x4
 421 011b 3F       		.byte	0x3f
 422 011c 20010000 		.4byte	0x120
 423 0120 06       		.uleb128 0x6
 424 0121 3C020000 		.4byte	.LASF47
 425 0125 68       		.byte	0x68
 426 0126 05       		.byte	0x5
 427 0127 C2       		.byte	0xc2
 428 0128 33020000 		.4byte	0x233
 429 012c 07       		.uleb128 0x7
 430 012d 20040000 		.4byte	.LASF25
 431 0131 05       		.byte	0x5
 432 0132 C3       		.byte	0xc3
 433 0133 3E020000 		.4byte	0x23e
 434 0137 00       		.byte	0
 435 0138 07       		.uleb128 0x7
 436 0139 C8030000 		.4byte	.LASF26
 437 013d 05       		.byte	0x5
 438 013e C5       		.byte	0xc5
 439 013f 3E020000 		.4byte	0x23e
 440 0143 04       		.byte	0x4
 441 0144 07       		.uleb128 0x7
 442 0145 14010000 		.4byte	.LASF27
 443 0149 05       		.byte	0x5
 444 014a C7       		.byte	0xc7
 445 014b D3000000 		.4byte	0xd3
 446 014f 08       		.byte	0x8
 447 0150 07       		.uleb128 0x7
 448 0151 C5060000 		.4byte	.LASF28
 449 0155 05       		.byte	0x5
 450 0156 C8       		.byte	0xc8
 451 0157 A7040000 		.4byte	0x4a7
 452 015b 0C       		.byte	0xc
 453 015c 07       		.uleb128 0x7
 454 015d 6E010000 		.4byte	.LASF29
ARM GAS  C:\Users\Luis\AppData\Local\Temp\cc3lR5E0.s 			page 9


 455 0161 05       		.byte	0x5
 456 0162 CA       		.byte	0xca
 457 0163 3E020000 		.4byte	0x23e
 458 0167 10       		.byte	0x10
 459 0168 07       		.uleb128 0x7
 460 0169 2F030000 		.4byte	.LASF30
 461 016d 05       		.byte	0x5
 462 016e CB       		.byte	0xcb
 463 016f 3E020000 		.4byte	0x23e
 464 0173 14       		.byte	0x14
 465 0174 07       		.uleb128 0x7
 466 0175 56060000 		.4byte	.LASF31
 467 0179 05       		.byte	0x5
 468 017a D2       		.byte	0xd2
 469 017b 4B070000 		.4byte	0x74b
 470 017f 18       		.byte	0x18
 471 0180 07       		.uleb128 0x7
 472 0181 D5010000 		.4byte	.LASF32
 473 0185 05       		.byte	0x5
 474 0186 D8       		.byte	0xd8
 475 0187 5D070000 		.4byte	0x75d
 476 018b 1C       		.byte	0x1c
 477 018c 07       		.uleb128 0x7
 478 018d 0A040000 		.4byte	.LASF33
 479 0191 05       		.byte	0x5
 480 0192 DD       		.byte	0xdd
 481 0193 BD000000 		.4byte	0xbd
 482 0197 20       		.byte	0x20
 483 0198 07       		.uleb128 0x7
 484 0199 27040000 		.4byte	.LASF34
 485 019d 05       		.byte	0x5
 486 019e E1       		.byte	0xe1
 487 019f B2000000 		.4byte	0xb2
 488 01a3 21       		.byte	0x21
 489 01a4 07       		.uleb128 0x7
 490 01a5 1B060000 		.4byte	.LASF35
 491 01a9 05       		.byte	0x5
 492 01aa E6       		.byte	0xe6
 493 01ab C8000000 		.4byte	0xc8
 494 01af 22       		.byte	0x22
 495 01b0 08       		.uleb128 0x8
 496 01b1 705F7500 		.ascii	"p_u\000"
 497 01b5 05       		.byte	0x5
 498 01b6 3101     		.2byte	0x131
 499 01b8 86060000 		.4byte	0x686
 500 01bc 24       		.byte	0x24
 501 01bd 09       		.uleb128 0x9
 502 01be BA020000 		.4byte	.LASF36
 503 01c2 05       		.byte	0x5
 504 01c3 3601     		.2byte	0x136
 505 01c5 44020000 		.4byte	0x244
 506 01c9 28       		.byte	0x28
 507 01ca 09       		.uleb128 0x9
 508 01cb FC010000 		.4byte	.LASF37
 509 01cf 05       		.byte	0x5
 510 01d0 3C01     		.2byte	0x13c
 511 01d2 68020000 		.4byte	0x268
ARM GAS  C:\Users\Luis\AppData\Local\Temp\cc3lR5E0.s 			page 10


 512 01d6 2C       		.byte	0x2c
 513 01d7 09       		.uleb128 0x9
 514 01d8 79060000 		.4byte	.LASF38
 515 01dc 05       		.byte	0x5
 516 01dd 4001     		.2byte	0x140
 517 01df DE000000 		.4byte	0xde
 518 01e3 34       		.byte	0x34
 519 01e4 09       		.uleb128 0x9
 520 01e5 55040000 		.4byte	.LASF39
 521 01e9 05       		.byte	0x5
 522 01ea 4601     		.2byte	0x146
 523 01ec E9000000 		.4byte	0xe9
 524 01f0 38       		.byte	0x38
 525 01f1 09       		.uleb128 0x9
 526 01f2 F6030000 		.4byte	.LASF40
 527 01f6 05       		.byte	0x5
 528 01f7 4D01     		.2byte	0x14d
 529 01f9 45070000 		.4byte	0x745
 530 01fd 3C       		.byte	0x3c
 531 01fe 09       		.uleb128 0x9
 532 01ff A4050000 		.4byte	.LASF41
 533 0203 05       		.byte	0x5
 534 0204 5101     		.2byte	0x151
 535 0206 D3000000 		.4byte	0xd3
 536 020a 40       		.byte	0x40
 537 020b 09       		.uleb128 0x9
 538 020c 35010000 		.4byte	.LASF42
 539 0210 05       		.byte	0x5
 540 0211 5801     		.2byte	0x158
 541 0213 1B030000 		.4byte	0x31b
 542 0217 44       		.byte	0x44
 543 0218 09       		.uleb128 0x9
 544 0219 2F040000 		.4byte	.LASF43
 545 021d 05       		.byte	0x5
 546 021e 5E01     		.2byte	0x15e
 547 0220 37060000 		.4byte	0x637
 548 0224 48       		.byte	0x48
 549 0225 09       		.uleb128 0x9
 550 0226 07020000 		.4byte	.LASF44
 551 022a 05       		.byte	0x5
 552 022b 6201     		.2byte	0x162
 553 022d 1B030000 		.4byte	0x31b
 554 0231 60       		.byte	0x60
 555 0232 00       		.byte	0
 556 0233 04       		.uleb128 0x4
 557 0234 EA020000 		.4byte	.LASF45
 558 0238 04       		.byte	0x4
 559 0239 44       		.byte	0x44
 560 023a 3E020000 		.4byte	0x23e
 561 023e 0A       		.uleb128 0xa
 562 023f 04       		.byte	0x4
 563 0240 15010000 		.4byte	0x115
 564 0244 04       		.uleb128 0x4
 565 0245 5D060000 		.4byte	.LASF46
 566 0249 04       		.byte	0x4
 567 024a 49       		.byte	0x49
 568 024b 4F020000 		.4byte	0x24f
ARM GAS  C:\Users\Luis\AppData\Local\Temp\cc3lR5E0.s 			page 11


 569 024f 06       		.uleb128 0x6
 570 0250 8E040000 		.4byte	.LASF48
 571 0254 04       		.byte	0x4
 572 0255 05       		.byte	0x5
 573 0256 B0       		.byte	0xb0
 574 0257 68020000 		.4byte	0x268
 575 025b 07       		.uleb128 0x7
 576 025c 20040000 		.4byte	.LASF25
 577 0260 05       		.byte	0x5
 578 0261 B1       		.byte	0xb1
 579 0262 3E020000 		.4byte	0x23e
 580 0266 00       		.byte	0
 581 0267 00       		.byte	0
 582 0268 04       		.uleb128 0x4
 583 0269 02060000 		.4byte	.LASF49
 584 026d 04       		.byte	0x4
 585 026e 50       		.byte	0x50
 586 026f 73020000 		.4byte	0x273
 587 0273 06       		.uleb128 0x6
 588 0274 4B000000 		.4byte	.LASF50
 589 0278 08       		.byte	0x8
 590 0279 05       		.byte	0x5
 591 027a B7       		.byte	0xb7
 592 027b 98020000 		.4byte	0x298
 593 027f 07       		.uleb128 0x7
 594 0280 20040000 		.4byte	.LASF25
 595 0284 05       		.byte	0x5
 596 0285 B8       		.byte	0xb8
 597 0286 3E020000 		.4byte	0x23e
 598 028a 00       		.byte	0
 599 028b 07       		.uleb128 0x7
 600 028c C8030000 		.4byte	.LASF26
 601 0290 05       		.byte	0x5
 602 0291 B9       		.byte	0xb9
 603 0292 3E020000 		.4byte	0x23e
 604 0296 04       		.byte	0x4
 605 0297 00       		.byte	0
 606 0298 04       		.uleb128 0x4
 607 0299 07000000 		.4byte	.LASF51
 608 029d 04       		.byte	0x4
 609 029e 57       		.byte	0x57
 610 029f A3020000 		.4byte	0x2a3
 611 02a3 0B       		.uleb128 0xb
 612 02a4 77020000 		.4byte	.LASF52
 613 02a8 1C       		.byte	0x1c
 614 02a9 05       		.byte	0x5
 615 02aa 9001     		.2byte	0x190
 616 02ac FF020000 		.4byte	0x2ff
 617 02b0 09       		.uleb128 0x9
 618 02b1 7D040000 		.4byte	.LASF53
 619 02b5 05       		.byte	0x5
 620 02b6 9101     		.2byte	0x191
 621 02b8 68020000 		.4byte	0x268
 622 02bc 00       		.byte	0
 623 02bd 09       		.uleb128 0x9
 624 02be 12040000 		.4byte	.LASF54
 625 02c2 05       		.byte	0x5
ARM GAS  C:\Users\Luis\AppData\Local\Temp\cc3lR5E0.s 			page 12


 626 02c3 9201     		.2byte	0x192
 627 02c5 D3000000 		.4byte	0xd3
 628 02c9 08       		.byte	0x8
 629 02ca 09       		.uleb128 0x9
 630 02cb 37030000 		.4byte	.LASF55
 631 02cf 05       		.byte	0x5
 632 02d0 9401     		.2byte	0x194
 633 02d2 A7040000 		.4byte	0x4a7
 634 02d6 0C       		.byte	0xc
 635 02d7 09       		.uleb128 0x9
 636 02d8 86010000 		.4byte	.LASF56
 637 02dc 05       		.byte	0x5
 638 02dd 9701     		.2byte	0x197
 639 02df 3E020000 		.4byte	0x23e
 640 02e3 10       		.byte	0x10
 641 02e4 09       		.uleb128 0x9
 642 02e5 93030000 		.4byte	.LASF57
 643 02e9 05       		.byte	0x5
 644 02ea 9801     		.2byte	0x198
 645 02ec 3E020000 		.4byte	0x23e
 646 02f0 14       		.byte	0x14
 647 02f1 09       		.uleb128 0x9
 648 02f2 89030000 		.4byte	.LASF58
 649 02f6 05       		.byte	0x5
 650 02f7 9B01     		.2byte	0x19b
 651 02f9 3E020000 		.4byte	0x23e
 652 02fd 18       		.byte	0x18
 653 02fe 00       		.byte	0
 654 02ff 04       		.uleb128 0x4
 655 0300 AF050000 		.4byte	.LASF59
 656 0304 04       		.byte	0x4
 657 0305 5C       		.byte	0x5c
 658 0306 0A030000 		.4byte	0x30a
 659 030a 0A       		.uleb128 0xa
 660 030b 04       		.byte	0x4
 661 030c 10030000 		.4byte	0x310
 662 0310 0C       		.uleb128 0xc
 663 0311 1B030000 		.4byte	0x31b
 664 0315 0D       		.uleb128 0xd
 665 0316 1B030000 		.4byte	0x31b
 666 031a 00       		.byte	0
 667 031b 0E       		.uleb128 0xe
 668 031c 04       		.byte	0x4
 669 031d 04       		.uleb128 0x4
 670 031e B8030000 		.4byte	.LASF60
 671 0322 04       		.byte	0x4
 672 0323 61       		.byte	0x61
 673 0324 28030000 		.4byte	0x328
 674 0328 0B       		.uleb128 0xb
 675 0329 37040000 		.4byte	.LASF61
 676 032d 14       		.byte	0x14
 677 032e 05       		.byte	0x5
 678 032f 6B01     		.2byte	0x16b
 679 0331 77030000 		.4byte	0x377
 680 0335 09       		.uleb128 0x9
 681 0336 ED010000 		.4byte	.LASF62
 682 033a 05       		.byte	0x5
ARM GAS  C:\Users\Luis\AppData\Local\Temp\cc3lR5E0.s 			page 13


 683 033b 6C01     		.2byte	0x16c
 684 033d 63070000 		.4byte	0x763
 685 0341 00       		.byte	0
 686 0342 09       		.uleb128 0x9
 687 0343 97010000 		.4byte	.LASF63
 688 0347 05       		.byte	0x5
 689 0348 6D01     		.2byte	0x16d
 690 034a 63070000 		.4byte	0x763
 691 034e 04       		.byte	0x4
 692 034f 09       		.uleb128 0x9
 693 0350 85040000 		.4byte	.LASF64
 694 0354 05       		.byte	0x5
 695 0355 6E01     		.2byte	0x16e
 696 0357 0A010000 		.4byte	0x10a
 697 035b 08       		.byte	0x8
 698 035c 09       		.uleb128 0x9
 699 035d CB060000 		.4byte	.LASF65
 700 0361 05       		.byte	0x5
 701 0362 6F01     		.2byte	0x16f
 702 0364 FF020000 		.4byte	0x2ff
 703 0368 0C       		.byte	0xc
 704 0369 09       		.uleb128 0x9
 705 036a FB050000 		.4byte	.LASF66
 706 036e 05       		.byte	0x5
 707 036f 7101     		.2byte	0x171
 708 0371 1B030000 		.4byte	0x31b
 709 0375 10       		.byte	0x10
 710 0376 00       		.byte	0
 711 0377 04       		.uleb128 0x4
 712 0378 E8000000 		.4byte	.LASF67
 713 037c 04       		.byte	0x4
 714 037d 66       		.byte	0x66
 715 037e 82030000 		.4byte	0x382
 716 0382 0B       		.uleb128 0xb
 717 0383 FD020000 		.4byte	.LASF68
 718 0387 10       		.byte	0x10
 719 0388 05       		.byte	0x5
 720 0389 7B01     		.2byte	0x17b
 721 038b C4030000 		.4byte	0x3c4
 722 038f 09       		.uleb128 0x9
 723 0390 ED010000 		.4byte	.LASF62
 724 0394 05       		.byte	0x5
 725 0395 7C01     		.2byte	0x17c
 726 0397 63070000 		.4byte	0x763
 727 039b 00       		.byte	0
 728 039c 09       		.uleb128 0x9
 729 039d 97010000 		.4byte	.LASF63
 730 03a1 05       		.byte	0x5
 731 03a2 7E01     		.2byte	0x17e
 732 03a4 63070000 		.4byte	0x763
 733 03a8 04       		.byte	0x4
 734 03a9 09       		.uleb128 0x9
 735 03aa 85040000 		.4byte	.LASF64
 736 03ae 05       		.byte	0x5
 737 03af 8001     		.2byte	0x180
 738 03b1 0A010000 		.4byte	0x10a
 739 03b5 08       		.byte	0x8
ARM GAS  C:\Users\Luis\AppData\Local\Temp\cc3lR5E0.s 			page 14


 740 03b6 09       		.uleb128 0x9
 741 03b7 23030000 		.4byte	.LASF69
 742 03bb 05       		.byte	0x5
 743 03bc 8801     		.2byte	0x188
 744 03be 0A010000 		.4byte	0x10a
 745 03c2 0C       		.byte	0xc
 746 03c3 00       		.byte	0
 747 03c4 04       		.uleb128 0x4
 748 03c5 5C000000 		.4byte	.LASF70
 749 03c9 04       		.byte	0x4
 750 03ca 6B       		.byte	0x6b
 751 03cb CF030000 		.4byte	0x3cf
 752 03cf 0F       		.uleb128 0xf
 753 03d0 9F010000 		.4byte	.LASF71
 754 03d4 1404     		.2byte	0x414
 755 03d6 05       		.byte	0x5
 756 03d7 A201     		.2byte	0x1a2
 757 03d9 12040000 		.4byte	0x412
 758 03dd 09       		.uleb128 0x9
 759 03de B8050000 		.4byte	.LASF72
 760 03e2 05       		.byte	0x5
 761 03e3 AA01     		.2byte	0x1aa
 762 03e5 69070000 		.4byte	0x769
 763 03e9 00       		.byte	0
 764 03ea 09       		.uleb128 0x9
 765 03eb 22060000 		.4byte	.LASF73
 766 03ef 05       		.byte	0x5
 767 03f0 AF01     		.2byte	0x1af
 768 03f2 F4000000 		.4byte	0xf4
 769 03f6 04       		.byte	0x4
 770 03f7 09       		.uleb128 0x9
 771 03f8 B7010000 		.4byte	.LASF74
 772 03fc 05       		.byte	0x5
 773 03fd B301     		.2byte	0x1b3
 774 03ff F4000000 		.4byte	0xf4
 775 0403 08       		.byte	0x8
 776 0404 09       		.uleb128 0x9
 777 0405 6C060000 		.4byte	.LASF75
 778 0409 05       		.byte	0x5
 779 040a B901     		.2byte	0x1b9
 780 040c C9050000 		.4byte	0x5c9
 781 0410 0C       		.byte	0xc
 782 0411 00       		.byte	0
 783 0412 04       		.uleb128 0x4
 784 0413 58020000 		.4byte	.LASF76
 785 0417 04       		.byte	0x4
 786 0418 70       		.byte	0x70
 787 0419 1D040000 		.4byte	0x41d
 788 041d 0F       		.uleb128 0xf
 789 041e 4C010000 		.4byte	.LASF77
 790 0422 E805     		.2byte	0x5e8
 791 0424 05       		.byte	0x5
 792 0425 C201     		.2byte	0x1c2
 793 0427 8A040000 		.4byte	0x48a
 794 042b 09       		.uleb128 0x9
 795 042c 33060000 		.4byte	.LASF78
 796 0430 05       		.byte	0x5
ARM GAS  C:\Users\Luis\AppData\Local\Temp\cc3lR5E0.s 			page 15


 797 0431 C601     		.2byte	0x1c6
 798 0433 98020000 		.4byte	0x298
 799 0437 00       		.byte	0
 800 0438 09       		.uleb128 0x9
 801 0439 45010000 		.4byte	.LASF79
 802 043d 05       		.byte	0x5
 803 043e CA01     		.2byte	0x1ca
 804 0440 77030000 		.4byte	0x377
 805 0444 1C       		.byte	0x1c
 806 0445 08       		.uleb128 0x8
 807 0446 64626700 		.ascii	"dbg\000"
 808 044a 05       		.byte	0x5
 809 044b CE01     		.2byte	0x1ce
 810 044d C4030000 		.4byte	0x3c4
 811 0451 2C       		.byte	0x2c
 812 0452 10       		.uleb128 0x10
 813 0453 BF000000 		.4byte	.LASF80
 814 0457 05       		.byte	0x5
 815 0458 D201     		.2byte	0x1d2
 816 045a 15010000 		.4byte	0x115
 817 045e 4004     		.2byte	0x440
 818 0460 11       		.uleb128 0x11
 819 0461 746D00   		.ascii	"tm\000"
 820 0464 05       		.byte	0x5
 821 0465 D701     		.2byte	0x1d7
 822 0467 E9050000 		.4byte	0x5e9
 823 046b A804     		.2byte	0x4a8
 824 046d 10       		.uleb128 0x10
 825 046e 32000000 		.4byte	.LASF81
 826 0472 05       		.byte	0x5
 827 0473 DD01     		.2byte	0x1dd
 828 0475 7B060000 		.4byte	0x67b
 829 0479 B004     		.2byte	0x4b0
 830 047b 10       		.uleb128 0x10
 831 047c C0010000 		.4byte	.LASF82
 832 0480 05       		.byte	0x5
 833 0481 E301     		.2byte	0x1e3
 834 0483 6E070000 		.4byte	0x76e
 835 0487 E804     		.2byte	0x4e8
 836 0489 00       		.byte	0
 837 048a 03       		.uleb128 0x3
 838 048b 04       		.byte	0x4
 839 048c 07       		.byte	0x7
 840 048d E1020000 		.4byte	.LASF83
 841 0491 04       		.uleb128 0x4
 842 0492 8E010000 		.4byte	.LASF84
 843 0496 06       		.byte	0x6
 844 0497 65       		.byte	0x65
 845 0498 1B030000 		.4byte	0x31b
 846 049c 04       		.uleb128 0x4
 847 049d AF020000 		.4byte	.LASF85
 848 04a1 06       		.byte	0x6
 849 04a2 6D       		.byte	0x6d
 850 04a3 85000000 		.4byte	0x85
 851 04a7 06       		.uleb128 0x6
 852 04a8 EB050000 		.4byte	.LASF86
 853 04ac 04       		.byte	0x4
ARM GAS  C:\Users\Luis\AppData\Local\Temp\cc3lR5E0.s 			page 16


 854 04ad 06       		.byte	0x6
 855 04ae 89       		.byte	0x89
 856 04af C0040000 		.4byte	0x4c0
 857 04b3 12       		.uleb128 0x12
 858 04b4 72313300 		.ascii	"r13\000"
 859 04b8 06       		.byte	0x6
 860 04b9 8A       		.byte	0x8a
 861 04ba 3B050000 		.4byte	0x53b
 862 04be 00       		.byte	0
 863 04bf 00       		.byte	0
 864 04c0 06       		.uleb128 0x6
 865 04c1 3F000000 		.4byte	.LASF87
 866 04c5 24       		.byte	0x24
 867 04c6 07       		.byte	0x7
 868 04c7 F4       		.byte	0xf4
 869 04c8 3B050000 		.4byte	0x53b
 870 04cc 08       		.uleb128 0x8
 871 04cd 723400   		.ascii	"r4\000"
 872 04d0 07       		.byte	0x7
 873 04d1 0701     		.2byte	0x107
 874 04d3 91040000 		.4byte	0x491
 875 04d7 00       		.byte	0
 876 04d8 08       		.uleb128 0x8
 877 04d9 723500   		.ascii	"r5\000"
 878 04dc 07       		.byte	0x7
 879 04dd 0801     		.2byte	0x108
 880 04df 91040000 		.4byte	0x491
 881 04e3 04       		.byte	0x4
 882 04e4 08       		.uleb128 0x8
 883 04e5 723600   		.ascii	"r6\000"
 884 04e8 07       		.byte	0x7
 885 04e9 0901     		.2byte	0x109
 886 04eb 91040000 		.4byte	0x491
 887 04ef 08       		.byte	0x8
 888 04f0 08       		.uleb128 0x8
 889 04f1 723700   		.ascii	"r7\000"
 890 04f4 07       		.byte	0x7
 891 04f5 0A01     		.2byte	0x10a
 892 04f7 91040000 		.4byte	0x491
 893 04fb 0C       		.byte	0xc
 894 04fc 08       		.uleb128 0x8
 895 04fd 723800   		.ascii	"r8\000"
 896 0500 07       		.byte	0x7
 897 0501 0B01     		.2byte	0x10b
 898 0503 91040000 		.4byte	0x491
 899 0507 10       		.byte	0x10
 900 0508 08       		.uleb128 0x8
 901 0509 723900   		.ascii	"r9\000"
 902 050c 07       		.byte	0x7
 903 050d 0C01     		.2byte	0x10c
 904 050f 91040000 		.4byte	0x491
 905 0513 14       		.byte	0x14
 906 0514 08       		.uleb128 0x8
 907 0515 72313000 		.ascii	"r10\000"
 908 0519 07       		.byte	0x7
 909 051a 0D01     		.2byte	0x10d
 910 051c 91040000 		.4byte	0x491
ARM GAS  C:\Users\Luis\AppData\Local\Temp\cc3lR5E0.s 			page 17


 911 0520 18       		.byte	0x18
 912 0521 08       		.uleb128 0x8
 913 0522 72313100 		.ascii	"r11\000"
 914 0526 07       		.byte	0x7
 915 0527 0E01     		.2byte	0x10e
 916 0529 91040000 		.4byte	0x491
 917 052d 1C       		.byte	0x1c
 918 052e 08       		.uleb128 0x8
 919 052f 6C7200   		.ascii	"lr\000"
 920 0532 07       		.byte	0x7
 921 0533 0F01     		.2byte	0x10f
 922 0535 91040000 		.4byte	0x491
 923 0539 20       		.byte	0x20
 924 053a 00       		.byte	0
 925 053b 0A       		.uleb128 0xa
 926 053c 04       		.byte	0x4
 927 053d C0040000 		.4byte	0x4c0
 928 0541 13       		.uleb128 0x13
 929 0542 10       		.byte	0x10
 930 0543 08       		.byte	0x8
 931 0544 51       		.byte	0x51
 932 0545 7A050000 		.4byte	0x57a
 933 0549 07       		.uleb128 0x7
 934 054a 14000000 		.4byte	.LASF88
 935 054e 08       		.byte	0x8
 936 054f 55       		.byte	0x55
 937 0550 0A010000 		.4byte	0x10a
 938 0554 00       		.byte	0
 939 0555 07       		.uleb128 0x7
 940 0556 68010000 		.4byte	.LASF89
 941 055a 08       		.byte	0x8
 942 055b 59       		.byte	0x59
 943 055c 3E020000 		.4byte	0x23e
 944 0560 04       		.byte	0x4
 945 0561 07       		.uleb128 0x7
 946 0562 BB060000 		.4byte	.LASF90
 947 0566 08       		.byte	0x8
 948 0567 5D       		.byte	0x5d
 949 0568 1B030000 		.4byte	0x31b
 950 056c 08       		.byte	0x8
 951 056d 07       		.uleb128 0x7
 952 056e AD000000 		.4byte	.LASF91
 953 0572 08       		.byte	0x8
 954 0573 61       		.byte	0x61
 955 0574 3A000000 		.4byte	0x3a
 956 0578 0C       		.byte	0xc
 957 0579 00       		.byte	0
 958 057a 04       		.uleb128 0x4
 959 057b 14030000 		.4byte	.LASF92
 960 057f 08       		.byte	0x8
 961 0580 62       		.byte	0x62
 962 0581 41050000 		.4byte	0x541
 963 0585 14       		.uleb128 0x14
 964 0586 0804     		.2byte	0x408
 965 0588 08       		.byte	0x8
 966 0589 67       		.byte	0x67
 967 058a B3050000 		.4byte	0x5b3
ARM GAS  C:\Users\Luis\AppData\Local\Temp\cc3lR5E0.s 			page 18


 968 058e 07       		.uleb128 0x7
 969 058f 7E010000 		.4byte	.LASF93
 970 0593 08       		.byte	0x8
 971 0594 6B       		.byte	0x6b
 972 0595 2C000000 		.4byte	0x2c
 973 0599 00       		.byte	0
 974 059a 07       		.uleb128 0x7
 975 059b 00000000 		.4byte	.LASF94
 976 059f 08       		.byte	0x8
 977 05a0 6F       		.byte	0x6f
 978 05a1 B3050000 		.4byte	0x5b3
 979 05a5 04       		.byte	0x4
 980 05a6 07       		.uleb128 0x7
 981 05a7 AE030000 		.4byte	.LASF95
 982 05ab 08       		.byte	0x8
 983 05ac 73       		.byte	0x73
 984 05ad B9050000 		.4byte	0x5b9
 985 05b1 08       		.byte	0x8
 986 05b2 00       		.byte	0
 987 05b3 0A       		.uleb128 0xa
 988 05b4 04       		.byte	0x4
 989 05b5 7A050000 		.4byte	0x57a
 990 05b9 15       		.uleb128 0x15
 991 05ba 7A050000 		.4byte	0x57a
 992 05be C9050000 		.4byte	0x5c9
 993 05c2 16       		.uleb128 0x16
 994 05c3 8A040000 		.4byte	0x48a
 995 05c7 3F       		.byte	0x3f
 996 05c8 00       		.byte	0
 997 05c9 04       		.uleb128 0x4
 998 05ca 9B000000 		.4byte	.LASF96
 999 05ce 08       		.byte	0x8
 1000 05cf 74       		.byte	0x74
 1001 05d0 85050000 		.4byte	0x585
 1002 05d4 13       		.uleb128 0x13
 1003 05d5 04       		.byte	0x4
 1004 05d6 09       		.byte	0x9
 1005 05d7 38       		.byte	0x38
 1006 05d8 E9050000 		.4byte	0x5e9
 1007 05dc 07       		.uleb128 0x7
 1008 05dd E4050000 		.4byte	.LASF97
 1009 05e1 09       		.byte	0x9
 1010 05e2 3C       		.byte	0x3c
 1011 05e3 9C000000 		.4byte	0x9c
 1012 05e7 00       		.byte	0
 1013 05e8 00       		.byte	0
 1014 05e9 04       		.uleb128 0x4
 1015 05ea 3D030000 		.4byte	.LASF98
 1016 05ee 09       		.byte	0x9
 1017 05ef 3D       		.byte	0x3d
 1018 05f0 D4050000 		.4byte	0x5d4
 1019 05f4 13       		.uleb128 0x13
 1020 05f5 18       		.byte	0x18
 1021 05f6 09       		.byte	0x9
 1022 05f7 48       		.byte	0x48
 1023 05f8 37060000 		.4byte	0x637
 1024 05fc 07       		.uleb128 0x7
ARM GAS  C:\Users\Luis\AppData\Local\Temp\cc3lR5E0.s 			page 19


 1025 05fd 8E050000 		.4byte	.LASF99
 1026 0601 09       		.byte	0x9
 1027 0602 49       		.byte	0x49
 1028 0603 9C000000 		.4byte	0x9c
 1029 0607 00       		.byte	0
 1030 0608 07       		.uleb128 0x7
 1031 0609 6B000000 		.4byte	.LASF100
 1032 060d 09       		.byte	0x9
 1033 060e 4A       		.byte	0x4a
 1034 060f 9C000000 		.4byte	0x9c
 1035 0613 04       		.byte	0x4
 1036 0614 07       		.uleb128 0x7
 1037 0615 4C020000 		.4byte	.LASF101
 1038 0619 09       		.byte	0x9
 1039 061a 4B       		.byte	0x4b
 1040 061b 9C000000 		.4byte	0x9c
 1041 061f 08       		.byte	0x8
 1042 0620 12       		.uleb128 0x12
 1043 0621 6E00     		.ascii	"n\000"
 1044 0623 09       		.byte	0x9
 1045 0624 4C       		.byte	0x4c
 1046 0625 FF000000 		.4byte	0xff
 1047 0629 0C       		.byte	0xc
 1048 062a 07       		.uleb128 0x7
 1049 062b 9B030000 		.4byte	.LASF102
 1050 062f 09       		.byte	0x9
 1051 0630 4D       		.byte	0x4d
 1052 0631 A7000000 		.4byte	0xa7
 1053 0635 10       		.byte	0x10
 1054 0636 00       		.byte	0
 1055 0637 04       		.uleb128 0x4
 1056 0638 71000000 		.4byte	.LASF103
 1057 063c 09       		.byte	0x9
 1058 063d 4E       		.byte	0x4e
 1059 063e F4050000 		.4byte	0x5f4
 1060 0642 13       		.uleb128 0x13
 1061 0643 38       		.byte	0x38
 1062 0644 0A       		.byte	0xa
 1063 0645 38       		.byte	0x38
 1064 0646 7B060000 		.4byte	0x67b
 1065 064a 07       		.uleb128 0x7
 1066 064b 0E020000 		.4byte	.LASF104
 1067 064f 0A       		.byte	0xa
 1068 0650 39       		.byte	0x39
 1069 0651 FF000000 		.4byte	0xff
 1070 0655 00       		.byte	0
 1071 0656 07       		.uleb128 0x7
 1072 0657 D7030000 		.4byte	.LASF105
 1073 065b 0A       		.byte	0xa
 1074 065c 3A       		.byte	0x3a
 1075 065d FF000000 		.4byte	0xff
 1076 0661 04       		.byte	0x4
 1077 0662 07       		.uleb128 0x7
 1078 0663 A8060000 		.4byte	.LASF106
 1079 0667 0A       		.byte	0xa
 1080 0668 3B       		.byte	0x3b
 1081 0669 37060000 		.4byte	0x637
ARM GAS  C:\Users\Luis\AppData\Local\Temp\cc3lR5E0.s 			page 20


 1082 066d 08       		.byte	0x8
 1083 066e 07       		.uleb128 0x7
 1084 066f 6C020000 		.4byte	.LASF107
 1085 0673 0A       		.byte	0xa
 1086 0674 3D       		.byte	0x3d
 1087 0675 37060000 		.4byte	0x637
 1088 0679 20       		.byte	0x20
 1089 067a 00       		.byte	0
 1090 067b 04       		.uleb128 0x4
 1091 067c 2D020000 		.4byte	.LASF108
 1092 0680 0A       		.byte	0xa
 1093 0681 3F       		.byte	0x3f
 1094 0682 42060000 		.4byte	0x642
 1095 0686 17       		.uleb128 0x17
 1096 0687 04       		.byte	0x4
 1097 0688 05       		.byte	0x5
 1098 0689 FA       		.byte	0xfa
 1099 068a E3060000 		.4byte	0x6e3
 1100 068e 18       		.uleb128 0x18
 1101 068f 22000000 		.4byte	.LASF109
 1102 0693 05       		.byte	0x5
 1103 0694 0101     		.2byte	0x101
 1104 0696 DE000000 		.4byte	0xde
 1105 069a 18       		.uleb128 0x18
 1106 069b B6000000 		.4byte	.LASF110
 1107 069f 05       		.byte	0x5
 1108 06a0 0801     		.2byte	0x108
 1109 06a2 DE000000 		.4byte	0xde
 1110 06a6 18       		.uleb128 0x18
 1111 06a7 4F060000 		.4byte	.LASF111
 1112 06ab 05       		.byte	0x5
 1113 06ac 0F01     		.2byte	0x10f
 1114 06ae 1B030000 		.4byte	0x31b
 1115 06b2 18       		.uleb128 0x18
 1116 06b3 1C000000 		.4byte	.LASF112
 1117 06b7 05       		.byte	0x5
 1118 06b8 1601     		.2byte	0x116
 1119 06ba E3060000 		.4byte	0x6e3
 1120 06be 18       		.uleb128 0x18
 1121 06bf F5010000 		.4byte	.LASF113
 1122 06c3 05       		.byte	0x5
 1123 06c4 1E01     		.2byte	0x11e
 1124 06c6 0E070000 		.4byte	0x70e
 1125 06ca 18       		.uleb128 0x18
 1126 06cb B5040000 		.4byte	.LASF114
 1127 06cf 05       		.byte	0x5
 1128 06d0 2701     		.2byte	0x127
 1129 06d2 45070000 		.4byte	0x745
 1130 06d6 18       		.uleb128 0x18
 1131 06d7 19040000 		.4byte	.LASF115
 1132 06db 05       		.byte	0x5
 1133 06dc 2F01     		.2byte	0x12f
 1134 06de E9000000 		.4byte	0xe9
 1135 06e2 00       		.byte	0
 1136 06e3 0A       		.uleb128 0xa
 1137 06e4 04       		.byte	0x4
 1138 06e5 33020000 		.4byte	0x233
ARM GAS  C:\Users\Luis\AppData\Local\Temp\cc3lR5E0.s 			page 21


 1139 06e9 06       		.uleb128 0x6
 1140 06ea 48040000 		.4byte	.LASF116
 1141 06ee 0C       		.byte	0xc
 1142 06ef 0B       		.byte	0xb
 1143 06f0 34       		.byte	0x34
 1144 06f1 0E070000 		.4byte	0x70e
 1145 06f5 07       		.uleb128 0x7
 1146 06f6 76010000 		.4byte	.LASF117
 1147 06fa 0B       		.byte	0xb
 1148 06fb 35       		.byte	0x35
 1149 06fc 68020000 		.4byte	0x268
 1150 0700 00       		.byte	0
 1151 0701 07       		.uleb128 0x7
 1152 0702 14020000 		.4byte	.LASF118
 1153 0706 0B       		.byte	0xb
 1154 0707 37       		.byte	0x37
 1155 0708 F4000000 		.4byte	0xf4
 1156 070c 08       		.byte	0x8
 1157 070d 00       		.byte	0
 1158 070e 0A       		.uleb128 0xa
 1159 070f 04       		.byte	0x4
 1160 0710 E9060000 		.4byte	0x6e9
 1161 0714 06       		.uleb128 0x6
 1162 0715 12060000 		.4byte	.LASF119
 1163 0719 10       		.byte	0x10
 1164 071a 0C       		.byte	0xc
 1165 071b 39       		.byte	0x39
 1166 071c 45070000 		.4byte	0x745
 1167 0720 07       		.uleb128 0x7
 1168 0721 3D010000 		.4byte	.LASF120
 1169 0725 0C       		.byte	0xc
 1170 0726 3A       		.byte	0x3a
 1171 0727 68020000 		.4byte	0x268
 1172 072b 00       		.byte	0
 1173 072c 07       		.uleb128 0x7
 1174 072d B3060000 		.4byte	.LASF121
 1175 0731 0C       		.byte	0xc
 1176 0732 3C       		.byte	0x3c
 1177 0733 3E020000 		.4byte	0x23e
 1178 0737 08       		.byte	0x8
 1179 0738 07       		.uleb128 0x7
 1180 0739 93050000 		.4byte	.LASF122
 1181 073d 0C       		.byte	0xc
 1182 073e 3E       		.byte	0x3e
 1183 073f 89070000 		.4byte	0x789
 1184 0743 0C       		.byte	0xc
 1185 0744 00       		.byte	0
 1186 0745 0A       		.uleb128 0xa
 1187 0746 04       		.byte	0x4
 1188 0747 14070000 		.4byte	0x714
 1189 074b 0A       		.uleb128 0xa
 1190 074c 04       		.byte	0x4
 1191 074d 51070000 		.4byte	0x751
 1192 0751 19       		.uleb128 0x19
 1193 0752 56070000 		.4byte	0x756
 1194 0756 03       		.uleb128 0x3
 1195 0757 01       		.byte	0x1
ARM GAS  C:\Users\Luis\AppData\Local\Temp\cc3lR5E0.s 			page 22


 1196 0758 08       		.byte	0x8
 1197 0759 B0040000 		.4byte	.LASF123
 1198 075d 0A       		.uleb128 0xa
 1199 075e 04       		.byte	0x4
 1200 075f 9C040000 		.4byte	0x49c
 1201 0763 0A       		.uleb128 0xa
 1202 0764 04       		.byte	0x4
 1203 0765 1D030000 		.4byte	0x31d
 1204 0769 05       		.uleb128 0x5
 1205 076a 4B070000 		.4byte	0x74b
 1206 076e 15       		.uleb128 0x15
 1207 076f 9C040000 		.4byte	0x49c
 1208 0773 7E070000 		.4byte	0x77e
 1209 0777 16       		.uleb128 0x16
 1210 0778 8A040000 		.4byte	0x48a
 1211 077c 1F       		.byte	0x1f
 1212 077d 00       		.byte	0
 1213 077e 04       		.uleb128 0x4
 1214 077f AF010000 		.4byte	.LASF124
 1215 0783 0C       		.byte	0xc
 1216 0784 34       		.byte	0x34
 1217 0785 14070000 		.4byte	0x714
 1218 0789 0A       		.uleb128 0xa
 1219 078a 04       		.byte	0x4
 1220 078b 7E070000 		.4byte	0x77e
 1221 078f 1A       		.uleb128 0x1a
 1222 0790 7F060000 		.4byte	.LASF125
 1223 0794 01       		.byte	0x1
 1224 0795 3E       		.byte	0x3e
 1225 0796 00000000 		.4byte	.LFB229
 1226 079a 30000000 		.4byte	.LFE229-.LFB229
 1227 079e 01       		.uleb128 0x1
 1228 079f 9C       		.byte	0x9c
 1229 07a0 1B       		.uleb128 0x1b
 1230 07a1 69040000 		.4byte	.LASF126
 1231 07a5 01       		.byte	0x1
 1232 07a6 49       		.byte	0x49
 1233 07a7 00000000 		.4byte	.LFB230
 1234 07ab 20000000 		.4byte	.LFE230-.LFB230
 1235 07af 01       		.uleb128 0x1
 1236 07b0 9C       		.byte	0x9c
 1237 07b1 1C       		.uleb128 0x1c
 1238 07b2 41060000 		.4byte	.LASF135
 1239 07b6 01       		.byte	0x1
 1240 07b7 54       		.byte	0x54
 1241 07b8 00000000 		.4byte	.LFB231
 1242 07bc 34000000 		.4byte	.LFE231-.LFB231
 1243 07c0 01       		.uleb128 0x1
 1244 07c1 9C       		.byte	0x9c
 1245 07c2 E3070000 		.4byte	0x7e3
 1246 07c6 1D       		.uleb128 0x1d
 1247 07c7 6E747000 		.ascii	"ntp\000"
 1248 07cb 01       		.byte	0x1
 1249 07cc 54       		.byte	0x54
 1250 07cd 3E020000 		.4byte	0x23e
 1251 07d1 02       		.uleb128 0x2
 1252 07d2 91       		.byte	0x91
ARM GAS  C:\Users\Luis\AppData\Local\Temp\cc3lR5E0.s 			page 23


 1253 07d3 74       		.sleb128 -12
 1254 07d4 1D       		.uleb128 0x1d
 1255 07d5 6F747000 		.ascii	"otp\000"
 1256 07d9 01       		.byte	0x1
 1257 07da 54       		.byte	0x54
 1258 07db 3E020000 		.4byte	0x23e
 1259 07df 02       		.uleb128 0x2
 1260 07e0 91       		.byte	0x91
 1261 07e1 70       		.sleb128 -16
 1262 07e2 00       		.byte	0
 1263 07e3 1A       		.uleb128 0x1a
 1264 07e4 CA000000 		.4byte	.LASF127
 1265 07e8 01       		.byte	0x1
 1266 07e9 5D       		.byte	0x5d
 1267 07ea 00000000 		.4byte	.LFB232
 1268 07ee 10000000 		.4byte	.LFE232-.LFB232
 1269 07f2 01       		.uleb128 0x1
 1270 07f3 9C       		.byte	0x9c
 1271 07f4 1A       		.uleb128 0x1a
 1272 07f5 C4020000 		.4byte	.LASF128
 1273 07f9 01       		.byte	0x1
 1274 07fa 65       		.byte	0x65
 1275 07fb 00000000 		.4byte	.LFB233
 1276 07ff 10000000 		.4byte	.LFE233-.LFB233
 1277 0803 01       		.uleb128 0x1
 1278 0804 9C       		.byte	0x9c
 1279 0805 1A       		.uleb128 0x1a
 1280 0806 91020000 		.4byte	.LASF129
 1281 080a 01       		.byte	0x1
 1282 080b 6D       		.byte	0x6d
 1283 080c 00000000 		.4byte	.LFB234
 1284 0810 10000000 		.4byte	.LFE234-.LFB234
 1285 0814 01       		.uleb128 0x1
 1286 0815 9C       		.byte	0x9c
 1287 0816 1A       		.uleb128 0x1a
 1288 0817 8B060000 		.4byte	.LASF130
 1289 081b 01       		.byte	0x1
 1290 081c 75       		.byte	0x75
 1291 081d 00000000 		.4byte	.LFB235
 1292 0821 10000000 		.4byte	.LFE235-.LFB235
 1293 0825 01       		.uleb128 0x1
 1294 0826 9C       		.byte	0x9c
 1295 0827 1E       		.uleb128 0x1e
 1296 0828 FE000000 		.4byte	.LASF131
 1297 082c 0D       		.byte	0xd
 1298 082d A706     		.2byte	0x6a7
 1299 082f 97000000 		.4byte	0x97
 1300 0833 1F       		.uleb128 0x1f
 1301 0834 636800   		.ascii	"ch\000"
 1302 0837 05       		.byte	0x5
 1303 0838 0902     		.2byte	0x209
 1304 083a 12040000 		.4byte	0x412
 1305 083e 00       		.byte	0
 1306              		.section	.debug_abbrev,"",%progbits
 1307              	.Ldebug_abbrev0:
 1308 0000 01       		.uleb128 0x1
 1309 0001 11       		.uleb128 0x11
ARM GAS  C:\Users\Luis\AppData\Local\Temp\cc3lR5E0.s 			page 24


 1310 0002 01       		.byte	0x1
 1311 0003 25       		.uleb128 0x25
 1312 0004 0E       		.uleb128 0xe
 1313 0005 13       		.uleb128 0x13
 1314 0006 0B       		.uleb128 0xb
 1315 0007 03       		.uleb128 0x3
 1316 0008 0E       		.uleb128 0xe
 1317 0009 1B       		.uleb128 0x1b
 1318 000a 0E       		.uleb128 0xe
 1319 000b 55       		.uleb128 0x55
 1320 000c 17       		.uleb128 0x17
 1321 000d 11       		.uleb128 0x11
 1322 000e 01       		.uleb128 0x1
 1323 000f 10       		.uleb128 0x10
 1324 0010 17       		.uleb128 0x17
 1325 0011 00       		.byte	0
 1326 0012 00       		.byte	0
 1327 0013 02       		.uleb128 0x2
 1328 0014 24       		.uleb128 0x24
 1329 0015 00       		.byte	0
 1330 0016 0B       		.uleb128 0xb
 1331 0017 0B       		.uleb128 0xb
 1332 0018 3E       		.uleb128 0x3e
 1333 0019 0B       		.uleb128 0xb
 1334 001a 03       		.uleb128 0x3
 1335 001b 08       		.uleb128 0x8
 1336 001c 00       		.byte	0
 1337 001d 00       		.byte	0
 1338 001e 03       		.uleb128 0x3
 1339 001f 24       		.uleb128 0x24
 1340 0020 00       		.byte	0
 1341 0021 0B       		.uleb128 0xb
 1342 0022 0B       		.uleb128 0xb
 1343 0023 3E       		.uleb128 0x3e
 1344 0024 0B       		.uleb128 0xb
 1345 0025 03       		.uleb128 0x3
 1346 0026 0E       		.uleb128 0xe
 1347 0027 00       		.byte	0
 1348 0028 00       		.byte	0
 1349 0029 04       		.uleb128 0x4
 1350 002a 16       		.uleb128 0x16
 1351 002b 00       		.byte	0
 1352 002c 03       		.uleb128 0x3
 1353 002d 0E       		.uleb128 0xe
 1354 002e 3A       		.uleb128 0x3a
 1355 002f 0B       		.uleb128 0xb
 1356 0030 3B       		.uleb128 0x3b
 1357 0031 0B       		.uleb128 0xb
 1358 0032 49       		.uleb128 0x49
 1359 0033 13       		.uleb128 0x13
 1360 0034 00       		.byte	0
 1361 0035 00       		.byte	0
 1362 0036 05       		.uleb128 0x5
 1363 0037 35       		.uleb128 0x35
 1364 0038 00       		.byte	0
 1365 0039 49       		.uleb128 0x49
 1366 003a 13       		.uleb128 0x13
ARM GAS  C:\Users\Luis\AppData\Local\Temp\cc3lR5E0.s 			page 25


 1367 003b 00       		.byte	0
 1368 003c 00       		.byte	0
 1369 003d 06       		.uleb128 0x6
 1370 003e 13       		.uleb128 0x13
 1371 003f 01       		.byte	0x1
 1372 0040 03       		.uleb128 0x3
 1373 0041 0E       		.uleb128 0xe
 1374 0042 0B       		.uleb128 0xb
 1375 0043 0B       		.uleb128 0xb
 1376 0044 3A       		.uleb128 0x3a
 1377 0045 0B       		.uleb128 0xb
 1378 0046 3B       		.uleb128 0x3b
 1379 0047 0B       		.uleb128 0xb
 1380 0048 01       		.uleb128 0x1
 1381 0049 13       		.uleb128 0x13
 1382 004a 00       		.byte	0
 1383 004b 00       		.byte	0
 1384 004c 07       		.uleb128 0x7
 1385 004d 0D       		.uleb128 0xd
 1386 004e 00       		.byte	0
 1387 004f 03       		.uleb128 0x3
 1388 0050 0E       		.uleb128 0xe
 1389 0051 3A       		.uleb128 0x3a
 1390 0052 0B       		.uleb128 0xb
 1391 0053 3B       		.uleb128 0x3b
 1392 0054 0B       		.uleb128 0xb
 1393 0055 49       		.uleb128 0x49
 1394 0056 13       		.uleb128 0x13
 1395 0057 38       		.uleb128 0x38
 1396 0058 0B       		.uleb128 0xb
 1397 0059 00       		.byte	0
 1398 005a 00       		.byte	0
 1399 005b 08       		.uleb128 0x8
 1400 005c 0D       		.uleb128 0xd
 1401 005d 00       		.byte	0
 1402 005e 03       		.uleb128 0x3
 1403 005f 08       		.uleb128 0x8
 1404 0060 3A       		.uleb128 0x3a
 1405 0061 0B       		.uleb128 0xb
 1406 0062 3B       		.uleb128 0x3b
 1407 0063 05       		.uleb128 0x5
 1408 0064 49       		.uleb128 0x49
 1409 0065 13       		.uleb128 0x13
 1410 0066 38       		.uleb128 0x38
 1411 0067 0B       		.uleb128 0xb
 1412 0068 00       		.byte	0
 1413 0069 00       		.byte	0
 1414 006a 09       		.uleb128 0x9
 1415 006b 0D       		.uleb128 0xd
 1416 006c 00       		.byte	0
 1417 006d 03       		.uleb128 0x3
 1418 006e 0E       		.uleb128 0xe
 1419 006f 3A       		.uleb128 0x3a
 1420 0070 0B       		.uleb128 0xb
 1421 0071 3B       		.uleb128 0x3b
 1422 0072 05       		.uleb128 0x5
 1423 0073 49       		.uleb128 0x49
ARM GAS  C:\Users\Luis\AppData\Local\Temp\cc3lR5E0.s 			page 26


 1424 0074 13       		.uleb128 0x13
 1425 0075 38       		.uleb128 0x38
 1426 0076 0B       		.uleb128 0xb
 1427 0077 00       		.byte	0
 1428 0078 00       		.byte	0
 1429 0079 0A       		.uleb128 0xa
 1430 007a 0F       		.uleb128 0xf
 1431 007b 00       		.byte	0
 1432 007c 0B       		.uleb128 0xb
 1433 007d 0B       		.uleb128 0xb
 1434 007e 49       		.uleb128 0x49
 1435 007f 13       		.uleb128 0x13
 1436 0080 00       		.byte	0
 1437 0081 00       		.byte	0
 1438 0082 0B       		.uleb128 0xb
 1439 0083 13       		.uleb128 0x13
 1440 0084 01       		.byte	0x1
 1441 0085 03       		.uleb128 0x3
 1442 0086 0E       		.uleb128 0xe
 1443 0087 0B       		.uleb128 0xb
 1444 0088 0B       		.uleb128 0xb
 1445 0089 3A       		.uleb128 0x3a
 1446 008a 0B       		.uleb128 0xb
 1447 008b 3B       		.uleb128 0x3b
 1448 008c 05       		.uleb128 0x5
 1449 008d 01       		.uleb128 0x1
 1450 008e 13       		.uleb128 0x13
 1451 008f 00       		.byte	0
 1452 0090 00       		.byte	0
 1453 0091 0C       		.uleb128 0xc
 1454 0092 15       		.uleb128 0x15
 1455 0093 01       		.byte	0x1
 1456 0094 27       		.uleb128 0x27
 1457 0095 19       		.uleb128 0x19
 1458 0096 01       		.uleb128 0x1
 1459 0097 13       		.uleb128 0x13
 1460 0098 00       		.byte	0
 1461 0099 00       		.byte	0
 1462 009a 0D       		.uleb128 0xd
 1463 009b 05       		.uleb128 0x5
 1464 009c 00       		.byte	0
 1465 009d 49       		.uleb128 0x49
 1466 009e 13       		.uleb128 0x13
 1467 009f 00       		.byte	0
 1468 00a0 00       		.byte	0
 1469 00a1 0E       		.uleb128 0xe
 1470 00a2 0F       		.uleb128 0xf
 1471 00a3 00       		.byte	0
 1472 00a4 0B       		.uleb128 0xb
 1473 00a5 0B       		.uleb128 0xb
 1474 00a6 00       		.byte	0
 1475 00a7 00       		.byte	0
 1476 00a8 0F       		.uleb128 0xf
 1477 00a9 13       		.uleb128 0x13
 1478 00aa 01       		.byte	0x1
 1479 00ab 03       		.uleb128 0x3
 1480 00ac 0E       		.uleb128 0xe
ARM GAS  C:\Users\Luis\AppData\Local\Temp\cc3lR5E0.s 			page 27


 1481 00ad 0B       		.uleb128 0xb
 1482 00ae 05       		.uleb128 0x5
 1483 00af 3A       		.uleb128 0x3a
 1484 00b0 0B       		.uleb128 0xb
 1485 00b1 3B       		.uleb128 0x3b
 1486 00b2 05       		.uleb128 0x5
 1487 00b3 01       		.uleb128 0x1
 1488 00b4 13       		.uleb128 0x13
 1489 00b5 00       		.byte	0
 1490 00b6 00       		.byte	0
 1491 00b7 10       		.uleb128 0x10
 1492 00b8 0D       		.uleb128 0xd
 1493 00b9 00       		.byte	0
 1494 00ba 03       		.uleb128 0x3
 1495 00bb 0E       		.uleb128 0xe
 1496 00bc 3A       		.uleb128 0x3a
 1497 00bd 0B       		.uleb128 0xb
 1498 00be 3B       		.uleb128 0x3b
 1499 00bf 05       		.uleb128 0x5
 1500 00c0 49       		.uleb128 0x49
 1501 00c1 13       		.uleb128 0x13
 1502 00c2 38       		.uleb128 0x38
 1503 00c3 05       		.uleb128 0x5
 1504 00c4 00       		.byte	0
 1505 00c5 00       		.byte	0
 1506 00c6 11       		.uleb128 0x11
 1507 00c7 0D       		.uleb128 0xd
 1508 00c8 00       		.byte	0
 1509 00c9 03       		.uleb128 0x3
 1510 00ca 08       		.uleb128 0x8
 1511 00cb 3A       		.uleb128 0x3a
 1512 00cc 0B       		.uleb128 0xb
 1513 00cd 3B       		.uleb128 0x3b
 1514 00ce 05       		.uleb128 0x5
 1515 00cf 49       		.uleb128 0x49
 1516 00d0 13       		.uleb128 0x13
 1517 00d1 38       		.uleb128 0x38
 1518 00d2 05       		.uleb128 0x5
 1519 00d3 00       		.byte	0
 1520 00d4 00       		.byte	0
 1521 00d5 12       		.uleb128 0x12
 1522 00d6 0D       		.uleb128 0xd
 1523 00d7 00       		.byte	0
 1524 00d8 03       		.uleb128 0x3
 1525 00d9 08       		.uleb128 0x8
 1526 00da 3A       		.uleb128 0x3a
 1527 00db 0B       		.uleb128 0xb
 1528 00dc 3B       		.uleb128 0x3b
 1529 00dd 0B       		.uleb128 0xb
 1530 00de 49       		.uleb128 0x49
 1531 00df 13       		.uleb128 0x13
 1532 00e0 38       		.uleb128 0x38
 1533 00e1 0B       		.uleb128 0xb
 1534 00e2 00       		.byte	0
 1535 00e3 00       		.byte	0
 1536 00e4 13       		.uleb128 0x13
 1537 00e5 13       		.uleb128 0x13
ARM GAS  C:\Users\Luis\AppData\Local\Temp\cc3lR5E0.s 			page 28


 1538 00e6 01       		.byte	0x1
 1539 00e7 0B       		.uleb128 0xb
 1540 00e8 0B       		.uleb128 0xb
 1541 00e9 3A       		.uleb128 0x3a
 1542 00ea 0B       		.uleb128 0xb
 1543 00eb 3B       		.uleb128 0x3b
 1544 00ec 0B       		.uleb128 0xb
 1545 00ed 01       		.uleb128 0x1
 1546 00ee 13       		.uleb128 0x13
 1547 00ef 00       		.byte	0
 1548 00f0 00       		.byte	0
 1549 00f1 14       		.uleb128 0x14
 1550 00f2 13       		.uleb128 0x13
 1551 00f3 01       		.byte	0x1
 1552 00f4 0B       		.uleb128 0xb
 1553 00f5 05       		.uleb128 0x5
 1554 00f6 3A       		.uleb128 0x3a
 1555 00f7 0B       		.uleb128 0xb
 1556 00f8 3B       		.uleb128 0x3b
 1557 00f9 0B       		.uleb128 0xb
 1558 00fa 01       		.uleb128 0x1
 1559 00fb 13       		.uleb128 0x13
 1560 00fc 00       		.byte	0
 1561 00fd 00       		.byte	0
 1562 00fe 15       		.uleb128 0x15
 1563 00ff 01       		.uleb128 0x1
 1564 0100 01       		.byte	0x1
 1565 0101 49       		.uleb128 0x49
 1566 0102 13       		.uleb128 0x13
 1567 0103 01       		.uleb128 0x1
 1568 0104 13       		.uleb128 0x13
 1569 0105 00       		.byte	0
 1570 0106 00       		.byte	0
 1571 0107 16       		.uleb128 0x16
 1572 0108 21       		.uleb128 0x21
 1573 0109 00       		.byte	0
 1574 010a 49       		.uleb128 0x49
 1575 010b 13       		.uleb128 0x13
 1576 010c 2F       		.uleb128 0x2f
 1577 010d 0B       		.uleb128 0xb
 1578 010e 00       		.byte	0
 1579 010f 00       		.byte	0
 1580 0110 17       		.uleb128 0x17
 1581 0111 17       		.uleb128 0x17
 1582 0112 01       		.byte	0x1
 1583 0113 0B       		.uleb128 0xb
 1584 0114 0B       		.uleb128 0xb
 1585 0115 3A       		.uleb128 0x3a
 1586 0116 0B       		.uleb128 0xb
 1587 0117 3B       		.uleb128 0x3b
 1588 0118 0B       		.uleb128 0xb
 1589 0119 01       		.uleb128 0x1
 1590 011a 13       		.uleb128 0x13
 1591 011b 00       		.byte	0
 1592 011c 00       		.byte	0
 1593 011d 18       		.uleb128 0x18
 1594 011e 0D       		.uleb128 0xd
ARM GAS  C:\Users\Luis\AppData\Local\Temp\cc3lR5E0.s 			page 29


 1595 011f 00       		.byte	0
 1596 0120 03       		.uleb128 0x3
 1597 0121 0E       		.uleb128 0xe
 1598 0122 3A       		.uleb128 0x3a
 1599 0123 0B       		.uleb128 0xb
 1600 0124 3B       		.uleb128 0x3b
 1601 0125 05       		.uleb128 0x5
 1602 0126 49       		.uleb128 0x49
 1603 0127 13       		.uleb128 0x13
 1604 0128 00       		.byte	0
 1605 0129 00       		.byte	0
 1606 012a 19       		.uleb128 0x19
 1607 012b 26       		.uleb128 0x26
 1608 012c 00       		.byte	0
 1609 012d 49       		.uleb128 0x49
 1610 012e 13       		.uleb128 0x13
 1611 012f 00       		.byte	0
 1612 0130 00       		.byte	0
 1613 0131 1A       		.uleb128 0x1a
 1614 0132 2E       		.uleb128 0x2e
 1615 0133 00       		.byte	0
 1616 0134 3F       		.uleb128 0x3f
 1617 0135 19       		.uleb128 0x19
 1618 0136 03       		.uleb128 0x3
 1619 0137 0E       		.uleb128 0xe
 1620 0138 3A       		.uleb128 0x3a
 1621 0139 0B       		.uleb128 0xb
 1622 013a 3B       		.uleb128 0x3b
 1623 013b 0B       		.uleb128 0xb
 1624 013c 27       		.uleb128 0x27
 1625 013d 19       		.uleb128 0x19
 1626 013e 11       		.uleb128 0x11
 1627 013f 01       		.uleb128 0x1
 1628 0140 12       		.uleb128 0x12
 1629 0141 06       		.uleb128 0x6
 1630 0142 40       		.uleb128 0x40
 1631 0143 18       		.uleb128 0x18
 1632 0144 9642     		.uleb128 0x2116
 1633 0146 19       		.uleb128 0x19
 1634 0147 00       		.byte	0
 1635 0148 00       		.byte	0
 1636 0149 1B       		.uleb128 0x1b
 1637 014a 2E       		.uleb128 0x2e
 1638 014b 00       		.byte	0
 1639 014c 3F       		.uleb128 0x3f
 1640 014d 19       		.uleb128 0x19
 1641 014e 03       		.uleb128 0x3
 1642 014f 0E       		.uleb128 0xe
 1643 0150 3A       		.uleb128 0x3a
 1644 0151 0B       		.uleb128 0xb
 1645 0152 3B       		.uleb128 0x3b
 1646 0153 0B       		.uleb128 0xb
 1647 0154 27       		.uleb128 0x27
 1648 0155 19       		.uleb128 0x19
 1649 0156 11       		.uleb128 0x11
 1650 0157 01       		.uleb128 0x1
 1651 0158 12       		.uleb128 0x12
ARM GAS  C:\Users\Luis\AppData\Local\Temp\cc3lR5E0.s 			page 30


 1652 0159 06       		.uleb128 0x6
 1653 015a 40       		.uleb128 0x40
 1654 015b 18       		.uleb128 0x18
 1655 015c 9742     		.uleb128 0x2117
 1656 015e 19       		.uleb128 0x19
 1657 015f 00       		.byte	0
 1658 0160 00       		.byte	0
 1659 0161 1C       		.uleb128 0x1c
 1660 0162 2E       		.uleb128 0x2e
 1661 0163 01       		.byte	0x1
 1662 0164 3F       		.uleb128 0x3f
 1663 0165 19       		.uleb128 0x19
 1664 0166 03       		.uleb128 0x3
 1665 0167 0E       		.uleb128 0xe
 1666 0168 3A       		.uleb128 0x3a
 1667 0169 0B       		.uleb128 0xb
 1668 016a 3B       		.uleb128 0x3b
 1669 016b 0B       		.uleb128 0xb
 1670 016c 27       		.uleb128 0x27
 1671 016d 19       		.uleb128 0x19
 1672 016e 11       		.uleb128 0x11
 1673 016f 01       		.uleb128 0x1
 1674 0170 12       		.uleb128 0x12
 1675 0171 06       		.uleb128 0x6
 1676 0172 40       		.uleb128 0x40
 1677 0173 18       		.uleb128 0x18
 1678 0174 9642     		.uleb128 0x2116
 1679 0176 19       		.uleb128 0x19
 1680 0177 01       		.uleb128 0x1
 1681 0178 13       		.uleb128 0x13
 1682 0179 00       		.byte	0
 1683 017a 00       		.byte	0
 1684 017b 1D       		.uleb128 0x1d
 1685 017c 05       		.uleb128 0x5
 1686 017d 00       		.byte	0
 1687 017e 03       		.uleb128 0x3
 1688 017f 08       		.uleb128 0x8
 1689 0180 3A       		.uleb128 0x3a
 1690 0181 0B       		.uleb128 0xb
 1691 0182 3B       		.uleb128 0x3b
 1692 0183 0B       		.uleb128 0xb
 1693 0184 49       		.uleb128 0x49
 1694 0185 13       		.uleb128 0x13
 1695 0186 02       		.uleb128 0x2
 1696 0187 18       		.uleb128 0x18
 1697 0188 00       		.byte	0
 1698 0189 00       		.byte	0
 1699 018a 1E       		.uleb128 0x1e
 1700 018b 34       		.uleb128 0x34
 1701 018c 00       		.byte	0
 1702 018d 03       		.uleb128 0x3
 1703 018e 0E       		.uleb128 0xe
 1704 018f 3A       		.uleb128 0x3a
 1705 0190 0B       		.uleb128 0xb
 1706 0191 3B       		.uleb128 0x3b
 1707 0192 05       		.uleb128 0x5
 1708 0193 49       		.uleb128 0x49
ARM GAS  C:\Users\Luis\AppData\Local\Temp\cc3lR5E0.s 			page 31


 1709 0194 13       		.uleb128 0x13
 1710 0195 3F       		.uleb128 0x3f
 1711 0196 19       		.uleb128 0x19
 1712 0197 3C       		.uleb128 0x3c
 1713 0198 19       		.uleb128 0x19
 1714 0199 00       		.byte	0
 1715 019a 00       		.byte	0
 1716 019b 1F       		.uleb128 0x1f
 1717 019c 34       		.uleb128 0x34
 1718 019d 00       		.byte	0
 1719 019e 03       		.uleb128 0x3
 1720 019f 08       		.uleb128 0x8
 1721 01a0 3A       		.uleb128 0x3a
 1722 01a1 0B       		.uleb128 0xb
 1723 01a2 3B       		.uleb128 0x3b
 1724 01a3 05       		.uleb128 0x5
 1725 01a4 49       		.uleb128 0x49
 1726 01a5 13       		.uleb128 0x13
 1727 01a6 3F       		.uleb128 0x3f
 1728 01a7 19       		.uleb128 0x19
 1729 01a8 3C       		.uleb128 0x3c
 1730 01a9 19       		.uleb128 0x19
 1731 01aa 00       		.byte	0
 1732 01ab 00       		.byte	0
 1733 01ac 00       		.byte	0
 1734              		.section	.debug_aranges,"",%progbits
 1735 0000 4C000000 		.4byte	0x4c
 1736 0004 0200     		.2byte	0x2
 1737 0006 00000000 		.4byte	.Ldebug_info0
 1738 000a 04       		.byte	0x4
 1739 000b 00       		.byte	0
 1740 000c 0000     		.2byte	0
 1741 000e 0000     		.2byte	0
 1742 0010 00000000 		.4byte	.LFB229
 1743 0014 30000000 		.4byte	.LFE229-.LFB229
 1744 0018 00000000 		.4byte	.LFB230
 1745 001c 20000000 		.4byte	.LFE230-.LFB230
 1746 0020 00000000 		.4byte	.LFB231
 1747 0024 34000000 		.4byte	.LFE231-.LFB231
 1748 0028 00000000 		.4byte	.LFB232
 1749 002c 10000000 		.4byte	.LFE232-.LFB232
 1750 0030 00000000 		.4byte	.LFB233
 1751 0034 10000000 		.4byte	.LFE233-.LFB233
 1752 0038 00000000 		.4byte	.LFB234
 1753 003c 10000000 		.4byte	.LFE234-.LFB234
 1754 0040 00000000 		.4byte	.LFB235
 1755 0044 10000000 		.4byte	.LFE235-.LFB235
 1756 0048 00000000 		.4byte	0
 1757 004c 00000000 		.4byte	0
 1758              		.section	.debug_ranges,"",%progbits
 1759              	.Ldebug_ranges0:
 1760 0000 00000000 		.4byte	.LFB229
 1761 0004 30000000 		.4byte	.LFE229
 1762 0008 00000000 		.4byte	.LFB230
 1763 000c 20000000 		.4byte	.LFE230
 1764 0010 00000000 		.4byte	.LFB231
 1765 0014 34000000 		.4byte	.LFE231
ARM GAS  C:\Users\Luis\AppData\Local\Temp\cc3lR5E0.s 			page 32


 1766 0018 00000000 		.4byte	.LFB232
 1767 001c 10000000 		.4byte	.LFE232
 1768 0020 00000000 		.4byte	.LFB233
 1769 0024 10000000 		.4byte	.LFE233
 1770 0028 00000000 		.4byte	.LFB234
 1771 002c 10000000 		.4byte	.LFE234
 1772 0030 00000000 		.4byte	.LFB235
 1773 0034 10000000 		.4byte	.LFE235
 1774 0038 00000000 		.4byte	0
 1775 003c 00000000 		.4byte	0
 1776              		.section	.debug_line,"",%progbits
 1777              	.Ldebug_line0:
 1778 0000 0F020000 		.section	.debug_str,"MS",%progbits,1
 1778      02008801 
 1778      00000201 
 1778      FB0E0D00 
 1778      01010101 
 1779              	.LASF94:
 1780 0000 74625F70 		.ascii	"tb_ptr\000"
 1780      747200
 1781              	.LASF51:
 1782 0007 72656164 		.ascii	"ready_list_t\000"
 1782      795F6C69 
 1782      73745F74 
 1782      00
 1783              	.LASF88:
 1784 0014 73655F74 		.ascii	"se_time\000"
 1784      696D6500 
 1785              	.LASF112:
 1786 001c 77747472 		.ascii	"wttrp\000"
 1786      7000
 1787              	.LASF109:
 1788 0022 7264796D 		.ascii	"rdymsg\000"
 1788      736700
 1789              	.LASF11:
 1790 0029 75696E74 		.ascii	"uint64_t\000"
 1790      36345F74 
 1790      00
 1791              	.LASF81:
 1792 0032 6B65726E 		.ascii	"kernel_stats\000"
 1792      656C5F73 
 1792      74617473 
 1792      00
 1793              	.LASF87:
 1794 003f 706F7274 		.ascii	"port_intctx\000"
 1794      5F696E74 
 1794      63747800 
 1795              	.LASF50:
 1796 004b 63685F74 		.ascii	"ch_threads_queue\000"
 1796      68726561 
 1796      64735F71 
 1796      75657565 
 1796      00
 1797              	.LASF70:
 1798 005c 73797374 		.ascii	"system_debug_t\000"
 1798      656D5F64 
 1798      65627567 
ARM GAS  C:\Users\Luis\AppData\Local\Temp\cc3lR5E0.s 			page 33


 1798      5F7400
 1799              	.LASF100:
 1800 006b 776F7273 		.ascii	"worst\000"
 1800      7400
 1801              	.LASF103:
 1802 0071 74696D65 		.ascii	"time_measurement_t\000"
 1802      5F6D6561 
 1802      73757265 
 1802      6D656E74 
 1802      5F7400
 1803              	.LASF12:
 1804 0084 6C6F6E67 		.ascii	"long long unsigned int\000"
 1804      206C6F6E 
 1804      6720756E 
 1804      7369676E 
 1804      65642069 
 1805              	.LASF96:
 1806 009b 63685F74 		.ascii	"ch_trace_buffer_t\000"
 1806      72616365 
 1806      5F627566 
 1806      6665725F 
 1806      7400
 1807              	.LASF91:
 1808 00ad 73655F73 		.ascii	"se_state\000"
 1808      74617465 
 1808      00
 1809              	.LASF110:
 1810 00b6 65786974 		.ascii	"exitcode\000"
 1810      636F6465 
 1810      00
 1811              	.LASF80:
 1812 00bf 6D61696E 		.ascii	"mainthread\000"
 1812      74687265 
 1812      616400
 1813              	.LASF127:
 1814 00ca 5F737461 		.ascii	"_stats_start_measure_crit_thd\000"
 1814      74735F73 
 1814      74617274 
 1814      5F6D6561 
 1814      73757265 
 1815              	.LASF67:
 1816 00e8 76697274 		.ascii	"virtual_timers_list_t\000"
 1816      75616C5F 
 1816      74696D65 
 1816      72735F6C 
 1816      6973745F 
 1817              	.LASF131:
 1818 00fe 49544D5F 		.ascii	"ITM_RxBuffer\000"
 1818      52784275 
 1818      66666572 
 1818      00
 1819              	.LASF14:
 1820 010b 72747469 		.ascii	"rttime_t\000"
 1820      6D655F74 
 1820      00
 1821              	.LASF27:
 1822 0114 705F7072 		.ascii	"p_prio\000"
ARM GAS  C:\Users\Luis\AppData\Local\Temp\cc3lR5E0.s 			page 34


 1822      696F00
 1823              	.LASF10:
 1824 011b 6C6F6E67 		.ascii	"long long int\000"
 1824      206C6F6E 
 1824      6720696E 
 1824      7400
 1825              	.LASF1:
 1826 0129 7369676E 		.ascii	"signed char\000"
 1826      65642063 
 1826      68617200 
 1827              	.LASF42:
 1828 0135 705F6D70 		.ascii	"p_mpool\000"
 1828      6F6F6C00 
 1829              	.LASF120:
 1830 013d 6D5F7175 		.ascii	"m_queue\000"
 1830      65756500 
 1831              	.LASF79:
 1832 0145 76746C69 		.ascii	"vtlist\000"
 1832      737400
 1833              	.LASF77:
 1834 014c 63685F73 		.ascii	"ch_system\000"
 1834      79737465 
 1834      6D00
 1835              	.LASF7:
 1836 0156 6C6F6E67 		.ascii	"long int\000"
 1836      20696E74 
 1836      00
 1837              	.LASF16:
 1838 015f 74737461 		.ascii	"tstate_t\000"
 1838      74655F74 
 1838      00
 1839              	.LASF89:
 1840 0168 73655F74 		.ascii	"se_tp\000"
 1840      7000
 1841              	.LASF29:
 1842 016e 705F6E65 		.ascii	"p_newer\000"
 1842      77657200 
 1843              	.LASF117:
 1844 0176 735F7175 		.ascii	"s_queue\000"
 1844      65756500 
 1845              	.LASF93:
 1846 017e 74625F73 		.ascii	"tb_size\000"
 1846      697A6500 
 1847              	.LASF56:
 1848 0186 725F6E65 		.ascii	"r_newer\000"
 1848      77657200 
 1849              	.LASF84:
 1850 018e 72656761 		.ascii	"regarm_t\000"
 1850      726D5F74 
 1850      00
 1851              	.LASF63:
 1852 0197 76745F70 		.ascii	"vt_prev\000"
 1852      72657600 
 1853              	.LASF71:
 1854 019f 63685F73 		.ascii	"ch_system_debug\000"
 1854      79737465 
 1854      6D5F6465 
ARM GAS  C:\Users\Luis\AppData\Local\Temp\cc3lR5E0.s 			page 35


 1854      62756700 
 1855              	.LASF124:
 1856 01af 6D757465 		.ascii	"mutex_t\000"
 1856      785F7400 
 1857              	.LASF74:
 1858 01b7 6C6F636B 		.ascii	"lock_cnt\000"
 1858      5F636E74 
 1858      00
 1859              	.LASF82:
 1860 01c0 69646C65 		.ascii	"idle_thread_wa\000"
 1860      5F746872 
 1860      6561645F 
 1860      776100
 1861              	.LASF21:
 1862 01cf 636E745F 		.ascii	"cnt_t\000"
 1862      7400
 1863              	.LASF32:
 1864 01d5 705F7374 		.ascii	"p_stklimit\000"
 1864      6B6C696D 
 1864      697400
 1865              	.LASF0:
 1866 01e0 756E7369 		.ascii	"unsigned int\000"
 1866      676E6564 
 1866      20696E74 
 1866      00
 1867              	.LASF62:
 1868 01ed 76745F6E 		.ascii	"vt_next\000"
 1868      65787400 
 1869              	.LASF113:
 1870 01f5 77747365 		.ascii	"wtsemp\000"
 1870      6D7000
 1871              	.LASF37:
 1872 01fc 705F6D73 		.ascii	"p_msgqueue\000"
 1872      67717565 
 1872      756500
 1873              	.LASF44:
 1874 0207 746C7350 		.ascii	"tlsPtr\000"
 1874      747200
 1875              	.LASF104:
 1876 020e 6E5F6972 		.ascii	"n_irq\000"
 1876      7100
 1877              	.LASF118:
 1878 0214 735F636E 		.ascii	"s_cnt\000"
 1878      7400
 1879              	.LASF4:
 1880 021a 73686F72 		.ascii	"short unsigned int\000"
 1880      7420756E 
 1880      7369676E 
 1880      65642069 
 1880      6E7400
 1881              	.LASF108:
 1882 022d 6B65726E 		.ascii	"kernel_stats_t\000"
 1882      656C5F73 
 1882      74617473 
 1882      5F7400
 1883              	.LASF47:
 1884 023c 63685F74 		.ascii	"ch_thread\000"
ARM GAS  C:\Users\Luis\AppData\Local\Temp\cc3lR5E0.s 			page 36


 1884      68726561 
 1884      6400
 1885              	.LASF19:
 1886 0246 6D73675F 		.ascii	"msg_t\000"
 1886      7400
 1887              	.LASF101:
 1888 024c 6C617374 		.ascii	"last\000"
 1888      00
 1889              	.LASF22:
 1890 0251 75636E74 		.ascii	"ucnt_t\000"
 1890      5F7400
 1891              	.LASF76:
 1892 0258 63685F73 		.ascii	"ch_system_t\000"
 1892      79737465 
 1892      6D5F7400 
 1893              	.LASF15:
 1894 0264 746D6F64 		.ascii	"tmode_t\000"
 1894      655F7400 
 1895              	.LASF107:
 1896 026c 6D5F6372 		.ascii	"m_crit_isr\000"
 1896      69745F69 
 1896      737200
 1897              	.LASF52:
 1898 0277 63685F72 		.ascii	"ch_ready_list\000"
 1898      65616479 
 1898      5F6C6973 
 1898      7400
 1899              	.LASF20:
 1900 0285 6576656E 		.ascii	"eventmask_t\000"
 1900      746D6173 
 1900      6B5F7400 
 1901              	.LASF129:
 1902 0291 5F737461 		.ascii	"_stats_start_measure_crit_isr\000"
 1902      74735F73 
 1902      74617274 
 1902      5F6D6561 
 1902      73757265 
 1903              	.LASF85:
 1904 02af 73746B61 		.ascii	"stkalign_t\000"
 1904      6C69676E 
 1904      5F7400
 1905              	.LASF36:
 1906 02ba 705F7761 		.ascii	"p_waiting\000"
 1906      6974696E 
 1906      6700
 1907              	.LASF128:
 1908 02c4 5F737461 		.ascii	"_stats_stop_measure_crit_thd\000"
 1908      74735F73 
 1908      746F705F 
 1908      6D656173 
 1908      7572655F 
 1909              	.LASF83:
 1910 02e1 73697A65 		.ascii	"sizetype\000"
 1910      74797065 
 1910      00
 1911              	.LASF45:
 1912 02ea 74687265 		.ascii	"thread_reference_t\000"
ARM GAS  C:\Users\Luis\AppData\Local\Temp\cc3lR5E0.s 			page 37


 1912      61645F72 
 1912      65666572 
 1912      656E6365 
 1912      5F7400
 1913              	.LASF68:
 1914 02fd 63685F76 		.ascii	"ch_virtual_timers_list\000"
 1914      69727475 
 1914      616C5F74 
 1914      696D6572 
 1914      735F6C69 
 1915              	.LASF92:
 1916 0314 63685F73 		.ascii	"ch_swc_event_t\000"
 1916      77635F65 
 1916      76656E74 
 1916      5F7400
 1917              	.LASF69:
 1918 0323 76745F6C 		.ascii	"vt_lasttime\000"
 1918      61737474 
 1918      696D6500 
 1919              	.LASF30:
 1920 032f 705F6F6C 		.ascii	"p_older\000"
 1920      64657200 
 1921              	.LASF55:
 1922 0337 725F6374 		.ascii	"r_ctx\000"
 1922      7800
 1923              	.LASF98:
 1924 033d 746D5F63 		.ascii	"tm_calibration_t\000"
 1924      616C6962 
 1924      72617469 
 1924      6F6E5F74 
 1924      00
 1925              	.LASF134:
 1926 034e 433A5C55 		.ascii	"C:\\Users\\Luis\\workspace\\ChibiOS 3.0.2\\examples"
 1926      73657273 
 1926      5C4C7569 
 1926      735C776F 
 1926      726B7370 
 1927 037c 5C445350 		.ascii	"\\DSP-Library\000"
 1927      2D4C6962 
 1927      72617279 
 1927      00
 1928              	.LASF58:
 1929 0389 725F6375 		.ascii	"r_current\000"
 1929      7272656E 
 1929      7400
 1930              	.LASF57:
 1931 0393 725F6F6C 		.ascii	"r_older\000"
 1931      64657200 
 1932              	.LASF102:
 1933 039b 63756D75 		.ascii	"cumulative\000"
 1933      6C617469 
 1933      766500
 1934              	.LASF17:
 1935 03a6 74726566 		.ascii	"trefs_t\000"
 1935      735F7400 
 1936              	.LASF95:
 1937 03ae 74625F62 		.ascii	"tb_buffer\000"
ARM GAS  C:\Users\Luis\AppData\Local\Temp\cc3lR5E0.s 			page 38


 1937      75666665 
 1937      7200
 1938              	.LASF60:
 1939 03b8 76697274 		.ascii	"virtual_timer_t\000"
 1939      75616C5F 
 1939      74696D65 
 1939      725F7400 
 1940              	.LASF26:
 1941 03c8 705F7072 		.ascii	"p_prev\000"
 1941      657600
 1942              	.LASF18:
 1943 03cf 74707269 		.ascii	"tprio_t\000"
 1943      6F5F7400 
 1944              	.LASF105:
 1945 03d7 6E5F6374 		.ascii	"n_ctxswc\000"
 1945      78737763 
 1945      00
 1946              	.LASF6:
 1947 03e0 696E7433 		.ascii	"int32_t\000"
 1947      325F7400 
 1948              	.LASF2:
 1949 03e8 756E7369 		.ascii	"unsigned char\000"
 1949      676E6564 
 1949      20636861 
 1949      7200
 1950              	.LASF40:
 1951 03f6 705F6D74 		.ascii	"p_mtxlist\000"
 1951      786C6973 
 1951      7400
 1952              	.LASF3:
 1953 0400 73686F72 		.ascii	"short int\000"
 1953      7420696E 
 1953      7400
 1954              	.LASF33:
 1955 040a 705F7374 		.ascii	"p_state\000"
 1955      61746500 
 1956              	.LASF54:
 1957 0412 725F7072 		.ascii	"r_prio\000"
 1957      696F00
 1958              	.LASF115:
 1959 0419 65776D61 		.ascii	"ewmask\000"
 1959      736B00
 1960              	.LASF25:
 1961 0420 705F6E65 		.ascii	"p_next\000"
 1961      787400
 1962              	.LASF34:
 1963 0427 705F666C 		.ascii	"p_flags\000"
 1963      61677300 
 1964              	.LASF43:
 1965 042f 705F7374 		.ascii	"p_stats\000"
 1965      61747300 
 1966              	.LASF61:
 1967 0437 63685F76 		.ascii	"ch_virtual_timer\000"
 1967      69727475 
 1967      616C5F74 
 1967      696D6572 
 1967      00
ARM GAS  C:\Users\Luis\AppData\Local\Temp\cc3lR5E0.s 			page 39


 1968              	.LASF116:
 1969 0448 63685F73 		.ascii	"ch_semaphore\000"
 1969      656D6170 
 1969      686F7265 
 1969      00
 1970              	.LASF39:
 1971 0455 705F6570 		.ascii	"p_epending\000"
 1971      656E6469 
 1971      6E6700
 1972              	.LASF8:
 1973 0460 75696E74 		.ascii	"uint32_t\000"
 1973      33325F74 
 1973      00
 1974              	.LASF126:
 1975 0469 5F737461 		.ascii	"_stats_increase_irq\000"
 1975      74735F69 
 1975      6E637265 
 1975      6173655F 
 1975      69727100 
 1976              	.LASF53:
 1977 047d 725F7175 		.ascii	"r_queue\000"
 1977      65756500 
 1978              	.LASF64:
 1979 0485 76745F64 		.ascii	"vt_delta\000"
 1979      656C7461 
 1979      00
 1980              	.LASF48:
 1981 048e 63685F74 		.ascii	"ch_threads_list\000"
 1981      68726561 
 1981      64735F6C 
 1981      69737400 
 1982              	.LASF9:
 1983 049e 6C6F6E67 		.ascii	"long unsigned int\000"
 1983      20756E73 
 1983      69676E65 
 1983      6420696E 
 1983      7400
 1984              	.LASF123:
 1985 04b0 63686172 		.ascii	"char\000"
 1985      00
 1986              	.LASF114:
 1987 04b5 77746D74 		.ascii	"wtmtxp\000"
 1987      787000
 1988              	.LASF132:
 1989 04bc 474E5520 		.ascii	"GNU C 4.8.3 20131129 (release) [ARM/embedded-4_8-br"
 1989      4320342E 
 1989      382E3320 
 1989      32303133 
 1989      31313239 
 1990 04ef 616E6368 		.ascii	"anch revision 205641] -mcpu=cortex-m4 -mapcs-frame "
 1990      20726576 
 1990      6973696F 
 1990      6E203230 
 1990      35363431 
 1991 0522 2D6D6E6F 		.ascii	"-mno-thumb-interwork -mthumb -ggdb -O0 -falign-func"
 1991      2D746875 
 1991      6D622D69 
ARM GAS  C:\Users\Luis\AppData\Local\Temp\cc3lR5E0.s 			page 40


 1991      6E746572 
 1991      776F726B 
 1992 0555 74696F6E 		.ascii	"tions=16 -ffunction-sections -fdata-sections -fno-c"
 1992      733D3136 
 1992      202D6666 
 1992      756E6374 
 1992      696F6E2D 
 1993 0588 6F6D6D6F 		.ascii	"ommon\000"
 1993      6E00
 1994              	.LASF99:
 1995 058e 62657374 		.ascii	"best\000"
 1995      00
 1996              	.LASF122:
 1997 0593 6D5F6E65 		.ascii	"m_next\000"
 1997      787400
 1998              	.LASF23:
 1999 059a 73797374 		.ascii	"systime_t\000"
 1999      696D655F 
 1999      7400
 2000              	.LASF41:
 2001 05a4 705F7265 		.ascii	"p_realprio\000"
 2001      616C7072 
 2001      696F00
 2002              	.LASF59:
 2003 05af 76746675 		.ascii	"vtfunc_t\000"
 2003      6E635F74 
 2003      00
 2004              	.LASF72:
 2005 05b8 70616E69 		.ascii	"panic_msg\000"
 2005      635F6D73 
 2005      6700
 2006              	.LASF133:
 2007 05c2 2E2E2F2E 		.ascii	"../../ChibiOS/os/rt/src/chstats.c\000"
 2007      2E2F4368 
 2007      6962694F 
 2007      532F6F73 
 2007      2F72742F 
 2008              	.LASF97:
 2009 05e4 6F666673 		.ascii	"offset\000"
 2009      657400
 2010              	.LASF86:
 2011 05eb 636F6E74 		.ascii	"context\000"
 2011      65787400 
 2012              	.LASF13:
 2013 05f3 7274636E 		.ascii	"rtcnt_t\000"
 2013      745F7400 
 2014              	.LASF66:
 2015 05fb 76745F70 		.ascii	"vt_par\000"
 2015      617200
 2016              	.LASF49:
 2017 0602 74687265 		.ascii	"threads_queue_t\000"
 2017      6164735F 
 2017      71756575 
 2017      655F7400 
 2018              	.LASF119:
 2019 0612 63685F6D 		.ascii	"ch_mutex\000"
 2019      75746578 
ARM GAS  C:\Users\Luis\AppData\Local\Temp\cc3lR5E0.s 			page 41


 2019      00
 2020              	.LASF35:
 2021 061b 705F7265 		.ascii	"p_refs\000"
 2021      667300
 2022              	.LASF73:
 2023 0622 6973725F 		.ascii	"isr_cnt\000"
 2023      636E7400 
 2024              	.LASF24:
 2025 062a 74687265 		.ascii	"thread_t\000"
 2025      61645F74 
 2025      00
 2026              	.LASF78:
 2027 0633 726C6973 		.ascii	"rlist\000"
 2027      7400
 2028              	.LASF5:
 2029 0639 75696E74 		.ascii	"uint8_t\000"
 2029      385F7400 
 2030              	.LASF135:
 2031 0641 5F737461 		.ascii	"_stats_ctxswc\000"
 2031      74735F63 
 2031      74787377 
 2031      6300
 2032              	.LASF111:
 2033 064f 77746F62 		.ascii	"wtobjp\000"
 2033      6A7000
 2034              	.LASF31:
 2035 0656 705F6E61 		.ascii	"p_name\000"
 2035      6D6500
 2036              	.LASF46:
 2037 065d 74687265 		.ascii	"threads_list_t\000"
 2037      6164735F 
 2037      6C697374 
 2037      5F7400
 2038              	.LASF75:
 2039 066c 74726163 		.ascii	"trace_buffer\000"
 2039      655F6275 
 2039      66666572 
 2039      00
 2040              	.LASF38:
 2041 0679 705F6D73 		.ascii	"p_msg\000"
 2041      6700
 2042              	.LASF125:
 2043 067f 5F737461 		.ascii	"_stats_init\000"
 2043      74735F69 
 2043      6E697400 
 2044              	.LASF130:
 2045 068b 5F737461 		.ascii	"_stats_stop_measure_crit_isr\000"
 2045      74735F73 
 2045      746F705F 
 2045      6D656173 
 2045      7572655F 
 2046              	.LASF106:
 2047 06a8 6D5F6372 		.ascii	"m_crit_thd\000"
 2047      69745F74 
 2047      686400
 2048              	.LASF121:
 2049 06b3 6D5F6F77 		.ascii	"m_owner\000"
ARM GAS  C:\Users\Luis\AppData\Local\Temp\cc3lR5E0.s 			page 42


 2049      6E657200 
 2050              	.LASF90:
 2051 06bb 73655F77 		.ascii	"se_wtobjp\000"
 2051      746F626A 
 2051      7000
 2052              	.LASF28:
 2053 06c5 705F6374 		.ascii	"p_ctx\000"
 2053      7800
 2054              	.LASF65:
 2055 06cb 76745F66 		.ascii	"vt_func\000"
 2055      756E6300 
 2056              		.ident	"GCC: (GNU Tools for ARM Embedded Processors) 4.8.3 20131129 (release) [ARM/embedded-4_8-br
ARM GAS  C:\Users\Luis\AppData\Local\Temp\cc3lR5E0.s 			page 43


DEFINED SYMBOLS
                            *ABS*:00000000 chstats.c
C:\Users\Luis\AppData\Local\Temp\cc3lR5E0.s:19     .text._stats_init:00000000 $t
C:\Users\Luis\AppData\Local\Temp\cc3lR5E0.s:25     .text._stats_init:00000000 _stats_init
C:\Users\Luis\AppData\Local\Temp\cc3lR5E0.s:57     .text._stats_init:00000024 $d
C:\Users\Luis\AppData\Local\Temp\cc3lR5E0.s:64     .text._stats_increase_irq:00000000 $t
C:\Users\Luis\AppData\Local\Temp\cc3lR5E0.s:70     .text._stats_increase_irq:00000000 _stats_increase_irq
C:\Users\Luis\AppData\Local\Temp\cc3lR5E0.s:96     .text._stats_increase_irq:0000001c $d
C:\Users\Luis\AppData\Local\Temp\cc3lR5E0.s:101    .text._stats_ctxswc:00000000 $t
C:\Users\Luis\AppData\Local\Temp\cc3lR5E0.s:107    .text._stats_ctxswc:00000000 _stats_ctxswc
C:\Users\Luis\AppData\Local\Temp\cc3lR5E0.s:145    .text._stats_ctxswc:00000030 $d
C:\Users\Luis\AppData\Local\Temp\cc3lR5E0.s:150    .text._stats_start_measure_crit_thd:00000000 $t
C:\Users\Luis\AppData\Local\Temp\cc3lR5E0.s:156    .text._stats_start_measure_crit_thd:00000000 _stats_start_measure_crit_thd
C:\Users\Luis\AppData\Local\Temp\cc3lR5E0.s:176    .text._stats_start_measure_crit_thd:0000000c $d
C:\Users\Luis\AppData\Local\Temp\cc3lR5E0.s:181    .text._stats_stop_measure_crit_thd:00000000 $t
C:\Users\Luis\AppData\Local\Temp\cc3lR5E0.s:187    .text._stats_stop_measure_crit_thd:00000000 _stats_stop_measure_crit_thd
C:\Users\Luis\AppData\Local\Temp\cc3lR5E0.s:207    .text._stats_stop_measure_crit_thd:0000000c $d
C:\Users\Luis\AppData\Local\Temp\cc3lR5E0.s:212    .text._stats_start_measure_crit_isr:00000000 $t
C:\Users\Luis\AppData\Local\Temp\cc3lR5E0.s:218    .text._stats_start_measure_crit_isr:00000000 _stats_start_measure_crit_isr
C:\Users\Luis\AppData\Local\Temp\cc3lR5E0.s:238    .text._stats_start_measure_crit_isr:0000000c $d
C:\Users\Luis\AppData\Local\Temp\cc3lR5E0.s:243    .text._stats_stop_measure_crit_isr:00000000 $t
C:\Users\Luis\AppData\Local\Temp\cc3lR5E0.s:249    .text._stats_stop_measure_crit_isr:00000000 _stats_stop_measure_crit_isr
C:\Users\Luis\AppData\Local\Temp\cc3lR5E0.s:269    .text._stats_stop_measure_crit_isr:0000000c $d
                     .debug_frame:00000010 $d
C:\Users\Luis\AppData\Local\Temp\cc3lR5E0.s:149    .text._stats_ctxswc:00000034 $t

UNDEFINED SYMBOLS
chTMObjectInit
ch
chTMChainMeasurementToX
chTMStartMeasurementX
chTMStopMeasurementX
