ARM GAS  C:\Users\Luis\AppData\Local\Temp\ccnmUn6h.s 			page 1


   1              		.syntax unified
   2              		.cpu cortex-m4
   3              		.fpu softvfp
   4              		.eabi_attribute 20, 1
   5              		.eabi_attribute 21, 1
   6              		.eabi_attribute 23, 3
   7              		.eabi_attribute 24, 1
   8              		.eabi_attribute 25, 1
   9              		.eabi_attribute 26, 1
  10              		.eabi_attribute 30, 6
  11              		.eabi_attribute 34, 1
  12              		.eabi_attribute 18, 4
  13              		.thumb
  14              		.file	"DataFilterFIR.cpp"
  15              		.text
  16              	.Ltext0:
  17              		.cfi_sections	.debug_frame
  18              		.section	.text._ZN10DataFilterC2Ev,"axG",%progbits,_ZN10DataFilterC5Ev,comdat
  19              		.align	2
  20              		.p2align 4,,15
  21              		.weak	_ZN10DataFilterC2Ev
  22              		.thumb
  23              		.thumb_func
  24              		.type	_ZN10DataFilterC2Ev, %function
  25              	_ZN10DataFilterC2Ev:
  26              	.LFB2:
  27              		.file 1 "header/DataFilter.h"
  28              		.loc 1 13 0
  29              		.cfi_startproc
  30              		@ args = 0, pretend = 0, frame = 8
  31              		@ frame_needed = 1, uses_anonymous_args = 0
  32              		@ link register save eliminated.
  33 0000 80B4     		push	{r7}
  34              		.cfi_def_cfa_offset 4
  35              		.cfi_offset 7, -4
  36 0002 83B0     		sub	sp, sp, #12
  37              		.cfi_def_cfa_offset 16
  38 0004 00AF     		add	r7, sp, #0
  39              		.cfi_def_cfa_register 7
  40 0006 7860     		str	r0, [r7, #4]
  41              	.LBB2:
  42              		.loc 1 13 0
  43 0008 7B68     		ldr	r3, [r7, #4]
  44 000a 044A     		ldr	r2, .L4
  45 000c 1A60     		str	r2, [r3]
  46              	.LBE2:
  47 000e 7B68     		ldr	r3, [r7, #4]
  48 0010 1846     		mov	r0, r3
  49 0012 0C37     		adds	r7, r7, #12
  50 0014 BD46     		mov	sp, r7
  51              		@ sp needed
  52 0016 5DF8047B 		ldr	r7, [sp], #4
  53 001a 7047     		bx	lr
  54              	.L5:
  55              		.align	2
  56              	.L4:
  57 001c 08000000 		.word	_ZTV10DataFilter+8
ARM GAS  C:\Users\Luis\AppData\Local\Temp\ccnmUn6h.s 			page 2


  58              		.cfi_endproc
  59              	.LFE2:
  60              		.size	_ZN10DataFilterC2Ev, .-_ZN10DataFilterC2Ev
  61              		.weak	_ZN10DataFilterC1Ev
  62              		.thumb_set _ZN10DataFilterC1Ev,_ZN10DataFilterC2Ev
  63              		.section	.text._ZN13DataFilterFIRC2Ev,"ax",%progbits
  64              		.align	2
  65              		.p2align 4,,15
  66              		.global	_ZN13DataFilterFIRC2Ev
  67              		.thumb
  68              		.thumb_func
  69              		.type	_ZN13DataFilterFIRC2Ev, %function
  70              	_ZN13DataFilterFIRC2Ev:
  71              	.LFB4:
  72              		.file 2 "DataFilterFIR.cpp"
  73              		.loc 2 10 0
  74              		.cfi_startproc
  75              		@ args = 0, pretend = 0, frame = 8
  76              		@ frame_needed = 1, uses_anonymous_args = 0
  77 0000 80B5     		push	{r7, lr}
  78              		.cfi_def_cfa_offset 8
  79              		.cfi_offset 7, -8
  80              		.cfi_offset 14, -4
  81 0002 82B0     		sub	sp, sp, #8
  82              		.cfi_def_cfa_offset 16
  83 0004 00AF     		add	r7, sp, #0
  84              		.cfi_def_cfa_register 7
  85 0006 7860     		str	r0, [r7, #4]
  86              	.LBB3:
  87              		.loc 2 10 0
  88 0008 7B68     		ldr	r3, [r7, #4]
  89 000a 1846     		mov	r0, r3
  90 000c FFF7FEFF 		bl	_ZN10DataFilterC2Ev
  91 0010 7B68     		ldr	r3, [r7, #4]
  92 0012 034A     		ldr	r2, .L9
  93 0014 1A60     		str	r2, [r3]
  94              	.LBE3:
  95              		.loc 2 13 0
  96 0016 7B68     		ldr	r3, [r7, #4]
  97 0018 1846     		mov	r0, r3
  98 001a 0837     		adds	r7, r7, #8
  99 001c BD46     		mov	sp, r7
 100              		@ sp needed
 101 001e 80BD     		pop	{r7, pc}
 102              	.L10:
 103              		.align	2
 104              	.L9:
 105 0020 08000000 		.word	_ZTV13DataFilterFIR+8
 106              		.cfi_endproc
 107              	.LFE4:
 108              		.size	_ZN13DataFilterFIRC2Ev, .-_ZN13DataFilterFIRC2Ev
 109              		.global	_ZN13DataFilterFIRC1Ev
 110              		.thumb_set _ZN13DataFilterFIRC1Ev,_ZN13DataFilterFIRC2Ev
 111              		.section	.text._ZN13DataFilterFIRD2Ev,"ax",%progbits
 112              		.align	2
 113              		.p2align 4,,15
 114              		.global	_ZN13DataFilterFIRD2Ev
ARM GAS  C:\Users\Luis\AppData\Local\Temp\ccnmUn6h.s 			page 3


 115              		.thumb
 116              		.thumb_func
 117              		.type	_ZN13DataFilterFIRD2Ev, %function
 118              	_ZN13DataFilterFIRD2Ev:
 119              	.LFB7:
 120              		.loc 2 15 0
 121              		.cfi_startproc
 122              		@ args = 0, pretend = 0, frame = 8
 123              		@ frame_needed = 1, uses_anonymous_args = 0
 124 0000 80B5     		push	{r7, lr}
 125              		.cfi_def_cfa_offset 8
 126              		.cfi_offset 7, -8
 127              		.cfi_offset 14, -4
 128 0002 82B0     		sub	sp, sp, #8
 129              		.cfi_def_cfa_offset 16
 130 0004 00AF     		add	r7, sp, #0
 131              		.cfi_def_cfa_register 7
 132 0006 7860     		str	r0, [r7, #4]
 133              	.LBB4:
 134              		.loc 2 15 0
 135 0008 7B68     		ldr	r3, [r7, #4]
 136 000a 084A     		ldr	r2, .L15
 137 000c 1A60     		str	r2, [r3]
 138 000e 7B68     		ldr	r3, [r7, #4]
 139              		.loc 2 17 0
 140 0010 1846     		mov	r0, r3
 141 0012 FFF7FEFF 		bl	_ZN10DataFilterD2Ev
 142              	.LBE4:
 143 0016 0023     		movs	r3, #0
 144 0018 002B     		cmp	r3, #0
 145 001a 02D0     		beq	.L13
 146              		.loc 2 17 0 is_stmt 0 discriminator 1
 147 001c 7868     		ldr	r0, [r7, #4]
 148 001e FFF7FEFF 		bl	_ZdlPv
 149              	.L13:
 150              		.loc 2 17 0 discriminator 2
 151 0022 7B68     		ldr	r3, [r7, #4]
 152 0024 1846     		mov	r0, r3
 153 0026 0837     		adds	r7, r7, #8
 154 0028 BD46     		mov	sp, r7
 155              		@ sp needed
 156 002a 80BD     		pop	{r7, pc}
 157              	.L16:
 158              		.align	2
 159              	.L15:
 160 002c 08000000 		.word	_ZTV13DataFilterFIR+8
 161              		.cfi_endproc
 162              	.LFE7:
 163              		.size	_ZN13DataFilterFIRD2Ev, .-_ZN13DataFilterFIRD2Ev
 164              		.global	_ZN13DataFilterFIRD1Ev
 165              		.thumb_set _ZN13DataFilterFIRD1Ev,_ZN13DataFilterFIRD2Ev
 166              		.section	.text._ZN13DataFilterFIRD0Ev,"ax",%progbits
 167              		.align	2
 168              		.p2align 4,,15
 169              		.global	_ZN13DataFilterFIRD0Ev
 170              		.thumb
 171              		.thumb_func
ARM GAS  C:\Users\Luis\AppData\Local\Temp\ccnmUn6h.s 			page 4


 172              		.type	_ZN13DataFilterFIRD0Ev, %function
 173              	_ZN13DataFilterFIRD0Ev:
 174              	.LFB9:
 175              		.loc 2 15 0 is_stmt 1
 176              		.cfi_startproc
 177              		@ args = 0, pretend = 0, frame = 8
 178              		@ frame_needed = 1, uses_anonymous_args = 0
 179 0000 80B5     		push	{r7, lr}
 180              		.cfi_def_cfa_offset 8
 181              		.cfi_offset 7, -8
 182              		.cfi_offset 14, -4
 183 0002 82B0     		sub	sp, sp, #8
 184              		.cfi_def_cfa_offset 16
 185 0004 00AF     		add	r7, sp, #0
 186              		.cfi_def_cfa_register 7
 187 0006 7860     		str	r0, [r7, #4]
 188              		.loc 2 17 0
 189 0008 7868     		ldr	r0, [r7, #4]
 190 000a FFF7FEFF 		bl	_ZN13DataFilterFIRD1Ev
 191 000e 7868     		ldr	r0, [r7, #4]
 192 0010 FFF7FEFF 		bl	_ZdlPv
 193 0014 7B68     		ldr	r3, [r7, #4]
 194 0016 1846     		mov	r0, r3
 195 0018 0837     		adds	r7, r7, #8
 196 001a BD46     		mov	sp, r7
 197              		@ sp needed
 198 001c 80BD     		pop	{r7, pc}
 199              		.cfi_endproc
 200              	.LFE9:
 201              		.size	_ZN13DataFilterFIRD0Ev, .-_ZN13DataFilterFIRD0Ev
 202              		.global	_ZTV13DataFilterFIR
 203 001e 00BF     		.section	.rodata._ZTV13DataFilterFIR,"a",%progbits
 204              		.align	3
 205              		.type	_ZTV13DataFilterFIR, %object
 206              		.size	_ZTV13DataFilterFIR, 16
 207              	_ZTV13DataFilterFIR:
 208 0000 00000000 		.word	0
 209 0004 00000000 		.word	0
 210 0008 00000000 		.word	_ZN13DataFilterFIRD1Ev
 211 000c 00000000 		.word	_ZN13DataFilterFIRD0Ev
 212              		.text
 213              	.Letext0:
 214              		.file 3 "DataFilterFIR.h"
 215              		.section	.debug_info,"",%progbits
 216              	.Ldebug_info0:
 217 0000 BD010000 		.4byte	0x1bd
 218 0004 0400     		.2byte	0x4
 219 0006 00000000 		.4byte	.Ldebug_abbrev0
 220 000a 04       		.byte	0x4
 221 000b 01       		.uleb128 0x1
 222 000c 30000000 		.4byte	.LASF5
 223 0010 04       		.byte	0x4
 224 0011 1E010000 		.4byte	.LASF6
 225 0015 60010000 		.4byte	.LASF7
 226 0019 00000000 		.4byte	.Ldebug_ranges0+0
 227 001d 00000000 		.4byte	0
 228 0021 00000000 		.4byte	.Ldebug_line0
ARM GAS  C:\Users\Luis\AppData\Local\Temp\ccnmUn6h.s 			page 5


 229 0025 02       		.uleb128 0x2
 230 0026 00000000 		.4byte	.LASF8
 231 002a 20       		.byte	0x20
 232 002b 03       		.byte	0x3
 233 002c 0D       		.byte	0xd
 234 002d 94000000 		.4byte	0x94
 235 0031 94000000 		.4byte	0x94
 236 0035 03       		.uleb128 0x3
 237 0036 94000000 		.4byte	0x94
 238 003a 00       		.byte	0
 239 003b 01       		.byte	0x1
 240 003c 04       		.uleb128 0x4
 241 003d 00000000 		.4byte	.LASF8
 242 0041 B2000000 		.4byte	0xb2
 243 0045 01       		.byte	0x1
 244 0046 4E000000 		.4byte	0x4e
 245 004a 59000000 		.4byte	0x59
 246 004e 05       		.uleb128 0x5
 247 004f B2000000 		.4byte	0xb2
 248 0053 06       		.uleb128 0x6
 249 0054 B8000000 		.4byte	0xb8
 250 0058 00       		.byte	0
 251 0059 07       		.uleb128 0x7
 252 005a 00000000 		.4byte	.LASF8
 253 005e 02       		.byte	0x2
 254 005f 0A       		.byte	0xa
 255 0060 B2000000 		.4byte	0xb2
 256 0064 01       		.byte	0x1
 257 0065 6D000000 		.4byte	0x6d
 258 0069 73000000 		.4byte	0x73
 259 006d 05       		.uleb128 0x5
 260 006e B2000000 		.4byte	0xb2
 261 0072 00       		.byte	0
 262 0073 08       		.uleb128 0x8
 263 0074 B0010000 		.4byte	.LASF9
 264 0078 02       		.byte	0x2
 265 0079 0F       		.byte	0xf
 266 007a C3000000 		.4byte	0xc3
 267 007e 01       		.byte	0x1
 268 007f 25000000 		.4byte	0x25
 269 0083 01       		.byte	0x1
 270 0084 88000000 		.4byte	0x88
 271 0088 05       		.uleb128 0x5
 272 0089 B2000000 		.4byte	0xb2
 273 008d 05       		.uleb128 0x5
 274 008e C5000000 		.4byte	0xc5
 275 0092 00       		.byte	0
 276 0093 00       		.byte	0
 277 0094 09       		.uleb128 0x9
 278 0095 0E000000 		.4byte	.LASF10
 279 0099 B2000000 		.4byte	0xb2
 280 009d 0A       		.uleb128 0xa
 281 009e 0E000000 		.4byte	.LASF10
 282 00a2 CC000000 		.4byte	0xcc
 283 00a6 01       		.byte	0x1
 284 00a7 AB000000 		.4byte	0xab
 285 00ab 05       		.uleb128 0x5
ARM GAS  C:\Users\Luis\AppData\Local\Temp\ccnmUn6h.s 			page 6


 286 00ac CC000000 		.4byte	0xcc
 287 00b0 00       		.byte	0
 288 00b1 00       		.byte	0
 289 00b2 0B       		.uleb128 0xb
 290 00b3 04       		.byte	0x4
 291 00b4 25000000 		.4byte	0x25
 292 00b8 0C       		.uleb128 0xc
 293 00b9 04       		.byte	0x4
 294 00ba BE000000 		.4byte	0xbe
 295 00be 0D       		.uleb128 0xd
 296 00bf 25000000 		.4byte	0x25
 297 00c3 0E       		.uleb128 0xe
 298 00c4 04       		.byte	0x4
 299 00c5 0F       		.uleb128 0xf
 300 00c6 04       		.byte	0x4
 301 00c7 05       		.byte	0x5
 302 00c8 696E7400 		.ascii	"int\000"
 303 00cc 0B       		.uleb128 0xb
 304 00cd 04       		.byte	0x4
 305 00ce 94000000 		.4byte	0x94
 306 00d2 10       		.uleb128 0x10
 307 00d3 9D000000 		.4byte	0x9d
 308 00d7 01       		.byte	0x1
 309 00d8 0D       		.byte	0xd
 310 00d9 02       		.byte	0x2
 311 00da E2000000 		.4byte	0xe2
 312 00de EC000000 		.4byte	0xec
 313 00e2 11       		.uleb128 0x11
 314 00e3 5B010000 		.4byte	.LASF0
 315 00e7 EC000000 		.4byte	0xec
 316 00eb 00       		.byte	0
 317 00ec 0D       		.uleb128 0xd
 318 00ed CC000000 		.4byte	0xcc
 319 00f1 12       		.uleb128 0x12
 320 00f2 D2000000 		.4byte	0xd2
 321 00f6 30010000 		.4byte	.LASF1
 322 00fa 00000000 		.4byte	.LFB2
 323 00fe 20000000 		.4byte	.LFE2-.LFB2
 324 0102 01       		.uleb128 0x1
 325 0103 9C       		.byte	0x9c
 326 0104 0C010000 		.4byte	0x10c
 327 0108 15010000 		.4byte	0x115
 328 010c 13       		.uleb128 0x13
 329 010d E2000000 		.4byte	0xe2
 330 0111 02       		.uleb128 0x2
 331 0112 91       		.byte	0x91
 332 0113 74       		.sleb128 -12
 333 0114 00       		.byte	0
 334 0115 14       		.uleb128 0x14
 335 0116 59000000 		.4byte	0x59
 336 011a 00       		.byte	0
 337 011b 23010000 		.4byte	0x123
 338 011f 2D010000 		.4byte	0x12d
 339 0123 11       		.uleb128 0x11
 340 0124 5B010000 		.4byte	.LASF0
 341 0128 2D010000 		.4byte	0x12d
 342 012c 00       		.byte	0
ARM GAS  C:\Users\Luis\AppData\Local\Temp\ccnmUn6h.s 			page 7


 343 012d 0D       		.uleb128 0xd
 344 012e B2000000 		.4byte	0xb2
 345 0132 15       		.uleb128 0x15
 346 0133 15010000 		.4byte	0x115
 347 0137 99010000 		.4byte	.LASF2
 348 013b 00000000 		.4byte	.LFB4
 349 013f 24000000 		.4byte	.LFE4-.LFB4
 350 0143 01       		.uleb128 0x1
 351 0144 9C       		.byte	0x9c
 352 0145 4D010000 		.4byte	0x14d
 353 0149 56010000 		.4byte	0x156
 354 014d 13       		.uleb128 0x13
 355 014e 23010000 		.4byte	0x123
 356 0152 02       		.uleb128 0x2
 357 0153 91       		.byte	0x91
 358 0154 74       		.sleb128 -12
 359 0155 00       		.byte	0
 360 0156 14       		.uleb128 0x14
 361 0157 73000000 		.4byte	0x73
 362 015b 00       		.byte	0
 363 015c 64010000 		.4byte	0x164
 364 0160 77010000 		.4byte	0x177
 365 0164 11       		.uleb128 0x11
 366 0165 5B010000 		.4byte	.LASF0
 367 0169 2D010000 		.4byte	0x12d
 368 016d 11       		.uleb128 0x11
 369 016e BF010000 		.4byte	.LASF3
 370 0172 77010000 		.4byte	0x177
 371 0176 00       		.byte	0
 372 0177 0D       		.uleb128 0xd
 373 0178 C5000000 		.4byte	0xc5
 374 017c 15       		.uleb128 0x15
 375 017d 56010000 		.4byte	0x156
 376 0181 44010000 		.4byte	.LASF4
 377 0185 00000000 		.4byte	.LFB7
 378 0189 30000000 		.4byte	.LFE7-.LFB7
 379 018d 01       		.uleb128 0x1
 380 018e 9C       		.byte	0x9c
 381 018f 97010000 		.4byte	0x197
 382 0193 A0010000 		.4byte	0x1a0
 383 0197 13       		.uleb128 0x13
 384 0198 64010000 		.4byte	0x164
 385 019c 02       		.uleb128 0x2
 386 019d 91       		.byte	0x91
 387 019e 74       		.sleb128 -12
 388 019f 00       		.byte	0
 389 01a0 16       		.uleb128 0x16
 390 01a1 56010000 		.4byte	0x156
 391 01a5 19000000 		.4byte	.LASF11
 392 01a9 00000000 		.4byte	.LFB9
 393 01ad 1E000000 		.4byte	.LFE9-.LFB9
 394 01b1 01       		.uleb128 0x1
 395 01b2 9C       		.byte	0x9c
 396 01b3 B7010000 		.4byte	0x1b7
 397 01b7 13       		.uleb128 0x13
 398 01b8 64010000 		.4byte	0x164
 399 01bc 02       		.uleb128 0x2
ARM GAS  C:\Users\Luis\AppData\Local\Temp\ccnmUn6h.s 			page 8


 400 01bd 91       		.byte	0x91
 401 01be 74       		.sleb128 -12
 402 01bf 00       		.byte	0
 403 01c0 00       		.byte	0
 404              		.section	.debug_abbrev,"",%progbits
 405              	.Ldebug_abbrev0:
 406 0000 01       		.uleb128 0x1
 407 0001 11       		.uleb128 0x11
 408 0002 01       		.byte	0x1
 409 0003 25       		.uleb128 0x25
 410 0004 0E       		.uleb128 0xe
 411 0005 13       		.uleb128 0x13
 412 0006 0B       		.uleb128 0xb
 413 0007 03       		.uleb128 0x3
 414 0008 0E       		.uleb128 0xe
 415 0009 1B       		.uleb128 0x1b
 416 000a 0E       		.uleb128 0xe
 417 000b 55       		.uleb128 0x55
 418 000c 17       		.uleb128 0x17
 419 000d 11       		.uleb128 0x11
 420 000e 01       		.uleb128 0x1
 421 000f 10       		.uleb128 0x10
 422 0010 17       		.uleb128 0x17
 423 0011 00       		.byte	0
 424 0012 00       		.byte	0
 425 0013 02       		.uleb128 0x2
 426 0014 02       		.uleb128 0x2
 427 0015 01       		.byte	0x1
 428 0016 03       		.uleb128 0x3
 429 0017 0E       		.uleb128 0xe
 430 0018 0B       		.uleb128 0xb
 431 0019 0B       		.uleb128 0xb
 432 001a 3A       		.uleb128 0x3a
 433 001b 0B       		.uleb128 0xb
 434 001c 3B       		.uleb128 0x3b
 435 001d 0B       		.uleb128 0xb
 436 001e 1D       		.uleb128 0x1d
 437 001f 13       		.uleb128 0x13
 438 0020 01       		.uleb128 0x1
 439 0021 13       		.uleb128 0x13
 440 0022 00       		.byte	0
 441 0023 00       		.byte	0
 442 0024 03       		.uleb128 0x3
 443 0025 1C       		.uleb128 0x1c
 444 0026 00       		.byte	0
 445 0027 49       		.uleb128 0x49
 446 0028 13       		.uleb128 0x13
 447 0029 38       		.uleb128 0x38
 448 002a 0B       		.uleb128 0xb
 449 002b 32       		.uleb128 0x32
 450 002c 0B       		.uleb128 0xb
 451 002d 00       		.byte	0
 452 002e 00       		.byte	0
 453 002f 04       		.uleb128 0x4
 454 0030 2E       		.uleb128 0x2e
 455 0031 01       		.byte	0x1
 456 0032 3F       		.uleb128 0x3f
ARM GAS  C:\Users\Luis\AppData\Local\Temp\ccnmUn6h.s 			page 9


 457 0033 19       		.uleb128 0x19
 458 0034 03       		.uleb128 0x3
 459 0035 0E       		.uleb128 0xe
 460 0036 49       		.uleb128 0x49
 461 0037 13       		.uleb128 0x13
 462 0038 34       		.uleb128 0x34
 463 0039 19       		.uleb128 0x19
 464 003a 32       		.uleb128 0x32
 465 003b 0B       		.uleb128 0xb
 466 003c 3C       		.uleb128 0x3c
 467 003d 19       		.uleb128 0x19
 468 003e 64       		.uleb128 0x64
 469 003f 13       		.uleb128 0x13
 470 0040 01       		.uleb128 0x1
 471 0041 13       		.uleb128 0x13
 472 0042 00       		.byte	0
 473 0043 00       		.byte	0
 474 0044 05       		.uleb128 0x5
 475 0045 05       		.uleb128 0x5
 476 0046 00       		.byte	0
 477 0047 49       		.uleb128 0x49
 478 0048 13       		.uleb128 0x13
 479 0049 34       		.uleb128 0x34
 480 004a 19       		.uleb128 0x19
 481 004b 00       		.byte	0
 482 004c 00       		.byte	0
 483 004d 06       		.uleb128 0x6
 484 004e 05       		.uleb128 0x5
 485 004f 00       		.byte	0
 486 0050 49       		.uleb128 0x49
 487 0051 13       		.uleb128 0x13
 488 0052 00       		.byte	0
 489 0053 00       		.byte	0
 490 0054 07       		.uleb128 0x7
 491 0055 2E       		.uleb128 0x2e
 492 0056 01       		.byte	0x1
 493 0057 3F       		.uleb128 0x3f
 494 0058 19       		.uleb128 0x19
 495 0059 03       		.uleb128 0x3
 496 005a 0E       		.uleb128 0xe
 497 005b 3A       		.uleb128 0x3a
 498 005c 0B       		.uleb128 0xb
 499 005d 3B       		.uleb128 0x3b
 500 005e 0B       		.uleb128 0xb
 501 005f 49       		.uleb128 0x49
 502 0060 13       		.uleb128 0x13
 503 0061 32       		.uleb128 0x32
 504 0062 0B       		.uleb128 0xb
 505 0063 3C       		.uleb128 0x3c
 506 0064 19       		.uleb128 0x19
 507 0065 64       		.uleb128 0x64
 508 0066 13       		.uleb128 0x13
 509 0067 01       		.uleb128 0x1
 510 0068 13       		.uleb128 0x13
 511 0069 00       		.byte	0
 512 006a 00       		.byte	0
 513 006b 08       		.uleb128 0x8
ARM GAS  C:\Users\Luis\AppData\Local\Temp\ccnmUn6h.s 			page 10


 514 006c 2E       		.uleb128 0x2e
 515 006d 01       		.byte	0x1
 516 006e 3F       		.uleb128 0x3f
 517 006f 19       		.uleb128 0x19
 518 0070 03       		.uleb128 0x3
 519 0071 0E       		.uleb128 0xe
 520 0072 3A       		.uleb128 0x3a
 521 0073 0B       		.uleb128 0xb
 522 0074 3B       		.uleb128 0x3b
 523 0075 0B       		.uleb128 0xb
 524 0076 49       		.uleb128 0x49
 525 0077 13       		.uleb128 0x13
 526 0078 4C       		.uleb128 0x4c
 527 0079 0B       		.uleb128 0xb
 528 007a 1D       		.uleb128 0x1d
 529 007b 13       		.uleb128 0x13
 530 007c 32       		.uleb128 0x32
 531 007d 0B       		.uleb128 0xb
 532 007e 3C       		.uleb128 0x3c
 533 007f 19       		.uleb128 0x19
 534 0080 64       		.uleb128 0x64
 535 0081 13       		.uleb128 0x13
 536 0082 00       		.byte	0
 537 0083 00       		.byte	0
 538 0084 09       		.uleb128 0x9
 539 0085 02       		.uleb128 0x2
 540 0086 01       		.byte	0x1
 541 0087 03       		.uleb128 0x3
 542 0088 0E       		.uleb128 0xe
 543 0089 3C       		.uleb128 0x3c
 544 008a 19       		.uleb128 0x19
 545 008b 01       		.uleb128 0x1
 546 008c 13       		.uleb128 0x13
 547 008d 00       		.byte	0
 548 008e 00       		.byte	0
 549 008f 0A       		.uleb128 0xa
 550 0090 2E       		.uleb128 0x2e
 551 0091 01       		.byte	0x1
 552 0092 3F       		.uleb128 0x3f
 553 0093 19       		.uleb128 0x19
 554 0094 03       		.uleb128 0x3
 555 0095 0E       		.uleb128 0xe
 556 0096 49       		.uleb128 0x49
 557 0097 13       		.uleb128 0x13
 558 0098 34       		.uleb128 0x34
 559 0099 19       		.uleb128 0x19
 560 009a 32       		.uleb128 0x32
 561 009b 0B       		.uleb128 0xb
 562 009c 3C       		.uleb128 0x3c
 563 009d 19       		.uleb128 0x19
 564 009e 64       		.uleb128 0x64
 565 009f 13       		.uleb128 0x13
 566 00a0 00       		.byte	0
 567 00a1 00       		.byte	0
 568 00a2 0B       		.uleb128 0xb
 569 00a3 0F       		.uleb128 0xf
 570 00a4 00       		.byte	0
ARM GAS  C:\Users\Luis\AppData\Local\Temp\ccnmUn6h.s 			page 11


 571 00a5 0B       		.uleb128 0xb
 572 00a6 0B       		.uleb128 0xb
 573 00a7 49       		.uleb128 0x49
 574 00a8 13       		.uleb128 0x13
 575 00a9 00       		.byte	0
 576 00aa 00       		.byte	0
 577 00ab 0C       		.uleb128 0xc
 578 00ac 10       		.uleb128 0x10
 579 00ad 00       		.byte	0
 580 00ae 0B       		.uleb128 0xb
 581 00af 0B       		.uleb128 0xb
 582 00b0 49       		.uleb128 0x49
 583 00b1 13       		.uleb128 0x13
 584 00b2 00       		.byte	0
 585 00b3 00       		.byte	0
 586 00b4 0D       		.uleb128 0xd
 587 00b5 26       		.uleb128 0x26
 588 00b6 00       		.byte	0
 589 00b7 49       		.uleb128 0x49
 590 00b8 13       		.uleb128 0x13
 591 00b9 00       		.byte	0
 592 00ba 00       		.byte	0
 593 00bb 0E       		.uleb128 0xe
 594 00bc 0F       		.uleb128 0xf
 595 00bd 00       		.byte	0
 596 00be 0B       		.uleb128 0xb
 597 00bf 0B       		.uleb128 0xb
 598 00c0 00       		.byte	0
 599 00c1 00       		.byte	0
 600 00c2 0F       		.uleb128 0xf
 601 00c3 24       		.uleb128 0x24
 602 00c4 00       		.byte	0
 603 00c5 0B       		.uleb128 0xb
 604 00c6 0B       		.uleb128 0xb
 605 00c7 3E       		.uleb128 0x3e
 606 00c8 0B       		.uleb128 0xb
 607 00c9 03       		.uleb128 0x3
 608 00ca 08       		.uleb128 0x8
 609 00cb 00       		.byte	0
 610 00cc 00       		.byte	0
 611 00cd 10       		.uleb128 0x10
 612 00ce 2E       		.uleb128 0x2e
 613 00cf 01       		.byte	0x1
 614 00d0 47       		.uleb128 0x47
 615 00d1 13       		.uleb128 0x13
 616 00d2 3A       		.uleb128 0x3a
 617 00d3 0B       		.uleb128 0xb
 618 00d4 3B       		.uleb128 0x3b
 619 00d5 0B       		.uleb128 0xb
 620 00d6 20       		.uleb128 0x20
 621 00d7 0B       		.uleb128 0xb
 622 00d8 64       		.uleb128 0x64
 623 00d9 13       		.uleb128 0x13
 624 00da 01       		.uleb128 0x1
 625 00db 13       		.uleb128 0x13
 626 00dc 00       		.byte	0
 627 00dd 00       		.byte	0
ARM GAS  C:\Users\Luis\AppData\Local\Temp\ccnmUn6h.s 			page 12


 628 00de 11       		.uleb128 0x11
 629 00df 05       		.uleb128 0x5
 630 00e0 00       		.byte	0
 631 00e1 03       		.uleb128 0x3
 632 00e2 0E       		.uleb128 0xe
 633 00e3 49       		.uleb128 0x49
 634 00e4 13       		.uleb128 0x13
 635 00e5 34       		.uleb128 0x34
 636 00e6 19       		.uleb128 0x19
 637 00e7 00       		.byte	0
 638 00e8 00       		.byte	0
 639 00e9 12       		.uleb128 0x12
 640 00ea 2E       		.uleb128 0x2e
 641 00eb 01       		.byte	0x1
 642 00ec 31       		.uleb128 0x31
 643 00ed 13       		.uleb128 0x13
 644 00ee 6E       		.uleb128 0x6e
 645 00ef 0E       		.uleb128 0xe
 646 00f0 11       		.uleb128 0x11
 647 00f1 01       		.uleb128 0x1
 648 00f2 12       		.uleb128 0x12
 649 00f3 06       		.uleb128 0x6
 650 00f4 40       		.uleb128 0x40
 651 00f5 18       		.uleb128 0x18
 652 00f6 64       		.uleb128 0x64
 653 00f7 13       		.uleb128 0x13
 654 00f8 9742     		.uleb128 0x2117
 655 00fa 19       		.uleb128 0x19
 656 00fb 01       		.uleb128 0x1
 657 00fc 13       		.uleb128 0x13
 658 00fd 00       		.byte	0
 659 00fe 00       		.byte	0
 660 00ff 13       		.uleb128 0x13
 661 0100 05       		.uleb128 0x5
 662 0101 00       		.byte	0
 663 0102 31       		.uleb128 0x31
 664 0103 13       		.uleb128 0x13
 665 0104 02       		.uleb128 0x2
 666 0105 18       		.uleb128 0x18
 667 0106 00       		.byte	0
 668 0107 00       		.byte	0
 669 0108 14       		.uleb128 0x14
 670 0109 2E       		.uleb128 0x2e
 671 010a 01       		.byte	0x1
 672 010b 47       		.uleb128 0x47
 673 010c 13       		.uleb128 0x13
 674 010d 20       		.uleb128 0x20
 675 010e 0B       		.uleb128 0xb
 676 010f 64       		.uleb128 0x64
 677 0110 13       		.uleb128 0x13
 678 0111 01       		.uleb128 0x1
 679 0112 13       		.uleb128 0x13
 680 0113 00       		.byte	0
 681 0114 00       		.byte	0
 682 0115 15       		.uleb128 0x15
 683 0116 2E       		.uleb128 0x2e
 684 0117 01       		.byte	0x1
ARM GAS  C:\Users\Luis\AppData\Local\Temp\ccnmUn6h.s 			page 13


 685 0118 31       		.uleb128 0x31
 686 0119 13       		.uleb128 0x13
 687 011a 6E       		.uleb128 0x6e
 688 011b 0E       		.uleb128 0xe
 689 011c 11       		.uleb128 0x11
 690 011d 01       		.uleb128 0x1
 691 011e 12       		.uleb128 0x12
 692 011f 06       		.uleb128 0x6
 693 0120 40       		.uleb128 0x40
 694 0121 18       		.uleb128 0x18
 695 0122 64       		.uleb128 0x64
 696 0123 13       		.uleb128 0x13
 697 0124 9642     		.uleb128 0x2116
 698 0126 19       		.uleb128 0x19
 699 0127 01       		.uleb128 0x1
 700 0128 13       		.uleb128 0x13
 701 0129 00       		.byte	0
 702 012a 00       		.byte	0
 703 012b 16       		.uleb128 0x16
 704 012c 2E       		.uleb128 0x2e
 705 012d 01       		.byte	0x1
 706 012e 31       		.uleb128 0x31
 707 012f 13       		.uleb128 0x13
 708 0130 6E       		.uleb128 0x6e
 709 0131 0E       		.uleb128 0xe
 710 0132 11       		.uleb128 0x11
 711 0133 01       		.uleb128 0x1
 712 0134 12       		.uleb128 0x12
 713 0135 06       		.uleb128 0x6
 714 0136 40       		.uleb128 0x40
 715 0137 18       		.uleb128 0x18
 716 0138 64       		.uleb128 0x64
 717 0139 13       		.uleb128 0x13
 718 013a 9642     		.uleb128 0x2116
 719 013c 19       		.uleb128 0x19
 720 013d 00       		.byte	0
 721 013e 00       		.byte	0
 722 013f 00       		.byte	0
 723              		.section	.debug_aranges,"",%progbits
 724 0000 34000000 		.4byte	0x34
 725 0004 0200     		.2byte	0x2
 726 0006 00000000 		.4byte	.Ldebug_info0
 727 000a 04       		.byte	0x4
 728 000b 00       		.byte	0
 729 000c 0000     		.2byte	0
 730 000e 0000     		.2byte	0
 731 0010 00000000 		.4byte	.LFB2
 732 0014 20000000 		.4byte	.LFE2-.LFB2
 733 0018 00000000 		.4byte	.LFB4
 734 001c 24000000 		.4byte	.LFE4-.LFB4
 735 0020 00000000 		.4byte	.LFB7
 736 0024 30000000 		.4byte	.LFE7-.LFB7
 737 0028 00000000 		.4byte	.LFB9
 738 002c 1E000000 		.4byte	.LFE9-.LFB9
 739 0030 00000000 		.4byte	0
 740 0034 00000000 		.4byte	0
 741              		.section	.debug_ranges,"",%progbits
ARM GAS  C:\Users\Luis\AppData\Local\Temp\ccnmUn6h.s 			page 14


 742              	.Ldebug_ranges0:
 743 0000 00000000 		.4byte	.LFB2
 744 0004 20000000 		.4byte	.LFE2
 745 0008 00000000 		.4byte	.LFB4
 746 000c 24000000 		.4byte	.LFE4
 747 0010 00000000 		.4byte	.LFB7
 748 0014 30000000 		.4byte	.LFE7
 749 0018 00000000 		.4byte	.LFB9
 750 001c 1E000000 		.4byte	.LFE9
 751 0020 00000000 		.4byte	0
 752 0024 00000000 		.4byte	0
 753              		.section	.debug_line,"",%progbits
 754              	.Ldebug_line0:
 755 0000 AB000000 		.section	.debug_str,"MS",%progbits,1
 755      02005200 
 755      00000201 
 755      FB0E0D00 
 755      01010101 
 756              	.LASF8:
 757 0000 44617461 		.ascii	"DataFilterFIR\000"
 757      46696C74 
 757      65724649 
 757      5200
 758              	.LASF10:
 759 000e 44617461 		.ascii	"DataFilter\000"
 759      46696C74 
 759      657200
 760              	.LASF11:
 761 0019 5F5A4E31 		.ascii	"_ZN13DataFilterFIRD0Ev\000"
 761      33446174 
 761      6146696C 
 761      74657246 
 761      49524430 
 762              	.LASF5:
 763 0030 474E5520 		.ascii	"GNU C++ 4.8.3 20131129 (release) [ARM/embedded-4_8-"
 763      432B2B20 
 763      342E382E 
 763      33203230 
 763      31333131 
 764 0063 6272616E 		.ascii	"branch revision 205641] -mcpu=cortex-m4 -mapcs-fram"
 764      63682072 
 764      65766973 
 764      696F6E20 
 764      32303536 
 765 0096 65202D6D 		.ascii	"e -mno-thumb-interwork -mthumb -ggdb -O0 -falign-fu"
 765      6E6F2D74 
 765      68756D62 
 765      2D696E74 
 765      6572776F 
 766 00c9 6E637469 		.ascii	"nctions=16 -ffunction-sections -fdata-sections -fno"
 766      6F6E733D 
 766      3136202D 
 766      6666756E 
 766      6374696F 
 767 00fc 2D636F6D 		.ascii	"-common -fno-rtti -fno-exceptions\000"
 767      6D6F6E20 
 767      2D666E6F 
ARM GAS  C:\Users\Luis\AppData\Local\Temp\ccnmUn6h.s 			page 15


 767      2D727474 
 767      69202D66 
 768              	.LASF6:
 769 011e 44617461 		.ascii	"DataFilterFIR.cpp\000"
 769      46696C74 
 769      65724649 
 769      522E6370 
 769      7000
 770              	.LASF1:
 771 0130 5F5A4E31 		.ascii	"_ZN10DataFilterC2Ev\000"
 771      30446174 
 771      6146696C 
 771      74657243 
 771      32457600 
 772              	.LASF4:
 773 0144 5F5A4E31 		.ascii	"_ZN13DataFilterFIRD2Ev\000"
 773      33446174 
 773      6146696C 
 773      74657246 
 773      49524432 
 774              	.LASF0:
 775 015b 74686973 		.ascii	"this\000"
 775      00
 776              	.LASF7:
 777 0160 433A5C55 		.ascii	"C:\\Users\\Luis\\git\\DSP-Library-Lanin\\examples\\"
 777      73657273 
 777      5C4C7569 
 777      735C6769 
 777      745C4453 
 778 018d 4453502D 		.ascii	"DSP-Library\000"
 778      4C696272 
 778      61727900 
 779              	.LASF2:
 780 0199 5F5A4E31 		.ascii	"_ZN13DataFilterFIRC2Ev\000"
 780      33446174 
 780      6146696C 
 780      74657246 
 780      49524332 
 781              	.LASF9:
 782 01b0 7E446174 		.ascii	"~DataFilterFIR\000"
 782      6146696C 
 782      74657246 
 782      495200
 783              	.LASF3:
 784 01bf 5F5F696E 		.ascii	"__in_chrg\000"
 784      5F636872 
 784      6700
 785              		.ident	"GCC: (GNU Tools for ARM Embedded Processors) 4.8.3 20131129 (release) [ARM/embedded-4_8-br
ARM GAS  C:\Users\Luis\AppData\Local\Temp\ccnmUn6h.s 			page 16


DEFINED SYMBOLS
                            *ABS*:00000000 DataFilterFIR.cpp
C:\Users\Luis\AppData\Local\Temp\ccnmUn6h.s:19     .text._ZN10DataFilterC2Ev:00000000 $t
C:\Users\Luis\AppData\Local\Temp\ccnmUn6h.s:25     .text._ZN10DataFilterC2Ev:00000000 _ZN10DataFilterC2Ev
C:\Users\Luis\AppData\Local\Temp\ccnmUn6h.s:57     .text._ZN10DataFilterC2Ev:0000001c $d
C:\Users\Luis\AppData\Local\Temp\ccnmUn6h.s:25     .text._ZN10DataFilterC2Ev:00000000 _ZN10DataFilterC1Ev
C:\Users\Luis\AppData\Local\Temp\ccnmUn6h.s:64     .text._ZN13DataFilterFIRC2Ev:00000000 $t
C:\Users\Luis\AppData\Local\Temp\ccnmUn6h.s:70     .text._ZN13DataFilterFIRC2Ev:00000000 _ZN13DataFilterFIRC2Ev
C:\Users\Luis\AppData\Local\Temp\ccnmUn6h.s:105    .text._ZN13DataFilterFIRC2Ev:00000020 $d
C:\Users\Luis\AppData\Local\Temp\ccnmUn6h.s:207    .rodata._ZTV13DataFilterFIR:00000000 _ZTV13DataFilterFIR
C:\Users\Luis\AppData\Local\Temp\ccnmUn6h.s:70     .text._ZN13DataFilterFIRC2Ev:00000000 _ZN13DataFilterFIRC1Ev
C:\Users\Luis\AppData\Local\Temp\ccnmUn6h.s:112    .text._ZN13DataFilterFIRD2Ev:00000000 $t
C:\Users\Luis\AppData\Local\Temp\ccnmUn6h.s:118    .text._ZN13DataFilterFIRD2Ev:00000000 _ZN13DataFilterFIRD2Ev
C:\Users\Luis\AppData\Local\Temp\ccnmUn6h.s:160    .text._ZN13DataFilterFIRD2Ev:0000002c $d
C:\Users\Luis\AppData\Local\Temp\ccnmUn6h.s:118    .text._ZN13DataFilterFIRD2Ev:00000000 _ZN13DataFilterFIRD1Ev
C:\Users\Luis\AppData\Local\Temp\ccnmUn6h.s:167    .text._ZN13DataFilterFIRD0Ev:00000000 $t
C:\Users\Luis\AppData\Local\Temp\ccnmUn6h.s:173    .text._ZN13DataFilterFIRD0Ev:00000000 _ZN13DataFilterFIRD0Ev
C:\Users\Luis\AppData\Local\Temp\ccnmUn6h.s:204    .rodata._ZTV13DataFilterFIR:00000000 $d
                     .debug_frame:00000010 $d
C:\Users\Luis\AppData\Local\Temp\ccnmUn6h.s:785    .text._ZN13DataFilterFIRC2Ev:00000024 $t
                           .group:00000000 _ZN10DataFilterC5Ev

UNDEFINED SYMBOLS
_ZTV10DataFilter
_ZN10DataFilterD2Ev
_ZdlPv
