ARM GAS  C:\Users\Luis\AppData\Local\Temp\cccNgnvr.s 			page 1


   1              		.syntax unified
   2              		.cpu cortex-m4
   3              		.fpu softvfp
   4              		.eabi_attribute 20, 1
   5              		.eabi_attribute 21, 1
   6              		.eabi_attribute 23, 3
   7              		.eabi_attribute 24, 1
   8              		.eabi_attribute 25, 1
   9              		.eabi_attribute 26, 1
  10              		.eabi_attribute 30, 6
  11              		.eabi_attribute 34, 1
  12              		.eabi_attribute 18, 4
  13              		.thumb
  14              		.file	"DataFilterIIR.cpp"
  15              		.text
  16              	.Ltext0:
  17              		.cfi_sections	.debug_frame
  18              		.section	.text._ZN13DataFilterIIRD2Ev,"ax",%progbits
  19              		.align	2
  20              		.p2align 4,,15
  21              		.global	_ZN13DataFilterIIRD2Ev
  22              		.thumb
  23              		.thumb_func
  24              		.type	_ZN13DataFilterIIRD2Ev, %function
  25              	_ZN13DataFilterIIRD2Ev:
  26              	.LFB261:
  27              		.file 1 "DataFilterIIR.cpp"
  28              		.loc 1 10 0
  29              		.cfi_startproc
  30              		@ args = 0, pretend = 0, frame = 8
  31              		@ frame_needed = 1, uses_anonymous_args = 0
  32 0000 80B5     		push	{r7, lr}
  33              		.cfi_def_cfa_offset 8
  34              		.cfi_offset 7, -8
  35              		.cfi_offset 14, -4
  36 0002 82B0     		sub	sp, sp, #8
  37              		.cfi_def_cfa_offset 16
  38 0004 00AF     		add	r7, sp, #0
  39              		.cfi_def_cfa_register 7
  40 0006 7860     		str	r0, [r7, #4]
  41              	.LBB2:
  42              		.loc 1 10 0
  43 0008 7B68     		ldr	r3, [r7, #4]
  44 000a 124A     		ldr	r2, .L5
  45 000c 1A60     		str	r2, [r3]
  46              		.loc 1 12 0
  47 000e 7B68     		ldr	r3, [r7, #4]
  48 0010 9B68     		ldr	r3, [r3, #8]
  49 0012 1846     		mov	r0, r3
  50 0014 FFF7FEFF 		bl	chHeapFree
  51              		.loc 1 13 0
  52 0018 7B68     		ldr	r3, [r7, #4]
  53 001a 9B69     		ldr	r3, [r3, #24]
  54 001c 1846     		mov	r0, r3
  55 001e FFF7FEFF 		bl	chHeapFree
  56              		.loc 1 14 0
  57 0022 7B68     		ldr	r3, [r7, #4]
ARM GAS  C:\Users\Luis\AppData\Local\Temp\cccNgnvr.s 			page 2


  58 0024 DB69     		ldr	r3, [r3, #28]
  59 0026 1846     		mov	r0, r3
  60 0028 FFF7FEFF 		bl	chHeapFree
  61              		.loc 1 15 0
  62 002c 7B68     		ldr	r3, [r7, #4]
  63 002e DB68     		ldr	r3, [r3, #12]
  64 0030 1846     		mov	r0, r3
  65 0032 FFF7FEFF 		bl	chHeapFree
  66              		.loc 1 10 0
  67 0036 7B68     		ldr	r3, [r7, #4]
  68              		.loc 1 16 0
  69 0038 1846     		mov	r0, r3
  70 003a FFF7FEFF 		bl	_ZN10DataFilterD2Ev
  71              	.LBE2:
  72 003e 0023     		movs	r3, #0
  73 0040 002B     		cmp	r3, #0
  74 0042 02D0     		beq	.L3
  75              		.loc 1 16 0 is_stmt 0 discriminator 1
  76 0044 7868     		ldr	r0, [r7, #4]
  77 0046 FFF7FEFF 		bl	_ZdlPv
  78              	.L3:
  79              		.loc 1 16 0 discriminator 2
  80 004a 7B68     		ldr	r3, [r7, #4]
  81 004c 1846     		mov	r0, r3
  82 004e 0837     		adds	r7, r7, #8
  83 0050 BD46     		mov	sp, r7
  84              		@ sp needed
  85 0052 80BD     		pop	{r7, pc}
  86              	.L6:
  87              		.align	2
  88              	.L5:
  89 0054 08000000 		.word	_ZTV13DataFilterIIR+8
  90              		.cfi_endproc
  91              	.LFE261:
  92              		.size	_ZN13DataFilterIIRD2Ev, .-_ZN13DataFilterIIRD2Ev
  93              		.global	_ZN13DataFilterIIRD1Ev
  94              		.thumb_set _ZN13DataFilterIIRD1Ev,_ZN13DataFilterIIRD2Ev
  95 0058 AFF30080 		.section	.text._ZN13DataFilterIIRD0Ev,"ax",%progbits
  95      AFF30080 
  96              		.align	2
  97              		.p2align 4,,15
  98              		.global	_ZN13DataFilterIIRD0Ev
  99              		.thumb
 100              		.thumb_func
 101              		.type	_ZN13DataFilterIIRD0Ev, %function
 102              	_ZN13DataFilterIIRD0Ev:
 103              	.LFB263:
 104              		.loc 1 10 0 is_stmt 1
 105              		.cfi_startproc
 106              		@ args = 0, pretend = 0, frame = 8
 107              		@ frame_needed = 1, uses_anonymous_args = 0
 108 0000 80B5     		push	{r7, lr}
 109              		.cfi_def_cfa_offset 8
 110              		.cfi_offset 7, -8
 111              		.cfi_offset 14, -4
 112 0002 82B0     		sub	sp, sp, #8
 113              		.cfi_def_cfa_offset 16
ARM GAS  C:\Users\Luis\AppData\Local\Temp\cccNgnvr.s 			page 3


 114 0004 00AF     		add	r7, sp, #0
 115              		.cfi_def_cfa_register 7
 116 0006 7860     		str	r0, [r7, #4]
 117              		.loc 1 16 0
 118 0008 7868     		ldr	r0, [r7, #4]
 119 000a FFF7FEFF 		bl	_ZN13DataFilterIIRD1Ev
 120 000e 7868     		ldr	r0, [r7, #4]
 121 0010 FFF7FEFF 		bl	_ZdlPv
 122 0014 7B68     		ldr	r3, [r7, #4]
 123 0016 1846     		mov	r0, r3
 124 0018 0837     		adds	r7, r7, #8
 125 001a BD46     		mov	sp, r7
 126              		@ sp needed
 127 001c 80BD     		pop	{r7, pc}
 128              		.cfi_endproc
 129              	.LFE263:
 130              		.size	_ZN13DataFilterIIRD0Ev, .-_ZN13DataFilterIIRD0Ev
 131 001e 00BF     		.section	.text._ZN13DataFilterIIR13newDataFilterEi,"ax",%progbits
 132              		.align	2
 133              		.p2align 4,,15
 134              		.global	_ZN13DataFilterIIR13newDataFilterEi
 135              		.thumb
 136              		.thumb_func
 137              		.type	_ZN13DataFilterIIR13newDataFilterEi, %function
 138              	_ZN13DataFilterIIR13newDataFilterEi:
 139              	.LFB264:
 140              		.loc 1 18 0
 141              		.cfi_startproc
 142              		@ args = 0, pretend = 0, frame = 8
 143              		@ frame_needed = 1, uses_anonymous_args = 0
 144 0000 80B5     		push	{r7, lr}
 145              		.cfi_def_cfa_offset 8
 146              		.cfi_offset 7, -8
 147              		.cfi_offset 14, -4
 148 0002 82B0     		sub	sp, sp, #8
 149              		.cfi_def_cfa_offset 16
 150 0004 00AF     		add	r7, sp, #0
 151              		.cfi_def_cfa_register 7
 152 0006 7860     		str	r0, [r7, #4]
 153 0008 3960     		str	r1, [r7]
 154              		.loc 1 22 0
 155 000a 3B68     		ldr	r3, [r7]
 156 000c 0133     		adds	r3, r3, #1
 157 000e 9B00     		lsls	r3, r3, #2
 158 0010 0020     		movs	r0, #0
 159 0012 1946     		mov	r1, r3
 160 0014 FFF7FEFF 		bl	chHeapAlloc
 161 0018 0246     		mov	r2, r0
 162 001a 7B68     		ldr	r3, [r7, #4]
 163 001c 9A60     		str	r2, [r3, #8]
 164              		.loc 1 24 0
 165 001e 7B68     		ldr	r3, [r7, #4]
 166 0020 5B68     		ldr	r3, [r3, #4]
 167 0022 0A33     		adds	r3, r3, #10
 168 0024 9B00     		lsls	r3, r3, #2
 169 0026 0020     		movs	r0, #0
 170 0028 1946     		mov	r1, r3
ARM GAS  C:\Users\Luis\AppData\Local\Temp\cccNgnvr.s 			page 4


 171 002a FFF7FEFF 		bl	chHeapAlloc
 172 002e 0246     		mov	r2, r0
 173 0030 7B68     		ldr	r3, [r7, #4]
 174 0032 DA60     		str	r2, [r3, #12]
 175              		.loc 1 26 0
 176 0034 3B68     		ldr	r3, [r7]
 177 0036 9B00     		lsls	r3, r3, #2
 178 0038 0020     		movs	r0, #0
 179 003a 1946     		mov	r1, r3
 180 003c FFF7FEFF 		bl	chHeapAlloc
 181 0040 0246     		mov	r2, r0
 182 0042 7B68     		ldr	r3, [r7, #4]
 183 0044 9A61     		str	r2, [r3, #24]
 184              		.loc 1 28 0
 185 0046 7B68     		ldr	r3, [r7, #4]
 186 0048 5B68     		ldr	r3, [r3, #4]
 187 004a 0A33     		adds	r3, r3, #10
 188 004c 9B00     		lsls	r3, r3, #2
 189 004e 0020     		movs	r0, #0
 190 0050 1946     		mov	r1, r3
 191 0052 FFF7FEFF 		bl	chHeapAlloc
 192 0056 0246     		mov	r2, r0
 193 0058 7B68     		ldr	r3, [r7, #4]
 194 005a DA61     		str	r2, [r3, #28]
 195              		.loc 1 29 0
 196 005c 7B68     		ldr	r3, [r7, #4]
 197 005e 1846     		mov	r0, r3
 198 0060 3968     		ldr	r1, [r7]
 199 0062 FFF7FEFF 		bl	_ZN10DataFilter14setFilterOrderEi
 200              		.loc 1 30 0
 201 0066 0837     		adds	r7, r7, #8
 202 0068 BD46     		mov	sp, r7
 203              		@ sp needed
 204 006a 80BD     		pop	{r7, pc}
 205              		.cfi_endproc
 206              	.LFE264:
 207              		.size	_ZN13DataFilterIIR13newDataFilterEi, .-_ZN13DataFilterIIR13newDataFilterEi
 208              		.global	_ZTV13DataFilterIIR
 209 006c AFF30080 		.section	.rodata._ZTV13DataFilterIIR,"a",%progbits
 210              		.align	3
 211              		.type	_ZTV13DataFilterIIR, %object
 212              		.size	_ZTV13DataFilterIIR, 16
 213              	_ZTV13DataFilterIIR:
 214 0000 00000000 		.word	0
 215 0004 00000000 		.word	0
 216 0008 00000000 		.word	_ZN13DataFilterIIRD1Ev
 217 000c 00000000 		.word	_ZN13DataFilterIIRD0Ev
 218              		.text
 219              	.Letext0:
 220              		.file 2 "c:\\emtechesdk\\gcc\\arm-none-eabi\\include\\stdint.h"
 221              		.file 3 "../../ChibiOS/os/rt/ports/ARMCMx/compilers/GCC/chtypes.h"
 222              		.file 4 "../../ChibiOS/os/rt/include/chsystypes.h"
 223              		.file 5 "../../ChibiOS/os/rt/include/chschd.h"
 224              		.file 6 "../../ChibiOS/os/rt/ports/ARMCMx/chcore.h"
 225              		.file 7 "../../ChibiOS/os/rt/ports/ARMCMx/chcore_v7m.h"
 226              		.file 8 "../../ChibiOS/os/rt/include/chdebug.h"
 227              		.file 9 "../../ChibiOS/os/rt/include/chtm.h"
ARM GAS  C:\Users\Luis\AppData\Local\Temp\cccNgnvr.s 			page 5


 228              		.file 10 "../../ChibiOS/os/rt/include/chstats.h"
 229              		.file 11 "../../ChibiOS/os/rt/include/chsem.h"
 230              		.file 12 "../../ChibiOS/os/rt/include/chmtx.h"
 231              		.file 13 "header/DataFilterIIR.h"
 232              		.file 14 "../../ChibiOS/os/ext/CMSIS/include/core_cm4.h"
 233              		.section	.debug_info,"",%progbits
 234              	.Ldebug_info0:
 235 0000 EA080000 		.4byte	0x8ea
 236 0004 0400     		.2byte	0x4
 237 0006 00000000 		.4byte	.Ldebug_abbrev0
 238 000a 04       		.byte	0x4
 239 000b 01       		.uleb128 0x1
 240 000c 00040000 		.4byte	.LASF138
 241 0010 04       		.byte	0x4
 242 0011 2B070000 		.4byte	.LASF139
 243 0015 4E010000 		.4byte	.LASF140
 244 0019 00000000 		.4byte	.Ldebug_ranges0+0
 245 001d 00000000 		.4byte	0
 246 0021 00000000 		.4byte	.Ldebug_line0
 247 0025 02       		.uleb128 0x2
 248 0026 04       		.byte	0x4
 249 0027 05       		.byte	0x5
 250 0028 696E7400 		.ascii	"int\000"
 251 002c 03       		.uleb128 0x3
 252 002d 04       		.byte	0x4
 253 002e 07       		.byte	0x7
 254 002f 20020000 		.4byte	.LASF0
 255 0033 03       		.uleb128 0x3
 256 0034 01       		.byte	0x1
 257 0035 06       		.byte	0x6
 258 0036 2B010000 		.4byte	.LASF1
 259 003a 04       		.uleb128 0x4
 260 003b A1060000 		.4byte	.LASF5
 261 003f 02       		.byte	0x2
 262 0040 2A       		.byte	0x2a
 263 0041 45000000 		.4byte	0x45
 264 0045 03       		.uleb128 0x3
 265 0046 01       		.byte	0x1
 266 0047 08       		.byte	0x8
 267 0048 07050000 		.4byte	.LASF2
 268 004c 03       		.uleb128 0x3
 269 004d 02       		.byte	0x2
 270 004e 05       		.byte	0x5
 271 004f 1F050000 		.4byte	.LASF3
 272 0053 03       		.uleb128 0x3
 273 0054 02       		.byte	0x2
 274 0055 07       		.byte	0x7
 275 0056 64020000 		.4byte	.LASF4
 276 005a 04       		.uleb128 0x4
 277 005b FF040000 		.4byte	.LASF6
 278 005f 02       		.byte	0x2
 279 0060 4F       		.byte	0x4f
 280 0061 65000000 		.4byte	0x65
 281 0065 03       		.uleb128 0x3
 282 0066 04       		.byte	0x4
 283 0067 05       		.byte	0x5
 284 0068 91010000 		.4byte	.LASF7
ARM GAS  C:\Users\Luis\AppData\Local\Temp\cccNgnvr.s 			page 6


 285 006c 04       		.uleb128 0x4
 286 006d 84050000 		.4byte	.LASF8
 287 0071 02       		.byte	0x2
 288 0072 50       		.byte	0x50
 289 0073 77000000 		.4byte	0x77
 290 0077 03       		.uleb128 0x3
 291 0078 04       		.byte	0x4
 292 0079 07       		.byte	0x7
 293 007a CC050000 		.4byte	.LASF9
 294 007e 03       		.uleb128 0x3
 295 007f 08       		.byte	0x8
 296 0080 05       		.byte	0x5
 297 0081 1D010000 		.4byte	.LASF10
 298 0085 04       		.uleb128 0x4
 299 0086 3A000000 		.4byte	.LASF11
 300 008a 02       		.byte	0x2
 301 008b 78       		.byte	0x78
 302 008c 90000000 		.4byte	0x90
 303 0090 03       		.uleb128 0x3
 304 0091 08       		.byte	0x8
 305 0092 07       		.byte	0x7
 306 0093 95000000 		.4byte	.LASF12
 307 0097 05       		.uleb128 0x5
 308 0098 5A000000 		.4byte	0x5a
 309 009c 04       		.uleb128 0x4
 310 009d 2F060000 		.4byte	.LASF13
 311 00a1 03       		.byte	0x3
 312 00a2 45       		.byte	0x45
 313 00a3 6C000000 		.4byte	0x6c
 314 00a7 04       		.uleb128 0x4
 315 00a8 0D010000 		.4byte	.LASF14
 316 00ac 03       		.byte	0x3
 317 00ad 46       		.byte	0x46
 318 00ae 85000000 		.4byte	0x85
 319 00b2 04       		.uleb128 0x4
 320 00b3 BF020000 		.4byte	.LASF15
 321 00b7 03       		.byte	0x3
 322 00b8 48       		.byte	0x48
 323 00b9 3A000000 		.4byte	0x3a
 324 00bd 04       		.uleb128 0x4
 325 00be 9A010000 		.4byte	.LASF16
 326 00c2 03       		.byte	0x3
 327 00c3 49       		.byte	0x49
 328 00c4 3A000000 		.4byte	0x3a
 329 00c8 04       		.uleb128 0x4
 330 00c9 D7030000 		.4byte	.LASF17
 331 00cd 03       		.byte	0x3
 332 00ce 4A       		.byte	0x4a
 333 00cf 3A000000 		.4byte	0x3a
 334 00d3 04       		.uleb128 0x4
 335 00d4 EE040000 		.4byte	.LASF18
 336 00d8 03       		.byte	0x3
 337 00d9 4C       		.byte	0x4c
 338 00da 6C000000 		.4byte	0x6c
 339 00de 04       		.uleb128 0x4
 340 00df A1020000 		.4byte	.LASF19
 341 00e3 03       		.byte	0x3
ARM GAS  C:\Users\Luis\AppData\Local\Temp\cccNgnvr.s 			page 7


 342 00e4 4D       		.byte	0x4d
 343 00e5 5A000000 		.4byte	0x5a
 344 00e9 04       		.uleb128 0x4
 345 00ea E5020000 		.4byte	.LASF20
 346 00ee 03       		.byte	0x3
 347 00ef 4F       		.byte	0x4f
 348 00f0 6C000000 		.4byte	0x6c
 349 00f4 04       		.uleb128 0x4
 350 00f5 0F020000 		.4byte	.LASF21
 351 00f9 03       		.byte	0x3
 352 00fa 51       		.byte	0x51
 353 00fb 5A000000 		.4byte	0x5a
 354 00ff 04       		.uleb128 0x4
 355 0100 AC020000 		.4byte	.LASF22
 356 0104 03       		.byte	0x3
 357 0105 52       		.byte	0x52
 358 0106 6C000000 		.4byte	0x6c
 359 010a 04       		.uleb128 0x4
 360 010b F8050000 		.4byte	.LASF23
 361 010f 04       		.byte	0x4
 362 0110 33       		.byte	0x33
 363 0111 6C000000 		.4byte	0x6c
 364 0115 04       		.uleb128 0x4
 365 0116 E3050000 		.4byte	.LASF24
 366 011a 04       		.byte	0x4
 367 011b 3F       		.byte	0x3f
 368 011c 20010000 		.4byte	0x120
 369 0120 06       		.uleb128 0x6
 370 0121 97020000 		.4byte	.LASF54
 371 0125 68       		.byte	0x68
 372 0126 05       		.byte	0x5
 373 0127 C2       		.byte	0xc2
 374 0128 90020000 		.4byte	0x290
 375 012c 07       		.uleb128 0x7
 376 012d 04       		.byte	0x4
 377 012e 05       		.byte	0x5
 378 012f FA       		.byte	0xfa
 379 0130 89010000 		.4byte	0x189
 380 0134 08       		.uleb128 0x8
 381 0135 33000000 		.4byte	.LASF25
 382 0139 05       		.byte	0x5
 383 013a 0101     		.2byte	0x101
 384 013c DE000000 		.4byte	0xde
 385 0140 08       		.uleb128 0x8
 386 0141 C7000000 		.4byte	.LASF26
 387 0145 05       		.byte	0x5
 388 0146 0801     		.2byte	0x108
 389 0148 DE000000 		.4byte	0xde
 390 014c 08       		.uleb128 0x8
 391 014d A9060000 		.4byte	.LASF27
 392 0151 05       		.byte	0x5
 393 0152 0F01     		.2byte	0x10f
 394 0154 78030000 		.4byte	0x378
 395 0158 08       		.uleb128 0x8
 396 0159 2D000000 		.4byte	.LASF28
 397 015d 05       		.byte	0x5
 398 015e 1601     		.2byte	0x116
ARM GAS  C:\Users\Luis\AppData\Local\Temp\cccNgnvr.s 			page 8


 399 0160 F7060000 		.4byte	0x6f7
 400 0164 08       		.uleb128 0x8
 401 0165 35020000 		.4byte	.LASF29
 402 0169 05       		.byte	0x5
 403 016a 1E01     		.2byte	0x11e
 404 016c 22070000 		.4byte	0x722
 405 0170 08       		.uleb128 0x8
 406 0171 8D050000 		.4byte	.LASF30
 407 0175 05       		.byte	0x5
 408 0176 2701     		.2byte	0x127
 409 0178 59070000 		.4byte	0x759
 410 017c 08       		.uleb128 0x8
 411 017d 38050000 		.4byte	.LASF31
 412 0181 05       		.byte	0x5
 413 0182 2F01     		.2byte	0x12f
 414 0184 E9000000 		.4byte	0xe9
 415 0188 00       		.byte	0
 416 0189 09       		.uleb128 0x9
 417 018a 3F050000 		.4byte	.LASF32
 418 018e 05       		.byte	0x5
 419 018f C3       		.byte	0xc3
 420 0190 9B020000 		.4byte	0x29b
 421 0194 00       		.byte	0
 422 0195 09       		.uleb128 0x9
 423 0196 F9030000 		.4byte	.LASF33
 424 019a 05       		.byte	0x5
 425 019b C5       		.byte	0xc5
 426 019c 9B020000 		.4byte	0x29b
 427 01a0 04       		.byte	0x4
 428 01a1 09       		.uleb128 0x9
 429 01a2 16010000 		.4byte	.LASF34
 430 01a6 05       		.byte	0x5
 431 01a7 C7       		.byte	0xc7
 432 01a8 D3000000 		.4byte	0xd3
 433 01ac 08       		.byte	0x8
 434 01ad 09       		.uleb128 0x9
 435 01ae 4A070000 		.4byte	.LASF35
 436 01b2 05       		.byte	0x5
 437 01b3 C8       		.byte	0xc8
 438 01b4 04050000 		.4byte	0x504
 439 01b8 0C       		.byte	0xc
 440 01b9 09       		.uleb128 0x9
 441 01ba AE010000 		.4byte	.LASF36
 442 01be 05       		.byte	0x5
 443 01bf CA       		.byte	0xca
 444 01c0 9B020000 		.4byte	0x29b
 445 01c4 10       		.byte	0x10
 446 01c5 09       		.uleb128 0x9
 447 01c6 6F030000 		.4byte	.LASF37
 448 01ca 05       		.byte	0x5
 449 01cb CB       		.byte	0xcb
 450 01cc 9B020000 		.4byte	0x29b
 451 01d0 14       		.byte	0x14
 452 01d1 09       		.uleb128 0x9
 453 01d2 B0060000 		.4byte	.LASF38
 454 01d6 05       		.byte	0x5
 455 01d7 D2       		.byte	0xd2
ARM GAS  C:\Users\Luis\AppData\Local\Temp\cccNgnvr.s 			page 9


 456 01d8 5F070000 		.4byte	0x75f
 457 01dc 18       		.byte	0x18
 458 01dd 09       		.uleb128 0x9
 459 01de 15020000 		.4byte	.LASF39
 460 01e2 05       		.byte	0x5
 461 01e3 D8       		.byte	0xd8
 462 01e4 71070000 		.4byte	0x771
 463 01e8 1C       		.byte	0x1c
 464 01e9 09       		.uleb128 0x9
 465 01ea 29050000 		.4byte	.LASF40
 466 01ee 05       		.byte	0x5
 467 01ef DD       		.byte	0xdd
 468 01f0 BD000000 		.4byte	0xbd
 469 01f4 20       		.byte	0x20
 470 01f5 09       		.uleb128 0x9
 471 01f6 D3060000 		.4byte	.LASF41
 472 01fa 05       		.byte	0x5
 473 01fb E1       		.byte	0xe1
 474 01fc B2000000 		.4byte	0xb2
 475 0200 21       		.byte	0x21
 476 0201 09       		.uleb128 0x9
 477 0202 6A060000 		.4byte	.LASF42
 478 0206 05       		.byte	0x5
 479 0207 E6       		.byte	0xe6
 480 0208 C8000000 		.4byte	0xc8
 481 020c 22       		.byte	0x22
 482 020d 0A       		.uleb128 0xa
 483 020e 705F7500 		.ascii	"p_u\000"
 484 0212 05       		.byte	0x5
 485 0213 3101     		.2byte	0x131
 486 0215 2C010000 		.4byte	0x12c
 487 0219 24       		.byte	0x24
 488 021a 0B       		.uleb128 0xb
 489 021b 10030000 		.4byte	.LASF43
 490 021f 05       		.byte	0x5
 491 0220 3601     		.2byte	0x136
 492 0222 A1020000 		.4byte	0x2a1
 493 0226 28       		.byte	0x28
 494 0227 0B       		.uleb128 0xb
 495 0228 3C020000 		.4byte	.LASF44
 496 022c 05       		.byte	0x5
 497 022d 3C01     		.2byte	0x13c
 498 022f C5020000 		.4byte	0x2c5
 499 0233 2C       		.byte	0x2c
 500 0234 0B       		.uleb128 0xb
 501 0235 FF060000 		.4byte	.LASF45
 502 0239 05       		.byte	0x5
 503 023a 4001     		.2byte	0x140
 504 023c DE000000 		.4byte	0xde
 505 0240 34       		.byte	0x34
 506 0241 0B       		.uleb128 0xb
 507 0242 79050000 		.4byte	.LASF46
 508 0246 05       		.byte	0x5
 509 0247 4601     		.2byte	0x146
 510 0249 E9000000 		.4byte	0xe9
 511 024d 38       		.byte	0x38
 512 024e 0B       		.uleb128 0xb
ARM GAS  C:\Users\Luis\AppData\Local\Temp\cccNgnvr.s 			page 10


 513 024f 15050000 		.4byte	.LASF47
 514 0253 05       		.byte	0x5
 515 0254 4D01     		.2byte	0x14d
 516 0256 59070000 		.4byte	0x759
 517 025a 3C       		.byte	0x3c
 518 025b 0B       		.uleb128 0xb
 519 025c 02060000 		.4byte	.LASF48
 520 0260 05       		.byte	0x5
 521 0261 5101     		.2byte	0x151
 522 0263 D3000000 		.4byte	0xd3
 523 0267 40       		.byte	0x40
 524 0268 0B       		.uleb128 0xb
 525 0269 37010000 		.4byte	.LASF49
 526 026d 05       		.byte	0x5
 527 026e 5801     		.2byte	0x158
 528 0270 78030000 		.4byte	0x378
 529 0274 44       		.byte	0x44
 530 0275 0B       		.uleb128 0xb
 531 0276 46050000 		.4byte	.LASF50
 532 027a 05       		.byte	0x5
 533 027b 5E01     		.2byte	0x15e
 534 027d A4060000 		.4byte	0x6a4
 535 0281 48       		.byte	0x48
 536 0282 0B       		.uleb128 0xb
 537 0283 47020000 		.4byte	.LASF51
 538 0287 05       		.byte	0x5
 539 0288 6201     		.2byte	0x162
 540 028a 78030000 		.4byte	0x378
 541 028e 60       		.byte	0x60
 542 028f 00       		.byte	0
 543 0290 04       		.uleb128 0x4
 544 0291 23030000 		.4byte	.LASF52
 545 0295 04       		.byte	0x4
 546 0296 44       		.byte	0x44
 547 0297 9B020000 		.4byte	0x29b
 548 029b 0C       		.uleb128 0xc
 549 029c 04       		.byte	0x4
 550 029d 15010000 		.4byte	0x115
 551 02a1 04       		.uleb128 0x4
 552 02a2 B7060000 		.4byte	.LASF53
 553 02a6 04       		.byte	0x4
 554 02a7 49       		.byte	0x49
 555 02a8 AC020000 		.4byte	0x2ac
 556 02ac 06       		.uleb128 0x6
 557 02ad A5050000 		.4byte	.LASF55
 558 02b1 04       		.byte	0x4
 559 02b2 05       		.byte	0x5
 560 02b3 B0       		.byte	0xb0
 561 02b4 C5020000 		.4byte	0x2c5
 562 02b8 09       		.uleb128 0x9
 563 02b9 3F050000 		.4byte	.LASF32
 564 02bd 05       		.byte	0x5
 565 02be B1       		.byte	0xb1
 566 02bf 9B020000 		.4byte	0x29b
 567 02c3 00       		.byte	0
 568 02c4 00       		.byte	0
 569 02c5 04       		.uleb128 0x4
ARM GAS  C:\Users\Luis\AppData\Local\Temp\cccNgnvr.s 			page 11


 570 02c6 51060000 		.4byte	.LASF56
 571 02ca 04       		.byte	0x4
 572 02cb 50       		.byte	0x50
 573 02cc D0020000 		.4byte	0x2d0
 574 02d0 06       		.uleb128 0x6
 575 02d1 5C000000 		.4byte	.LASF57
 576 02d5 08       		.byte	0x8
 577 02d6 05       		.byte	0x5
 578 02d7 B7       		.byte	0xb7
 579 02d8 F5020000 		.4byte	0x2f5
 580 02dc 09       		.uleb128 0x9
 581 02dd 3F050000 		.4byte	.LASF32
 582 02e1 05       		.byte	0x5
 583 02e2 B8       		.byte	0xb8
 584 02e3 9B020000 		.4byte	0x29b
 585 02e7 00       		.byte	0
 586 02e8 09       		.uleb128 0x9
 587 02e9 F9030000 		.4byte	.LASF33
 588 02ed 05       		.byte	0x5
 589 02ee B9       		.byte	0xb9
 590 02ef 9B020000 		.4byte	0x29b
 591 02f3 04       		.byte	0x4
 592 02f4 00       		.byte	0
 593 02f5 04       		.uleb128 0x4
 594 02f6 0E000000 		.4byte	.LASF58
 595 02fa 04       		.byte	0x4
 596 02fb 57       		.byte	0x57
 597 02fc 00030000 		.4byte	0x300
 598 0300 0D       		.uleb128 0xd
 599 0301 D7020000 		.4byte	.LASF59
 600 0305 1C       		.byte	0x1c
 601 0306 05       		.byte	0x5
 602 0307 9001     		.2byte	0x190
 603 0309 5C030000 		.4byte	0x35c
 604 030d 0B       		.uleb128 0xb
 605 030e 94050000 		.4byte	.LASF60
 606 0312 05       		.byte	0x5
 607 0313 9101     		.2byte	0x191
 608 0315 C5020000 		.4byte	0x2c5
 609 0319 00       		.byte	0
 610 031a 0B       		.uleb128 0xb
 611 031b 31050000 		.4byte	.LASF61
 612 031f 05       		.byte	0x5
 613 0320 9201     		.2byte	0x192
 614 0322 D3000000 		.4byte	0xd3
 615 0326 08       		.byte	0x8
 616 0327 0B       		.uleb128 0xb
 617 0328 77030000 		.4byte	.LASF62
 618 032c 05       		.byte	0x5
 619 032d 9401     		.2byte	0x194
 620 032f 04050000 		.4byte	0x504
 621 0333 0C       		.byte	0xc
 622 0334 0B       		.uleb128 0xb
 623 0335 C6010000 		.4byte	.LASF63
 624 0339 05       		.byte	0x5
 625 033a 9701     		.2byte	0x197
 626 033c 9B020000 		.4byte	0x29b
ARM GAS  C:\Users\Luis\AppData\Local\Temp\cccNgnvr.s 			page 12


 627 0340 10       		.byte	0x10
 628 0341 0B       		.uleb128 0xb
 629 0342 BE030000 		.4byte	.LASF64
 630 0346 05       		.byte	0x5
 631 0347 9801     		.2byte	0x198
 632 0349 9B020000 		.4byte	0x29b
 633 034d 14       		.byte	0x14
 634 034e 0B       		.uleb128 0xb
 635 034f B4030000 		.4byte	.LASF65
 636 0353 05       		.byte	0x5
 637 0354 9B01     		.2byte	0x19b
 638 0356 9B020000 		.4byte	0x29b
 639 035a 18       		.byte	0x18
 640 035b 00       		.byte	0
 641 035c 04       		.uleb128 0x4
 642 035d 0D060000 		.4byte	.LASF66
 643 0361 04       		.byte	0x4
 644 0362 5C       		.byte	0x5c
 645 0363 67030000 		.4byte	0x367
 646 0367 0C       		.uleb128 0xc
 647 0368 04       		.byte	0x4
 648 0369 6D030000 		.4byte	0x36d
 649 036d 0E       		.uleb128 0xe
 650 036e 78030000 		.4byte	0x378
 651 0372 0F       		.uleb128 0xf
 652 0373 78030000 		.4byte	0x378
 653 0377 00       		.byte	0
 654 0378 10       		.uleb128 0x10
 655 0379 04       		.byte	0x4
 656 037a 04       		.uleb128 0x4
 657 037b E9030000 		.4byte	.LASF67
 658 037f 04       		.byte	0x4
 659 0380 61       		.byte	0x61
 660 0381 85030000 		.4byte	0x385
 661 0385 0D       		.uleb128 0xd
 662 0386 5B050000 		.4byte	.LASF68
 663 038a 14       		.byte	0x14
 664 038b 05       		.byte	0x5
 665 038c 6B01     		.2byte	0x16b
 666 038e D4030000 		.4byte	0x3d4
 667 0392 0B       		.uleb128 0xb
 668 0393 2D020000 		.4byte	.LASF69
 669 0397 05       		.byte	0x5
 670 0398 6C01     		.2byte	0x16c
 671 039a 77070000 		.4byte	0x777
 672 039e 00       		.byte	0
 673 039f 0B       		.uleb128 0xb
 674 03a0 D7010000 		.4byte	.LASF70
 675 03a4 05       		.byte	0x5
 676 03a5 6D01     		.2byte	0x16d
 677 03a7 77070000 		.4byte	0x777
 678 03ab 04       		.byte	0x4
 679 03ac 0B       		.uleb128 0xb
 680 03ad 9C050000 		.4byte	.LASF71
 681 03b1 05       		.byte	0x5
 682 03b2 6E01     		.2byte	0x16e
 683 03b4 0A010000 		.4byte	0x10a
ARM GAS  C:\Users\Luis\AppData\Local\Temp\cccNgnvr.s 			page 13


 684 03b8 08       		.byte	0x8
 685 03b9 0B       		.uleb128 0xb
 686 03ba 50070000 		.4byte	.LASF72
 687 03be 05       		.byte	0x5
 688 03bf 6F01     		.2byte	0x16f
 689 03c1 5C030000 		.4byte	0x35c
 690 03c5 0C       		.byte	0xc
 691 03c6 0B       		.uleb128 0xb
 692 03c7 4A060000 		.4byte	.LASF73
 693 03cb 05       		.byte	0x5
 694 03cc 7101     		.2byte	0x171
 695 03ce 78030000 		.4byte	0x378
 696 03d2 10       		.byte	0x10
 697 03d3 00       		.byte	0
 698 03d4 04       		.uleb128 0x4
 699 03d5 EA000000 		.4byte	.LASF74
 700 03d9 04       		.byte	0x4
 701 03da 66       		.byte	0x66
 702 03db DF030000 		.4byte	0x3df
 703 03df 0D       		.uleb128 0xd
 704 03e0 36030000 		.4byte	.LASF75
 705 03e4 10       		.byte	0x10
 706 03e5 05       		.byte	0x5
 707 03e6 7B01     		.2byte	0x17b
 708 03e8 21040000 		.4byte	0x421
 709 03ec 0B       		.uleb128 0xb
 710 03ed 2D020000 		.4byte	.LASF69
 711 03f1 05       		.byte	0x5
 712 03f2 7C01     		.2byte	0x17c
 713 03f4 77070000 		.4byte	0x777
 714 03f8 00       		.byte	0
 715 03f9 0B       		.uleb128 0xb
 716 03fa D7010000 		.4byte	.LASF70
 717 03fe 05       		.byte	0x5
 718 03ff 7E01     		.2byte	0x17e
 719 0401 77070000 		.4byte	0x777
 720 0405 04       		.byte	0x4
 721 0406 0B       		.uleb128 0xb
 722 0407 9C050000 		.4byte	.LASF71
 723 040b 05       		.byte	0x5
 724 040c 8001     		.2byte	0x180
 725 040e 0A010000 		.4byte	0x10a
 726 0412 08       		.byte	0x8
 727 0413 0B       		.uleb128 0xb
 728 0414 63030000 		.4byte	.LASF76
 729 0418 05       		.byte	0x5
 730 0419 8801     		.2byte	0x188
 731 041b 0A010000 		.4byte	0x10a
 732 041f 0C       		.byte	0xc
 733 0420 00       		.byte	0
 734 0421 04       		.uleb128 0x4
 735 0422 6D000000 		.4byte	.LASF77
 736 0426 04       		.byte	0x4
 737 0427 6B       		.byte	0x6b
 738 0428 2C040000 		.4byte	0x42c
 739 042c 11       		.uleb128 0x11
 740 042d DF010000 		.4byte	.LASF78
ARM GAS  C:\Users\Luis\AppData\Local\Temp\cccNgnvr.s 			page 14


 741 0431 1404     		.2byte	0x414
 742 0433 05       		.byte	0x5
 743 0434 A201     		.2byte	0x1a2
 744 0436 6F040000 		.4byte	0x46f
 745 043a 0B       		.uleb128 0xb
 746 043b 16060000 		.4byte	.LASF79
 747 043f 05       		.byte	0x5
 748 0440 AA01     		.2byte	0x1aa
 749 0442 7D070000 		.4byte	0x77d
 750 0446 00       		.byte	0
 751 0447 0B       		.uleb128 0xb
 752 0448 71060000 		.4byte	.LASF80
 753 044c 05       		.byte	0x5
 754 044d AF01     		.2byte	0x1af
 755 044f F4000000 		.4byte	0xf4
 756 0453 04       		.byte	0x4
 757 0454 0B       		.uleb128 0xb
 758 0455 F7010000 		.4byte	.LASF81
 759 0459 05       		.byte	0x5
 760 045a B301     		.2byte	0x1b3
 761 045c F4000000 		.4byte	0xf4
 762 0460 08       		.byte	0x8
 763 0461 0B       		.uleb128 0xb
 764 0462 C6060000 		.4byte	.LASF82
 765 0466 05       		.byte	0x5
 766 0467 B901     		.2byte	0x1b9
 767 0469 2E060000 		.4byte	0x62e
 768 046d 0C       		.byte	0xc
 769 046e 00       		.byte	0
 770 046f 04       		.uleb128 0x4
 771 0470 B3020000 		.4byte	.LASF83
 772 0474 04       		.byte	0x4
 773 0475 70       		.byte	0x70
 774 0476 7A040000 		.4byte	0x47a
 775 047a 11       		.uleb128 0x11
 776 047b 87010000 		.4byte	.LASF84
 777 047f E805     		.2byte	0x5e8
 778 0481 05       		.byte	0x5
 779 0482 C201     		.2byte	0x1c2
 780 0484 E7040000 		.4byte	0x4e7
 781 0488 0B       		.uleb128 0xb
 782 0489 9B060000 		.4byte	.LASF85
 783 048d 05       		.byte	0x5
 784 048e C601     		.2byte	0x1c6
 785 0490 F5020000 		.4byte	0x2f5
 786 0494 00       		.byte	0
 787 0495 0B       		.uleb128 0xb
 788 0496 47010000 		.4byte	.LASF86
 789 049a 05       		.byte	0x5
 790 049b CA01     		.2byte	0x1ca
 791 049d D4030000 		.4byte	0x3d4
 792 04a1 1C       		.byte	0x1c
 793 04a2 0A       		.uleb128 0xa
 794 04a3 64626700 		.ascii	"dbg\000"
 795 04a7 05       		.byte	0x5
 796 04a8 CE01     		.2byte	0x1ce
 797 04aa 21040000 		.4byte	0x421
ARM GAS  C:\Users\Luis\AppData\Local\Temp\cccNgnvr.s 			page 15


 798 04ae 2C       		.byte	0x2c
 799 04af 12       		.uleb128 0x12
 800 04b0 D0000000 		.4byte	.LASF87
 801 04b4 05       		.byte	0x5
 802 04b5 D201     		.2byte	0x1d2
 803 04b7 15010000 		.4byte	0x115
 804 04bb 4004     		.2byte	0x440
 805 04bd 13       		.uleb128 0x13
 806 04be 746D00   		.ascii	"tm\000"
 807 04c1 05       		.byte	0x5
 808 04c2 D701     		.2byte	0x1d7
 809 04c4 52060000 		.4byte	0x652
 810 04c8 A804     		.2byte	0x4a8
 811 04ca 12       		.uleb128 0x12
 812 04cb 43000000 		.4byte	.LASF88
 813 04cf 05       		.byte	0x5
 814 04d0 DD01     		.2byte	0x1dd
 815 04d2 EC060000 		.4byte	0x6ec
 816 04d6 B004     		.2byte	0x4b0
 817 04d8 12       		.uleb128 0x12
 818 04d9 00020000 		.4byte	.LASF89
 819 04dd 05       		.byte	0x5
 820 04de E301     		.2byte	0x1e3
 821 04e0 82070000 		.4byte	0x782
 822 04e4 E804     		.2byte	0x4e8
 823 04e6 00       		.byte	0
 824 04e7 03       		.uleb128 0x3
 825 04e8 04       		.byte	0x4
 826 04e9 07       		.byte	0x7
 827 04ea 1A030000 		.4byte	.LASF90
 828 04ee 04       		.uleb128 0x4
 829 04ef CE010000 		.4byte	.LASF91
 830 04f3 06       		.byte	0x6
 831 04f4 65       		.byte	0x65
 832 04f5 78030000 		.4byte	0x378
 833 04f9 04       		.uleb128 0x4
 834 04fa 05030000 		.4byte	.LASF92
 835 04fe 06       		.byte	0x6
 836 04ff 6D       		.byte	0x6d
 837 0500 85000000 		.4byte	0x85
 838 0504 06       		.uleb128 0x6
 839 0505 27060000 		.4byte	.LASF93
 840 0509 04       		.byte	0x4
 841 050a 06       		.byte	0x6
 842 050b 89       		.byte	0x89
 843 050c 1D050000 		.4byte	0x51d
 844 0510 14       		.uleb128 0x14
 845 0511 72313300 		.ascii	"r13\000"
 846 0515 06       		.byte	0x6
 847 0516 8A       		.byte	0x8a
 848 0517 98050000 		.4byte	0x598
 849 051b 00       		.byte	0
 850 051c 00       		.byte	0
 851 051d 06       		.uleb128 0x6
 852 051e 50000000 		.4byte	.LASF94
 853 0522 24       		.byte	0x24
 854 0523 07       		.byte	0x7
ARM GAS  C:\Users\Luis\AppData\Local\Temp\cccNgnvr.s 			page 16


 855 0524 F4       		.byte	0xf4
 856 0525 98050000 		.4byte	0x598
 857 0529 0A       		.uleb128 0xa
 858 052a 723400   		.ascii	"r4\000"
 859 052d 07       		.byte	0x7
 860 052e 0701     		.2byte	0x107
 861 0530 EE040000 		.4byte	0x4ee
 862 0534 00       		.byte	0
 863 0535 0A       		.uleb128 0xa
 864 0536 723500   		.ascii	"r5\000"
 865 0539 07       		.byte	0x7
 866 053a 0801     		.2byte	0x108
 867 053c EE040000 		.4byte	0x4ee
 868 0540 04       		.byte	0x4
 869 0541 0A       		.uleb128 0xa
 870 0542 723600   		.ascii	"r6\000"
 871 0545 07       		.byte	0x7
 872 0546 0901     		.2byte	0x109
 873 0548 EE040000 		.4byte	0x4ee
 874 054c 08       		.byte	0x8
 875 054d 0A       		.uleb128 0xa
 876 054e 723700   		.ascii	"r7\000"
 877 0551 07       		.byte	0x7
 878 0552 0A01     		.2byte	0x10a
 879 0554 EE040000 		.4byte	0x4ee
 880 0558 0C       		.byte	0xc
 881 0559 0A       		.uleb128 0xa
 882 055a 723800   		.ascii	"r8\000"
 883 055d 07       		.byte	0x7
 884 055e 0B01     		.2byte	0x10b
 885 0560 EE040000 		.4byte	0x4ee
 886 0564 10       		.byte	0x10
 887 0565 0A       		.uleb128 0xa
 888 0566 723900   		.ascii	"r9\000"
 889 0569 07       		.byte	0x7
 890 056a 0C01     		.2byte	0x10c
 891 056c EE040000 		.4byte	0x4ee
 892 0570 14       		.byte	0x14
 893 0571 0A       		.uleb128 0xa
 894 0572 72313000 		.ascii	"r10\000"
 895 0576 07       		.byte	0x7
 896 0577 0D01     		.2byte	0x10d
 897 0579 EE040000 		.4byte	0x4ee
 898 057d 18       		.byte	0x18
 899 057e 0A       		.uleb128 0xa
 900 057f 72313100 		.ascii	"r11\000"
 901 0583 07       		.byte	0x7
 902 0584 0E01     		.2byte	0x10e
 903 0586 EE040000 		.4byte	0x4ee
 904 058a 1C       		.byte	0x1c
 905 058b 0A       		.uleb128 0xa
 906 058c 6C7200   		.ascii	"lr\000"
 907 058f 07       		.byte	0x7
 908 0590 0F01     		.2byte	0x10f
 909 0592 EE040000 		.4byte	0x4ee
 910 0596 20       		.byte	0x20
 911 0597 00       		.byte	0
ARM GAS  C:\Users\Luis\AppData\Local\Temp\cccNgnvr.s 			page 17


 912 0598 0C       		.uleb128 0xc
 913 0599 04       		.byte	0x4
 914 059a 1D050000 		.4byte	0x51d
 915 059e 15       		.uleb128 0x15
 916 059f 10       		.byte	0x10
 917 05a0 08       		.byte	0x8
 918 05a1 51       		.byte	0x51
 919 05a2 86020000 		.4byte	.LASF104
 920 05a6 DB050000 		.4byte	0x5db
 921 05aa 09       		.uleb128 0x9
 922 05ab 1B000000 		.4byte	.LASF95
 923 05af 08       		.byte	0x8
 924 05b0 55       		.byte	0x55
 925 05b1 0A010000 		.4byte	0x10a
 926 05b5 00       		.byte	0
 927 05b6 09       		.uleb128 0x9
 928 05b7 A3010000 		.4byte	.LASF96
 929 05bb 08       		.byte	0x8
 930 05bc 59       		.byte	0x59
 931 05bd 9B020000 		.4byte	0x29b
 932 05c1 04       		.byte	0x4
 933 05c2 09       		.uleb128 0x9
 934 05c3 54020000 		.4byte	.LASF97
 935 05c7 08       		.byte	0x8
 936 05c8 5D       		.byte	0x5d
 937 05c9 78030000 		.4byte	0x378
 938 05cd 08       		.byte	0x8
 939 05ce 09       		.uleb128 0x9
 940 05cf BE000000 		.4byte	.LASF98
 941 05d3 08       		.byte	0x8
 942 05d4 61       		.byte	0x61
 943 05d5 3A000000 		.4byte	0x3a
 944 05d9 0C       		.byte	0xc
 945 05da 00       		.byte	0
 946 05db 04       		.uleb128 0x4
 947 05dc 54030000 		.4byte	.LASF99
 948 05e0 08       		.byte	0x8
 949 05e1 62       		.byte	0x62
 950 05e2 9E050000 		.4byte	0x59e
 951 05e6 16       		.uleb128 0x16
 952 05e7 0804     		.2byte	0x408
 953 05e9 08       		.byte	0x8
 954 05ea 67       		.byte	0x67
 955 05eb F1020000 		.4byte	.LASF141
 956 05ef 18060000 		.4byte	0x618
 957 05f3 09       		.uleb128 0x9
 958 05f4 BE010000 		.4byte	.LASF100
 959 05f8 08       		.byte	0x8
 960 05f9 6B       		.byte	0x6b
 961 05fa 2C000000 		.4byte	0x2c
 962 05fe 00       		.byte	0
 963 05ff 09       		.uleb128 0x9
 964 0600 4D030000 		.4byte	.LASF101
 965 0604 08       		.byte	0x8
 966 0605 6F       		.byte	0x6f
 967 0606 18060000 		.4byte	0x618
 968 060a 04       		.byte	0x4
ARM GAS  C:\Users\Luis\AppData\Local\Temp\cccNgnvr.s 			page 18


 969 060b 09       		.uleb128 0x9
 970 060c DF030000 		.4byte	.LASF102
 971 0610 08       		.byte	0x8
 972 0611 73       		.byte	0x73
 973 0612 1E060000 		.4byte	0x61e
 974 0616 08       		.byte	0x8
 975 0617 00       		.byte	0
 976 0618 0C       		.uleb128 0xc
 977 0619 04       		.byte	0x4
 978 061a DB050000 		.4byte	0x5db
 979 061e 17       		.uleb128 0x17
 980 061f DB050000 		.4byte	0x5db
 981 0623 2E060000 		.4byte	0x62e
 982 0627 18       		.uleb128 0x18
 983 0628 E7040000 		.4byte	0x4e7
 984 062c 3F       		.byte	0x3f
 985 062d 00       		.byte	0
 986 062e 04       		.uleb128 0x4
 987 062f AC000000 		.4byte	.LASF103
 988 0633 08       		.byte	0x8
 989 0634 74       		.byte	0x74
 990 0635 E6050000 		.4byte	0x5e6
 991 0639 15       		.uleb128 0x15
 992 063a 04       		.byte	0x4
 993 063b 09       		.byte	0x9
 994 063c 38       		.byte	0x38
 995 063d 05070000 		.4byte	.LASF105
 996 0641 52060000 		.4byte	0x652
 997 0645 09       		.uleb128 0x9
 998 0646 20060000 		.4byte	.LASF106
 999 064a 09       		.byte	0x9
 1000 064b 3C       		.byte	0x3c
 1001 064c 9C000000 		.4byte	0x9c
 1002 0650 00       		.byte	0
 1003 0651 00       		.byte	0
 1004 0652 04       		.uleb128 0x4
 1005 0653 A3030000 		.4byte	.LASF107
 1006 0657 09       		.byte	0x9
 1007 0658 3D       		.byte	0x3d
 1008 0659 39060000 		.4byte	0x639
 1009 065d 15       		.uleb128 0x15
 1010 065e 18       		.byte	0x18
 1011 065f 09       		.byte	0x9
 1012 0660 48       		.byte	0x48
 1013 0661 7D030000 		.4byte	.LASF108
 1014 0665 A4060000 		.4byte	0x6a4
 1015 0669 09       		.uleb128 0x9
 1016 066a EC050000 		.4byte	.LASF109
 1017 066e 09       		.byte	0x9
 1018 066f 49       		.byte	0x49
 1019 0670 9C000000 		.4byte	0x9c
 1020 0674 00       		.byte	0
 1021 0675 09       		.uleb128 0x9
 1022 0676 7C000000 		.4byte	.LASF110
 1023 067a 09       		.byte	0x9
 1024 067b 4A       		.byte	0x4a
 1025 067c 9C000000 		.4byte	0x9c
ARM GAS  C:\Users\Luis\AppData\Local\Temp\cccNgnvr.s 			page 19


 1026 0680 04       		.byte	0x4
 1027 0681 09       		.uleb128 0x9
 1028 0682 A7020000 		.4byte	.LASF111
 1029 0686 09       		.byte	0x9
 1030 0687 4B       		.byte	0x4b
 1031 0688 9C000000 		.4byte	0x9c
 1032 068c 08       		.byte	0x8
 1033 068d 14       		.uleb128 0x14
 1034 068e 6E00     		.ascii	"n\000"
 1035 0690 09       		.byte	0x9
 1036 0691 4C       		.byte	0x4c
 1037 0692 FF000000 		.4byte	0xff
 1038 0696 0C       		.byte	0xc
 1039 0697 09       		.uleb128 0x9
 1040 0698 C6030000 		.4byte	.LASF112
 1041 069c 09       		.byte	0x9
 1042 069d 4D       		.byte	0x4d
 1043 069e A7000000 		.4byte	0xa7
 1044 06a2 10       		.byte	0x10
 1045 06a3 00       		.byte	0
 1046 06a4 04       		.uleb128 0x4
 1047 06a5 82000000 		.4byte	.LASF113
 1048 06a9 09       		.byte	0x9
 1049 06aa 4E       		.byte	0x4e
 1050 06ab 5D060000 		.4byte	0x65d
 1051 06af 15       		.uleb128 0x15
 1052 06b0 38       		.byte	0x38
 1053 06b1 0A       		.byte	0xa
 1054 06b2 38       		.byte	0x38
 1055 06b3 92030000 		.4byte	.LASF114
 1056 06b7 EC060000 		.4byte	0x6ec
 1057 06bb 09       		.uleb128 0x9
 1058 06bc 4E020000 		.4byte	.LASF115
 1059 06c0 0A       		.byte	0xa
 1060 06c1 39       		.byte	0x39
 1061 06c2 FF000000 		.4byte	0xff
 1062 06c6 00       		.byte	0
 1063 06c7 09       		.uleb128 0x9
 1064 06c8 F6040000 		.4byte	.LASF116
 1065 06cc 0A       		.byte	0xa
 1066 06cd 3A       		.byte	0x3a
 1067 06ce FF000000 		.4byte	0xff
 1068 06d2 04       		.byte	0x4
 1069 06d3 09       		.uleb128 0x9
 1070 06d4 18070000 		.4byte	.LASF117
 1071 06d8 0A       		.byte	0xa
 1072 06d9 3B       		.byte	0x3b
 1073 06da A4060000 		.4byte	0x6a4
 1074 06de 08       		.byte	0x8
 1075 06df 09       		.uleb128 0x9
 1076 06e0 CC020000 		.4byte	.LASF118
 1077 06e4 0A       		.byte	0xa
 1078 06e5 3D       		.byte	0x3d
 1079 06e6 A4060000 		.4byte	0x6a4
 1080 06ea 20       		.byte	0x20
 1081 06eb 00       		.byte	0
 1082 06ec 04       		.uleb128 0x4
ARM GAS  C:\Users\Luis\AppData\Local\Temp\cccNgnvr.s 			page 20


 1083 06ed 77020000 		.4byte	.LASF119
 1084 06f1 0A       		.byte	0xa
 1085 06f2 3F       		.byte	0x3f
 1086 06f3 AF060000 		.4byte	0x6af
 1087 06f7 0C       		.uleb128 0xc
 1088 06f8 04       		.byte	0x4
 1089 06f9 90020000 		.4byte	0x290
 1090 06fd 06       		.uleb128 0x6
 1091 06fe 6C050000 		.4byte	.LASF120
 1092 0702 0C       		.byte	0xc
 1093 0703 0B       		.byte	0xb
 1094 0704 34       		.byte	0x34
 1095 0705 22070000 		.4byte	0x722
 1096 0709 09       		.uleb128 0x9
 1097 070a B6010000 		.4byte	.LASF121
 1098 070e 0B       		.byte	0xb
 1099 070f 35       		.byte	0x35
 1100 0710 C5020000 		.4byte	0x2c5
 1101 0714 00       		.byte	0
 1102 0715 09       		.uleb128 0x9
 1103 0716 5E020000 		.4byte	.LASF122
 1104 071a 0B       		.byte	0xb
 1105 071b 37       		.byte	0x37
 1106 071c F4000000 		.4byte	0xf4
 1107 0720 08       		.byte	0x8
 1108 0721 00       		.byte	0
 1109 0722 0C       		.uleb128 0xc
 1110 0723 04       		.byte	0x4
 1111 0724 FD060000 		.4byte	0x6fd
 1112 0728 06       		.uleb128 0x6
 1113 0729 61060000 		.4byte	.LASF123
 1114 072d 10       		.byte	0x10
 1115 072e 0C       		.byte	0xc
 1116 072f 39       		.byte	0x39
 1117 0730 59070000 		.4byte	0x759
 1118 0734 09       		.uleb128 0x9
 1119 0735 3F010000 		.4byte	.LASF124
 1120 0739 0C       		.byte	0xc
 1121 073a 3A       		.byte	0x3a
 1122 073b C5020000 		.4byte	0x2c5
 1123 073f 00       		.byte	0
 1124 0740 09       		.uleb128 0x9
 1125 0741 23070000 		.4byte	.LASF125
 1126 0745 0C       		.byte	0xc
 1127 0746 3C       		.byte	0x3c
 1128 0747 9B020000 		.4byte	0x29b
 1129 074b 08       		.byte	0x8
 1130 074c 09       		.uleb128 0x9
 1131 074d F1050000 		.4byte	.LASF126
 1132 0751 0C       		.byte	0xc
 1133 0752 3E       		.byte	0x3e
 1134 0753 9D070000 		.4byte	0x79d
 1135 0757 0C       		.byte	0xc
 1136 0758 00       		.byte	0
 1137 0759 0C       		.uleb128 0xc
 1138 075a 04       		.byte	0x4
 1139 075b 28070000 		.4byte	0x728
ARM GAS  C:\Users\Luis\AppData\Local\Temp\cccNgnvr.s 			page 21


 1140 075f 0C       		.uleb128 0xc
 1141 0760 04       		.byte	0x4
 1142 0761 65070000 		.4byte	0x765
 1143 0765 19       		.uleb128 0x19
 1144 0766 6A070000 		.4byte	0x76a
 1145 076a 03       		.uleb128 0x3
 1146 076b 01       		.byte	0x1
 1147 076c 08       		.byte	0x8
 1148 076d DE050000 		.4byte	.LASF127
 1149 0771 0C       		.uleb128 0xc
 1150 0772 04       		.byte	0x4
 1151 0773 F9040000 		.4byte	0x4f9
 1152 0777 0C       		.uleb128 0xc
 1153 0778 04       		.byte	0x4
 1154 0779 7A030000 		.4byte	0x37a
 1155 077d 05       		.uleb128 0x5
 1156 077e 5F070000 		.4byte	0x75f
 1157 0782 17       		.uleb128 0x17
 1158 0783 90000000 		.4byte	0x90
 1159 0787 92070000 		.4byte	0x792
 1160 078b 18       		.uleb128 0x18
 1161 078c E7040000 		.4byte	0x4e7
 1162 0790 1F       		.byte	0x1f
 1163 0791 00       		.byte	0
 1164 0792 04       		.uleb128 0x4
 1165 0793 EF010000 		.4byte	.LASF128
 1166 0797 0C       		.byte	0xc
 1167 0798 34       		.byte	0x34
 1168 0799 28070000 		.4byte	0x728
 1169 079d 0C       		.uleb128 0xc
 1170 079e 04       		.byte	0x4
 1171 079f 92070000 		.4byte	0x792
 1172 07a3 03       		.uleb128 0x3
 1173 07a4 01       		.byte	0x1
 1174 07a5 02       		.byte	0x2
 1175 07a6 C7020000 		.4byte	.LASF129
 1176 07aa 1A       		.uleb128 0x1a
 1177 07ab 00000000 		.4byte	.LASF142
 1178 07af 20       		.byte	0x20
 1179 07b0 0D       		.byte	0xd
 1180 07b1 0D       		.byte	0xd
 1181 07b2 19080000 		.4byte	0x819
 1182 07b6 19080000 		.4byte	0x819
 1183 07ba 1B       		.uleb128 0x1b
 1184 07bb 19080000 		.4byte	0x819
 1185 07bf 00       		.byte	0
 1186 07c0 01       		.byte	0x1
 1187 07c1 09       		.uleb128 0x9
 1188 07c2 37060000 		.4byte	.LASF130
 1189 07c6 0D       		.byte	0xd
 1190 07c7 19       		.byte	0x19
 1191 07c8 1E080000 		.4byte	0x81e
 1192 07cc 18       		.byte	0x18
 1193 07cd 09       		.uleb128 0x9
 1194 07ce 4E050000 		.4byte	.LASF131
 1195 07d2 0D       		.byte	0xd
 1196 07d3 1A       		.byte	0x1a
ARM GAS  C:\Users\Luis\AppData\Local\Temp\cccNgnvr.s 			page 22


 1197 07d4 1E080000 		.4byte	0x81e
 1198 07d8 1C       		.byte	0x1c
 1199 07d9 1C       		.uleb128 0x1c
 1200 07da DB000000 		.4byte	.LASF143
 1201 07de 01       		.byte	0x1
 1202 07df 0A       		.byte	0xa
 1203 07e0 78030000 		.4byte	0x378
 1204 07e4 01       		.byte	0x1
 1205 07e5 AA070000 		.4byte	0x7aa
 1206 07e9 01       		.byte	0x1
 1207 07ea F2070000 		.4byte	0x7f2
 1208 07ee FD070000 		.4byte	0x7fd
 1209 07f2 1D       		.uleb128 0x1d
 1210 07f3 2B080000 		.4byte	0x82b
 1211 07f7 1D       		.uleb128 0x1d
 1212 07f8 25000000 		.4byte	0x25
 1213 07fc 00       		.byte	0
 1214 07fd 1E       		.uleb128 0x1e
 1215 07fe 58070000 		.4byte	.LASF144
 1216 0802 01       		.byte	0x1
 1217 0803 12       		.byte	0x12
 1218 0804 DB060000 		.4byte	.LASF145
 1219 0808 01       		.byte	0x1
 1220 0809 0D080000 		.4byte	0x80d
 1221 080d 1D       		.uleb128 0x1d
 1222 080e 2B080000 		.4byte	0x82b
 1223 0812 0F       		.uleb128 0xf
 1224 0813 25000000 		.4byte	0x25
 1225 0817 00       		.byte	0
 1226 0818 00       		.byte	0
 1227 0819 1F       		.uleb128 0x1f
 1228 081a 90060000 		.4byte	.LASF146
 1229 081e 0C       		.uleb128 0xc
 1230 081f 04       		.byte	0x4
 1231 0820 24080000 		.4byte	0x824
 1232 0824 03       		.uleb128 0x3
 1233 0825 04       		.byte	0x4
 1234 0826 04       		.byte	0x4
 1235 0827 D1030000 		.4byte	.LASF132
 1236 082b 0C       		.uleb128 0xc
 1237 082c 04       		.byte	0x4
 1238 082d AA070000 		.4byte	0x7aa
 1239 0831 20       		.uleb128 0x20
 1240 0832 D9070000 		.4byte	0x7d9
 1241 0836 00       		.byte	0
 1242 0837 3F080000 		.4byte	0x83f
 1243 083b 52080000 		.4byte	0x852
 1244 083f 21       		.uleb128 0x21
 1245 0840 A9010000 		.4byte	.LASF133
 1246 0844 52080000 		.4byte	0x852
 1247 0848 21       		.uleb128 0x21
 1248 0849 23000000 		.4byte	.LASF134
 1249 084d 57080000 		.4byte	0x857
 1250 0851 00       		.byte	0
 1251 0852 19       		.uleb128 0x19
 1252 0853 2B080000 		.4byte	0x82b
 1253 0857 19       		.uleb128 0x19
ARM GAS  C:\Users\Luis\AppData\Local\Temp\cccNgnvr.s 			page 23


 1254 0858 25000000 		.4byte	0x25
 1255 085c 22       		.uleb128 0x22
 1256 085d 31080000 		.4byte	0x831
 1257 0861 B5050000 		.4byte	.LASF135
 1258 0865 00000000 		.4byte	.LFB261
 1259 0869 58000000 		.4byte	.LFE261-.LFB261
 1260 086d 01       		.uleb128 0x1
 1261 086e 9C       		.byte	0x9c
 1262 086f 77080000 		.4byte	0x877
 1263 0873 80080000 		.4byte	0x880
 1264 0877 23       		.uleb128 0x23
 1265 0878 3F080000 		.4byte	0x83f
 1266 087c 02       		.uleb128 0x2
 1267 087d 91       		.byte	0x91
 1268 087e 74       		.sleb128 -12
 1269 087f 00       		.byte	0
 1270 0880 22       		.uleb128 0x22
 1271 0881 31080000 		.4byte	0x831
 1272 0885 79060000 		.4byte	.LASF136
 1273 0889 00000000 		.4byte	.LFB263
 1274 088d 1E000000 		.4byte	.LFE263-.LFB263
 1275 0891 01       		.uleb128 0x1
 1276 0892 9C       		.byte	0x9c
 1277 0893 9B080000 		.4byte	0x89b
 1278 0897 A4080000 		.4byte	0x8a4
 1279 089b 23       		.uleb128 0x23
 1280 089c 3F080000 		.4byte	0x83f
 1281 08a0 02       		.uleb128 0x2
 1282 08a1 91       		.byte	0x91
 1283 08a2 74       		.sleb128 -12
 1284 08a3 00       		.byte	0
 1285 08a4 24       		.uleb128 0x24
 1286 08a5 FD070000 		.4byte	0x7fd
 1287 08a9 00000000 		.4byte	.LFB264
 1288 08ad 6C000000 		.4byte	.LFE264-.LFB264
 1289 08b1 01       		.uleb128 0x1
 1290 08b2 9C       		.byte	0x9c
 1291 08b3 BB080000 		.4byte	0x8bb
 1292 08b7 D6080000 		.4byte	0x8d6
 1293 08bb 25       		.uleb128 0x25
 1294 08bc A9010000 		.4byte	.LASF133
 1295 08c0 52080000 		.4byte	0x852
 1296 08c4 02       		.uleb128 0x2
 1297 08c5 91       		.byte	0x91
 1298 08c6 74       		.sleb128 -12
 1299 08c7 26       		.uleb128 0x26
 1300 08c8 3D070000 		.4byte	.LASF147
 1301 08cc 01       		.byte	0x1
 1302 08cd 12       		.byte	0x12
 1303 08ce 25000000 		.4byte	0x25
 1304 08d2 02       		.uleb128 0x2
 1305 08d3 91       		.byte	0x91
 1306 08d4 70       		.sleb128 -16
 1307 08d5 00       		.byte	0
 1308 08d6 27       		.uleb128 0x27
 1309 08d7 00010000 		.4byte	.LASF137
 1310 08db 0E       		.byte	0xe
ARM GAS  C:\Users\Luis\AppData\Local\Temp\cccNgnvr.s 			page 24


 1311 08dc A706     		.2byte	0x6a7
 1312 08de 97000000 		.4byte	0x97
 1313 08e2 28       		.uleb128 0x28
 1314 08e3 636800   		.ascii	"ch\000"
 1315 08e6 05       		.byte	0x5
 1316 08e7 0902     		.2byte	0x209
 1317 08e9 6F040000 		.4byte	0x46f
 1318 08ed 00       		.byte	0
 1319              		.section	.debug_abbrev,"",%progbits
 1320              	.Ldebug_abbrev0:
 1321 0000 01       		.uleb128 0x1
 1322 0001 11       		.uleb128 0x11
 1323 0002 01       		.byte	0x1
 1324 0003 25       		.uleb128 0x25
 1325 0004 0E       		.uleb128 0xe
 1326 0005 13       		.uleb128 0x13
 1327 0006 0B       		.uleb128 0xb
 1328 0007 03       		.uleb128 0x3
 1329 0008 0E       		.uleb128 0xe
 1330 0009 1B       		.uleb128 0x1b
 1331 000a 0E       		.uleb128 0xe
 1332 000b 55       		.uleb128 0x55
 1333 000c 17       		.uleb128 0x17
 1334 000d 11       		.uleb128 0x11
 1335 000e 01       		.uleb128 0x1
 1336 000f 10       		.uleb128 0x10
 1337 0010 17       		.uleb128 0x17
 1338 0011 00       		.byte	0
 1339 0012 00       		.byte	0
 1340 0013 02       		.uleb128 0x2
 1341 0014 24       		.uleb128 0x24
 1342 0015 00       		.byte	0
 1343 0016 0B       		.uleb128 0xb
 1344 0017 0B       		.uleb128 0xb
 1345 0018 3E       		.uleb128 0x3e
 1346 0019 0B       		.uleb128 0xb
 1347 001a 03       		.uleb128 0x3
 1348 001b 08       		.uleb128 0x8
 1349 001c 00       		.byte	0
 1350 001d 00       		.byte	0
 1351 001e 03       		.uleb128 0x3
 1352 001f 24       		.uleb128 0x24
 1353 0020 00       		.byte	0
 1354 0021 0B       		.uleb128 0xb
 1355 0022 0B       		.uleb128 0xb
 1356 0023 3E       		.uleb128 0x3e
 1357 0024 0B       		.uleb128 0xb
 1358 0025 03       		.uleb128 0x3
 1359 0026 0E       		.uleb128 0xe
 1360 0027 00       		.byte	0
 1361 0028 00       		.byte	0
 1362 0029 04       		.uleb128 0x4
 1363 002a 16       		.uleb128 0x16
 1364 002b 00       		.byte	0
 1365 002c 03       		.uleb128 0x3
 1366 002d 0E       		.uleb128 0xe
 1367 002e 3A       		.uleb128 0x3a
ARM GAS  C:\Users\Luis\AppData\Local\Temp\cccNgnvr.s 			page 25


 1368 002f 0B       		.uleb128 0xb
 1369 0030 3B       		.uleb128 0x3b
 1370 0031 0B       		.uleb128 0xb
 1371 0032 49       		.uleb128 0x49
 1372 0033 13       		.uleb128 0x13
 1373 0034 00       		.byte	0
 1374 0035 00       		.byte	0
 1375 0036 05       		.uleb128 0x5
 1376 0037 35       		.uleb128 0x35
 1377 0038 00       		.byte	0
 1378 0039 49       		.uleb128 0x49
 1379 003a 13       		.uleb128 0x13
 1380 003b 00       		.byte	0
 1381 003c 00       		.byte	0
 1382 003d 06       		.uleb128 0x6
 1383 003e 13       		.uleb128 0x13
 1384 003f 01       		.byte	0x1
 1385 0040 03       		.uleb128 0x3
 1386 0041 0E       		.uleb128 0xe
 1387 0042 0B       		.uleb128 0xb
 1388 0043 0B       		.uleb128 0xb
 1389 0044 3A       		.uleb128 0x3a
 1390 0045 0B       		.uleb128 0xb
 1391 0046 3B       		.uleb128 0x3b
 1392 0047 0B       		.uleb128 0xb
 1393 0048 01       		.uleb128 0x1
 1394 0049 13       		.uleb128 0x13
 1395 004a 00       		.byte	0
 1396 004b 00       		.byte	0
 1397 004c 07       		.uleb128 0x7
 1398 004d 17       		.uleb128 0x17
 1399 004e 01       		.byte	0x1
 1400 004f 0B       		.uleb128 0xb
 1401 0050 0B       		.uleb128 0xb
 1402 0051 3A       		.uleb128 0x3a
 1403 0052 0B       		.uleb128 0xb
 1404 0053 3B       		.uleb128 0x3b
 1405 0054 0B       		.uleb128 0xb
 1406 0055 01       		.uleb128 0x1
 1407 0056 13       		.uleb128 0x13
 1408 0057 00       		.byte	0
 1409 0058 00       		.byte	0
 1410 0059 08       		.uleb128 0x8
 1411 005a 0D       		.uleb128 0xd
 1412 005b 00       		.byte	0
 1413 005c 03       		.uleb128 0x3
 1414 005d 0E       		.uleb128 0xe
 1415 005e 3A       		.uleb128 0x3a
 1416 005f 0B       		.uleb128 0xb
 1417 0060 3B       		.uleb128 0x3b
 1418 0061 05       		.uleb128 0x5
 1419 0062 49       		.uleb128 0x49
 1420 0063 13       		.uleb128 0x13
 1421 0064 00       		.byte	0
 1422 0065 00       		.byte	0
 1423 0066 09       		.uleb128 0x9
 1424 0067 0D       		.uleb128 0xd
ARM GAS  C:\Users\Luis\AppData\Local\Temp\cccNgnvr.s 			page 26


 1425 0068 00       		.byte	0
 1426 0069 03       		.uleb128 0x3
 1427 006a 0E       		.uleb128 0xe
 1428 006b 3A       		.uleb128 0x3a
 1429 006c 0B       		.uleb128 0xb
 1430 006d 3B       		.uleb128 0x3b
 1431 006e 0B       		.uleb128 0xb
 1432 006f 49       		.uleb128 0x49
 1433 0070 13       		.uleb128 0x13
 1434 0071 38       		.uleb128 0x38
 1435 0072 0B       		.uleb128 0xb
 1436 0073 00       		.byte	0
 1437 0074 00       		.byte	0
 1438 0075 0A       		.uleb128 0xa
 1439 0076 0D       		.uleb128 0xd
 1440 0077 00       		.byte	0
 1441 0078 03       		.uleb128 0x3
 1442 0079 08       		.uleb128 0x8
 1443 007a 3A       		.uleb128 0x3a
 1444 007b 0B       		.uleb128 0xb
 1445 007c 3B       		.uleb128 0x3b
 1446 007d 05       		.uleb128 0x5
 1447 007e 49       		.uleb128 0x49
 1448 007f 13       		.uleb128 0x13
 1449 0080 38       		.uleb128 0x38
 1450 0081 0B       		.uleb128 0xb
 1451 0082 00       		.byte	0
 1452 0083 00       		.byte	0
 1453 0084 0B       		.uleb128 0xb
 1454 0085 0D       		.uleb128 0xd
 1455 0086 00       		.byte	0
 1456 0087 03       		.uleb128 0x3
 1457 0088 0E       		.uleb128 0xe
 1458 0089 3A       		.uleb128 0x3a
 1459 008a 0B       		.uleb128 0xb
 1460 008b 3B       		.uleb128 0x3b
 1461 008c 05       		.uleb128 0x5
 1462 008d 49       		.uleb128 0x49
 1463 008e 13       		.uleb128 0x13
 1464 008f 38       		.uleb128 0x38
 1465 0090 0B       		.uleb128 0xb
 1466 0091 00       		.byte	0
 1467 0092 00       		.byte	0
 1468 0093 0C       		.uleb128 0xc
 1469 0094 0F       		.uleb128 0xf
 1470 0095 00       		.byte	0
 1471 0096 0B       		.uleb128 0xb
 1472 0097 0B       		.uleb128 0xb
 1473 0098 49       		.uleb128 0x49
 1474 0099 13       		.uleb128 0x13
 1475 009a 00       		.byte	0
 1476 009b 00       		.byte	0
 1477 009c 0D       		.uleb128 0xd
 1478 009d 13       		.uleb128 0x13
 1479 009e 01       		.byte	0x1
 1480 009f 03       		.uleb128 0x3
 1481 00a0 0E       		.uleb128 0xe
ARM GAS  C:\Users\Luis\AppData\Local\Temp\cccNgnvr.s 			page 27


 1482 00a1 0B       		.uleb128 0xb
 1483 00a2 0B       		.uleb128 0xb
 1484 00a3 3A       		.uleb128 0x3a
 1485 00a4 0B       		.uleb128 0xb
 1486 00a5 3B       		.uleb128 0x3b
 1487 00a6 05       		.uleb128 0x5
 1488 00a7 01       		.uleb128 0x1
 1489 00a8 13       		.uleb128 0x13
 1490 00a9 00       		.byte	0
 1491 00aa 00       		.byte	0
 1492 00ab 0E       		.uleb128 0xe
 1493 00ac 15       		.uleb128 0x15
 1494 00ad 01       		.byte	0x1
 1495 00ae 01       		.uleb128 0x1
 1496 00af 13       		.uleb128 0x13
 1497 00b0 00       		.byte	0
 1498 00b1 00       		.byte	0
 1499 00b2 0F       		.uleb128 0xf
 1500 00b3 05       		.uleb128 0x5
 1501 00b4 00       		.byte	0
 1502 00b5 49       		.uleb128 0x49
 1503 00b6 13       		.uleb128 0x13
 1504 00b7 00       		.byte	0
 1505 00b8 00       		.byte	0
 1506 00b9 10       		.uleb128 0x10
 1507 00ba 0F       		.uleb128 0xf
 1508 00bb 00       		.byte	0
 1509 00bc 0B       		.uleb128 0xb
 1510 00bd 0B       		.uleb128 0xb
 1511 00be 00       		.byte	0
 1512 00bf 00       		.byte	0
 1513 00c0 11       		.uleb128 0x11
 1514 00c1 13       		.uleb128 0x13
 1515 00c2 01       		.byte	0x1
 1516 00c3 03       		.uleb128 0x3
 1517 00c4 0E       		.uleb128 0xe
 1518 00c5 0B       		.uleb128 0xb
 1519 00c6 05       		.uleb128 0x5
 1520 00c7 3A       		.uleb128 0x3a
 1521 00c8 0B       		.uleb128 0xb
 1522 00c9 3B       		.uleb128 0x3b
 1523 00ca 05       		.uleb128 0x5
 1524 00cb 01       		.uleb128 0x1
 1525 00cc 13       		.uleb128 0x13
 1526 00cd 00       		.byte	0
 1527 00ce 00       		.byte	0
 1528 00cf 12       		.uleb128 0x12
 1529 00d0 0D       		.uleb128 0xd
 1530 00d1 00       		.byte	0
 1531 00d2 03       		.uleb128 0x3
 1532 00d3 0E       		.uleb128 0xe
 1533 00d4 3A       		.uleb128 0x3a
 1534 00d5 0B       		.uleb128 0xb
 1535 00d6 3B       		.uleb128 0x3b
 1536 00d7 05       		.uleb128 0x5
 1537 00d8 49       		.uleb128 0x49
 1538 00d9 13       		.uleb128 0x13
ARM GAS  C:\Users\Luis\AppData\Local\Temp\cccNgnvr.s 			page 28


 1539 00da 38       		.uleb128 0x38
 1540 00db 05       		.uleb128 0x5
 1541 00dc 00       		.byte	0
 1542 00dd 00       		.byte	0
 1543 00de 13       		.uleb128 0x13
 1544 00df 0D       		.uleb128 0xd
 1545 00e0 00       		.byte	0
 1546 00e1 03       		.uleb128 0x3
 1547 00e2 08       		.uleb128 0x8
 1548 00e3 3A       		.uleb128 0x3a
 1549 00e4 0B       		.uleb128 0xb
 1550 00e5 3B       		.uleb128 0x3b
 1551 00e6 05       		.uleb128 0x5
 1552 00e7 49       		.uleb128 0x49
 1553 00e8 13       		.uleb128 0x13
 1554 00e9 38       		.uleb128 0x38
 1555 00ea 05       		.uleb128 0x5
 1556 00eb 00       		.byte	0
 1557 00ec 00       		.byte	0
 1558 00ed 14       		.uleb128 0x14
 1559 00ee 0D       		.uleb128 0xd
 1560 00ef 00       		.byte	0
 1561 00f0 03       		.uleb128 0x3
 1562 00f1 08       		.uleb128 0x8
 1563 00f2 3A       		.uleb128 0x3a
 1564 00f3 0B       		.uleb128 0xb
 1565 00f4 3B       		.uleb128 0x3b
 1566 00f5 0B       		.uleb128 0xb
 1567 00f6 49       		.uleb128 0x49
 1568 00f7 13       		.uleb128 0x13
 1569 00f8 38       		.uleb128 0x38
 1570 00f9 0B       		.uleb128 0xb
 1571 00fa 00       		.byte	0
 1572 00fb 00       		.byte	0
 1573 00fc 15       		.uleb128 0x15
 1574 00fd 13       		.uleb128 0x13
 1575 00fe 01       		.byte	0x1
 1576 00ff 0B       		.uleb128 0xb
 1577 0100 0B       		.uleb128 0xb
 1578 0101 3A       		.uleb128 0x3a
 1579 0102 0B       		.uleb128 0xb
 1580 0103 3B       		.uleb128 0x3b
 1581 0104 0B       		.uleb128 0xb
 1582 0105 6E       		.uleb128 0x6e
 1583 0106 0E       		.uleb128 0xe
 1584 0107 01       		.uleb128 0x1
 1585 0108 13       		.uleb128 0x13
 1586 0109 00       		.byte	0
 1587 010a 00       		.byte	0
 1588 010b 16       		.uleb128 0x16
 1589 010c 13       		.uleb128 0x13
 1590 010d 01       		.byte	0x1
 1591 010e 0B       		.uleb128 0xb
 1592 010f 05       		.uleb128 0x5
 1593 0110 3A       		.uleb128 0x3a
 1594 0111 0B       		.uleb128 0xb
 1595 0112 3B       		.uleb128 0x3b
ARM GAS  C:\Users\Luis\AppData\Local\Temp\cccNgnvr.s 			page 29


 1596 0113 0B       		.uleb128 0xb
 1597 0114 6E       		.uleb128 0x6e
 1598 0115 0E       		.uleb128 0xe
 1599 0116 01       		.uleb128 0x1
 1600 0117 13       		.uleb128 0x13
 1601 0118 00       		.byte	0
 1602 0119 00       		.byte	0
 1603 011a 17       		.uleb128 0x17
 1604 011b 01       		.uleb128 0x1
 1605 011c 01       		.byte	0x1
 1606 011d 49       		.uleb128 0x49
 1607 011e 13       		.uleb128 0x13
 1608 011f 01       		.uleb128 0x1
 1609 0120 13       		.uleb128 0x13
 1610 0121 00       		.byte	0
 1611 0122 00       		.byte	0
 1612 0123 18       		.uleb128 0x18
 1613 0124 21       		.uleb128 0x21
 1614 0125 00       		.byte	0
 1615 0126 49       		.uleb128 0x49
 1616 0127 13       		.uleb128 0x13
 1617 0128 2F       		.uleb128 0x2f
 1618 0129 0B       		.uleb128 0xb
 1619 012a 00       		.byte	0
 1620 012b 00       		.byte	0
 1621 012c 19       		.uleb128 0x19
 1622 012d 26       		.uleb128 0x26
 1623 012e 00       		.byte	0
 1624 012f 49       		.uleb128 0x49
 1625 0130 13       		.uleb128 0x13
 1626 0131 00       		.byte	0
 1627 0132 00       		.byte	0
 1628 0133 1A       		.uleb128 0x1a
 1629 0134 02       		.uleb128 0x2
 1630 0135 01       		.byte	0x1
 1631 0136 03       		.uleb128 0x3
 1632 0137 0E       		.uleb128 0xe
 1633 0138 0B       		.uleb128 0xb
 1634 0139 0B       		.uleb128 0xb
 1635 013a 3A       		.uleb128 0x3a
 1636 013b 0B       		.uleb128 0xb
 1637 013c 3B       		.uleb128 0x3b
 1638 013d 0B       		.uleb128 0xb
 1639 013e 1D       		.uleb128 0x1d
 1640 013f 13       		.uleb128 0x13
 1641 0140 01       		.uleb128 0x1
 1642 0141 13       		.uleb128 0x13
 1643 0142 00       		.byte	0
 1644 0143 00       		.byte	0
 1645 0144 1B       		.uleb128 0x1b
 1646 0145 1C       		.uleb128 0x1c
 1647 0146 00       		.byte	0
 1648 0147 49       		.uleb128 0x49
 1649 0148 13       		.uleb128 0x13
 1650 0149 38       		.uleb128 0x38
 1651 014a 0B       		.uleb128 0xb
 1652 014b 32       		.uleb128 0x32
ARM GAS  C:\Users\Luis\AppData\Local\Temp\cccNgnvr.s 			page 30


 1653 014c 0B       		.uleb128 0xb
 1654 014d 00       		.byte	0
 1655 014e 00       		.byte	0
 1656 014f 1C       		.uleb128 0x1c
 1657 0150 2E       		.uleb128 0x2e
 1658 0151 01       		.byte	0x1
 1659 0152 3F       		.uleb128 0x3f
 1660 0153 19       		.uleb128 0x19
 1661 0154 03       		.uleb128 0x3
 1662 0155 0E       		.uleb128 0xe
 1663 0156 3A       		.uleb128 0x3a
 1664 0157 0B       		.uleb128 0xb
 1665 0158 3B       		.uleb128 0x3b
 1666 0159 0B       		.uleb128 0xb
 1667 015a 49       		.uleb128 0x49
 1668 015b 13       		.uleb128 0x13
 1669 015c 4C       		.uleb128 0x4c
 1670 015d 0B       		.uleb128 0xb
 1671 015e 1D       		.uleb128 0x1d
 1672 015f 13       		.uleb128 0x13
 1673 0160 32       		.uleb128 0x32
 1674 0161 0B       		.uleb128 0xb
 1675 0162 3C       		.uleb128 0x3c
 1676 0163 19       		.uleb128 0x19
 1677 0164 64       		.uleb128 0x64
 1678 0165 13       		.uleb128 0x13
 1679 0166 01       		.uleb128 0x1
 1680 0167 13       		.uleb128 0x13
 1681 0168 00       		.byte	0
 1682 0169 00       		.byte	0
 1683 016a 1D       		.uleb128 0x1d
 1684 016b 05       		.uleb128 0x5
 1685 016c 00       		.byte	0
 1686 016d 49       		.uleb128 0x49
 1687 016e 13       		.uleb128 0x13
 1688 016f 34       		.uleb128 0x34
 1689 0170 19       		.uleb128 0x19
 1690 0171 00       		.byte	0
 1691 0172 00       		.byte	0
 1692 0173 1E       		.uleb128 0x1e
 1693 0174 2E       		.uleb128 0x2e
 1694 0175 01       		.byte	0x1
 1695 0176 3F       		.uleb128 0x3f
 1696 0177 19       		.uleb128 0x19
 1697 0178 03       		.uleb128 0x3
 1698 0179 0E       		.uleb128 0xe
 1699 017a 3A       		.uleb128 0x3a
 1700 017b 0B       		.uleb128 0xb
 1701 017c 3B       		.uleb128 0x3b
 1702 017d 0B       		.uleb128 0xb
 1703 017e 6E       		.uleb128 0x6e
 1704 017f 0E       		.uleb128 0xe
 1705 0180 32       		.uleb128 0x32
 1706 0181 0B       		.uleb128 0xb
 1707 0182 3C       		.uleb128 0x3c
 1708 0183 19       		.uleb128 0x19
 1709 0184 64       		.uleb128 0x64
ARM GAS  C:\Users\Luis\AppData\Local\Temp\cccNgnvr.s 			page 31


 1710 0185 13       		.uleb128 0x13
 1711 0186 00       		.byte	0
 1712 0187 00       		.byte	0
 1713 0188 1F       		.uleb128 0x1f
 1714 0189 02       		.uleb128 0x2
 1715 018a 00       		.byte	0
 1716 018b 03       		.uleb128 0x3
 1717 018c 0E       		.uleb128 0xe
 1718 018d 3C       		.uleb128 0x3c
 1719 018e 19       		.uleb128 0x19
 1720 018f 00       		.byte	0
 1721 0190 00       		.byte	0
 1722 0191 20       		.uleb128 0x20
 1723 0192 2E       		.uleb128 0x2e
 1724 0193 01       		.byte	0x1
 1725 0194 47       		.uleb128 0x47
 1726 0195 13       		.uleb128 0x13
 1727 0196 20       		.uleb128 0x20
 1728 0197 0B       		.uleb128 0xb
 1729 0198 64       		.uleb128 0x64
 1730 0199 13       		.uleb128 0x13
 1731 019a 01       		.uleb128 0x1
 1732 019b 13       		.uleb128 0x13
 1733 019c 00       		.byte	0
 1734 019d 00       		.byte	0
 1735 019e 21       		.uleb128 0x21
 1736 019f 05       		.uleb128 0x5
 1737 01a0 00       		.byte	0
 1738 01a1 03       		.uleb128 0x3
 1739 01a2 0E       		.uleb128 0xe
 1740 01a3 49       		.uleb128 0x49
 1741 01a4 13       		.uleb128 0x13
 1742 01a5 34       		.uleb128 0x34
 1743 01a6 19       		.uleb128 0x19
 1744 01a7 00       		.byte	0
 1745 01a8 00       		.byte	0
 1746 01a9 22       		.uleb128 0x22
 1747 01aa 2E       		.uleb128 0x2e
 1748 01ab 01       		.byte	0x1
 1749 01ac 31       		.uleb128 0x31
 1750 01ad 13       		.uleb128 0x13
 1751 01ae 6E       		.uleb128 0x6e
 1752 01af 0E       		.uleb128 0xe
 1753 01b0 11       		.uleb128 0x11
 1754 01b1 01       		.uleb128 0x1
 1755 01b2 12       		.uleb128 0x12
 1756 01b3 06       		.uleb128 0x6
 1757 01b4 40       		.uleb128 0x40
 1758 01b5 18       		.uleb128 0x18
 1759 01b6 64       		.uleb128 0x64
 1760 01b7 13       		.uleb128 0x13
 1761 01b8 9642     		.uleb128 0x2116
 1762 01ba 19       		.uleb128 0x19
 1763 01bb 01       		.uleb128 0x1
 1764 01bc 13       		.uleb128 0x13
 1765 01bd 00       		.byte	0
 1766 01be 00       		.byte	0
ARM GAS  C:\Users\Luis\AppData\Local\Temp\cccNgnvr.s 			page 32


 1767 01bf 23       		.uleb128 0x23
 1768 01c0 05       		.uleb128 0x5
 1769 01c1 00       		.byte	0
 1770 01c2 31       		.uleb128 0x31
 1771 01c3 13       		.uleb128 0x13
 1772 01c4 02       		.uleb128 0x2
 1773 01c5 18       		.uleb128 0x18
 1774 01c6 00       		.byte	0
 1775 01c7 00       		.byte	0
 1776 01c8 24       		.uleb128 0x24
 1777 01c9 2E       		.uleb128 0x2e
 1778 01ca 01       		.byte	0x1
 1779 01cb 47       		.uleb128 0x47
 1780 01cc 13       		.uleb128 0x13
 1781 01cd 11       		.uleb128 0x11
 1782 01ce 01       		.uleb128 0x1
 1783 01cf 12       		.uleb128 0x12
 1784 01d0 06       		.uleb128 0x6
 1785 01d1 40       		.uleb128 0x40
 1786 01d2 18       		.uleb128 0x18
 1787 01d3 64       		.uleb128 0x64
 1788 01d4 13       		.uleb128 0x13
 1789 01d5 9642     		.uleb128 0x2116
 1790 01d7 19       		.uleb128 0x19
 1791 01d8 01       		.uleb128 0x1
 1792 01d9 13       		.uleb128 0x13
 1793 01da 00       		.byte	0
 1794 01db 00       		.byte	0
 1795 01dc 25       		.uleb128 0x25
 1796 01dd 05       		.uleb128 0x5
 1797 01de 00       		.byte	0
 1798 01df 03       		.uleb128 0x3
 1799 01e0 0E       		.uleb128 0xe
 1800 01e1 49       		.uleb128 0x49
 1801 01e2 13       		.uleb128 0x13
 1802 01e3 34       		.uleb128 0x34
 1803 01e4 19       		.uleb128 0x19
 1804 01e5 02       		.uleb128 0x2
 1805 01e6 18       		.uleb128 0x18
 1806 01e7 00       		.byte	0
 1807 01e8 00       		.byte	0
 1808 01e9 26       		.uleb128 0x26
 1809 01ea 05       		.uleb128 0x5
 1810 01eb 00       		.byte	0
 1811 01ec 03       		.uleb128 0x3
 1812 01ed 0E       		.uleb128 0xe
 1813 01ee 3A       		.uleb128 0x3a
 1814 01ef 0B       		.uleb128 0xb
 1815 01f0 3B       		.uleb128 0x3b
 1816 01f1 0B       		.uleb128 0xb
 1817 01f2 49       		.uleb128 0x49
 1818 01f3 13       		.uleb128 0x13
 1819 01f4 02       		.uleb128 0x2
 1820 01f5 18       		.uleb128 0x18
 1821 01f6 00       		.byte	0
 1822 01f7 00       		.byte	0
 1823 01f8 27       		.uleb128 0x27
ARM GAS  C:\Users\Luis\AppData\Local\Temp\cccNgnvr.s 			page 33


 1824 01f9 34       		.uleb128 0x34
 1825 01fa 00       		.byte	0
 1826 01fb 03       		.uleb128 0x3
 1827 01fc 0E       		.uleb128 0xe
 1828 01fd 3A       		.uleb128 0x3a
 1829 01fe 0B       		.uleb128 0xb
 1830 01ff 3B       		.uleb128 0x3b
 1831 0200 05       		.uleb128 0x5
 1832 0201 49       		.uleb128 0x49
 1833 0202 13       		.uleb128 0x13
 1834 0203 3F       		.uleb128 0x3f
 1835 0204 19       		.uleb128 0x19
 1836 0205 3C       		.uleb128 0x3c
 1837 0206 19       		.uleb128 0x19
 1838 0207 00       		.byte	0
 1839 0208 00       		.byte	0
 1840 0209 28       		.uleb128 0x28
 1841 020a 34       		.uleb128 0x34
 1842 020b 00       		.byte	0
 1843 020c 03       		.uleb128 0x3
 1844 020d 08       		.uleb128 0x8
 1845 020e 3A       		.uleb128 0x3a
 1846 020f 0B       		.uleb128 0xb
 1847 0210 3B       		.uleb128 0x3b
 1848 0211 05       		.uleb128 0x5
 1849 0212 49       		.uleb128 0x49
 1850 0213 13       		.uleb128 0x13
 1851 0214 3F       		.uleb128 0x3f
 1852 0215 19       		.uleb128 0x19
 1853 0216 3C       		.uleb128 0x3c
 1854 0217 19       		.uleb128 0x19
 1855 0218 00       		.byte	0
 1856 0219 00       		.byte	0
 1857 021a 00       		.byte	0
 1858              		.section	.debug_aranges,"",%progbits
 1859 0000 2C000000 		.4byte	0x2c
 1860 0004 0200     		.2byte	0x2
 1861 0006 00000000 		.4byte	.Ldebug_info0
 1862 000a 04       		.byte	0x4
 1863 000b 00       		.byte	0
 1864 000c 0000     		.2byte	0
 1865 000e 0000     		.2byte	0
 1866 0010 00000000 		.4byte	.LFB261
 1867 0014 58000000 		.4byte	.LFE261-.LFB261
 1868 0018 00000000 		.4byte	.LFB263
 1869 001c 1E000000 		.4byte	.LFE263-.LFB263
 1870 0020 00000000 		.4byte	.LFB264
 1871 0024 6C000000 		.4byte	.LFE264-.LFB264
 1872 0028 00000000 		.4byte	0
 1873 002c 00000000 		.4byte	0
 1874              		.section	.debug_ranges,"",%progbits
 1875              	.Ldebug_ranges0:
 1876 0000 00000000 		.4byte	.LFB261
 1877 0004 58000000 		.4byte	.LFE261
 1878 0008 00000000 		.4byte	.LFB263
 1879 000c 1E000000 		.4byte	.LFE263
 1880 0010 00000000 		.4byte	.LFB264
ARM GAS  C:\Users\Luis\AppData\Local\Temp\cccNgnvr.s 			page 34


 1881 0014 6C000000 		.4byte	.LFE264
 1882 0018 00000000 		.4byte	0
 1883 001c 00000000 		.4byte	0
 1884              		.section	.debug_line,"",%progbits
 1885              	.Ldebug_line0:
 1886 0000 DE010000 		.section	.debug_str,"MS",%progbits,1
 1886      02009201 
 1886      00000201 
 1886      FB0E0D00 
 1886      01010101 
 1887              	.LASF142:
 1888 0000 44617461 		.ascii	"DataFilterIIR\000"
 1888      46696C74 
 1888      65724949 
 1888      5200
 1889              	.LASF58:
 1890 000e 72656164 		.ascii	"ready_list_t\000"
 1890      795F6C69 
 1890      73745F74 
 1890      00
 1891              	.LASF95:
 1892 001b 73655F74 		.ascii	"se_time\000"
 1892      696D6500 
 1893              	.LASF134:
 1894 0023 5F5F696E 		.ascii	"__in_chrg\000"
 1894      5F636872 
 1894      6700
 1895              	.LASF28:
 1896 002d 77747472 		.ascii	"wttrp\000"
 1896      7000
 1897              	.LASF25:
 1898 0033 7264796D 		.ascii	"rdymsg\000"
 1898      736700
 1899              	.LASF11:
 1900 003a 75696E74 		.ascii	"uint64_t\000"
 1900      36345F74 
 1900      00
 1901              	.LASF88:
 1902 0043 6B65726E 		.ascii	"kernel_stats\000"
 1902      656C5F73 
 1902      74617473 
 1902      00
 1903              	.LASF94:
 1904 0050 706F7274 		.ascii	"port_intctx\000"
 1904      5F696E74 
 1904      63747800 
 1905              	.LASF57:
 1906 005c 63685F74 		.ascii	"ch_threads_queue\000"
 1906      68726561 
 1906      64735F71 
 1906      75657565 
 1906      00
 1907              	.LASF77:
 1908 006d 73797374 		.ascii	"system_debug_t\000"
 1908      656D5F64 
 1908      65627567 
 1908      5F7400
ARM GAS  C:\Users\Luis\AppData\Local\Temp\cccNgnvr.s 			page 35


 1909              	.LASF110:
 1910 007c 776F7273 		.ascii	"worst\000"
 1910      7400
 1911              	.LASF113:
 1912 0082 74696D65 		.ascii	"time_measurement_t\000"
 1912      5F6D6561 
 1912      73757265 
 1912      6D656E74 
 1912      5F7400
 1913              	.LASF12:
 1914 0095 6C6F6E67 		.ascii	"long long unsigned int\000"
 1914      206C6F6E 
 1914      6720756E 
 1914      7369676E 
 1914      65642069 
 1915              	.LASF103:
 1916 00ac 63685F74 		.ascii	"ch_trace_buffer_t\000"
 1916      72616365 
 1916      5F627566 
 1916      6665725F 
 1916      7400
 1917              	.LASF98:
 1918 00be 73655F73 		.ascii	"se_state\000"
 1918      74617465 
 1918      00
 1919              	.LASF26:
 1920 00c7 65786974 		.ascii	"exitcode\000"
 1920      636F6465 
 1920      00
 1921              	.LASF87:
 1922 00d0 6D61696E 		.ascii	"mainthread\000"
 1922      74687265 
 1922      616400
 1923              	.LASF143:
 1924 00db 7E446174 		.ascii	"~DataFilterIIR\000"
 1924      6146696C 
 1924      74657249 
 1924      495200
 1925              	.LASF74:
 1926 00ea 76697274 		.ascii	"virtual_timers_list_t\000"
 1926      75616C5F 
 1926      74696D65 
 1926      72735F6C 
 1926      6973745F 
 1927              	.LASF137:
 1928 0100 49544D5F 		.ascii	"ITM_RxBuffer\000"
 1928      52784275 
 1928      66666572 
 1928      00
 1929              	.LASF14:
 1930 010d 72747469 		.ascii	"rttime_t\000"
 1930      6D655F74 
 1930      00
 1931              	.LASF34:
 1932 0116 705F7072 		.ascii	"p_prio\000"
 1932      696F00
 1933              	.LASF10:
ARM GAS  C:\Users\Luis\AppData\Local\Temp\cccNgnvr.s 			page 36


 1934 011d 6C6F6E67 		.ascii	"long long int\000"
 1934      206C6F6E 
 1934      6720696E 
 1934      7400
 1935              	.LASF1:
 1936 012b 7369676E 		.ascii	"signed char\000"
 1936      65642063 
 1936      68617200 
 1937              	.LASF49:
 1938 0137 705F6D70 		.ascii	"p_mpool\000"
 1938      6F6F6C00 
 1939              	.LASF124:
 1940 013f 6D5F7175 		.ascii	"m_queue\000"
 1940      65756500 
 1941              	.LASF86:
 1942 0147 76746C69 		.ascii	"vtlist\000"
 1942      737400
 1943              	.LASF140:
 1944 014e 433A5C55 		.ascii	"C:\\Users\\Luis\\git\\DSP-Library-Lanin\\examples\\"
 1944      73657273 
 1944      5C4C7569 
 1944      735C6769 
 1944      745C4453 
 1945 017b 4453502D 		.ascii	"DSP-Library\000"
 1945      4C696272 
 1945      61727900 
 1946              	.LASF84:
 1947 0187 63685F73 		.ascii	"ch_system\000"
 1947      79737465 
 1947      6D00
 1948              	.LASF7:
 1949 0191 6C6F6E67 		.ascii	"long int\000"
 1949      20696E74 
 1949      00
 1950              	.LASF16:
 1951 019a 74737461 		.ascii	"tstate_t\000"
 1951      74655F74 
 1951      00
 1952              	.LASF96:
 1953 01a3 73655F74 		.ascii	"se_tp\000"
 1953      7000
 1954              	.LASF133:
 1955 01a9 74686973 		.ascii	"this\000"
 1955      00
 1956              	.LASF36:
 1957 01ae 705F6E65 		.ascii	"p_newer\000"
 1957      77657200 
 1958              	.LASF121:
 1959 01b6 735F7175 		.ascii	"s_queue\000"
 1959      65756500 
 1960              	.LASF100:
 1961 01be 74625F73 		.ascii	"tb_size\000"
 1961      697A6500 
 1962              	.LASF63:
 1963 01c6 725F6E65 		.ascii	"r_newer\000"
 1963      77657200 
 1964              	.LASF91:
ARM GAS  C:\Users\Luis\AppData\Local\Temp\cccNgnvr.s 			page 37


 1965 01ce 72656761 		.ascii	"regarm_t\000"
 1965      726D5F74 
 1965      00
 1966              	.LASF70:
 1967 01d7 76745F70 		.ascii	"vt_prev\000"
 1967      72657600 
 1968              	.LASF78:
 1969 01df 63685F73 		.ascii	"ch_system_debug\000"
 1969      79737465 
 1969      6D5F6465 
 1969      62756700 
 1970              	.LASF128:
 1971 01ef 6D757465 		.ascii	"mutex_t\000"
 1971      785F7400 
 1972              	.LASF81:
 1973 01f7 6C6F636B 		.ascii	"lock_cnt\000"
 1973      5F636E74 
 1973      00
 1974              	.LASF89:
 1975 0200 69646C65 		.ascii	"idle_thread_wa\000"
 1975      5F746872 
 1975      6561645F 
 1975      776100
 1976              	.LASF21:
 1977 020f 636E745F 		.ascii	"cnt_t\000"
 1977      7400
 1978              	.LASF39:
 1979 0215 705F7374 		.ascii	"p_stklimit\000"
 1979      6B6C696D 
 1979      697400
 1980              	.LASF0:
 1981 0220 756E7369 		.ascii	"unsigned int\000"
 1981      676E6564 
 1981      20696E74 
 1981      00
 1982              	.LASF69:
 1983 022d 76745F6E 		.ascii	"vt_next\000"
 1983      65787400 
 1984              	.LASF29:
 1985 0235 77747365 		.ascii	"wtsemp\000"
 1985      6D7000
 1986              	.LASF44:
 1987 023c 705F6D73 		.ascii	"p_msgqueue\000"
 1987      67717565 
 1987      756500
 1988              	.LASF51:
 1989 0247 746C7350 		.ascii	"tlsPtr\000"
 1989      747200
 1990              	.LASF115:
 1991 024e 6E5F6972 		.ascii	"n_irq\000"
 1991      7100
 1992              	.LASF97:
 1993 0254 73655F77 		.ascii	"se_wtobjp\000"
 1993      746F626A 
 1993      7000
 1994              	.LASF122:
 1995 025e 735F636E 		.ascii	"s_cnt\000"
ARM GAS  C:\Users\Luis\AppData\Local\Temp\cccNgnvr.s 			page 38


 1995      7400
 1996              	.LASF4:
 1997 0264 73686F72 		.ascii	"short unsigned int\000"
 1997      7420756E 
 1997      7369676E 
 1997      65642069 
 1997      6E7400
 1998              	.LASF119:
 1999 0277 6B65726E 		.ascii	"kernel_stats_t\000"
 1999      656C5F73 
 1999      74617473 
 1999      5F7400
 2000              	.LASF104:
 2001 0286 31346368 		.ascii	"14ch_swc_event_t\000"
 2001      5F737763 
 2001      5F657665 
 2001      6E745F74 
 2001      00
 2002              	.LASF54:
 2003 0297 63685F74 		.ascii	"ch_thread\000"
 2003      68726561 
 2003      6400
 2004              	.LASF19:
 2005 02a1 6D73675F 		.ascii	"msg_t\000"
 2005      7400
 2006              	.LASF111:
 2007 02a7 6C617374 		.ascii	"last\000"
 2007      00
 2008              	.LASF22:
 2009 02ac 75636E74 		.ascii	"ucnt_t\000"
 2009      5F7400
 2010              	.LASF83:
 2011 02b3 63685F73 		.ascii	"ch_system_t\000"
 2011      79737465 
 2011      6D5F7400 
 2012              	.LASF15:
 2013 02bf 746D6F64 		.ascii	"tmode_t\000"
 2013      655F7400 
 2014              	.LASF129:
 2015 02c7 626F6F6C 		.ascii	"bool\000"
 2015      00
 2016              	.LASF118:
 2017 02cc 6D5F6372 		.ascii	"m_crit_isr\000"
 2017      69745F69 
 2017      737200
 2018              	.LASF59:
 2019 02d7 63685F72 		.ascii	"ch_ready_list\000"
 2019      65616479 
 2019      5F6C6973 
 2019      7400
 2020              	.LASF20:
 2021 02e5 6576656E 		.ascii	"eventmask_t\000"
 2021      746D6173 
 2021      6B5F7400 
 2022              	.LASF141:
 2023 02f1 31376368 		.ascii	"17ch_trace_buffer_t\000"
 2023      5F747261 
ARM GAS  C:\Users\Luis\AppData\Local\Temp\cccNgnvr.s 			page 39


 2023      63655F62 
 2023      75666665 
 2023      725F7400 
 2024              	.LASF92:
 2025 0305 73746B61 		.ascii	"stkalign_t\000"
 2025      6C69676E 
 2025      5F7400
 2026              	.LASF43:
 2027 0310 705F7761 		.ascii	"p_waiting\000"
 2027      6974696E 
 2027      6700
 2028              	.LASF90:
 2029 031a 73697A65 		.ascii	"sizetype\000"
 2029      74797065 
 2029      00
 2030              	.LASF52:
 2031 0323 74687265 		.ascii	"thread_reference_t\000"
 2031      61645F72 
 2031      65666572 
 2031      656E6365 
 2031      5F7400
 2032              	.LASF75:
 2033 0336 63685F76 		.ascii	"ch_virtual_timers_list\000"
 2033      69727475 
 2033      616C5F74 
 2033      696D6572 
 2033      735F6C69 
 2034              	.LASF101:
 2035 034d 74625F70 		.ascii	"tb_ptr\000"
 2035      747200
 2036              	.LASF99:
 2037 0354 63685F73 		.ascii	"ch_swc_event_t\000"
 2037      77635F65 
 2037      76656E74 
 2037      5F7400
 2038              	.LASF76:
 2039 0363 76745F6C 		.ascii	"vt_lasttime\000"
 2039      61737474 
 2039      696D6500 
 2040              	.LASF37:
 2041 036f 705F6F6C 		.ascii	"p_older\000"
 2041      64657200 
 2042              	.LASF62:
 2043 0377 725F6374 		.ascii	"r_ctx\000"
 2043      7800
 2044              	.LASF108:
 2045 037d 31387469 		.ascii	"18time_measurement_t\000"
 2045      6D655F6D 
 2045      65617375 
 2045      72656D65 
 2045      6E745F74 
 2046              	.LASF114:
 2047 0392 31346B65 		.ascii	"14kernel_stats_t\000"
 2047      726E656C 
 2047      5F737461 
 2047      74735F74 
 2047      00
ARM GAS  C:\Users\Luis\AppData\Local\Temp\cccNgnvr.s 			page 40


 2048              	.LASF107:
 2049 03a3 746D5F63 		.ascii	"tm_calibration_t\000"
 2049      616C6962 
 2049      72617469 
 2049      6F6E5F74 
 2049      00
 2050              	.LASF65:
 2051 03b4 725F6375 		.ascii	"r_current\000"
 2051      7272656E 
 2051      7400
 2052              	.LASF64:
 2053 03be 725F6F6C 		.ascii	"r_older\000"
 2053      64657200 
 2054              	.LASF112:
 2055 03c6 63756D75 		.ascii	"cumulative\000"
 2055      6C617469 
 2055      766500
 2056              	.LASF132:
 2057 03d1 666C6F61 		.ascii	"float\000"
 2057      7400
 2058              	.LASF17:
 2059 03d7 74726566 		.ascii	"trefs_t\000"
 2059      735F7400 
 2060              	.LASF102:
 2061 03df 74625F62 		.ascii	"tb_buffer\000"
 2061      75666665 
 2061      7200
 2062              	.LASF67:
 2063 03e9 76697274 		.ascii	"virtual_timer_t\000"
 2063      75616C5F 
 2063      74696D65 
 2063      725F7400 
 2064              	.LASF33:
 2065 03f9 705F7072 		.ascii	"p_prev\000"
 2065      657600
 2066              	.LASF138:
 2067 0400 474E5520 		.ascii	"GNU C++ 4.8.3 20131129 (release) [ARM/embedded-4_8-"
 2067      432B2B20 
 2067      342E382E 
 2067      33203230 
 2067      31333131 
 2068 0433 6272616E 		.ascii	"branch revision 205641] -mcpu=cortex-m4 -mapcs-fram"
 2068      63682072 
 2068      65766973 
 2068      696F6E20 
 2068      32303536 
 2069 0466 65202D6D 		.ascii	"e -mno-thumb-interwork -mthumb -ggdb -O0 -falign-fu"
 2069      6E6F2D74 
 2069      68756D62 
 2069      2D696E74 
 2069      6572776F 
 2070 0499 6E637469 		.ascii	"nctions=16 -ffunction-sections -fdata-sections -fno"
 2070      6F6E733D 
 2070      3136202D 
 2070      6666756E 
 2070      6374696F 
 2071 04cc 2D636F6D 		.ascii	"-common -fno-rtti -fno-exceptions\000"
ARM GAS  C:\Users\Luis\AppData\Local\Temp\cccNgnvr.s 			page 41


 2071      6D6F6E20 
 2071      2D666E6F 
 2071      2D727474 
 2071      69202D66 
 2072              	.LASF18:
 2073 04ee 74707269 		.ascii	"tprio_t\000"
 2073      6F5F7400 
 2074              	.LASF116:
 2075 04f6 6E5F6374 		.ascii	"n_ctxswc\000"
 2075      78737763 
 2075      00
 2076              	.LASF6:
 2077 04ff 696E7433 		.ascii	"int32_t\000"
 2077      325F7400 
 2078              	.LASF2:
 2079 0507 756E7369 		.ascii	"unsigned char\000"
 2079      676E6564 
 2079      20636861 
 2079      7200
 2080              	.LASF47:
 2081 0515 705F6D74 		.ascii	"p_mtxlist\000"
 2081      786C6973 
 2081      7400
 2082              	.LASF3:
 2083 051f 73686F72 		.ascii	"short int\000"
 2083      7420696E 
 2083      7400
 2084              	.LASF40:
 2085 0529 705F7374 		.ascii	"p_state\000"
 2085      61746500 
 2086              	.LASF61:
 2087 0531 725F7072 		.ascii	"r_prio\000"
 2087      696F00
 2088              	.LASF31:
 2089 0538 65776D61 		.ascii	"ewmask\000"
 2089      736B00
 2090              	.LASF32:
 2091 053f 705F6E65 		.ascii	"p_next\000"
 2091      787400
 2092              	.LASF50:
 2093 0546 705F7374 		.ascii	"p_stats\000"
 2093      61747300 
 2094              	.LASF131:
 2095 054e 41727261 		.ascii	"ArrayInputsY\000"
 2095      79496E70 
 2095      75747359 
 2095      00
 2096              	.LASF68:
 2097 055b 63685F76 		.ascii	"ch_virtual_timer\000"
 2097      69727475 
 2097      616C5F74 
 2097      696D6572 
 2097      00
 2098              	.LASF120:
 2099 056c 63685F73 		.ascii	"ch_semaphore\000"
 2099      656D6170 
 2099      686F7265 
ARM GAS  C:\Users\Luis\AppData\Local\Temp\cccNgnvr.s 			page 42


 2099      00
 2100              	.LASF46:
 2101 0579 705F6570 		.ascii	"p_epending\000"
 2101      656E6469 
 2101      6E6700
 2102              	.LASF8:
 2103 0584 75696E74 		.ascii	"uint32_t\000"
 2103      33325F74 
 2103      00
 2104              	.LASF30:
 2105 058d 77746D74 		.ascii	"wtmtxp\000"
 2105      787000
 2106              	.LASF60:
 2107 0594 725F7175 		.ascii	"r_queue\000"
 2107      65756500 
 2108              	.LASF71:
 2109 059c 76745F64 		.ascii	"vt_delta\000"
 2109      656C7461 
 2109      00
 2110              	.LASF55:
 2111 05a5 63685F74 		.ascii	"ch_threads_list\000"
 2111      68726561 
 2111      64735F6C 
 2111      69737400 
 2112              	.LASF135:
 2113 05b5 5F5A4E31 		.ascii	"_ZN13DataFilterIIRD2Ev\000"
 2113      33446174 
 2113      6146696C 
 2113      74657249 
 2113      49524432 
 2114              	.LASF9:
 2115 05cc 6C6F6E67 		.ascii	"long unsigned int\000"
 2115      20756E73 
 2115      69676E65 
 2115      6420696E 
 2115      7400
 2116              	.LASF127:
 2117 05de 63686172 		.ascii	"char\000"
 2117      00
 2118              	.LASF24:
 2119 05e3 74687265 		.ascii	"thread_t\000"
 2119      61645F74 
 2119      00
 2120              	.LASF109:
 2121 05ec 62657374 		.ascii	"best\000"
 2121      00
 2122              	.LASF126:
 2123 05f1 6D5F6E65 		.ascii	"m_next\000"
 2123      787400
 2124              	.LASF23:
 2125 05f8 73797374 		.ascii	"systime_t\000"
 2125      696D655F 
 2125      7400
 2126              	.LASF48:
 2127 0602 705F7265 		.ascii	"p_realprio\000"
 2127      616C7072 
 2127      696F00
ARM GAS  C:\Users\Luis\AppData\Local\Temp\cccNgnvr.s 			page 43


 2128              	.LASF66:
 2129 060d 76746675 		.ascii	"vtfunc_t\000"
 2129      6E635F74 
 2129      00
 2130              	.LASF79:
 2131 0616 70616E69 		.ascii	"panic_msg\000"
 2131      635F6D73 
 2131      6700
 2132              	.LASF106:
 2133 0620 6F666673 		.ascii	"offset\000"
 2133      657400
 2134              	.LASF93:
 2135 0627 636F6E74 		.ascii	"context\000"
 2135      65787400 
 2136              	.LASF13:
 2137 062f 7274636E 		.ascii	"rtcnt_t\000"
 2137      745F7400 
 2138              	.LASF130:
 2139 0637 41727261 		.ascii	"ArrayCoefficientsA\000"
 2139      79436F65 
 2139      66666963 
 2139      69656E74 
 2139      734100
 2140              	.LASF73:
 2141 064a 76745F70 		.ascii	"vt_par\000"
 2141      617200
 2142              	.LASF56:
 2143 0651 74687265 		.ascii	"threads_queue_t\000"
 2143      6164735F 
 2143      71756575 
 2143      655F7400 
 2144              	.LASF123:
 2145 0661 63685F6D 		.ascii	"ch_mutex\000"
 2145      75746578 
 2145      00
 2146              	.LASF42:
 2147 066a 705F7265 		.ascii	"p_refs\000"
 2147      667300
 2148              	.LASF80:
 2149 0671 6973725F 		.ascii	"isr_cnt\000"
 2149      636E7400 
 2150              	.LASF136:
 2151 0679 5F5A4E31 		.ascii	"_ZN13DataFilterIIRD0Ev\000"
 2151      33446174 
 2151      6146696C 
 2151      74657249 
 2151      49524430 
 2152              	.LASF146:
 2153 0690 44617461 		.ascii	"DataFilter\000"
 2153      46696C74 
 2153      657200
 2154              	.LASF85:
 2155 069b 726C6973 		.ascii	"rlist\000"
 2155      7400
 2156              	.LASF5:
 2157 06a1 75696E74 		.ascii	"uint8_t\000"
 2157      385F7400 
ARM GAS  C:\Users\Luis\AppData\Local\Temp\cccNgnvr.s 			page 44


 2158              	.LASF27:
 2159 06a9 77746F62 		.ascii	"wtobjp\000"
 2159      6A7000
 2160              	.LASF38:
 2161 06b0 705F6E61 		.ascii	"p_name\000"
 2161      6D6500
 2162              	.LASF53:
 2163 06b7 74687265 		.ascii	"threads_list_t\000"
 2163      6164735F 
 2163      6C697374 
 2163      5F7400
 2164              	.LASF82:
 2165 06c6 74726163 		.ascii	"trace_buffer\000"
 2165      655F6275 
 2165      66666572 
 2165      00
 2166              	.LASF41:
 2167 06d3 705F666C 		.ascii	"p_flags\000"
 2167      61677300 
 2168              	.LASF145:
 2169 06db 5F5A4E31 		.ascii	"_ZN13DataFilterIIR13newDataFilterEi\000"
 2169      33446174 
 2169      6146696C 
 2169      74657249 
 2169      49523133 
 2170              	.LASF45:
 2171 06ff 705F6D73 		.ascii	"p_msg\000"
 2171      6700
 2172              	.LASF105:
 2173 0705 3136746D 		.ascii	"16tm_calibration_t\000"
 2173      5F63616C 
 2173      69627261 
 2173      74696F6E 
 2173      5F7400
 2174              	.LASF117:
 2175 0718 6D5F6372 		.ascii	"m_crit_thd\000"
 2175      69745F74 
 2175      686400
 2176              	.LASF125:
 2177 0723 6D5F6F77 		.ascii	"m_owner\000"
 2177      6E657200 
 2178              	.LASF139:
 2179 072b 44617461 		.ascii	"DataFilterIIR.cpp\000"
 2179      46696C74 
 2179      65724949 
 2179      522E6370 
 2179      7000
 2180              	.LASF147:
 2181 073d 7046696C 		.ascii	"pFilterOrder\000"
 2181      7465724F 
 2181      72646572 
 2181      00
 2182              	.LASF35:
 2183 074a 705F6374 		.ascii	"p_ctx\000"
 2183      7800
 2184              	.LASF72:
 2185 0750 76745F66 		.ascii	"vt_func\000"
ARM GAS  C:\Users\Luis\AppData\Local\Temp\cccNgnvr.s 			page 45


 2185      756E6300 
 2186              	.LASF144:
 2187 0758 6E657744 		.ascii	"newDataFilter\000"
 2187      61746146 
 2187      696C7465 
 2187      7200
 2188              		.ident	"GCC: (GNU Tools for ARM Embedded Processors) 4.8.3 20131129 (release) [ARM/embedded-4_8-br
ARM GAS  C:\Users\Luis\AppData\Local\Temp\cccNgnvr.s 			page 46


DEFINED SYMBOLS
                            *ABS*:00000000 DataFilterIIR.cpp
C:\Users\Luis\AppData\Local\Temp\cccNgnvr.s:19     .text._ZN13DataFilterIIRD2Ev:00000000 $t
C:\Users\Luis\AppData\Local\Temp\cccNgnvr.s:25     .text._ZN13DataFilterIIRD2Ev:00000000 _ZN13DataFilterIIRD2Ev
C:\Users\Luis\AppData\Local\Temp\cccNgnvr.s:89     .text._ZN13DataFilterIIRD2Ev:00000054 $d
C:\Users\Luis\AppData\Local\Temp\cccNgnvr.s:213    .rodata._ZTV13DataFilterIIR:00000000 _ZTV13DataFilterIIR
C:\Users\Luis\AppData\Local\Temp\cccNgnvr.s:25     .text._ZN13DataFilterIIRD2Ev:00000000 _ZN13DataFilterIIRD1Ev
C:\Users\Luis\AppData\Local\Temp\cccNgnvr.s:96     .text._ZN13DataFilterIIRD0Ev:00000000 $t
C:\Users\Luis\AppData\Local\Temp\cccNgnvr.s:102    .text._ZN13DataFilterIIRD0Ev:00000000 _ZN13DataFilterIIRD0Ev
C:\Users\Luis\AppData\Local\Temp\cccNgnvr.s:132    .text._ZN13DataFilterIIR13newDataFilterEi:00000000 $t
C:\Users\Luis\AppData\Local\Temp\cccNgnvr.s:138    .text._ZN13DataFilterIIR13newDataFilterEi:00000000 _ZN13DataFilterIIR13newDataFilterEi
C:\Users\Luis\AppData\Local\Temp\cccNgnvr.s:210    .rodata._ZTV13DataFilterIIR:00000000 $d
                     .debug_frame:00000010 $d
C:\Users\Luis\AppData\Local\Temp\cccNgnvr.s:95     .text._ZN13DataFilterIIRD2Ev:00000058 $t

UNDEFINED SYMBOLS
chHeapFree
_ZN10DataFilterD2Ev
_ZdlPv
chHeapAlloc
_ZN10DataFilter14setFilterOrderEi
