ARM GAS  C:\Users\Luis\AppData\Local\Temp\ccO7oGOU.s 			page 1


   1              		.syntax unified
   2              		.cpu cortex-m4
   3              		.fpu softvfp
   4              		.eabi_attribute 20, 1
   5              		.eabi_attribute 21, 1
   6              		.eabi_attribute 23, 3
   7              		.eabi_attribute 24, 1
   8              		.eabi_attribute 25, 1
   9              		.eabi_attribute 26, 1
  10              		.eabi_attribute 30, 6
  11              		.eabi_attribute 34, 1
  12              		.eabi_attribute 18, 4
  13              		.thumb
  14              		.file	"Filter.cpp"
  15              		.text
  16              	.Ltext0:
  17              		.cfi_sections	.debug_frame
  18              		.section	.text._ZN6FilterD2Ev,"ax",%progbits
  19              		.align	2
  20              		.p2align 4,,15
  21              		.global	_ZN6FilterD2Ev
  22              		.thumb
  23              		.thumb_func
  24              		.type	_ZN6FilterD2Ev, %function
  25              	_ZN6FilterD2Ev:
  26              	.LFB261:
  27              		.file 1 "Filter.cpp"
  28              		.loc 1 10 0
  29              		.cfi_startproc
  30              		@ args = 0, pretend = 0, frame = 8
  31              		@ frame_needed = 1, uses_anonymous_args = 0
  32 0000 80B5     		push	{r7, lr}
  33              		.cfi_def_cfa_offset 8
  34              		.cfi_offset 7, -8
  35              		.cfi_offset 14, -4
  36 0002 82B0     		sub	sp, sp, #8
  37              		.cfi_def_cfa_offset 16
  38 0004 00AF     		add	r7, sp, #0
  39              		.cfi_def_cfa_register 7
  40 0006 7860     		str	r0, [r7, #4]
  41              	.LBB2:
  42              		.loc 1 10 0
  43 0008 7B68     		ldr	r3, [r7, #4]
  44 000a 0B4A     		ldr	r2, .L5
  45 000c 1A60     		str	r2, [r3]
  46              		.loc 1 11 0
  47 000e 7B68     		ldr	r3, [r7, #4]
  48 0010 5B68     		ldr	r3, [r3, #4]
  49 0012 1846     		mov	r0, r3
  50 0014 FFF7FEFF 		bl	chHeapFree
  51              		.loc 1 12 0
  52 0018 7B68     		ldr	r3, [r7, #4]
  53 001a 9B68     		ldr	r3, [r3, #8]
  54 001c 1846     		mov	r0, r3
  55 001e FFF7FEFF 		bl	chHeapFree
  56              	.LBE2:
  57              		.loc 1 13 0
ARM GAS  C:\Users\Luis\AppData\Local\Temp\ccO7oGOU.s 			page 2


  58 0022 0023     		movs	r3, #0
  59 0024 002B     		cmp	r3, #0
  60 0026 02D0     		beq	.L3
  61              		.loc 1 13 0 is_stmt 0 discriminator 1
  62 0028 7868     		ldr	r0, [r7, #4]
  63 002a FFF7FEFF 		bl	_ZdlPv
  64              	.L3:
  65              		.loc 1 13 0 discriminator 2
  66 002e 7B68     		ldr	r3, [r7, #4]
  67 0030 1846     		mov	r0, r3
  68 0032 0837     		adds	r7, r7, #8
  69 0034 BD46     		mov	sp, r7
  70              		@ sp needed
  71 0036 80BD     		pop	{r7, pc}
  72              	.L6:
  73              		.align	2
  74              	.L5:
  75 0038 08000000 		.word	_ZTV6Filter+8
  76              		.cfi_endproc
  77              	.LFE261:
  78              		.size	_ZN6FilterD2Ev, .-_ZN6FilterD2Ev
  79              		.global	_ZN6FilterD1Ev
  80              		.thumb_set _ZN6FilterD1Ev,_ZN6FilterD2Ev
  81 003c AFF30080 		.section	.text._ZN6FilterD0Ev,"ax",%progbits
  82              		.align	2
  83              		.p2align 4,,15
  84              		.global	_ZN6FilterD0Ev
  85              		.thumb
  86              		.thumb_func
  87              		.type	_ZN6FilterD0Ev, %function
  88              	_ZN6FilterD0Ev:
  89              	.LFB263:
  90              		.loc 1 10 0 is_stmt 1
  91              		.cfi_startproc
  92              		@ args = 0, pretend = 0, frame = 8
  93              		@ frame_needed = 1, uses_anonymous_args = 0
  94 0000 80B5     		push	{r7, lr}
  95              		.cfi_def_cfa_offset 8
  96              		.cfi_offset 7, -8
  97              		.cfi_offset 14, -4
  98 0002 82B0     		sub	sp, sp, #8
  99              		.cfi_def_cfa_offset 16
 100 0004 00AF     		add	r7, sp, #0
 101              		.cfi_def_cfa_register 7
 102 0006 7860     		str	r0, [r7, #4]
 103              		.loc 1 13 0
 104 0008 7868     		ldr	r0, [r7, #4]
 105 000a FFF7FEFF 		bl	_ZN6FilterD1Ev
 106 000e 7868     		ldr	r0, [r7, #4]
 107 0010 FFF7FEFF 		bl	_ZdlPv
 108 0014 7B68     		ldr	r3, [r7, #4]
 109 0016 1846     		mov	r0, r3
 110 0018 0837     		adds	r7, r7, #8
 111 001a BD46     		mov	sp, r7
 112              		@ sp needed
 113 001c 80BD     		pop	{r7, pc}
 114              		.cfi_endproc
ARM GAS  C:\Users\Luis\AppData\Local\Temp\ccO7oGOU.s 			page 3


 115              	.LFE263:
 116              		.size	_ZN6FilterD0Ev, .-_ZN6FilterD0Ev
 117 001e 00BF     		.section	.text._ZN6Filter20setInitialDataFilterEP10DataFilter,"ax",%progbits
 118              		.align	2
 119              		.p2align 4,,15
 120              		.global	_ZN6Filter20setInitialDataFilterEP10DataFilter
 121              		.thumb
 122              		.thumb_func
 123              		.type	_ZN6Filter20setInitialDataFilterEP10DataFilter, %function
 124              	_ZN6Filter20setInitialDataFilterEP10DataFilter:
 125              	.LFB264:
 126              		.loc 1 15 0
 127              		.cfi_startproc
 128              		@ args = 0, pretend = 0, frame = 8
 129              		@ frame_needed = 1, uses_anonymous_args = 0
 130 0000 80B5     		push	{r7, lr}
 131              		.cfi_def_cfa_offset 8
 132              		.cfi_offset 7, -8
 133              		.cfi_offset 14, -4
 134 0002 82B0     		sub	sp, sp, #8
 135              		.cfi_def_cfa_offset 16
 136 0004 00AF     		add	r7, sp, #0
 137              		.cfi_def_cfa_register 7
 138 0006 7860     		str	r0, [r7, #4]
 139 0008 3960     		str	r1, [r7]
 140              		.loc 1 17 0
 141 000a 0020     		movs	r0, #0
 142 000c 0421     		movs	r1, #4
 143 000e FFF7FEFF 		bl	chHeapAlloc
 144 0012 0246     		mov	r2, r0
 145 0014 7B68     		ldr	r3, [r7, #4]
 146 0016 5A60     		str	r2, [r3, #4]
 147              		.loc 1 18 0
 148 0018 7B68     		ldr	r3, [r7, #4]
 149 001a 3A68     		ldr	r2, [r7]
 150 001c 9A60     		str	r2, [r3, #8]
 151              		.loc 1 19 0
 152 001e 7B68     		ldr	r3, [r7, #4]
 153 0020 0022     		movs	r2, #0
 154 0022 DA60     		str	r2, [r3, #12]
 155              		.loc 1 20 0
 156 0024 0837     		adds	r7, r7, #8
 157 0026 BD46     		mov	sp, r7
 158              		@ sp needed
 159 0028 80BD     		pop	{r7, pc}
 160              		.cfi_endproc
 161              	.LFE264:
 162              		.size	_ZN6Filter20setInitialDataFilterEP10DataFilter, .-_ZN6Filter20setInitialDataFilterEP10DataFi
 163              		.global	_ZTV6Filter
 164 002a 00BFAFF3 		.section	.rodata._ZTV6Filter,"a",%progbits
 164      0080
 165              		.align	3
 166              		.type	_ZTV6Filter, %object
 167              		.size	_ZTV6Filter, 16
 168              	_ZTV6Filter:
 169 0000 00000000 		.word	0
 170 0004 00000000 		.word	0
ARM GAS  C:\Users\Luis\AppData\Local\Temp\ccO7oGOU.s 			page 4


 171 0008 00000000 		.word	_ZN6FilterD1Ev
 172 000c 00000000 		.word	_ZN6FilterD0Ev
 173              		.text
 174              	.Letext0:
 175              		.file 2 "c:\\emtechesdk\\gcc\\arm-none-eabi\\include\\stdint.h"
 176              		.file 3 "../../ChibiOS/os/rt/ports/ARMCMx/compilers/GCC/chtypes.h"
 177              		.file 4 "../../ChibiOS/os/rt/include/chsystypes.h"
 178              		.file 5 "../../ChibiOS/os/rt/include/chschd.h"
 179              		.file 6 "../../ChibiOS/os/rt/ports/ARMCMx/chcore.h"
 180              		.file 7 "../../ChibiOS/os/rt/ports/ARMCMx/chcore_v7m.h"
 181              		.file 8 "../../ChibiOS/os/rt/include/chdebug.h"
 182              		.file 9 "../../ChibiOS/os/rt/include/chtm.h"
 183              		.file 10 "../../ChibiOS/os/rt/include/chstats.h"
 184              		.file 11 "../../ChibiOS/os/rt/include/chsem.h"
 185              		.file 12 "../../ChibiOS/os/rt/include/chmtx.h"
 186              		.file 13 "header/FuntionsMath.h"
 187              		.file 14 "header/Filter.h"
 188              		.file 15 "../../ChibiOS/os/ext/CMSIS/include/core_cm4.h"
 189              		.section	.debug_info,"",%progbits
 190              	.Ldebug_info0:
 191 0000 B6090000 		.4byte	0x9b6
 192 0004 0400     		.2byte	0x4
 193 0006 00000000 		.4byte	.Ldebug_abbrev0
 194 000a 04       		.byte	0x4
 195 000b 01       		.uleb128 0x1
 196 000c A4040000 		.4byte	.LASF145
 197 0010 04       		.byte	0x4
 198 0011 85020000 		.4byte	.LASF146
 199 0015 9D010000 		.4byte	.LASF147
 200 0019 00000000 		.4byte	.Ldebug_ranges0+0
 201 001d 00000000 		.4byte	0
 202 0021 00000000 		.4byte	.Ldebug_line0
 203 0025 02       		.uleb128 0x2
 204 0026 04       		.byte	0x4
 205 0027 05       		.byte	0x5
 206 0028 696E7400 		.ascii	"int\000"
 207 002c 03       		.uleb128 0x3
 208 002d 04       		.byte	0x4
 209 002e 07       		.byte	0x7
 210 002f A5060000 		.4byte	.LASF0
 211 0033 03       		.uleb128 0x3
 212 0034 01       		.byte	0x1
 213 0035 06       		.byte	0x6
 214 0036 65010000 		.4byte	.LASF1
 215 003a 04       		.uleb128 0x4
 216 003b 62070000 		.4byte	.LASF5
 217 003f 02       		.byte	0x2
 218 0040 2A       		.byte	0x2a
 219 0041 45000000 		.4byte	0x45
 220 0045 03       		.uleb128 0x3
 221 0046 01       		.byte	0x1
 222 0047 08       		.byte	0x8
 223 0048 AB050000 		.4byte	.LASF2
 224 004c 03       		.uleb128 0x3
 225 004d 02       		.byte	0x2
 226 004e 05       		.byte	0x5
 227 004f D6050000 		.4byte	.LASF3
ARM GAS  C:\Users\Luis\AppData\Local\Temp\ccO7oGOU.s 			page 5


 228 0053 03       		.uleb128 0x3
 229 0054 02       		.byte	0x2
 230 0055 07       		.byte	0x7
 231 0056 D7020000 		.4byte	.LASF4
 232 005a 04       		.uleb128 0x4
 233 005b A3050000 		.4byte	.LASF6
 234 005f 02       		.byte	0x2
 235 0060 4F       		.byte	0x4f
 236 0061 65000000 		.4byte	0x65
 237 0065 03       		.uleb128 0x3
 238 0066 04       		.byte	0x4
 239 0067 05       		.byte	0x5
 240 0068 E0010000 		.4byte	.LASF7
 241 006c 04       		.uleb128 0x4
 242 006d 33060000 		.4byte	.LASF8
 243 0071 02       		.byte	0x2
 244 0072 50       		.byte	0x50
 245 0073 77000000 		.4byte	0x77
 246 0077 03       		.uleb128 0x3
 247 0078 04       		.byte	0x4
 248 0079 07       		.byte	0x7
 249 007a 8E060000 		.4byte	.LASF9
 250 007e 03       		.uleb128 0x3
 251 007f 08       		.byte	0x8
 252 0080 05       		.byte	0x5
 253 0081 57010000 		.4byte	.LASF10
 254 0085 04       		.uleb128 0x4
 255 0086 62000000 		.4byte	.LASF11
 256 008a 02       		.byte	0x2
 257 008b 78       		.byte	0x78
 258 008c 90000000 		.4byte	0x90
 259 0090 03       		.uleb128 0x3
 260 0091 08       		.byte	0x8
 261 0092 07       		.byte	0x7
 262 0093 BD000000 		.4byte	.LASF12
 263 0097 05       		.uleb128 0x5
 264 0098 5A000000 		.4byte	0x5a
 265 009c 04       		.uleb128 0x4
 266 009d 05070000 		.4byte	.LASF13
 267 00a1 03       		.byte	0x3
 268 00a2 45       		.byte	0x45
 269 00a3 6C000000 		.4byte	0x6c
 270 00a7 04       		.uleb128 0x4
 271 00a8 47010000 		.4byte	.LASF14
 272 00ac 03       		.byte	0x3
 273 00ad 46       		.byte	0x46
 274 00ae 85000000 		.4byte	0x85
 275 00b2 04       		.uleb128 0x4
 276 00b3 32030000 		.4byte	.LASF15
 277 00b7 03       		.byte	0x3
 278 00b8 48       		.byte	0x48
 279 00b9 3A000000 		.4byte	0x3a
 280 00bd 04       		.uleb128 0x4
 281 00be E9010000 		.4byte	.LASF16
 282 00c2 03       		.byte	0x3
 283 00c3 49       		.byte	0x49
 284 00c4 3A000000 		.4byte	0x3a
ARM GAS  C:\Users\Luis\AppData\Local\Temp\ccO7oGOU.s 			page 6


 285 00c8 04       		.uleb128 0x4
 286 00c9 7B040000 		.4byte	.LASF17
 287 00cd 03       		.byte	0x3
 288 00ce 4A       		.byte	0x4a
 289 00cf 3A000000 		.4byte	0x3a
 290 00d3 04       		.uleb128 0x4
 291 00d4 92050000 		.4byte	.LASF18
 292 00d8 03       		.byte	0x3
 293 00d9 4C       		.byte	0x4c
 294 00da 6C000000 		.4byte	0x6c
 295 00de 04       		.uleb128 0x4
 296 00df 14030000 		.4byte	.LASF19
 297 00e3 03       		.byte	0x3
 298 00e4 4D       		.byte	0x4d
 299 00e5 5A000000 		.4byte	0x5a
 300 00e9 04       		.uleb128 0x4
 301 00ea 58030000 		.4byte	.LASF20
 302 00ee 03       		.byte	0x3
 303 00ef 4F       		.byte	0x4f
 304 00f0 6C000000 		.4byte	0x6c
 305 00f4 04       		.uleb128 0x4
 306 00f5 64020000 		.4byte	.LASF21
 307 00f9 03       		.byte	0x3
 308 00fa 51       		.byte	0x51
 309 00fb 5A000000 		.4byte	0x5a
 310 00ff 04       		.uleb128 0x4
 311 0100 1F030000 		.4byte	.LASF22
 312 0104 03       		.byte	0x3
 313 0105 52       		.byte	0x52
 314 0106 6C000000 		.4byte	0x6c
 315 010a 04       		.uleb128 0x4
 316 010b CE060000 		.4byte	.LASF23
 317 010f 04       		.byte	0x4
 318 0110 33       		.byte	0x33
 319 0111 6C000000 		.4byte	0x6c
 320 0115 04       		.uleb128 0x4
 321 0116 B9060000 		.4byte	.LASF24
 322 011a 04       		.byte	0x4
 323 011b 3F       		.byte	0x3f
 324 011c 20010000 		.4byte	0x120
 325 0120 06       		.uleb128 0x6
 326 0121 0A030000 		.4byte	.LASF54
 327 0125 68       		.byte	0x68
 328 0126 05       		.byte	0x5
 329 0127 C2       		.byte	0xc2
 330 0128 90020000 		.4byte	0x290
 331 012c 07       		.uleb128 0x7
 332 012d 04       		.byte	0x4
 333 012e 05       		.byte	0x5
 334 012f FA       		.byte	0xfa
 335 0130 89010000 		.4byte	0x189
 336 0134 08       		.uleb128 0x8
 337 0135 5B000000 		.4byte	.LASF25
 338 0139 05       		.byte	0x5
 339 013a 0101     		.2byte	0x101
 340 013c DE000000 		.4byte	0xde
 341 0140 08       		.uleb128 0x8
ARM GAS  C:\Users\Luis\AppData\Local\Temp\ccO7oGOU.s 			page 7


 342 0141 EF000000 		.4byte	.LASF26
 343 0145 05       		.byte	0x5
 344 0146 0801     		.2byte	0x108
 345 0148 DE000000 		.4byte	0xde
 346 014c 08       		.uleb128 0x8
 347 014d 72070000 		.4byte	.LASF27
 348 0151 05       		.byte	0x5
 349 0152 0F01     		.2byte	0x10f
 350 0154 78030000 		.4byte	0x378
 351 0158 08       		.uleb128 0x8
 352 0159 55000000 		.4byte	.LASF28
 353 015d 05       		.byte	0x5
 354 015e 1601     		.2byte	0x116
 355 0160 F7060000 		.4byte	0x6f7
 356 0164 08       		.uleb128 0x8
 357 0165 98020000 		.4byte	.LASF29
 358 0169 05       		.byte	0x5
 359 016a 1E01     		.2byte	0x11e
 360 016c 22070000 		.4byte	0x722
 361 0170 08       		.uleb128 0x8
 362 0171 3C060000 		.4byte	.LASF30
 363 0175 05       		.byte	0x5
 364 0176 2701     		.2byte	0x127
 365 0178 59070000 		.4byte	0x759
 366 017c 08       		.uleb128 0x8
 367 017d EF050000 		.4byte	.LASF31
 368 0181 05       		.byte	0x5
 369 0182 2F01     		.2byte	0x12f
 370 0184 E9000000 		.4byte	0xe9
 371 0188 00       		.byte	0
 372 0189 09       		.uleb128 0x9
 373 018a F6050000 		.4byte	.LASF32
 374 018e 05       		.byte	0x5
 375 018f C3       		.byte	0xc3
 376 0190 9B020000 		.4byte	0x29b
 377 0194 00       		.byte	0
 378 0195 09       		.uleb128 0x9
 379 0196 9D040000 		.4byte	.LASF33
 380 019a 05       		.byte	0x5
 381 019b C5       		.byte	0xc5
 382 019c 9B020000 		.4byte	0x29b
 383 01a0 04       		.byte	0x4
 384 01a1 09       		.uleb128 0x9
 385 01a2 50010000 		.4byte	.LASF34
 386 01a6 05       		.byte	0x5
 387 01a7 C7       		.byte	0xc7
 388 01a8 D3000000 		.4byte	0xd3
 389 01ac 08       		.byte	0x8
 390 01ad 09       		.uleb128 0x9
 391 01ae F2070000 		.4byte	.LASF35
 392 01b2 05       		.byte	0x5
 393 01b3 C8       		.byte	0xc8
 394 01b4 04050000 		.4byte	0x504
 395 01b8 0C       		.byte	0xc
 396 01b9 09       		.uleb128 0x9
 397 01ba FD010000 		.4byte	.LASF36
 398 01be 05       		.byte	0x5
ARM GAS  C:\Users\Luis\AppData\Local\Temp\ccO7oGOU.s 			page 8


 399 01bf CA       		.byte	0xca
 400 01c0 9B020000 		.4byte	0x29b
 401 01c4 10       		.byte	0x10
 402 01c5 09       		.uleb128 0x9
 403 01c6 06040000 		.4byte	.LASF37
 404 01ca 05       		.byte	0x5
 405 01cb CB       		.byte	0xcb
 406 01cc 9B020000 		.4byte	0x29b
 407 01d0 14       		.byte	0x14
 408 01d1 09       		.uleb128 0x9
 409 01d2 79070000 		.4byte	.LASF38
 410 01d6 05       		.byte	0x5
 411 01d7 D2       		.byte	0xd2
 412 01d8 5F070000 		.4byte	0x75f
 413 01dc 18       		.byte	0x18
 414 01dd 09       		.uleb128 0x9
 415 01de 7A020000 		.4byte	.LASF39
 416 01e2 05       		.byte	0x5
 417 01e3 D8       		.byte	0xd8
 418 01e4 71070000 		.4byte	0x771
 419 01e8 1C       		.byte	0x1c
 420 01e9 09       		.uleb128 0x9
 421 01ea E0050000 		.4byte	.LASF40
 422 01ee 05       		.byte	0x5
 423 01ef DD       		.byte	0xdd
 424 01f0 BD000000 		.4byte	0xbd
 425 01f4 20       		.byte	0x20
 426 01f5 09       		.uleb128 0x9
 427 01f6 A8070000 		.4byte	.LASF41
 428 01fa 05       		.byte	0x5
 429 01fb E1       		.byte	0xe1
 430 01fc B2000000 		.4byte	0xb2
 431 0200 21       		.byte	0x21
 432 0201 09       		.uleb128 0x9
 433 0202 2D070000 		.4byte	.LASF42
 434 0206 05       		.byte	0x5
 435 0207 E6       		.byte	0xe6
 436 0208 C8000000 		.4byte	0xc8
 437 020c 22       		.byte	0x22
 438 020d 0A       		.uleb128 0xa
 439 020e 705F7500 		.ascii	"p_u\000"
 440 0212 05       		.byte	0x5
 441 0213 3101     		.2byte	0x131
 442 0215 2C010000 		.4byte	0x12c
 443 0219 24       		.byte	0x24
 444 021a 0B       		.uleb128 0xb
 445 021b AE030000 		.4byte	.LASF43
 446 021f 05       		.byte	0x5
 447 0220 3601     		.2byte	0x136
 448 0222 A1020000 		.4byte	0x2a1
 449 0226 28       		.byte	0x28
 450 0227 0B       		.uleb128 0xb
 451 0228 9F020000 		.4byte	.LASF44
 452 022c 05       		.byte	0x5
 453 022d 3C01     		.2byte	0x13c
 454 022f C5020000 		.4byte	0x2c5
 455 0233 2C       		.byte	0x2c
ARM GAS  C:\Users\Luis\AppData\Local\Temp\ccO7oGOU.s 			page 9


 456 0234 0B       		.uleb128 0xb
 457 0235 B0070000 		.4byte	.LASF45
 458 0239 05       		.byte	0x5
 459 023a 4001     		.2byte	0x140
 460 023c DE000000 		.4byte	0xde
 461 0240 34       		.byte	0x34
 462 0241 0B       		.uleb128 0xb
 463 0242 23060000 		.4byte	.LASF46
 464 0246 05       		.byte	0x5
 465 0247 4601     		.2byte	0x146
 466 0249 E9000000 		.4byte	0xe9
 467 024d 38       		.byte	0x38
 468 024e 0B       		.uleb128 0xb
 469 024f CC050000 		.4byte	.LASF47
 470 0253 05       		.byte	0x5
 471 0254 4D01     		.2byte	0x14d
 472 0256 59070000 		.4byte	0x759
 473 025a 3C       		.byte	0x3c
 474 025b 0B       		.uleb128 0xb
 475 025c D8060000 		.4byte	.LASF48
 476 0260 05       		.byte	0x5
 477 0261 5101     		.2byte	0x151
 478 0263 D3000000 		.4byte	0xd3
 479 0267 40       		.byte	0x40
 480 0268 0B       		.uleb128 0xb
 481 0269 86010000 		.4byte	.LASF49
 482 026d 05       		.byte	0x5
 483 026e 5801     		.2byte	0x158
 484 0270 78030000 		.4byte	0x378
 485 0274 44       		.byte	0x44
 486 0275 0B       		.uleb128 0xb
 487 0276 FD050000 		.4byte	.LASF50
 488 027a 05       		.byte	0x5
 489 027b 5E01     		.2byte	0x15e
 490 027d A4060000 		.4byte	0x6a4
 491 0281 48       		.byte	0x48
 492 0282 0B       		.uleb128 0xb
 493 0283 C4020000 		.4byte	.LASF51
 494 0287 05       		.byte	0x5
 495 0288 6201     		.2byte	0x162
 496 028a 78030000 		.4byte	0x378
 497 028e 60       		.byte	0x60
 498 028f 00       		.byte	0
 499 0290 04       		.uleb128 0x4
 500 0291 C1030000 		.4byte	.LASF52
 501 0295 04       		.byte	0x4
 502 0296 44       		.byte	0x44
 503 0297 9B020000 		.4byte	0x29b
 504 029b 0C       		.uleb128 0xc
 505 029c 04       		.byte	0x4
 506 029d 15010000 		.4byte	0x115
 507 02a1 04       		.uleb128 0x4
 508 02a2 90030000 		.4byte	.LASF53
 509 02a6 04       		.byte	0x4
 510 02a7 49       		.byte	0x49
 511 02a8 AC020000 		.4byte	0x2ac
 512 02ac 06       		.uleb128 0x6
ARM GAS  C:\Users\Luis\AppData\Local\Temp\ccO7oGOU.s 			page 10


 513 02ad 54060000 		.4byte	.LASF55
 514 02b1 04       		.byte	0x4
 515 02b2 05       		.byte	0x5
 516 02b3 B0       		.byte	0xb0
 517 02b4 C5020000 		.4byte	0x2c5
 518 02b8 09       		.uleb128 0x9
 519 02b9 F6050000 		.4byte	.LASF32
 520 02bd 05       		.byte	0x5
 521 02be B1       		.byte	0xb1
 522 02bf 9B020000 		.4byte	0x29b
 523 02c3 00       		.byte	0
 524 02c4 00       		.byte	0
 525 02c5 04       		.uleb128 0x4
 526 02c6 14070000 		.4byte	.LASF56
 527 02ca 04       		.byte	0x4
 528 02cb 50       		.byte	0x50
 529 02cc D0020000 		.4byte	0x2d0
 530 02d0 06       		.uleb128 0x6
 531 02d1 84000000 		.4byte	.LASF57
 532 02d5 08       		.byte	0x8
 533 02d6 05       		.byte	0x5
 534 02d7 B7       		.byte	0xb7
 535 02d8 F5020000 		.4byte	0x2f5
 536 02dc 09       		.uleb128 0x9
 537 02dd F6050000 		.4byte	.LASF32
 538 02e1 05       		.byte	0x5
 539 02e2 B8       		.byte	0xb8
 540 02e3 9B020000 		.4byte	0x29b
 541 02e7 00       		.byte	0
 542 02e8 09       		.uleb128 0x9
 543 02e9 9D040000 		.4byte	.LASF33
 544 02ed 05       		.byte	0x5
 545 02ee B9       		.byte	0xb9
 546 02ef 9B020000 		.4byte	0x29b
 547 02f3 04       		.byte	0x4
 548 02f4 00       		.byte	0
 549 02f5 04       		.uleb128 0x4
 550 02f6 36000000 		.4byte	.LASF58
 551 02fa 04       		.byte	0x4
 552 02fb 57       		.byte	0x57
 553 02fc 00030000 		.4byte	0x300
 554 0300 0D       		.uleb128 0xd
 555 0301 4A030000 		.4byte	.LASF59
 556 0305 1C       		.byte	0x1c
 557 0306 05       		.byte	0x5
 558 0307 9001     		.2byte	0x190
 559 0309 5C030000 		.4byte	0x35c
 560 030d 0B       		.uleb128 0xb
 561 030e 43060000 		.4byte	.LASF60
 562 0312 05       		.byte	0x5
 563 0313 9101     		.2byte	0x191
 564 0315 C5020000 		.4byte	0x2c5
 565 0319 00       		.byte	0
 566 031a 0B       		.uleb128 0xb
 567 031b E8050000 		.4byte	.LASF61
 568 031f 05       		.byte	0x5
 569 0320 9201     		.2byte	0x192
ARM GAS  C:\Users\Luis\AppData\Local\Temp\ccO7oGOU.s 			page 11


 570 0322 D3000000 		.4byte	0xd3
 571 0326 08       		.byte	0x8
 572 0327 0B       		.uleb128 0xb
 573 0328 1B040000 		.4byte	.LASF62
 574 032c 05       		.byte	0x5
 575 032d 9401     		.2byte	0x194
 576 032f 04050000 		.4byte	0x504
 577 0333 0C       		.byte	0xc
 578 0334 0B       		.uleb128 0xb
 579 0335 15020000 		.4byte	.LASF63
 580 0339 05       		.byte	0x5
 581 033a 9701     		.2byte	0x197
 582 033c 9B020000 		.4byte	0x29b
 583 0340 10       		.byte	0x10
 584 0341 0B       		.uleb128 0xb
 585 0342 62040000 		.4byte	.LASF64
 586 0346 05       		.byte	0x5
 587 0347 9801     		.2byte	0x198
 588 0349 9B020000 		.4byte	0x29b
 589 034d 14       		.byte	0x14
 590 034e 0B       		.uleb128 0xb
 591 034f 58040000 		.4byte	.LASF65
 592 0353 05       		.byte	0x5
 593 0354 9B01     		.2byte	0x19b
 594 0356 9B020000 		.4byte	0x29b
 595 035a 18       		.byte	0x18
 596 035b 00       		.byte	0
 597 035c 04       		.uleb128 0x4
 598 035d E3060000 		.4byte	.LASF66
 599 0361 04       		.byte	0x4
 600 0362 5C       		.byte	0x5c
 601 0363 67030000 		.4byte	0x367
 602 0367 0C       		.uleb128 0xc
 603 0368 04       		.byte	0x4
 604 0369 6D030000 		.4byte	0x36d
 605 036d 0E       		.uleb128 0xe
 606 036e 78030000 		.4byte	0x378
 607 0372 0F       		.uleb128 0xf
 608 0373 78030000 		.4byte	0x378
 609 0377 00       		.byte	0
 610 0378 10       		.uleb128 0x10
 611 0379 04       		.byte	0x4
 612 037a 04       		.uleb128 0x4
 613 037b 8D040000 		.4byte	.LASF67
 614 037f 04       		.byte	0x4
 615 0380 61       		.byte	0x61
 616 0381 85030000 		.4byte	0x385
 617 0385 0D       		.uleb128 0xd
 618 0386 05060000 		.4byte	.LASF68
 619 038a 14       		.byte	0x14
 620 038b 05       		.byte	0x5
 621 038c 6B01     		.2byte	0x16b
 622 038e D4030000 		.4byte	0x3d4
 623 0392 0B       		.uleb128 0xb
 624 0393 90020000 		.4byte	.LASF69
 625 0397 05       		.byte	0x5
 626 0398 6C01     		.2byte	0x16c
ARM GAS  C:\Users\Luis\AppData\Local\Temp\ccO7oGOU.s 			page 12


 627 039a 77070000 		.4byte	0x777
 628 039e 00       		.byte	0
 629 039f 0B       		.uleb128 0xb
 630 03a0 26020000 		.4byte	.LASF70
 631 03a4 05       		.byte	0x5
 632 03a5 6D01     		.2byte	0x16d
 633 03a7 77070000 		.4byte	0x777
 634 03ab 04       		.byte	0x4
 635 03ac 0B       		.uleb128 0xb
 636 03ad 4B060000 		.4byte	.LASF71
 637 03b1 05       		.byte	0x5
 638 03b2 6E01     		.2byte	0x16e
 639 03b4 0A010000 		.4byte	0x10a
 640 03b8 08       		.byte	0x8
 641 03b9 0B       		.uleb128 0xb
 642 03ba F8070000 		.4byte	.LASF72
 643 03be 05       		.byte	0x5
 644 03bf 6F01     		.2byte	0x16f
 645 03c1 5C030000 		.4byte	0x35c
 646 03c5 0C       		.byte	0xc
 647 03c6 0B       		.uleb128 0xb
 648 03c7 0D070000 		.4byte	.LASF73
 649 03cb 05       		.byte	0x5
 650 03cc 7101     		.2byte	0x171
 651 03ce 78030000 		.4byte	0x378
 652 03d2 10       		.byte	0x10
 653 03d3 00       		.byte	0
 654 03d4 04       		.uleb128 0x4
 655 03d5 15010000 		.4byte	.LASF74
 656 03d9 04       		.byte	0x4
 657 03da 66       		.byte	0x66
 658 03db DF030000 		.4byte	0x3df
 659 03df 0D       		.uleb128 0xd
 660 03e0 D4030000 		.4byte	.LASF75
 661 03e4 10       		.byte	0x10
 662 03e5 05       		.byte	0x5
 663 03e6 7B01     		.2byte	0x17b
 664 03e8 21040000 		.4byte	0x421
 665 03ec 0B       		.uleb128 0xb
 666 03ed 90020000 		.4byte	.LASF69
 667 03f1 05       		.byte	0x5
 668 03f2 7C01     		.2byte	0x17c
 669 03f4 77070000 		.4byte	0x777
 670 03f8 00       		.byte	0
 671 03f9 0B       		.uleb128 0xb
 672 03fa 26020000 		.4byte	.LASF70
 673 03fe 05       		.byte	0x5
 674 03ff 7E01     		.2byte	0x17e
 675 0401 77070000 		.4byte	0x777
 676 0405 04       		.byte	0x4
 677 0406 0B       		.uleb128 0xb
 678 0407 4B060000 		.4byte	.LASF71
 679 040b 05       		.byte	0x5
 680 040c 8001     		.2byte	0x180
 681 040e 0A010000 		.4byte	0x10a
 682 0412 08       		.byte	0x8
 683 0413 0B       		.uleb128 0xb
ARM GAS  C:\Users\Luis\AppData\Local\Temp\ccO7oGOU.s 			page 13


 684 0414 FA030000 		.4byte	.LASF76
 685 0418 05       		.byte	0x5
 686 0419 8801     		.2byte	0x188
 687 041b 0A010000 		.4byte	0x10a
 688 041f 0C       		.byte	0xc
 689 0420 00       		.byte	0
 690 0421 04       		.uleb128 0x4
 691 0422 95000000 		.4byte	.LASF77
 692 0426 04       		.byte	0x4
 693 0427 6B       		.byte	0x6b
 694 0428 2C040000 		.4byte	0x42c
 695 042c 11       		.uleb128 0x11
 696 042d 2E020000 		.4byte	.LASF78
 697 0431 1404     		.2byte	0x414
 698 0433 05       		.byte	0x5
 699 0434 A201     		.2byte	0x1a2
 700 0436 6F040000 		.4byte	0x46f
 701 043a 0B       		.uleb128 0xb
 702 043b EC060000 		.4byte	.LASF79
 703 043f 05       		.byte	0x5
 704 0440 AA01     		.2byte	0x1aa
 705 0442 7D070000 		.4byte	0x77d
 706 0446 00       		.byte	0
 707 0447 0B       		.uleb128 0xb
 708 0448 34070000 		.4byte	.LASF80
 709 044c 05       		.byte	0x5
 710 044d AF01     		.2byte	0x1af
 711 044f F4000000 		.4byte	0xf4
 712 0453 04       		.byte	0x4
 713 0454 0B       		.uleb128 0xb
 714 0455 4C020000 		.4byte	.LASF81
 715 0459 05       		.byte	0x5
 716 045a B301     		.2byte	0x1b3
 717 045c F4000000 		.4byte	0xf4
 718 0460 08       		.byte	0x8
 719 0461 0B       		.uleb128 0xb
 720 0462 9B070000 		.4byte	.LASF82
 721 0466 05       		.byte	0x5
 722 0467 B901     		.2byte	0x1b9
 723 0469 2E060000 		.4byte	0x62e
 724 046d 0C       		.byte	0xc
 725 046e 00       		.byte	0
 726 046f 04       		.uleb128 0x4
 727 0470 26030000 		.4byte	.LASF83
 728 0474 04       		.byte	0x4
 729 0475 70       		.byte	0x70
 730 0476 7A040000 		.4byte	0x47a
 731 047a 11       		.uleb128 0x11
 732 047b D6010000 		.4byte	.LASF84
 733 047f E805     		.2byte	0x5e8
 734 0481 05       		.byte	0x5
 735 0482 C201     		.2byte	0x1c2
 736 0484 E7040000 		.4byte	0x4e7
 737 0488 0B       		.uleb128 0xb
 738 0489 3E020000 		.4byte	.LASF85
 739 048d 05       		.byte	0x5
 740 048e C601     		.2byte	0x1c6
ARM GAS  C:\Users\Luis\AppData\Local\Temp\ccO7oGOU.s 			page 14


 741 0490 F5020000 		.4byte	0x2f5
 742 0494 00       		.byte	0
 743 0495 0B       		.uleb128 0xb
 744 0496 96010000 		.4byte	.LASF86
 745 049a 05       		.byte	0x5
 746 049b CA01     		.2byte	0x1ca
 747 049d D4030000 		.4byte	0x3d4
 748 04a1 1C       		.byte	0x1c
 749 04a2 0A       		.uleb128 0xa
 750 04a3 64626700 		.ascii	"dbg\000"
 751 04a7 05       		.byte	0x5
 752 04a8 CE01     		.2byte	0x1ce
 753 04aa 21040000 		.4byte	0x421
 754 04ae 2C       		.byte	0x2c
 755 04af 12       		.uleb128 0x12
 756 04b0 F8000000 		.4byte	.LASF87
 757 04b4 05       		.byte	0x5
 758 04b5 D201     		.2byte	0x1d2
 759 04b7 15010000 		.4byte	0x115
 760 04bb 4004     		.2byte	0x440
 761 04bd 13       		.uleb128 0x13
 762 04be 746D00   		.ascii	"tm\000"
 763 04c1 05       		.byte	0x5
 764 04c2 D701     		.2byte	0x1d7
 765 04c4 52060000 		.4byte	0x652
 766 04c8 A804     		.2byte	0x4a8
 767 04ca 12       		.uleb128 0x12
 768 04cb 6B000000 		.4byte	.LASF88
 769 04cf 05       		.byte	0x5
 770 04d0 DD01     		.2byte	0x1dd
 771 04d2 EC060000 		.4byte	0x6ec
 772 04d6 B004     		.2byte	0x4b0
 773 04d8 12       		.uleb128 0x12
 774 04d9 55020000 		.4byte	.LASF89
 775 04dd 05       		.byte	0x5
 776 04de E301     		.2byte	0x1e3
 777 04e0 82070000 		.4byte	0x782
 778 04e4 E804     		.2byte	0x4e8
 779 04e6 00       		.byte	0
 780 04e7 03       		.uleb128 0x3
 781 04e8 04       		.byte	0x4
 782 04e9 07       		.byte	0x7
 783 04ea B8030000 		.4byte	.LASF90
 784 04ee 04       		.uleb128 0x4
 785 04ef 1D020000 		.4byte	.LASF91
 786 04f3 06       		.byte	0x6
 787 04f4 65       		.byte	0x65
 788 04f5 78030000 		.4byte	0x378
 789 04f9 04       		.uleb128 0x4
 790 04fa 85030000 		.4byte	.LASF92
 791 04fe 06       		.byte	0x6
 792 04ff 6D       		.byte	0x6d
 793 0500 85000000 		.4byte	0x85
 794 0504 06       		.uleb128 0x6
 795 0505 FD060000 		.4byte	.LASF93
 796 0509 04       		.byte	0x4
 797 050a 06       		.byte	0x6
ARM GAS  C:\Users\Luis\AppData\Local\Temp\ccO7oGOU.s 			page 15


 798 050b 89       		.byte	0x89
 799 050c 1D050000 		.4byte	0x51d
 800 0510 14       		.uleb128 0x14
 801 0511 72313300 		.ascii	"r13\000"
 802 0515 06       		.byte	0x6
 803 0516 8A       		.byte	0x8a
 804 0517 98050000 		.4byte	0x598
 805 051b 00       		.byte	0
 806 051c 00       		.byte	0
 807 051d 06       		.uleb128 0x6
 808 051e 78000000 		.4byte	.LASF94
 809 0522 24       		.byte	0x24
 810 0523 07       		.byte	0x7
 811 0524 F4       		.byte	0xf4
 812 0525 98050000 		.4byte	0x598
 813 0529 0A       		.uleb128 0xa
 814 052a 723400   		.ascii	"r4\000"
 815 052d 07       		.byte	0x7
 816 052e 0701     		.2byte	0x107
 817 0530 EE040000 		.4byte	0x4ee
 818 0534 00       		.byte	0
 819 0535 0A       		.uleb128 0xa
 820 0536 723500   		.ascii	"r5\000"
 821 0539 07       		.byte	0x7
 822 053a 0801     		.2byte	0x108
 823 053c EE040000 		.4byte	0x4ee
 824 0540 04       		.byte	0x4
 825 0541 0A       		.uleb128 0xa
 826 0542 723600   		.ascii	"r6\000"
 827 0545 07       		.byte	0x7
 828 0546 0901     		.2byte	0x109
 829 0548 EE040000 		.4byte	0x4ee
 830 054c 08       		.byte	0x8
 831 054d 0A       		.uleb128 0xa
 832 054e 723700   		.ascii	"r7\000"
 833 0551 07       		.byte	0x7
 834 0552 0A01     		.2byte	0x10a
 835 0554 EE040000 		.4byte	0x4ee
 836 0558 0C       		.byte	0xc
 837 0559 0A       		.uleb128 0xa
 838 055a 723800   		.ascii	"r8\000"
 839 055d 07       		.byte	0x7
 840 055e 0B01     		.2byte	0x10b
 841 0560 EE040000 		.4byte	0x4ee
 842 0564 10       		.byte	0x10
 843 0565 0A       		.uleb128 0xa
 844 0566 723900   		.ascii	"r9\000"
 845 0569 07       		.byte	0x7
 846 056a 0C01     		.2byte	0x10c
 847 056c EE040000 		.4byte	0x4ee
 848 0570 14       		.byte	0x14
 849 0571 0A       		.uleb128 0xa
 850 0572 72313000 		.ascii	"r10\000"
 851 0576 07       		.byte	0x7
 852 0577 0D01     		.2byte	0x10d
 853 0579 EE040000 		.4byte	0x4ee
 854 057d 18       		.byte	0x18
ARM GAS  C:\Users\Luis\AppData\Local\Temp\ccO7oGOU.s 			page 16


 855 057e 0A       		.uleb128 0xa
 856 057f 72313100 		.ascii	"r11\000"
 857 0583 07       		.byte	0x7
 858 0584 0E01     		.2byte	0x10e
 859 0586 EE040000 		.4byte	0x4ee
 860 058a 1C       		.byte	0x1c
 861 058b 0A       		.uleb128 0xa
 862 058c 6C7200   		.ascii	"lr\000"
 863 058f 07       		.byte	0x7
 864 0590 0F01     		.2byte	0x10f
 865 0592 EE040000 		.4byte	0x4ee
 866 0596 20       		.byte	0x20
 867 0597 00       		.byte	0
 868 0598 0C       		.uleb128 0xc
 869 0599 04       		.byte	0x4
 870 059a 1D050000 		.4byte	0x51d
 871 059e 15       		.uleb128 0x15
 872 059f 10       		.byte	0x10
 873 05a0 08       		.byte	0x8
 874 05a1 51       		.byte	0x51
 875 05a2 F9020000 		.4byte	.LASF104
 876 05a6 DB050000 		.4byte	0x5db
 877 05aa 09       		.uleb128 0x9
 878 05ab 43000000 		.4byte	.LASF95
 879 05af 08       		.byte	0x8
 880 05b0 55       		.byte	0x55
 881 05b1 0A010000 		.4byte	0x10a
 882 05b5 00       		.byte	0
 883 05b6 09       		.uleb128 0x9
 884 05b7 F2010000 		.4byte	.LASF96
 885 05bb 08       		.byte	0x8
 886 05bc 59       		.byte	0x59
 887 05bd 9B020000 		.4byte	0x29b
 888 05c1 04       		.byte	0x4
 889 05c2 09       		.uleb128 0x9
 890 05c3 E8070000 		.4byte	.LASF97
 891 05c7 08       		.byte	0x8
 892 05c8 5D       		.byte	0x5d
 893 05c9 78030000 		.4byte	0x378
 894 05cd 08       		.byte	0x8
 895 05ce 09       		.uleb128 0x9
 896 05cf E6000000 		.4byte	.LASF98
 897 05d3 08       		.byte	0x8
 898 05d4 61       		.byte	0x61
 899 05d5 3A000000 		.4byte	0x3a
 900 05d9 0C       		.byte	0xc
 901 05da 00       		.byte	0
 902 05db 04       		.uleb128 0x4
 903 05dc EB030000 		.4byte	.LASF99
 904 05e0 08       		.byte	0x8
 905 05e1 62       		.byte	0x62
 906 05e2 9E050000 		.4byte	0x59e
 907 05e6 16       		.uleb128 0x16
 908 05e7 0804     		.2byte	0x408
 909 05e9 08       		.byte	0x8
 910 05ea 67       		.byte	0x67
 911 05eb 71030000 		.4byte	.LASF148
ARM GAS  C:\Users\Luis\AppData\Local\Temp\ccO7oGOU.s 			page 17


 912 05ef 18060000 		.4byte	0x618
 913 05f3 09       		.uleb128 0x9
 914 05f4 0D020000 		.4byte	.LASF100
 915 05f8 08       		.byte	0x8
 916 05f9 6B       		.byte	0x6b
 917 05fa 2C000000 		.4byte	0x2c
 918 05fe 00       		.byte	0
 919 05ff 09       		.uleb128 0x9
 920 0600 2F000000 		.4byte	.LASF101
 921 0604 08       		.byte	0x8
 922 0605 6F       		.byte	0x6f
 923 0606 18060000 		.4byte	0x618
 924 060a 04       		.byte	0x4
 925 060b 09       		.uleb128 0x9
 926 060c 83040000 		.4byte	.LASF102
 927 0610 08       		.byte	0x8
 928 0611 73       		.byte	0x73
 929 0612 1E060000 		.4byte	0x61e
 930 0616 08       		.byte	0x8
 931 0617 00       		.byte	0
 932 0618 0C       		.uleb128 0xc
 933 0619 04       		.byte	0x4
 934 061a DB050000 		.4byte	0x5db
 935 061e 17       		.uleb128 0x17
 936 061f DB050000 		.4byte	0x5db
 937 0623 2E060000 		.4byte	0x62e
 938 0627 18       		.uleb128 0x18
 939 0628 E7040000 		.4byte	0x4e7
 940 062c 3F       		.byte	0x3f
 941 062d 00       		.byte	0
 942 062e 04       		.uleb128 0x4
 943 062f D4000000 		.4byte	.LASF103
 944 0633 08       		.byte	0x8
 945 0634 74       		.byte	0x74
 946 0635 E6050000 		.4byte	0x5e6
 947 0639 15       		.uleb128 0x15
 948 063a 04       		.byte	0x4
 949 063b 09       		.byte	0x9
 950 063c 38       		.byte	0x38
 951 063d B6070000 		.4byte	.LASF105
 952 0641 52060000 		.4byte	0x652
 953 0645 09       		.uleb128 0x9
 954 0646 F6060000 		.4byte	.LASF106
 955 064a 09       		.byte	0x9
 956 064b 3C       		.byte	0x3c
 957 064c 9C000000 		.4byte	0x9c
 958 0650 00       		.byte	0
 959 0651 00       		.byte	0
 960 0652 04       		.uleb128 0x4
 961 0653 47040000 		.4byte	.LASF107
 962 0657 09       		.byte	0x9
 963 0658 3D       		.byte	0x3d
 964 0659 39060000 		.4byte	0x639
 965 065d 15       		.uleb128 0x15
 966 065e 18       		.byte	0x18
 967 065f 09       		.byte	0x9
 968 0660 48       		.byte	0x48
ARM GAS  C:\Users\Luis\AppData\Local\Temp\ccO7oGOU.s 			page 18


 969 0661 21040000 		.4byte	.LASF108
 970 0665 A4060000 		.4byte	0x6a4
 971 0669 09       		.uleb128 0x9
 972 066a C2060000 		.4byte	.LASF109
 973 066e 09       		.byte	0x9
 974 066f 49       		.byte	0x49
 975 0670 9C000000 		.4byte	0x9c
 976 0674 00       		.byte	0
 977 0675 09       		.uleb128 0x9
 978 0676 A4000000 		.4byte	.LASF110
 979 067a 09       		.byte	0x9
 980 067b 4A       		.byte	0x4a
 981 067c 9C000000 		.4byte	0x9c
 982 0680 04       		.byte	0x4
 983 0681 09       		.uleb128 0x9
 984 0682 1A030000 		.4byte	.LASF111
 985 0686 09       		.byte	0x9
 986 0687 4B       		.byte	0x4b
 987 0688 9C000000 		.4byte	0x9c
 988 068c 08       		.byte	0x8
 989 068d 14       		.uleb128 0x14
 990 068e 6E00     		.ascii	"n\000"
 991 0690 09       		.byte	0x9
 992 0691 4C       		.byte	0x4c
 993 0692 FF000000 		.4byte	0xff
 994 0696 0C       		.byte	0xc
 995 0697 09       		.uleb128 0x9
 996 0698 6A040000 		.4byte	.LASF112
 997 069c 09       		.byte	0x9
 998 069d 4D       		.byte	0x4d
 999 069e A7000000 		.4byte	0xa7
 1000 06a2 10       		.byte	0x10
 1001 06a3 00       		.byte	0
 1002 06a4 04       		.uleb128 0x4
 1003 06a5 AA000000 		.4byte	.LASF113
 1004 06a9 09       		.byte	0x9
 1005 06aa 4E       		.byte	0x4e
 1006 06ab 5D060000 		.4byte	0x65d
 1007 06af 15       		.uleb128 0x15
 1008 06b0 38       		.byte	0x38
 1009 06b1 0A       		.byte	0xa
 1010 06b2 38       		.byte	0x38
 1011 06b3 36040000 		.4byte	.LASF114
 1012 06b7 EC060000 		.4byte	0x6ec
 1013 06bb 09       		.uleb128 0x9
 1014 06bc CB020000 		.4byte	.LASF115
 1015 06c0 0A       		.byte	0xa
 1016 06c1 39       		.byte	0x39
 1017 06c2 FF000000 		.4byte	0xff
 1018 06c6 00       		.byte	0
 1019 06c7 09       		.uleb128 0x9
 1020 06c8 9A050000 		.4byte	.LASF116
 1021 06cc 0A       		.byte	0xa
 1022 06cd 3A       		.byte	0x3a
 1023 06ce FF000000 		.4byte	0xff
 1024 06d2 04       		.byte	0x4
 1025 06d3 09       		.uleb128 0x9
ARM GAS  C:\Users\Luis\AppData\Local\Temp\ccO7oGOU.s 			page 19


 1026 06d4 D5070000 		.4byte	.LASF117
 1027 06d8 0A       		.byte	0xa
 1028 06d9 3B       		.byte	0x3b
 1029 06da A4060000 		.4byte	0x6a4
 1030 06de 08       		.byte	0x8
 1031 06df 09       		.uleb128 0x9
 1032 06e0 3F030000 		.4byte	.LASF118
 1033 06e4 0A       		.byte	0xa
 1034 06e5 3D       		.byte	0x3d
 1035 06e6 A4060000 		.4byte	0x6a4
 1036 06ea 20       		.byte	0x20
 1037 06eb 00       		.byte	0
 1038 06ec 04       		.uleb128 0x4
 1039 06ed EA020000 		.4byte	.LASF119
 1040 06f1 0A       		.byte	0xa
 1041 06f2 3F       		.byte	0x3f
 1042 06f3 AF060000 		.4byte	0x6af
 1043 06f7 0C       		.uleb128 0xc
 1044 06f8 04       		.byte	0x4
 1045 06f9 90020000 		.4byte	0x290
 1046 06fd 06       		.uleb128 0x6
 1047 06fe 16060000 		.4byte	.LASF120
 1048 0702 0C       		.byte	0xc
 1049 0703 0B       		.byte	0xb
 1050 0704 34       		.byte	0x34
 1051 0705 22070000 		.4byte	0x722
 1052 0709 09       		.uleb128 0x9
 1053 070a 05020000 		.4byte	.LASF121
 1054 070e 0B       		.byte	0xb
 1055 070f 35       		.byte	0x35
 1056 0710 C5020000 		.4byte	0x2c5
 1057 0714 00       		.byte	0
 1058 0715 09       		.uleb128 0x9
 1059 0716 D1020000 		.4byte	.LASF122
 1060 071a 0B       		.byte	0xb
 1061 071b 37       		.byte	0x37
 1062 071c F4000000 		.4byte	0xf4
 1063 0720 08       		.byte	0x8
 1064 0721 00       		.byte	0
 1065 0722 0C       		.uleb128 0xc
 1066 0723 04       		.byte	0x4
 1067 0724 FD060000 		.4byte	0x6fd
 1068 0728 06       		.uleb128 0x6
 1069 0729 24070000 		.4byte	.LASF123
 1070 072d 10       		.byte	0x10
 1071 072e 0C       		.byte	0xc
 1072 072f 39       		.byte	0x39
 1073 0730 59070000 		.4byte	0x759
 1074 0734 09       		.uleb128 0x9
 1075 0735 8E010000 		.4byte	.LASF124
 1076 0739 0C       		.byte	0xc
 1077 073a 3A       		.byte	0x3a
 1078 073b C5020000 		.4byte	0x2c5
 1079 073f 00       		.byte	0
 1080 0740 09       		.uleb128 0x9
 1081 0741 E0070000 		.4byte	.LASF125
 1082 0745 0C       		.byte	0xc
ARM GAS  C:\Users\Luis\AppData\Local\Temp\ccO7oGOU.s 			page 20


 1083 0746 3C       		.byte	0x3c
 1084 0747 9B020000 		.4byte	0x29b
 1085 074b 08       		.byte	0x8
 1086 074c 09       		.uleb128 0x9
 1087 074d C7060000 		.4byte	.LASF126
 1088 0751 0C       		.byte	0xc
 1089 0752 3E       		.byte	0x3e
 1090 0753 9D070000 		.4byte	0x79d
 1091 0757 0C       		.byte	0xc
 1092 0758 00       		.byte	0
 1093 0759 0C       		.uleb128 0xc
 1094 075a 04       		.byte	0x4
 1095 075b 28070000 		.4byte	0x728
 1096 075f 0C       		.uleb128 0xc
 1097 0760 04       		.byte	0x4
 1098 0761 65070000 		.4byte	0x765
 1099 0765 19       		.uleb128 0x19
 1100 0766 6A070000 		.4byte	0x76a
 1101 076a 03       		.uleb128 0x3
 1102 076b 01       		.byte	0x1
 1103 076c 08       		.byte	0x8
 1104 076d A0060000 		.4byte	.LASF127
 1105 0771 0C       		.uleb128 0xc
 1106 0772 04       		.byte	0x4
 1107 0773 F9040000 		.4byte	0x4f9
 1108 0777 0C       		.uleb128 0xc
 1109 0778 04       		.byte	0x4
 1110 0779 7A030000 		.4byte	0x37a
 1111 077d 05       		.uleb128 0x5
 1112 077e 5F070000 		.4byte	0x75f
 1113 0782 17       		.uleb128 0x17
 1114 0783 90000000 		.4byte	0x90
 1115 0787 92070000 		.4byte	0x792
 1116 078b 18       		.uleb128 0x18
 1117 078c E7040000 		.4byte	0x4e7
 1118 0790 1F       		.byte	0x1f
 1119 0791 00       		.byte	0
 1120 0792 04       		.uleb128 0x4
 1121 0793 44020000 		.4byte	.LASF128
 1122 0797 0C       		.byte	0xc
 1123 0798 34       		.byte	0x34
 1124 0799 28070000 		.4byte	0x728
 1125 079d 0C       		.uleb128 0xc
 1126 079e 04       		.byte	0x4
 1127 079f 92070000 		.4byte	0x792
 1128 07a3 03       		.uleb128 0x3
 1129 07a4 01       		.byte	0x1
 1130 07a5 02       		.byte	0x2
 1131 07a6 3A030000 		.4byte	.LASF129
 1132 07aa 1A       		.uleb128 0x1a
 1133 07ab 64030000 		.4byte	.LASF149
 1134 07af 04       		.byte	0x4
 1135 07b0 0D       		.byte	0xd
 1136 07b1 0B       		.byte	0xb
 1137 07b2 F6070000 		.4byte	0x7f6
 1138 07b6 09       		.uleb128 0x9
 1139 07b7 2E060000 		.4byte	.LASF130
ARM GAS  C:\Users\Luis\AppData\Local\Temp\ccO7oGOU.s 			page 21


 1140 07bb 0D       		.byte	0xd
 1141 07bc 1C       		.byte	0x1c
 1142 07bd 25000000 		.4byte	0x25
 1143 07c1 00       		.byte	0
 1144 07c2 1B       		.uleb128 0x1b
 1145 07c3 73756D00 		.ascii	"sum\000"
 1146 07c7 0D       		.byte	0xd
 1147 07c8 17       		.byte	0x17
 1148 07c9 64060000 		.4byte	.LASF150
 1149 07cd F6070000 		.4byte	0x7f6
 1150 07d1 01       		.byte	0x1
 1151 07d2 D6070000 		.4byte	0x7d6
 1152 07d6 1C       		.uleb128 0x1c
 1153 07d7 FD070000 		.4byte	0x7fd
 1154 07db 0F       		.uleb128 0xf
 1155 07dc 25000000 		.4byte	0x25
 1156 07e0 0F       		.uleb128 0xf
 1157 07e1 25000000 		.4byte	0x25
 1158 07e5 0F       		.uleb128 0xf
 1159 07e6 03080000 		.4byte	0x803
 1160 07ea 0F       		.uleb128 0xf
 1161 07eb 03080000 		.4byte	0x803
 1162 07ef 0F       		.uleb128 0xf
 1163 07f0 25000000 		.4byte	0x25
 1164 07f4 00       		.byte	0
 1165 07f5 00       		.byte	0
 1166 07f6 03       		.uleb128 0x3
 1167 07f7 04       		.byte	0x4
 1168 07f8 04       		.byte	0x4
 1169 07f9 75040000 		.4byte	.LASF131
 1170 07fd 0C       		.uleb128 0xc
 1171 07fe 04       		.byte	0x4
 1172 07ff AA070000 		.4byte	0x7aa
 1173 0803 0C       		.uleb128 0xc
 1174 0804 04       		.byte	0x4
 1175 0805 F6070000 		.4byte	0x7f6
 1176 0809 1D       		.uleb128 0x1d
 1177 080a B2060000 		.4byte	.LASF151
 1178 080e 10       		.byte	0x10
 1179 080f 0E       		.byte	0xe
 1180 0810 12       		.byte	0x12
 1181 0811 09080000 		.4byte	0x809
 1182 0815 D1080000 		.4byte	0x8d1
 1183 0819 1E       		.uleb128 0x1e
 1184 081a 0E040000 		.4byte	.LASF132
 1185 081e DC080000 		.4byte	0x8dc
 1186 0822 00       		.byte	0
 1187 0823 01       		.byte	0x1
 1188 0824 1F       		.uleb128 0x1f
 1189 0825 3C070000 		.4byte	.LASF133
 1190 0829 0E       		.byte	0xe
 1191 082a 2F       		.byte	0x2f
 1192 082b FD070000 		.4byte	0x7fd
 1193 082f 04       		.byte	0x4
 1194 0830 02       		.byte	0x2
 1195 0831 1F       		.uleb128 0x1f
 1196 0832 03010000 		.4byte	.LASF134
ARM GAS  C:\Users\Luis\AppData\Local\Temp\ccO7oGOU.s 			page 22


 1197 0836 0E       		.byte	0xe
 1198 0837 30       		.byte	0x30
 1199 0838 F1080000 		.4byte	0x8f1
 1200 083c 08       		.byte	0x8
 1201 083d 02       		.byte	0x2
 1202 083e 1F       		.uleb128 0x1f
 1203 083f 83060000 		.4byte	.LASF135
 1204 0843 0E       		.byte	0xe
 1205 0844 31       		.byte	0x31
 1206 0845 25000000 		.4byte	0x25
 1207 0849 0C       		.byte	0xc
 1208 084a 02       		.byte	0x2
 1209 084b 20       		.uleb128 0x20
 1210 084c 6A070000 		.4byte	.LASF152
 1211 0850 01       		.byte	0x1
 1212 0851 0A       		.byte	0xa
 1213 0852 78030000 		.4byte	0x378
 1214 0856 01       		.byte	0x1
 1215 0857 09080000 		.4byte	0x809
 1216 085b 01       		.byte	0x1
 1217 085c 64080000 		.4byte	0x864
 1218 0860 6F080000 		.4byte	0x86f
 1219 0864 1C       		.uleb128 0x1c
 1220 0865 F7080000 		.4byte	0x8f7
 1221 0869 1C       		.uleb128 0x1c
 1222 086a 25000000 		.4byte	0x25
 1223 086e 00       		.byte	0
 1224 086f 21       		.uleb128 0x21
 1225 0870 C9070000 		.4byte	.LASF136
 1226 0874 0E       		.byte	0xe
 1227 0875 1F       		.byte	0x1f
 1228 0876 AA020000 		.4byte	.LASF138
 1229 087a F6070000 		.4byte	0x7f6
 1230 087e 01       		.byte	0x1
 1231 087f 87080000 		.4byte	0x887
 1232 0883 92080000 		.4byte	0x892
 1233 0887 1C       		.uleb128 0x1c
 1234 0888 F7080000 		.4byte	0x8f7
 1235 088c 0F       		.uleb128 0xf
 1236 088d F6070000 		.4byte	0x7f6
 1237 0891 00       		.byte	0
 1238 0892 21       		.uleb128 0x21
 1239 0893 55070000 		.4byte	.LASF137
 1240 0897 0E       		.byte	0xe
 1241 0898 26       		.byte	0x26
 1242 0899 80070000 		.4byte	.LASF139
 1243 089d F6070000 		.4byte	0x7f6
 1244 08a1 01       		.byte	0x1
 1245 08a2 AA080000 		.4byte	0x8aa
 1246 08a6 B5080000 		.4byte	0x8b5
 1247 08aa 1C       		.uleb128 0x1c
 1248 08ab F7080000 		.4byte	0x8f7
 1249 08af 0F       		.uleb128 0xf
 1250 08b0 F6070000 		.4byte	0x7f6
 1251 08b4 00       		.byte	0
 1252 08b5 22       		.uleb128 0x22
 1253 08b6 71010000 		.4byte	.LASF153
ARM GAS  C:\Users\Luis\AppData\Local\Temp\ccO7oGOU.s 			page 23


 1254 08ba 01       		.byte	0x1
 1255 08bb 0F       		.byte	0xf
 1256 08bc 00000000 		.4byte	.LASF154
 1257 08c0 01       		.byte	0x1
 1258 08c1 C5080000 		.4byte	0x8c5
 1259 08c5 1C       		.uleb128 0x1c
 1260 08c6 F7080000 		.4byte	0x8f7
 1261 08ca 0F       		.uleb128 0xf
 1262 08cb F1080000 		.4byte	0x8f1
 1263 08cf 00       		.byte	0
 1264 08d0 00       		.byte	0
 1265 08d1 23       		.uleb128 0x23
 1266 08d2 25000000 		.4byte	0x25
 1267 08d6 DC080000 		.4byte	0x8dc
 1268 08da 24       		.uleb128 0x24
 1269 08db 00       		.byte	0
 1270 08dc 0C       		.uleb128 0xc
 1271 08dd 04       		.byte	0x4
 1272 08de E2080000 		.4byte	0x8e2
 1273 08e2 25       		.uleb128 0x25
 1274 08e3 04       		.byte	0x4
 1275 08e4 6A020000 		.4byte	.LASF155
 1276 08e8 D1080000 		.4byte	0x8d1
 1277 08ec 26       		.uleb128 0x26
 1278 08ed 4A070000 		.4byte	.LASF156
 1279 08f1 0C       		.uleb128 0xc
 1280 08f2 04       		.byte	0x4
 1281 08f3 EC080000 		.4byte	0x8ec
 1282 08f7 0C       		.uleb128 0xc
 1283 08f8 04       		.byte	0x4
 1284 08f9 09080000 		.4byte	0x809
 1285 08fd 27       		.uleb128 0x27
 1286 08fe 4B080000 		.4byte	0x84b
 1287 0902 00       		.byte	0
 1288 0903 0B090000 		.4byte	0x90b
 1289 0907 1E090000 		.4byte	0x91e
 1290 090b 28       		.uleb128 0x28
 1291 090c F8010000 		.4byte	.LASF140
 1292 0910 1E090000 		.4byte	0x91e
 1293 0914 28       		.uleb128 0x28
 1294 0915 4B000000 		.4byte	.LASF141
 1295 0919 23090000 		.4byte	0x923
 1296 091d 00       		.byte	0
 1297 091e 19       		.uleb128 0x19
 1298 091f F7080000 		.4byte	0x8f7
 1299 0923 19       		.uleb128 0x19
 1300 0924 25000000 		.4byte	0x25
 1301 0928 29       		.uleb128 0x29
 1302 0929 FD080000 		.4byte	0x8fd
 1303 092d 38010000 		.4byte	.LASF142
 1304 0931 00000000 		.4byte	.LFB261
 1305 0935 3C000000 		.4byte	.LFE261-.LFB261
 1306 0939 01       		.uleb128 0x1
 1307 093a 9C       		.byte	0x9c
 1308 093b 43090000 		.4byte	0x943
 1309 093f 4C090000 		.4byte	0x94c
 1310 0943 2A       		.uleb128 0x2a
ARM GAS  C:\Users\Luis\AppData\Local\Temp\ccO7oGOU.s 			page 24


 1311 0944 0B090000 		.4byte	0x90b
 1312 0948 02       		.uleb128 0x2
 1313 0949 91       		.byte	0x91
 1314 094a 74       		.sleb128 -12
 1315 094b 00       		.byte	0
 1316 094c 29       		.uleb128 0x29
 1317 094d FD080000 		.4byte	0x8fd
 1318 0951 9F030000 		.4byte	.LASF143
 1319 0955 00000000 		.4byte	.LFB263
 1320 0959 1E000000 		.4byte	.LFE263-.LFB263
 1321 095d 01       		.uleb128 0x1
 1322 095e 9C       		.byte	0x9c
 1323 095f 67090000 		.4byte	0x967
 1324 0963 70090000 		.4byte	0x970
 1325 0967 2A       		.uleb128 0x2a
 1326 0968 0B090000 		.4byte	0x90b
 1327 096c 02       		.uleb128 0x2
 1328 096d 91       		.byte	0x91
 1329 096e 74       		.sleb128 -12
 1330 096f 00       		.byte	0
 1331 0970 2B       		.uleb128 0x2b
 1332 0971 B5080000 		.4byte	0x8b5
 1333 0975 00000000 		.4byte	.LFB264
 1334 0979 2A000000 		.4byte	.LFE264-.LFB264
 1335 097d 01       		.uleb128 0x1
 1336 097e 9C       		.byte	0x9c
 1337 097f 87090000 		.4byte	0x987
 1338 0983 A2090000 		.4byte	0x9a2
 1339 0987 2C       		.uleb128 0x2c
 1340 0988 F8010000 		.4byte	.LASF140
 1341 098c 1E090000 		.4byte	0x91e
 1342 0990 02       		.uleb128 0x2
 1343 0991 91       		.byte	0x91
 1344 0992 74       		.sleb128 -12
 1345 0993 2D       		.uleb128 0x2d
 1346 0994 B9050000 		.4byte	.LASF157
 1347 0998 01       		.byte	0x1
 1348 0999 0F       		.byte	0xf
 1349 099a F1080000 		.4byte	0x8f1
 1350 099e 02       		.uleb128 0x2
 1351 099f 91       		.byte	0x91
 1352 09a0 70       		.sleb128 -16
 1353 09a1 00       		.byte	0
 1354 09a2 2E       		.uleb128 0x2e
 1355 09a3 2B010000 		.4byte	.LASF144
 1356 09a7 0F       		.byte	0xf
 1357 09a8 A706     		.2byte	0x6a7
 1358 09aa 97000000 		.4byte	0x97
 1359 09ae 2F       		.uleb128 0x2f
 1360 09af 636800   		.ascii	"ch\000"
 1361 09b2 05       		.byte	0x5
 1362 09b3 0902     		.2byte	0x209
 1363 09b5 6F040000 		.4byte	0x46f
 1364 09b9 00       		.byte	0
 1365              		.section	.debug_abbrev,"",%progbits
 1366              	.Ldebug_abbrev0:
 1367 0000 01       		.uleb128 0x1
ARM GAS  C:\Users\Luis\AppData\Local\Temp\ccO7oGOU.s 			page 25


 1368 0001 11       		.uleb128 0x11
 1369 0002 01       		.byte	0x1
 1370 0003 25       		.uleb128 0x25
 1371 0004 0E       		.uleb128 0xe
 1372 0005 13       		.uleb128 0x13
 1373 0006 0B       		.uleb128 0xb
 1374 0007 03       		.uleb128 0x3
 1375 0008 0E       		.uleb128 0xe
 1376 0009 1B       		.uleb128 0x1b
 1377 000a 0E       		.uleb128 0xe
 1378 000b 55       		.uleb128 0x55
 1379 000c 17       		.uleb128 0x17
 1380 000d 11       		.uleb128 0x11
 1381 000e 01       		.uleb128 0x1
 1382 000f 10       		.uleb128 0x10
 1383 0010 17       		.uleb128 0x17
 1384 0011 00       		.byte	0
 1385 0012 00       		.byte	0
 1386 0013 02       		.uleb128 0x2
 1387 0014 24       		.uleb128 0x24
 1388 0015 00       		.byte	0
 1389 0016 0B       		.uleb128 0xb
 1390 0017 0B       		.uleb128 0xb
 1391 0018 3E       		.uleb128 0x3e
 1392 0019 0B       		.uleb128 0xb
 1393 001a 03       		.uleb128 0x3
 1394 001b 08       		.uleb128 0x8
 1395 001c 00       		.byte	0
 1396 001d 00       		.byte	0
 1397 001e 03       		.uleb128 0x3
 1398 001f 24       		.uleb128 0x24
 1399 0020 00       		.byte	0
 1400 0021 0B       		.uleb128 0xb
 1401 0022 0B       		.uleb128 0xb
 1402 0023 3E       		.uleb128 0x3e
 1403 0024 0B       		.uleb128 0xb
 1404 0025 03       		.uleb128 0x3
 1405 0026 0E       		.uleb128 0xe
 1406 0027 00       		.byte	0
 1407 0028 00       		.byte	0
 1408 0029 04       		.uleb128 0x4
 1409 002a 16       		.uleb128 0x16
 1410 002b 00       		.byte	0
 1411 002c 03       		.uleb128 0x3
 1412 002d 0E       		.uleb128 0xe
 1413 002e 3A       		.uleb128 0x3a
 1414 002f 0B       		.uleb128 0xb
 1415 0030 3B       		.uleb128 0x3b
 1416 0031 0B       		.uleb128 0xb
 1417 0032 49       		.uleb128 0x49
 1418 0033 13       		.uleb128 0x13
 1419 0034 00       		.byte	0
 1420 0035 00       		.byte	0
 1421 0036 05       		.uleb128 0x5
 1422 0037 35       		.uleb128 0x35
 1423 0038 00       		.byte	0
 1424 0039 49       		.uleb128 0x49
ARM GAS  C:\Users\Luis\AppData\Local\Temp\ccO7oGOU.s 			page 26


 1425 003a 13       		.uleb128 0x13
 1426 003b 00       		.byte	0
 1427 003c 00       		.byte	0
 1428 003d 06       		.uleb128 0x6
 1429 003e 13       		.uleb128 0x13
 1430 003f 01       		.byte	0x1
 1431 0040 03       		.uleb128 0x3
 1432 0041 0E       		.uleb128 0xe
 1433 0042 0B       		.uleb128 0xb
 1434 0043 0B       		.uleb128 0xb
 1435 0044 3A       		.uleb128 0x3a
 1436 0045 0B       		.uleb128 0xb
 1437 0046 3B       		.uleb128 0x3b
 1438 0047 0B       		.uleb128 0xb
 1439 0048 01       		.uleb128 0x1
 1440 0049 13       		.uleb128 0x13
 1441 004a 00       		.byte	0
 1442 004b 00       		.byte	0
 1443 004c 07       		.uleb128 0x7
 1444 004d 17       		.uleb128 0x17
 1445 004e 01       		.byte	0x1
 1446 004f 0B       		.uleb128 0xb
 1447 0050 0B       		.uleb128 0xb
 1448 0051 3A       		.uleb128 0x3a
 1449 0052 0B       		.uleb128 0xb
 1450 0053 3B       		.uleb128 0x3b
 1451 0054 0B       		.uleb128 0xb
 1452 0055 01       		.uleb128 0x1
 1453 0056 13       		.uleb128 0x13
 1454 0057 00       		.byte	0
 1455 0058 00       		.byte	0
 1456 0059 08       		.uleb128 0x8
 1457 005a 0D       		.uleb128 0xd
 1458 005b 00       		.byte	0
 1459 005c 03       		.uleb128 0x3
 1460 005d 0E       		.uleb128 0xe
 1461 005e 3A       		.uleb128 0x3a
 1462 005f 0B       		.uleb128 0xb
 1463 0060 3B       		.uleb128 0x3b
 1464 0061 05       		.uleb128 0x5
 1465 0062 49       		.uleb128 0x49
 1466 0063 13       		.uleb128 0x13
 1467 0064 00       		.byte	0
 1468 0065 00       		.byte	0
 1469 0066 09       		.uleb128 0x9
 1470 0067 0D       		.uleb128 0xd
 1471 0068 00       		.byte	0
 1472 0069 03       		.uleb128 0x3
 1473 006a 0E       		.uleb128 0xe
 1474 006b 3A       		.uleb128 0x3a
 1475 006c 0B       		.uleb128 0xb
 1476 006d 3B       		.uleb128 0x3b
 1477 006e 0B       		.uleb128 0xb
 1478 006f 49       		.uleb128 0x49
 1479 0070 13       		.uleb128 0x13
 1480 0071 38       		.uleb128 0x38
 1481 0072 0B       		.uleb128 0xb
ARM GAS  C:\Users\Luis\AppData\Local\Temp\ccO7oGOU.s 			page 27


 1482 0073 00       		.byte	0
 1483 0074 00       		.byte	0
 1484 0075 0A       		.uleb128 0xa
 1485 0076 0D       		.uleb128 0xd
 1486 0077 00       		.byte	0
 1487 0078 03       		.uleb128 0x3
 1488 0079 08       		.uleb128 0x8
 1489 007a 3A       		.uleb128 0x3a
 1490 007b 0B       		.uleb128 0xb
 1491 007c 3B       		.uleb128 0x3b
 1492 007d 05       		.uleb128 0x5
 1493 007e 49       		.uleb128 0x49
 1494 007f 13       		.uleb128 0x13
 1495 0080 38       		.uleb128 0x38
 1496 0081 0B       		.uleb128 0xb
 1497 0082 00       		.byte	0
 1498 0083 00       		.byte	0
 1499 0084 0B       		.uleb128 0xb
 1500 0085 0D       		.uleb128 0xd
 1501 0086 00       		.byte	0
 1502 0087 03       		.uleb128 0x3
 1503 0088 0E       		.uleb128 0xe
 1504 0089 3A       		.uleb128 0x3a
 1505 008a 0B       		.uleb128 0xb
 1506 008b 3B       		.uleb128 0x3b
 1507 008c 05       		.uleb128 0x5
 1508 008d 49       		.uleb128 0x49
 1509 008e 13       		.uleb128 0x13
 1510 008f 38       		.uleb128 0x38
 1511 0090 0B       		.uleb128 0xb
 1512 0091 00       		.byte	0
 1513 0092 00       		.byte	0
 1514 0093 0C       		.uleb128 0xc
 1515 0094 0F       		.uleb128 0xf
 1516 0095 00       		.byte	0
 1517 0096 0B       		.uleb128 0xb
 1518 0097 0B       		.uleb128 0xb
 1519 0098 49       		.uleb128 0x49
 1520 0099 13       		.uleb128 0x13
 1521 009a 00       		.byte	0
 1522 009b 00       		.byte	0
 1523 009c 0D       		.uleb128 0xd
 1524 009d 13       		.uleb128 0x13
 1525 009e 01       		.byte	0x1
 1526 009f 03       		.uleb128 0x3
 1527 00a0 0E       		.uleb128 0xe
 1528 00a1 0B       		.uleb128 0xb
 1529 00a2 0B       		.uleb128 0xb
 1530 00a3 3A       		.uleb128 0x3a
 1531 00a4 0B       		.uleb128 0xb
 1532 00a5 3B       		.uleb128 0x3b
 1533 00a6 05       		.uleb128 0x5
 1534 00a7 01       		.uleb128 0x1
 1535 00a8 13       		.uleb128 0x13
 1536 00a9 00       		.byte	0
 1537 00aa 00       		.byte	0
 1538 00ab 0E       		.uleb128 0xe
ARM GAS  C:\Users\Luis\AppData\Local\Temp\ccO7oGOU.s 			page 28


 1539 00ac 15       		.uleb128 0x15
 1540 00ad 01       		.byte	0x1
 1541 00ae 01       		.uleb128 0x1
 1542 00af 13       		.uleb128 0x13
 1543 00b0 00       		.byte	0
 1544 00b1 00       		.byte	0
 1545 00b2 0F       		.uleb128 0xf
 1546 00b3 05       		.uleb128 0x5
 1547 00b4 00       		.byte	0
 1548 00b5 49       		.uleb128 0x49
 1549 00b6 13       		.uleb128 0x13
 1550 00b7 00       		.byte	0
 1551 00b8 00       		.byte	0
 1552 00b9 10       		.uleb128 0x10
 1553 00ba 0F       		.uleb128 0xf
 1554 00bb 00       		.byte	0
 1555 00bc 0B       		.uleb128 0xb
 1556 00bd 0B       		.uleb128 0xb
 1557 00be 00       		.byte	0
 1558 00bf 00       		.byte	0
 1559 00c0 11       		.uleb128 0x11
 1560 00c1 13       		.uleb128 0x13
 1561 00c2 01       		.byte	0x1
 1562 00c3 03       		.uleb128 0x3
 1563 00c4 0E       		.uleb128 0xe
 1564 00c5 0B       		.uleb128 0xb
 1565 00c6 05       		.uleb128 0x5
 1566 00c7 3A       		.uleb128 0x3a
 1567 00c8 0B       		.uleb128 0xb
 1568 00c9 3B       		.uleb128 0x3b
 1569 00ca 05       		.uleb128 0x5
 1570 00cb 01       		.uleb128 0x1
 1571 00cc 13       		.uleb128 0x13
 1572 00cd 00       		.byte	0
 1573 00ce 00       		.byte	0
 1574 00cf 12       		.uleb128 0x12
 1575 00d0 0D       		.uleb128 0xd
 1576 00d1 00       		.byte	0
 1577 00d2 03       		.uleb128 0x3
 1578 00d3 0E       		.uleb128 0xe
 1579 00d4 3A       		.uleb128 0x3a
 1580 00d5 0B       		.uleb128 0xb
 1581 00d6 3B       		.uleb128 0x3b
 1582 00d7 05       		.uleb128 0x5
 1583 00d8 49       		.uleb128 0x49
 1584 00d9 13       		.uleb128 0x13
 1585 00da 38       		.uleb128 0x38
 1586 00db 05       		.uleb128 0x5
 1587 00dc 00       		.byte	0
 1588 00dd 00       		.byte	0
 1589 00de 13       		.uleb128 0x13
 1590 00df 0D       		.uleb128 0xd
 1591 00e0 00       		.byte	0
 1592 00e1 03       		.uleb128 0x3
 1593 00e2 08       		.uleb128 0x8
 1594 00e3 3A       		.uleb128 0x3a
 1595 00e4 0B       		.uleb128 0xb
ARM GAS  C:\Users\Luis\AppData\Local\Temp\ccO7oGOU.s 			page 29


 1596 00e5 3B       		.uleb128 0x3b
 1597 00e6 05       		.uleb128 0x5
 1598 00e7 49       		.uleb128 0x49
 1599 00e8 13       		.uleb128 0x13
 1600 00e9 38       		.uleb128 0x38
 1601 00ea 05       		.uleb128 0x5
 1602 00eb 00       		.byte	0
 1603 00ec 00       		.byte	0
 1604 00ed 14       		.uleb128 0x14
 1605 00ee 0D       		.uleb128 0xd
 1606 00ef 00       		.byte	0
 1607 00f0 03       		.uleb128 0x3
 1608 00f1 08       		.uleb128 0x8
 1609 00f2 3A       		.uleb128 0x3a
 1610 00f3 0B       		.uleb128 0xb
 1611 00f4 3B       		.uleb128 0x3b
 1612 00f5 0B       		.uleb128 0xb
 1613 00f6 49       		.uleb128 0x49
 1614 00f7 13       		.uleb128 0x13
 1615 00f8 38       		.uleb128 0x38
 1616 00f9 0B       		.uleb128 0xb
 1617 00fa 00       		.byte	0
 1618 00fb 00       		.byte	0
 1619 00fc 15       		.uleb128 0x15
 1620 00fd 13       		.uleb128 0x13
 1621 00fe 01       		.byte	0x1
 1622 00ff 0B       		.uleb128 0xb
 1623 0100 0B       		.uleb128 0xb
 1624 0101 3A       		.uleb128 0x3a
 1625 0102 0B       		.uleb128 0xb
 1626 0103 3B       		.uleb128 0x3b
 1627 0104 0B       		.uleb128 0xb
 1628 0105 6E       		.uleb128 0x6e
 1629 0106 0E       		.uleb128 0xe
 1630 0107 01       		.uleb128 0x1
 1631 0108 13       		.uleb128 0x13
 1632 0109 00       		.byte	0
 1633 010a 00       		.byte	0
 1634 010b 16       		.uleb128 0x16
 1635 010c 13       		.uleb128 0x13
 1636 010d 01       		.byte	0x1
 1637 010e 0B       		.uleb128 0xb
 1638 010f 05       		.uleb128 0x5
 1639 0110 3A       		.uleb128 0x3a
 1640 0111 0B       		.uleb128 0xb
 1641 0112 3B       		.uleb128 0x3b
 1642 0113 0B       		.uleb128 0xb
 1643 0114 6E       		.uleb128 0x6e
 1644 0115 0E       		.uleb128 0xe
 1645 0116 01       		.uleb128 0x1
 1646 0117 13       		.uleb128 0x13
 1647 0118 00       		.byte	0
 1648 0119 00       		.byte	0
 1649 011a 17       		.uleb128 0x17
 1650 011b 01       		.uleb128 0x1
 1651 011c 01       		.byte	0x1
 1652 011d 49       		.uleb128 0x49
ARM GAS  C:\Users\Luis\AppData\Local\Temp\ccO7oGOU.s 			page 30


 1653 011e 13       		.uleb128 0x13
 1654 011f 01       		.uleb128 0x1
 1655 0120 13       		.uleb128 0x13
 1656 0121 00       		.byte	0
 1657 0122 00       		.byte	0
 1658 0123 18       		.uleb128 0x18
 1659 0124 21       		.uleb128 0x21
 1660 0125 00       		.byte	0
 1661 0126 49       		.uleb128 0x49
 1662 0127 13       		.uleb128 0x13
 1663 0128 2F       		.uleb128 0x2f
 1664 0129 0B       		.uleb128 0xb
 1665 012a 00       		.byte	0
 1666 012b 00       		.byte	0
 1667 012c 19       		.uleb128 0x19
 1668 012d 26       		.uleb128 0x26
 1669 012e 00       		.byte	0
 1670 012f 49       		.uleb128 0x49
 1671 0130 13       		.uleb128 0x13
 1672 0131 00       		.byte	0
 1673 0132 00       		.byte	0
 1674 0133 1A       		.uleb128 0x1a
 1675 0134 02       		.uleb128 0x2
 1676 0135 01       		.byte	0x1
 1677 0136 03       		.uleb128 0x3
 1678 0137 0E       		.uleb128 0xe
 1679 0138 0B       		.uleb128 0xb
 1680 0139 0B       		.uleb128 0xb
 1681 013a 3A       		.uleb128 0x3a
 1682 013b 0B       		.uleb128 0xb
 1683 013c 3B       		.uleb128 0x3b
 1684 013d 0B       		.uleb128 0xb
 1685 013e 01       		.uleb128 0x1
 1686 013f 13       		.uleb128 0x13
 1687 0140 00       		.byte	0
 1688 0141 00       		.byte	0
 1689 0142 1B       		.uleb128 0x1b
 1690 0143 2E       		.uleb128 0x2e
 1691 0144 01       		.byte	0x1
 1692 0145 3F       		.uleb128 0x3f
 1693 0146 19       		.uleb128 0x19
 1694 0147 03       		.uleb128 0x3
 1695 0148 08       		.uleb128 0x8
 1696 0149 3A       		.uleb128 0x3a
 1697 014a 0B       		.uleb128 0xb
 1698 014b 3B       		.uleb128 0x3b
 1699 014c 0B       		.uleb128 0xb
 1700 014d 6E       		.uleb128 0x6e
 1701 014e 0E       		.uleb128 0xe
 1702 014f 49       		.uleb128 0x49
 1703 0150 13       		.uleb128 0x13
 1704 0151 32       		.uleb128 0x32
 1705 0152 0B       		.uleb128 0xb
 1706 0153 3C       		.uleb128 0x3c
 1707 0154 19       		.uleb128 0x19
 1708 0155 64       		.uleb128 0x64
 1709 0156 13       		.uleb128 0x13
ARM GAS  C:\Users\Luis\AppData\Local\Temp\ccO7oGOU.s 			page 31


 1710 0157 00       		.byte	0
 1711 0158 00       		.byte	0
 1712 0159 1C       		.uleb128 0x1c
 1713 015a 05       		.uleb128 0x5
 1714 015b 00       		.byte	0
 1715 015c 49       		.uleb128 0x49
 1716 015d 13       		.uleb128 0x13
 1717 015e 34       		.uleb128 0x34
 1718 015f 19       		.uleb128 0x19
 1719 0160 00       		.byte	0
 1720 0161 00       		.byte	0
 1721 0162 1D       		.uleb128 0x1d
 1722 0163 02       		.uleb128 0x2
 1723 0164 01       		.byte	0x1
 1724 0165 03       		.uleb128 0x3
 1725 0166 0E       		.uleb128 0xe
 1726 0167 0B       		.uleb128 0xb
 1727 0168 0B       		.uleb128 0xb
 1728 0169 3A       		.uleb128 0x3a
 1729 016a 0B       		.uleb128 0xb
 1730 016b 3B       		.uleb128 0x3b
 1731 016c 0B       		.uleb128 0xb
 1732 016d 1D       		.uleb128 0x1d
 1733 016e 13       		.uleb128 0x13
 1734 016f 01       		.uleb128 0x1
 1735 0170 13       		.uleb128 0x13
 1736 0171 00       		.byte	0
 1737 0172 00       		.byte	0
 1738 0173 1E       		.uleb128 0x1e
 1739 0174 0D       		.uleb128 0xd
 1740 0175 00       		.byte	0
 1741 0176 03       		.uleb128 0x3
 1742 0177 0E       		.uleb128 0xe
 1743 0178 49       		.uleb128 0x49
 1744 0179 13       		.uleb128 0x13
 1745 017a 38       		.uleb128 0x38
 1746 017b 0B       		.uleb128 0xb
 1747 017c 34       		.uleb128 0x34
 1748 017d 19       		.uleb128 0x19
 1749 017e 32       		.uleb128 0x32
 1750 017f 0B       		.uleb128 0xb
 1751 0180 00       		.byte	0
 1752 0181 00       		.byte	0
 1753 0182 1F       		.uleb128 0x1f
 1754 0183 0D       		.uleb128 0xd
 1755 0184 00       		.byte	0
 1756 0185 03       		.uleb128 0x3
 1757 0186 0E       		.uleb128 0xe
 1758 0187 3A       		.uleb128 0x3a
 1759 0188 0B       		.uleb128 0xb
 1760 0189 3B       		.uleb128 0x3b
 1761 018a 0B       		.uleb128 0xb
 1762 018b 49       		.uleb128 0x49
 1763 018c 13       		.uleb128 0x13
 1764 018d 38       		.uleb128 0x38
 1765 018e 0B       		.uleb128 0xb
 1766 018f 32       		.uleb128 0x32
ARM GAS  C:\Users\Luis\AppData\Local\Temp\ccO7oGOU.s 			page 32


 1767 0190 0B       		.uleb128 0xb
 1768 0191 00       		.byte	0
 1769 0192 00       		.byte	0
 1770 0193 20       		.uleb128 0x20
 1771 0194 2E       		.uleb128 0x2e
 1772 0195 01       		.byte	0x1
 1773 0196 3F       		.uleb128 0x3f
 1774 0197 19       		.uleb128 0x19
 1775 0198 03       		.uleb128 0x3
 1776 0199 0E       		.uleb128 0xe
 1777 019a 3A       		.uleb128 0x3a
 1778 019b 0B       		.uleb128 0xb
 1779 019c 3B       		.uleb128 0x3b
 1780 019d 0B       		.uleb128 0xb
 1781 019e 49       		.uleb128 0x49
 1782 019f 13       		.uleb128 0x13
 1783 01a0 4C       		.uleb128 0x4c
 1784 01a1 0B       		.uleb128 0xb
 1785 01a2 1D       		.uleb128 0x1d
 1786 01a3 13       		.uleb128 0x13
 1787 01a4 32       		.uleb128 0x32
 1788 01a5 0B       		.uleb128 0xb
 1789 01a6 3C       		.uleb128 0x3c
 1790 01a7 19       		.uleb128 0x19
 1791 01a8 64       		.uleb128 0x64
 1792 01a9 13       		.uleb128 0x13
 1793 01aa 01       		.uleb128 0x1
 1794 01ab 13       		.uleb128 0x13
 1795 01ac 00       		.byte	0
 1796 01ad 00       		.byte	0
 1797 01ae 21       		.uleb128 0x21
 1798 01af 2E       		.uleb128 0x2e
 1799 01b0 01       		.byte	0x1
 1800 01b1 3F       		.uleb128 0x3f
 1801 01b2 19       		.uleb128 0x19
 1802 01b3 03       		.uleb128 0x3
 1803 01b4 0E       		.uleb128 0xe
 1804 01b5 3A       		.uleb128 0x3a
 1805 01b6 0B       		.uleb128 0xb
 1806 01b7 3B       		.uleb128 0x3b
 1807 01b8 0B       		.uleb128 0xb
 1808 01b9 6E       		.uleb128 0x6e
 1809 01ba 0E       		.uleb128 0xe
 1810 01bb 49       		.uleb128 0x49
 1811 01bc 13       		.uleb128 0x13
 1812 01bd 32       		.uleb128 0x32
 1813 01be 0B       		.uleb128 0xb
 1814 01bf 3C       		.uleb128 0x3c
 1815 01c0 19       		.uleb128 0x19
 1816 01c1 64       		.uleb128 0x64
 1817 01c2 13       		.uleb128 0x13
 1818 01c3 01       		.uleb128 0x1
 1819 01c4 13       		.uleb128 0x13
 1820 01c5 00       		.byte	0
 1821 01c6 00       		.byte	0
 1822 01c7 22       		.uleb128 0x22
 1823 01c8 2E       		.uleb128 0x2e
ARM GAS  C:\Users\Luis\AppData\Local\Temp\ccO7oGOU.s 			page 33


 1824 01c9 01       		.byte	0x1
 1825 01ca 3F       		.uleb128 0x3f
 1826 01cb 19       		.uleb128 0x19
 1827 01cc 03       		.uleb128 0x3
 1828 01cd 0E       		.uleb128 0xe
 1829 01ce 3A       		.uleb128 0x3a
 1830 01cf 0B       		.uleb128 0xb
 1831 01d0 3B       		.uleb128 0x3b
 1832 01d1 0B       		.uleb128 0xb
 1833 01d2 6E       		.uleb128 0x6e
 1834 01d3 0E       		.uleb128 0xe
 1835 01d4 32       		.uleb128 0x32
 1836 01d5 0B       		.uleb128 0xb
 1837 01d6 3C       		.uleb128 0x3c
 1838 01d7 19       		.uleb128 0x19
 1839 01d8 64       		.uleb128 0x64
 1840 01d9 13       		.uleb128 0x13
 1841 01da 00       		.byte	0
 1842 01db 00       		.byte	0
 1843 01dc 23       		.uleb128 0x23
 1844 01dd 15       		.uleb128 0x15
 1845 01de 01       		.byte	0x1
 1846 01df 49       		.uleb128 0x49
 1847 01e0 13       		.uleb128 0x13
 1848 01e1 01       		.uleb128 0x1
 1849 01e2 13       		.uleb128 0x13
 1850 01e3 00       		.byte	0
 1851 01e4 00       		.byte	0
 1852 01e5 24       		.uleb128 0x24
 1853 01e6 18       		.uleb128 0x18
 1854 01e7 00       		.byte	0
 1855 01e8 00       		.byte	0
 1856 01e9 00       		.byte	0
 1857 01ea 25       		.uleb128 0x25
 1858 01eb 0F       		.uleb128 0xf
 1859 01ec 00       		.byte	0
 1860 01ed 0B       		.uleb128 0xb
 1861 01ee 0B       		.uleb128 0xb
 1862 01ef 03       		.uleb128 0x3
 1863 01f0 0E       		.uleb128 0xe
 1864 01f1 49       		.uleb128 0x49
 1865 01f2 13       		.uleb128 0x13
 1866 01f3 00       		.byte	0
 1867 01f4 00       		.byte	0
 1868 01f5 26       		.uleb128 0x26
 1869 01f6 02       		.uleb128 0x2
 1870 01f7 00       		.byte	0
 1871 01f8 03       		.uleb128 0x3
 1872 01f9 0E       		.uleb128 0xe
 1873 01fa 3C       		.uleb128 0x3c
 1874 01fb 19       		.uleb128 0x19
 1875 01fc 00       		.byte	0
 1876 01fd 00       		.byte	0
 1877 01fe 27       		.uleb128 0x27
 1878 01ff 2E       		.uleb128 0x2e
 1879 0200 01       		.byte	0x1
 1880 0201 47       		.uleb128 0x47
ARM GAS  C:\Users\Luis\AppData\Local\Temp\ccO7oGOU.s 			page 34


 1881 0202 13       		.uleb128 0x13
 1882 0203 20       		.uleb128 0x20
 1883 0204 0B       		.uleb128 0xb
 1884 0205 64       		.uleb128 0x64
 1885 0206 13       		.uleb128 0x13
 1886 0207 01       		.uleb128 0x1
 1887 0208 13       		.uleb128 0x13
 1888 0209 00       		.byte	0
 1889 020a 00       		.byte	0
 1890 020b 28       		.uleb128 0x28
 1891 020c 05       		.uleb128 0x5
 1892 020d 00       		.byte	0
 1893 020e 03       		.uleb128 0x3
 1894 020f 0E       		.uleb128 0xe
 1895 0210 49       		.uleb128 0x49
 1896 0211 13       		.uleb128 0x13
 1897 0212 34       		.uleb128 0x34
 1898 0213 19       		.uleb128 0x19
 1899 0214 00       		.byte	0
 1900 0215 00       		.byte	0
 1901 0216 29       		.uleb128 0x29
 1902 0217 2E       		.uleb128 0x2e
 1903 0218 01       		.byte	0x1
 1904 0219 31       		.uleb128 0x31
 1905 021a 13       		.uleb128 0x13
 1906 021b 6E       		.uleb128 0x6e
 1907 021c 0E       		.uleb128 0xe
 1908 021d 11       		.uleb128 0x11
 1909 021e 01       		.uleb128 0x1
 1910 021f 12       		.uleb128 0x12
 1911 0220 06       		.uleb128 0x6
 1912 0221 40       		.uleb128 0x40
 1913 0222 18       		.uleb128 0x18
 1914 0223 64       		.uleb128 0x64
 1915 0224 13       		.uleb128 0x13
 1916 0225 9642     		.uleb128 0x2116
 1917 0227 19       		.uleb128 0x19
 1918 0228 01       		.uleb128 0x1
 1919 0229 13       		.uleb128 0x13
 1920 022a 00       		.byte	0
 1921 022b 00       		.byte	0
 1922 022c 2A       		.uleb128 0x2a
 1923 022d 05       		.uleb128 0x5
 1924 022e 00       		.byte	0
 1925 022f 31       		.uleb128 0x31
 1926 0230 13       		.uleb128 0x13
 1927 0231 02       		.uleb128 0x2
 1928 0232 18       		.uleb128 0x18
 1929 0233 00       		.byte	0
 1930 0234 00       		.byte	0
 1931 0235 2B       		.uleb128 0x2b
 1932 0236 2E       		.uleb128 0x2e
 1933 0237 01       		.byte	0x1
 1934 0238 47       		.uleb128 0x47
 1935 0239 13       		.uleb128 0x13
 1936 023a 11       		.uleb128 0x11
 1937 023b 01       		.uleb128 0x1
ARM GAS  C:\Users\Luis\AppData\Local\Temp\ccO7oGOU.s 			page 35


 1938 023c 12       		.uleb128 0x12
 1939 023d 06       		.uleb128 0x6
 1940 023e 40       		.uleb128 0x40
 1941 023f 18       		.uleb128 0x18
 1942 0240 64       		.uleb128 0x64
 1943 0241 13       		.uleb128 0x13
 1944 0242 9642     		.uleb128 0x2116
 1945 0244 19       		.uleb128 0x19
 1946 0245 01       		.uleb128 0x1
 1947 0246 13       		.uleb128 0x13
 1948 0247 00       		.byte	0
 1949 0248 00       		.byte	0
 1950 0249 2C       		.uleb128 0x2c
 1951 024a 05       		.uleb128 0x5
 1952 024b 00       		.byte	0
 1953 024c 03       		.uleb128 0x3
 1954 024d 0E       		.uleb128 0xe
 1955 024e 49       		.uleb128 0x49
 1956 024f 13       		.uleb128 0x13
 1957 0250 34       		.uleb128 0x34
 1958 0251 19       		.uleb128 0x19
 1959 0252 02       		.uleb128 0x2
 1960 0253 18       		.uleb128 0x18
 1961 0254 00       		.byte	0
 1962 0255 00       		.byte	0
 1963 0256 2D       		.uleb128 0x2d
 1964 0257 05       		.uleb128 0x5
 1965 0258 00       		.byte	0
 1966 0259 03       		.uleb128 0x3
 1967 025a 0E       		.uleb128 0xe
 1968 025b 3A       		.uleb128 0x3a
 1969 025c 0B       		.uleb128 0xb
 1970 025d 3B       		.uleb128 0x3b
 1971 025e 0B       		.uleb128 0xb
 1972 025f 49       		.uleb128 0x49
 1973 0260 13       		.uleb128 0x13
 1974 0261 02       		.uleb128 0x2
 1975 0262 18       		.uleb128 0x18
 1976 0263 00       		.byte	0
 1977 0264 00       		.byte	0
 1978 0265 2E       		.uleb128 0x2e
 1979 0266 34       		.uleb128 0x34
 1980 0267 00       		.byte	0
 1981 0268 03       		.uleb128 0x3
 1982 0269 0E       		.uleb128 0xe
 1983 026a 3A       		.uleb128 0x3a
 1984 026b 0B       		.uleb128 0xb
 1985 026c 3B       		.uleb128 0x3b
 1986 026d 05       		.uleb128 0x5
 1987 026e 49       		.uleb128 0x49
 1988 026f 13       		.uleb128 0x13
 1989 0270 3F       		.uleb128 0x3f
 1990 0271 19       		.uleb128 0x19
 1991 0272 3C       		.uleb128 0x3c
 1992 0273 19       		.uleb128 0x19
 1993 0274 00       		.byte	0
 1994 0275 00       		.byte	0
ARM GAS  C:\Users\Luis\AppData\Local\Temp\ccO7oGOU.s 			page 36


 1995 0276 2F       		.uleb128 0x2f
 1996 0277 34       		.uleb128 0x34
 1997 0278 00       		.byte	0
 1998 0279 03       		.uleb128 0x3
 1999 027a 08       		.uleb128 0x8
 2000 027b 3A       		.uleb128 0x3a
 2001 027c 0B       		.uleb128 0xb
 2002 027d 3B       		.uleb128 0x3b
 2003 027e 05       		.uleb128 0x5
 2004 027f 49       		.uleb128 0x49
 2005 0280 13       		.uleb128 0x13
 2006 0281 3F       		.uleb128 0x3f
 2007 0282 19       		.uleb128 0x19
 2008 0283 3C       		.uleb128 0x3c
 2009 0284 19       		.uleb128 0x19
 2010 0285 00       		.byte	0
 2011 0286 00       		.byte	0
 2012 0287 00       		.byte	0
 2013              		.section	.debug_aranges,"",%progbits
 2014 0000 2C000000 		.4byte	0x2c
 2015 0004 0200     		.2byte	0x2
 2016 0006 00000000 		.4byte	.Ldebug_info0
 2017 000a 04       		.byte	0x4
 2018 000b 00       		.byte	0
 2019 000c 0000     		.2byte	0
 2020 000e 0000     		.2byte	0
 2021 0010 00000000 		.4byte	.LFB261
 2022 0014 3C000000 		.4byte	.LFE261-.LFB261
 2023 0018 00000000 		.4byte	.LFB263
 2024 001c 1E000000 		.4byte	.LFE263-.LFB263
 2025 0020 00000000 		.4byte	.LFB264
 2026 0024 2A000000 		.4byte	.LFE264-.LFB264
 2027 0028 00000000 		.4byte	0
 2028 002c 00000000 		.4byte	0
 2029              		.section	.debug_ranges,"",%progbits
 2030              	.Ldebug_ranges0:
 2031 0000 00000000 		.4byte	.LFB261
 2032 0004 3C000000 		.4byte	.LFE261
 2033 0008 00000000 		.4byte	.LFB263
 2034 000c 1E000000 		.4byte	.LFE263
 2035 0010 00000000 		.4byte	.LFB264
 2036 0014 2A000000 		.4byte	.LFE264
 2037 0018 00000000 		.4byte	0
 2038 001c 00000000 		.4byte	0
 2039              		.section	.debug_line,"",%progbits
 2040              	.Ldebug_line0:
 2041 0000 DD010000 		.section	.debug_str,"MS",%progbits,1
 2041      02009601 
 2041      00000201 
 2041      FB0E0D00 
 2041      01010101 
 2042              	.LASF154:
 2043 0000 5F5A4E36 		.ascii	"_ZN6Filter20setInitialDataFilterEP10DataFilter\000"
 2043      46696C74 
 2043      65723230 
 2043      73657449 
 2043      6E697469 
ARM GAS  C:\Users\Luis\AppData\Local\Temp\ccO7oGOU.s 			page 37


 2044              	.LASF101:
 2045 002f 74625F70 		.ascii	"tb_ptr\000"
 2045      747200
 2046              	.LASF58:
 2047 0036 72656164 		.ascii	"ready_list_t\000"
 2047      795F6C69 
 2047      73745F74 
 2047      00
 2048              	.LASF95:
 2049 0043 73655F74 		.ascii	"se_time\000"
 2049      696D6500 
 2050              	.LASF141:
 2051 004b 5F5F696E 		.ascii	"__in_chrg\000"
 2051      5F636872 
 2051      6700
 2052              	.LASF28:
 2053 0055 77747472 		.ascii	"wttrp\000"
 2053      7000
 2054              	.LASF25:
 2055 005b 7264796D 		.ascii	"rdymsg\000"
 2055      736700
 2056              	.LASF11:
 2057 0062 75696E74 		.ascii	"uint64_t\000"
 2057      36345F74 
 2057      00
 2058              	.LASF88:
 2059 006b 6B65726E 		.ascii	"kernel_stats\000"
 2059      656C5F73 
 2059      74617473 
 2059      00
 2060              	.LASF94:
 2061 0078 706F7274 		.ascii	"port_intctx\000"
 2061      5F696E74 
 2061      63747800 
 2062              	.LASF57:
 2063 0084 63685F74 		.ascii	"ch_threads_queue\000"
 2063      68726561 
 2063      64735F71 
 2063      75657565 
 2063      00
 2064              	.LASF77:
 2065 0095 73797374 		.ascii	"system_debug_t\000"
 2065      656D5F64 
 2065      65627567 
 2065      5F7400
 2066              	.LASF110:
 2067 00a4 776F7273 		.ascii	"worst\000"
 2067      7400
 2068              	.LASF113:
 2069 00aa 74696D65 		.ascii	"time_measurement_t\000"
 2069      5F6D6561 
 2069      73757265 
 2069      6D656E74 
 2069      5F7400
 2070              	.LASF12:
 2071 00bd 6C6F6E67 		.ascii	"long long unsigned int\000"
 2071      206C6F6E 
ARM GAS  C:\Users\Luis\AppData\Local\Temp\ccO7oGOU.s 			page 38


 2071      6720756E 
 2071      7369676E 
 2071      65642069 
 2072              	.LASF103:
 2073 00d4 63685F74 		.ascii	"ch_trace_buffer_t\000"
 2073      72616365 
 2073      5F627566 
 2073      6665725F 
 2073      7400
 2074              	.LASF98:
 2075 00e6 73655F73 		.ascii	"se_state\000"
 2075      74617465 
 2075      00
 2076              	.LASF26:
 2077 00ef 65786974 		.ascii	"exitcode\000"
 2077      636F6465 
 2077      00
 2078              	.LASF87:
 2079 00f8 6D61696E 		.ascii	"mainthread\000"
 2079      74687265 
 2079      616400
 2080              	.LASF134:
 2081 0103 496E6974 		.ascii	"InitialDataFilter\000"
 2081      69616C44 
 2081      61746146 
 2081      696C7465 
 2081      7200
 2082              	.LASF74:
 2083 0115 76697274 		.ascii	"virtual_timers_list_t\000"
 2083      75616C5F 
 2083      74696D65 
 2083      72735F6C 
 2083      6973745F 
 2084              	.LASF144:
 2085 012b 49544D5F 		.ascii	"ITM_RxBuffer\000"
 2085      52784275 
 2085      66666572 
 2085      00
 2086              	.LASF142:
 2087 0138 5F5A4E36 		.ascii	"_ZN6FilterD2Ev\000"
 2087      46696C74 
 2087      65724432 
 2087      457600
 2088              	.LASF14:
 2089 0147 72747469 		.ascii	"rttime_t\000"
 2089      6D655F74 
 2089      00
 2090              	.LASF34:
 2091 0150 705F7072 		.ascii	"p_prio\000"
 2091      696F00
 2092              	.LASF10:
 2093 0157 6C6F6E67 		.ascii	"long long int\000"
 2093      206C6F6E 
 2093      6720696E 
 2093      7400
 2094              	.LASF1:
 2095 0165 7369676E 		.ascii	"signed char\000"
ARM GAS  C:\Users\Luis\AppData\Local\Temp\ccO7oGOU.s 			page 39


 2095      65642063 
 2095      68617200 
 2096              	.LASF153:
 2097 0171 73657449 		.ascii	"setInitialDataFilter\000"
 2097      6E697469 
 2097      616C4461 
 2097      74614669 
 2097      6C746572 
 2098              	.LASF49:
 2099 0186 705F6D70 		.ascii	"p_mpool\000"
 2099      6F6F6C00 
 2100              	.LASF124:
 2101 018e 6D5F7175 		.ascii	"m_queue\000"
 2101      65756500 
 2102              	.LASF86:
 2103 0196 76746C69 		.ascii	"vtlist\000"
 2103      737400
 2104              	.LASF147:
 2105 019d 433A5C55 		.ascii	"C:\\Users\\Luis\\git\\DSP-Library-Lanin\\examples\\"
 2105      73657273 
 2105      5C4C7569 
 2105      735C6769 
 2105      745C4453 
 2106 01ca 4453502D 		.ascii	"DSP-Library\000"
 2106      4C696272 
 2106      61727900 
 2107              	.LASF84:
 2108 01d6 63685F73 		.ascii	"ch_system\000"
 2108      79737465 
 2108      6D00
 2109              	.LASF7:
 2110 01e0 6C6F6E67 		.ascii	"long int\000"
 2110      20696E74 
 2110      00
 2111              	.LASF16:
 2112 01e9 74737461 		.ascii	"tstate_t\000"
 2112      74655F74 
 2112      00
 2113              	.LASF96:
 2114 01f2 73655F74 		.ascii	"se_tp\000"
 2114      7000
 2115              	.LASF140:
 2116 01f8 74686973 		.ascii	"this\000"
 2116      00
 2117              	.LASF36:
 2118 01fd 705F6E65 		.ascii	"p_newer\000"
 2118      77657200 
 2119              	.LASF121:
 2120 0205 735F7175 		.ascii	"s_queue\000"
 2120      65756500 
 2121              	.LASF100:
 2122 020d 74625F73 		.ascii	"tb_size\000"
 2122      697A6500 
 2123              	.LASF63:
 2124 0215 725F6E65 		.ascii	"r_newer\000"
 2124      77657200 
 2125              	.LASF91:
ARM GAS  C:\Users\Luis\AppData\Local\Temp\ccO7oGOU.s 			page 40


 2126 021d 72656761 		.ascii	"regarm_t\000"
 2126      726D5F74 
 2126      00
 2127              	.LASF70:
 2128 0226 76745F70 		.ascii	"vt_prev\000"
 2128      72657600 
 2129              	.LASF78:
 2130 022e 63685F73 		.ascii	"ch_system_debug\000"
 2130      79737465 
 2130      6D5F6465 
 2130      62756700 
 2131              	.LASF85:
 2132 023e 726C6973 		.ascii	"rlist\000"
 2132      7400
 2133              	.LASF128:
 2134 0244 6D757465 		.ascii	"mutex_t\000"
 2134      785F7400 
 2135              	.LASF81:
 2136 024c 6C6F636B 		.ascii	"lock_cnt\000"
 2136      5F636E74 
 2136      00
 2137              	.LASF89:
 2138 0255 69646C65 		.ascii	"idle_thread_wa\000"
 2138      5F746872 
 2138      6561645F 
 2138      776100
 2139              	.LASF21:
 2140 0264 636E745F 		.ascii	"cnt_t\000"
 2140      7400
 2141              	.LASF155:
 2142 026a 5F5F7674 		.ascii	"__vtbl_ptr_type\000"
 2142      626C5F70 
 2142      74725F74 
 2142      79706500 
 2143              	.LASF39:
 2144 027a 705F7374 		.ascii	"p_stklimit\000"
 2144      6B6C696D 
 2144      697400
 2145              	.LASF146:
 2146 0285 46696C74 		.ascii	"Filter.cpp\000"
 2146      65722E63 
 2146      707000
 2147              	.LASF69:
 2148 0290 76745F6E 		.ascii	"vt_next\000"
 2148      65787400 
 2149              	.LASF29:
 2150 0298 77747365 		.ascii	"wtsemp\000"
 2150      6D7000
 2151              	.LASF44:
 2152 029f 705F6D73 		.ascii	"p_msgqueue\000"
 2152      67717565 
 2152      756500
 2153              	.LASF138:
 2154 02aa 5F5A4E36 		.ascii	"_ZN6Filter11directFormIEf\000"
 2154      46696C74 
 2154      65723131 
 2154      64697265 
ARM GAS  C:\Users\Luis\AppData\Local\Temp\ccO7oGOU.s 			page 41


 2154      6374466F 
 2155              	.LASF51:
 2156 02c4 746C7350 		.ascii	"tlsPtr\000"
 2156      747200
 2157              	.LASF115:
 2158 02cb 6E5F6972 		.ascii	"n_irq\000"
 2158      7100
 2159              	.LASF122:
 2160 02d1 735F636E 		.ascii	"s_cnt\000"
 2160      7400
 2161              	.LASF4:
 2162 02d7 73686F72 		.ascii	"short unsigned int\000"
 2162      7420756E 
 2162      7369676E 
 2162      65642069 
 2162      6E7400
 2163              	.LASF119:
 2164 02ea 6B65726E 		.ascii	"kernel_stats_t\000"
 2164      656C5F73 
 2164      74617473 
 2164      5F7400
 2165              	.LASF104:
 2166 02f9 31346368 		.ascii	"14ch_swc_event_t\000"
 2166      5F737763 
 2166      5F657665 
 2166      6E745F74 
 2166      00
 2167              	.LASF54:
 2168 030a 63685F74 		.ascii	"ch_thread\000"
 2168      68726561 
 2168      6400
 2169              	.LASF19:
 2170 0314 6D73675F 		.ascii	"msg_t\000"
 2170      7400
 2171              	.LASF111:
 2172 031a 6C617374 		.ascii	"last\000"
 2172      00
 2173              	.LASF22:
 2174 031f 75636E74 		.ascii	"ucnt_t\000"
 2174      5F7400
 2175              	.LASF83:
 2176 0326 63685F73 		.ascii	"ch_system_t\000"
 2176      79737465 
 2176      6D5F7400 
 2177              	.LASF15:
 2178 0332 746D6F64 		.ascii	"tmode_t\000"
 2178      655F7400 
 2179              	.LASF129:
 2180 033a 626F6F6C 		.ascii	"bool\000"
 2180      00
 2181              	.LASF118:
 2182 033f 6D5F6372 		.ascii	"m_crit_isr\000"
 2182      69745F69 
 2182      737200
 2183              	.LASF59:
 2184 034a 63685F72 		.ascii	"ch_ready_list\000"
 2184      65616479 
ARM GAS  C:\Users\Luis\AppData\Local\Temp\ccO7oGOU.s 			page 42


 2184      5F6C6973 
 2184      7400
 2185              	.LASF20:
 2186 0358 6576656E 		.ascii	"eventmask_t\000"
 2186      746D6173 
 2186      6B5F7400 
 2187              	.LASF149:
 2188 0364 46756E74 		.ascii	"FuntionsMath\000"
 2188      696F6E73 
 2188      4D617468 
 2188      00
 2189              	.LASF148:
 2190 0371 31376368 		.ascii	"17ch_trace_buffer_t\000"
 2190      5F747261 
 2190      63655F62 
 2190      75666665 
 2190      725F7400 
 2191              	.LASF92:
 2192 0385 73746B61 		.ascii	"stkalign_t\000"
 2192      6C69676E 
 2192      5F7400
 2193              	.LASF53:
 2194 0390 74687265 		.ascii	"threads_list_t\000"
 2194      6164735F 
 2194      6C697374 
 2194      5F7400
 2195              	.LASF143:
 2196 039f 5F5A4E36 		.ascii	"_ZN6FilterD0Ev\000"
 2196      46696C74 
 2196      65724430 
 2196      457600
 2197              	.LASF43:
 2198 03ae 705F7761 		.ascii	"p_waiting\000"
 2198      6974696E 
 2198      6700
 2199              	.LASF90:
 2200 03b8 73697A65 		.ascii	"sizetype\000"
 2200      74797065 
 2200      00
 2201              	.LASF52:
 2202 03c1 74687265 		.ascii	"thread_reference_t\000"
 2202      61645F72 
 2202      65666572 
 2202      656E6365 
 2202      5F7400
 2203              	.LASF75:
 2204 03d4 63685F76 		.ascii	"ch_virtual_timers_list\000"
 2204      69727475 
 2204      616C5F74 
 2204      696D6572 
 2204      735F6C69 
 2205              	.LASF99:
 2206 03eb 63685F73 		.ascii	"ch_swc_event_t\000"
 2206      77635F65 
 2206      76656E74 
 2206      5F7400
 2207              	.LASF76:
ARM GAS  C:\Users\Luis\AppData\Local\Temp\ccO7oGOU.s 			page 43


 2208 03fa 76745F6C 		.ascii	"vt_lasttime\000"
 2208      61737474 
 2208      696D6500 
 2209              	.LASF37:
 2210 0406 705F6F6C 		.ascii	"p_older\000"
 2210      64657200 
 2211              	.LASF132:
 2212 040e 5F767074 		.ascii	"_vptr.Filter\000"
 2212      722E4669 
 2212      6C746572 
 2212      00
 2213              	.LASF62:
 2214 041b 725F6374 		.ascii	"r_ctx\000"
 2214      7800
 2215              	.LASF108:
 2216 0421 31387469 		.ascii	"18time_measurement_t\000"
 2216      6D655F6D 
 2216      65617375 
 2216      72656D65 
 2216      6E745F74 
 2217              	.LASF114:
 2218 0436 31346B65 		.ascii	"14kernel_stats_t\000"
 2218      726E656C 
 2218      5F737461 
 2218      74735F74 
 2218      00
 2219              	.LASF107:
 2220 0447 746D5F63 		.ascii	"tm_calibration_t\000"
 2220      616C6962 
 2220      72617469 
 2220      6F6E5F74 
 2220      00
 2221              	.LASF65:
 2222 0458 725F6375 		.ascii	"r_current\000"
 2222      7272656E 
 2222      7400
 2223              	.LASF64:
 2224 0462 725F6F6C 		.ascii	"r_older\000"
 2224      64657200 
 2225              	.LASF112:
 2226 046a 63756D75 		.ascii	"cumulative\000"
 2226      6C617469 
 2226      766500
 2227              	.LASF131:
 2228 0475 666C6F61 		.ascii	"float\000"
 2228      7400
 2229              	.LASF17:
 2230 047b 74726566 		.ascii	"trefs_t\000"
 2230      735F7400 
 2231              	.LASF102:
 2232 0483 74625F62 		.ascii	"tb_buffer\000"
 2232      75666665 
 2232      7200
 2233              	.LASF67:
 2234 048d 76697274 		.ascii	"virtual_timer_t\000"
 2234      75616C5F 
 2234      74696D65 
ARM GAS  C:\Users\Luis\AppData\Local\Temp\ccO7oGOU.s 			page 44


 2234      725F7400 
 2235              	.LASF33:
 2236 049d 705F7072 		.ascii	"p_prev\000"
 2236      657600
 2237              	.LASF145:
 2238 04a4 474E5520 		.ascii	"GNU C++ 4.8.3 20131129 (release) [ARM/embedded-4_8-"
 2238      432B2B20 
 2238      342E382E 
 2238      33203230 
 2238      31333131 
 2239 04d7 6272616E 		.ascii	"branch revision 205641] -mcpu=cortex-m4 -mapcs-fram"
 2239      63682072 
 2239      65766973 
 2239      696F6E20 
 2239      32303536 
 2240 050a 65202D6D 		.ascii	"e -mno-thumb-interwork -mthumb -ggdb -O0 -falign-fu"
 2240      6E6F2D74 
 2240      68756D62 
 2240      2D696E74 
 2240      6572776F 
 2241 053d 6E637469 		.ascii	"nctions=16 -ffunction-sections -fdata-sections -fno"
 2241      6F6E733D 
 2241      3136202D 
 2241      6666756E 
 2241      6374696F 
 2242 0570 2D636F6D 		.ascii	"-common -fno-rtti -fno-exceptions\000"
 2242      6D6F6E20 
 2242      2D666E6F 
 2242      2D727474 
 2242      69202D66 
 2243              	.LASF18:
 2244 0592 74707269 		.ascii	"tprio_t\000"
 2244      6F5F7400 
 2245              	.LASF116:
 2246 059a 6E5F6374 		.ascii	"n_ctxswc\000"
 2246      78737763 
 2246      00
 2247              	.LASF6:
 2248 05a3 696E7433 		.ascii	"int32_t\000"
 2248      325F7400 
 2249              	.LASF2:
 2250 05ab 756E7369 		.ascii	"unsigned char\000"
 2250      676E6564 
 2250      20636861 
 2250      7200
 2251              	.LASF157:
 2252 05b9 70496E69 		.ascii	"pInitialDataFilter\000"
 2252      7469616C 
 2252      44617461 
 2252      46696C74 
 2252      657200
 2253              	.LASF47:
 2254 05cc 705F6D74 		.ascii	"p_mtxlist\000"
 2254      786C6973 
 2254      7400
 2255              	.LASF3:
 2256 05d6 73686F72 		.ascii	"short int\000"
ARM GAS  C:\Users\Luis\AppData\Local\Temp\ccO7oGOU.s 			page 45


 2256      7420696E 
 2256      7400
 2257              	.LASF40:
 2258 05e0 705F7374 		.ascii	"p_state\000"
 2258      61746500 
 2259              	.LASF61:
 2260 05e8 725F7072 		.ascii	"r_prio\000"
 2260      696F00
 2261              	.LASF31:
 2262 05ef 65776D61 		.ascii	"ewmask\000"
 2262      736B00
 2263              	.LASF32:
 2264 05f6 705F6E65 		.ascii	"p_next\000"
 2264      787400
 2265              	.LASF50:
 2266 05fd 705F7374 		.ascii	"p_stats\000"
 2266      61747300 
 2267              	.LASF68:
 2268 0605 63685F76 		.ascii	"ch_virtual_timer\000"
 2268      69727475 
 2268      616C5F74 
 2268      696D6572 
 2268      00
 2269              	.LASF120:
 2270 0616 63685F73 		.ascii	"ch_semaphore\000"
 2270      656D6170 
 2270      686F7265 
 2270      00
 2271              	.LASF46:
 2272 0623 705F6570 		.ascii	"p_epending\000"
 2272      656E6469 
 2272      6E6700
 2273              	.LASF130:
 2274 062e 436F6E74 		.ascii	"Cont\000"
 2274      00
 2275              	.LASF8:
 2276 0633 75696E74 		.ascii	"uint32_t\000"
 2276      33325F74 
 2276      00
 2277              	.LASF30:
 2278 063c 77746D74 		.ascii	"wtmtxp\000"
 2278      787000
 2279              	.LASF60:
 2280 0643 725F7175 		.ascii	"r_queue\000"
 2280      65756500 
 2281              	.LASF71:
 2282 064b 76745F64 		.ascii	"vt_delta\000"
 2282      656C7461 
 2282      00
 2283              	.LASF55:
 2284 0654 63685F74 		.ascii	"ch_threads_list\000"
 2284      68726561 
 2284      64735F6C 
 2284      69737400 
 2285              	.LASF150:
 2286 0664 5F5A4E31 		.ascii	"_ZN12FuntionsMath3sumEiiPfS0_i\000"
 2286      3246756E 
ARM GAS  C:\Users\Luis\AppData\Local\Temp\ccO7oGOU.s 			page 46


 2286      74696F6E 
 2286      734D6174 
 2286      68337375 
 2287              	.LASF135:
 2288 0683 436F6E74 		.ascii	"ContBuffer\000"
 2288      42756666 
 2288      657200
 2289              	.LASF9:
 2290 068e 6C6F6E67 		.ascii	"long unsigned int\000"
 2290      20756E73 
 2290      69676E65 
 2290      6420696E 
 2290      7400
 2291              	.LASF127:
 2292 06a0 63686172 		.ascii	"char\000"
 2292      00
 2293              	.LASF0:
 2294 06a5 756E7369 		.ascii	"unsigned int\000"
 2294      676E6564 
 2294      20696E74 
 2294      00
 2295              	.LASF151:
 2296 06b2 46696C74 		.ascii	"Filter\000"
 2296      657200
 2297              	.LASF24:
 2298 06b9 74687265 		.ascii	"thread_t\000"
 2298      61645F74 
 2298      00
 2299              	.LASF109:
 2300 06c2 62657374 		.ascii	"best\000"
 2300      00
 2301              	.LASF126:
 2302 06c7 6D5F6E65 		.ascii	"m_next\000"
 2302      787400
 2303              	.LASF23:
 2304 06ce 73797374 		.ascii	"systime_t\000"
 2304      696D655F 
 2304      7400
 2305              	.LASF48:
 2306 06d8 705F7265 		.ascii	"p_realprio\000"
 2306      616C7072 
 2306      696F00
 2307              	.LASF66:
 2308 06e3 76746675 		.ascii	"vtfunc_t\000"
 2308      6E635F74 
 2308      00
 2309              	.LASF79:
 2310 06ec 70616E69 		.ascii	"panic_msg\000"
 2310      635F6D73 
 2310      6700
 2311              	.LASF106:
 2312 06f6 6F666673 		.ascii	"offset\000"
 2312      657400
 2313              	.LASF93:
 2314 06fd 636F6E74 		.ascii	"context\000"
 2314      65787400 
 2315              	.LASF13:
ARM GAS  C:\Users\Luis\AppData\Local\Temp\ccO7oGOU.s 			page 47


 2316 0705 7274636E 		.ascii	"rtcnt_t\000"
 2316      745F7400 
 2317              	.LASF73:
 2318 070d 76745F70 		.ascii	"vt_par\000"
 2318      617200
 2319              	.LASF56:
 2320 0714 74687265 		.ascii	"threads_queue_t\000"
 2320      6164735F 
 2320      71756575 
 2320      655F7400 
 2321              	.LASF123:
 2322 0724 63685F6D 		.ascii	"ch_mutex\000"
 2322      75746578 
 2322      00
 2323              	.LASF42:
 2324 072d 705F7265 		.ascii	"p_refs\000"
 2324      667300
 2325              	.LASF80:
 2326 0734 6973725F 		.ascii	"isr_cnt\000"
 2326      636E7400 
 2327              	.LASF133:
 2328 073c 4D617468 		.ascii	"MathOperation\000"
 2328      4F706572 
 2328      6174696F 
 2328      6E00
 2329              	.LASF156:
 2330 074a 44617461 		.ascii	"DataFilter\000"
 2330      46696C74 
 2330      657200
 2331              	.LASF137:
 2332 0755 64697265 		.ascii	"directFormII\000"
 2332      6374466F 
 2332      726D4949 
 2332      00
 2333              	.LASF5:
 2334 0762 75696E74 		.ascii	"uint8_t\000"
 2334      385F7400 
 2335              	.LASF152:
 2336 076a 7E46696C 		.ascii	"~Filter\000"
 2336      74657200 
 2337              	.LASF27:
 2338 0772 77746F62 		.ascii	"wtobjp\000"
 2338      6A7000
 2339              	.LASF38:
 2340 0779 705F6E61 		.ascii	"p_name\000"
 2340      6D6500
 2341              	.LASF139:
 2342 0780 5F5A4E36 		.ascii	"_ZN6Filter12directFormIIEf\000"
 2342      46696C74 
 2342      65723132 
 2342      64697265 
 2342      6374466F 
 2343              	.LASF82:
 2344 079b 74726163 		.ascii	"trace_buffer\000"
 2344      655F6275 
 2344      66666572 
 2344      00
ARM GAS  C:\Users\Luis\AppData\Local\Temp\ccO7oGOU.s 			page 48


 2345              	.LASF41:
 2346 07a8 705F666C 		.ascii	"p_flags\000"
 2346      61677300 
 2347              	.LASF45:
 2348 07b0 705F6D73 		.ascii	"p_msg\000"
 2348      6700
 2349              	.LASF105:
 2350 07b6 3136746D 		.ascii	"16tm_calibration_t\000"
 2350      5F63616C 
 2350      69627261 
 2350      74696F6E 
 2350      5F7400
 2351              	.LASF136:
 2352 07c9 64697265 		.ascii	"directFormI\000"
 2352      6374466F 
 2352      726D4900 
 2353              	.LASF117:
 2354 07d5 6D5F6372 		.ascii	"m_crit_thd\000"
 2354      69745F74 
 2354      686400
 2355              	.LASF125:
 2356 07e0 6D5F6F77 		.ascii	"m_owner\000"
 2356      6E657200 
 2357              	.LASF97:
 2358 07e8 73655F77 		.ascii	"se_wtobjp\000"
 2358      746F626A 
 2358      7000
 2359              	.LASF35:
 2360 07f2 705F6374 		.ascii	"p_ctx\000"
 2360      7800
 2361              	.LASF72:
 2362 07f8 76745F66 		.ascii	"vt_func\000"
 2362      756E6300 
 2363              		.ident	"GCC: (GNU Tools for ARM Embedded Processors) 4.8.3 20131129 (release) [ARM/embedded-4_8-br
ARM GAS  C:\Users\Luis\AppData\Local\Temp\ccO7oGOU.s 			page 49


DEFINED SYMBOLS
                            *ABS*:00000000 Filter.cpp
C:\Users\Luis\AppData\Local\Temp\ccO7oGOU.s:19     .text._ZN6FilterD2Ev:00000000 $t
C:\Users\Luis\AppData\Local\Temp\ccO7oGOU.s:25     .text._ZN6FilterD2Ev:00000000 _ZN6FilterD2Ev
C:\Users\Luis\AppData\Local\Temp\ccO7oGOU.s:75     .text._ZN6FilterD2Ev:00000038 $d
C:\Users\Luis\AppData\Local\Temp\ccO7oGOU.s:168    .rodata._ZTV6Filter:00000000 _ZTV6Filter
C:\Users\Luis\AppData\Local\Temp\ccO7oGOU.s:25     .text._ZN6FilterD2Ev:00000000 _ZN6FilterD1Ev
C:\Users\Luis\AppData\Local\Temp\ccO7oGOU.s:82     .text._ZN6FilterD0Ev:00000000 $t
C:\Users\Luis\AppData\Local\Temp\ccO7oGOU.s:88     .text._ZN6FilterD0Ev:00000000 _ZN6FilterD0Ev
C:\Users\Luis\AppData\Local\Temp\ccO7oGOU.s:118    .text._ZN6Filter20setInitialDataFilterEP10DataFilter:00000000 $t
C:\Users\Luis\AppData\Local\Temp\ccO7oGOU.s:124    .text._ZN6Filter20setInitialDataFilterEP10DataFilter:00000000 _ZN6Filter20setInitialDataFilterEP10DataFilter
C:\Users\Luis\AppData\Local\Temp\ccO7oGOU.s:165    .rodata._ZTV6Filter:00000000 $d
                     .debug_frame:00000010 $d
C:\Users\Luis\AppData\Local\Temp\ccO7oGOU.s:81     .text._ZN6FilterD2Ev:0000003c $t

UNDEFINED SYMBOLS
chHeapFree
_ZdlPv
chHeapAlloc
