ARM GAS  C:\Users\Luis\AppData\Local\Temp\ccxMeQrH.s 			page 1


   1              		.syntax unified
   2              		.cpu cortex-m4
   3              		.fpu softvfp
   4              		.eabi_attribute 20, 1
   5              		.eabi_attribute 21, 1
   6              		.eabi_attribute 23, 3
   7              		.eabi_attribute 24, 1
   8              		.eabi_attribute 25, 1
   9              		.eabi_attribute 26, 1
  10              		.eabi_attribute 30, 6
  11              		.eabi_attribute 34, 1
  12              		.eabi_attribute 18, 4
  13              		.thumb
  14              		.file	"FIR.cpp"
  15              		.text
  16              	.Ltext0:
  17              		.cfi_sections	.debug_frame
  18              		.section	.text._ZN3FIRD2Ev,"ax",%progbits
  19              		.align	2
  20              		.p2align 4,,15
  21              		.global	_ZN3FIRD2Ev
  22              		.thumb
  23              		.thumb_func
  24              		.type	_ZN3FIRD2Ev, %function
  25              	_ZN3FIRD2Ev:
  26              	.LFB262:
  27              		.file 1 "FIR.cpp"
  28              		.loc 1 17 0
  29              		.cfi_startproc
  30              		@ args = 0, pretend = 0, frame = 8
  31              		@ frame_needed = 1, uses_anonymous_args = 0
  32 0000 80B5     		push	{r7, lr}
  33              		.cfi_def_cfa_offset 8
  34              		.cfi_offset 7, -8
  35              		.cfi_offset 14, -4
  36 0002 82B0     		sub	sp, sp, #8
  37              		.cfi_def_cfa_offset 16
  38 0004 00AF     		add	r7, sp, #0
  39              		.cfi_def_cfa_register 7
  40 0006 7860     		str	r0, [r7, #4]
  41              	.LBB2:
  42              		.loc 1 17 0
  43 0008 7B68     		ldr	r3, [r7, #4]
  44 000a 064A     		ldr	r2, .L5
  45 000c 1A60     		str	r2, [r3]
  46              	.LBE2:
  47              		.loc 1 19 0
  48 000e 0023     		movs	r3, #0
  49 0010 002B     		cmp	r3, #0
  50 0012 02D0     		beq	.L3
  51              		.loc 1 19 0 is_stmt 0 discriminator 1
  52 0014 7868     		ldr	r0, [r7, #4]
  53 0016 FFF7FEFF 		bl	_ZdlPv
  54              	.L3:
  55              		.loc 1 19 0 discriminator 2
  56 001a 7B68     		ldr	r3, [r7, #4]
  57 001c 1846     		mov	r0, r3
ARM GAS  C:\Users\Luis\AppData\Local\Temp\ccxMeQrH.s 			page 2


  58 001e 0837     		adds	r7, r7, #8
  59 0020 BD46     		mov	sp, r7
  60              		@ sp needed
  61 0022 80BD     		pop	{r7, pc}
  62              	.L6:
  63              		.align	2
  64              	.L5:
  65 0024 08000000 		.word	_ZTV3FIR+8
  66              		.cfi_endproc
  67              	.LFE262:
  68              		.size	_ZN3FIRD2Ev, .-_ZN3FIRD2Ev
  69              		.global	_ZN3FIRD1Ev
  70              		.thumb_set _ZN3FIRD1Ev,_ZN3FIRD2Ev
  71 0028 AFF30080 		.section	.text._ZN3FIRD0Ev,"ax",%progbits
  71      AFF30080 
  72              		.align	2
  73              		.p2align 4,,15
  74              		.global	_ZN3FIRD0Ev
  75              		.thumb
  76              		.thumb_func
  77              		.type	_ZN3FIRD0Ev, %function
  78              	_ZN3FIRD0Ev:
  79              	.LFB264:
  80              		.loc 1 17 0 is_stmt 1
  81              		.cfi_startproc
  82              		@ args = 0, pretend = 0, frame = 8
  83              		@ frame_needed = 1, uses_anonymous_args = 0
  84 0000 80B5     		push	{r7, lr}
  85              		.cfi_def_cfa_offset 8
  86              		.cfi_offset 7, -8
  87              		.cfi_offset 14, -4
  88 0002 82B0     		sub	sp, sp, #8
  89              		.cfi_def_cfa_offset 16
  90 0004 00AF     		add	r7, sp, #0
  91              		.cfi_def_cfa_register 7
  92 0006 7860     		str	r0, [r7, #4]
  93              		.loc 1 19 0
  94 0008 7868     		ldr	r0, [r7, #4]
  95 000a FFF7FEFF 		bl	_ZN3FIRD1Ev
  96 000e 7868     		ldr	r0, [r7, #4]
  97 0010 FFF7FEFF 		bl	_ZdlPv
  98 0014 7B68     		ldr	r3, [r7, #4]
  99 0016 1846     		mov	r0, r3
 100 0018 0837     		adds	r7, r7, #8
 101 001a BD46     		mov	sp, r7
 102              		@ sp needed
 103 001c 80BD     		pop	{r7, pc}
 104              		.cfi_endproc
 105              	.LFE264:
 106              		.size	_ZN3FIRD0Ev, .-_ZN3FIRD0Ev
 107 001e 00BF     		.section	.text._ZN3FIR11directFormIEf,"ax",%progbits
 108              		.align	2
 109              		.p2align 4,,15
 110              		.global	_ZN3FIR11directFormIEf
 111              		.thumb
 112              		.thumb_func
 113              		.type	_ZN3FIR11directFormIEf, %function
ARM GAS  C:\Users\Luis\AppData\Local\Temp\ccxMeQrH.s 			page 3


 114              	_ZN3FIR11directFormIEf:
 115              	.LFB265:
 116              		.loc 1 21 0
 117              		.cfi_startproc
 118              		@ args = 0, pretend = 0, frame = 32
 119              		@ frame_needed = 1, uses_anonymous_args = 0
 120 0000 80B5     		push	{r7, lr}
 121              		.cfi_def_cfa_offset 8
 122              		.cfi_offset 7, -8
 123              		.cfi_offset 14, -4
 124 0002 8AB0     		sub	sp, sp, #40
 125              		.cfi_def_cfa_offset 48
 126 0004 02AF     		add	r7, sp, #8
 127              		.cfi_def_cfa 7, 40
 128 0006 7860     		str	r0, [r7, #4]
 129 0008 3960     		str	r1, [r7]	@ float
 130              	.LBB3:
 131              		.loc 1 24 0
 132 000a 7B68     		ldr	r3, [r7, #4]
 133 000c 9B68     		ldr	r3, [r3, #8]
 134 000e 1846     		mov	r0, r3
 135 0010 FFF7FEFF 		bl	_ZNK10DataFilter15getArrayInputsXEv
 136 0014 F861     		str	r0, [r7, #28]
 137              		.loc 1 26 0
 138 0016 7B68     		ldr	r3, [r7, #4]
 139 0018 9B68     		ldr	r3, [r3, #8]
 140 001a 1846     		mov	r0, r3
 141 001c FFF7FEFF 		bl	_ZNK10DataFilter14getFilterOrderEv
 142 0020 B861     		str	r0, [r7, #24]
 143              		.loc 1 29 0
 144 0022 7B68     		ldr	r3, [r7, #4]
 145 0024 9B68     		ldr	r3, [r3, #8]
 146 0026 1846     		mov	r0, r3
 147 0028 FFF7FEFF 		bl	_ZNK10DataFilter21getArrayCoefficientsBEv
 148 002c 7861     		str	r0, [r7, #20]
 149              		.loc 1 34 0
 150 002e 7B68     		ldr	r3, [r7, #4]
 151 0030 DB68     		ldr	r3, [r3, #12]
 152 0032 0A2B     		cmp	r3, #10
 153 0034 08D1     		bne	.L11
 154              		.loc 1 35 0
 155 0036 7B68     		ldr	r3, [r7, #4]
 156 0038 9B68     		ldr	r3, [r3, #8]
 157 003a 1846     		mov	r0, r3
 158 003c F969     		ldr	r1, [r7, #28]
 159 003e FFF7FEFF 		bl	_ZN10DataFilter9moveArrayEPf
 160              		.loc 1 36 0
 161 0042 7B68     		ldr	r3, [r7, #4]
 162 0044 0022     		movs	r2, #0
 163 0046 DA60     		str	r2, [r3, #12]
 164              	.L11:
 165              		.loc 1 39 0
 166 0048 7B68     		ldr	r3, [r7, #4]
 167 004a DA68     		ldr	r2, [r3, #12]
 168 004c BB69     		ldr	r3, [r7, #24]
 169 004e 1344     		add	r3, r3, r2
 170 0050 3B61     		str	r3, [r7, #16]
ARM GAS  C:\Users\Luis\AppData\Local\Temp\ccxMeQrH.s 			page 4


 171              		.loc 1 42 0
 172 0052 3B69     		ldr	r3, [r7, #16]
 173 0054 9B00     		lsls	r3, r3, #2
 174 0056 FA69     		ldr	r2, [r7, #28]
 175 0058 1344     		add	r3, r3, r2
 176 005a 3A68     		ldr	r2, [r7]	@ float
 177 005c 1A60     		str	r2, [r3]	@ float
 178              		.loc 1 46 0
 179 005e 7B68     		ldr	r3, [r7, #4]
 180 0060 5B68     		ldr	r3, [r3, #4]
 181 0062 7A68     		ldr	r2, [r7, #4]
 182 0064 D268     		ldr	r2, [r2, #12]
 183 0066 F969     		ldr	r1, [r7, #28]
 184 0068 0091     		str	r1, [sp]
 185 006a 0192     		str	r2, [sp, #4]
 186 006c 1846     		mov	r0, r3
 187 006e B969     		ldr	r1, [r7, #24]
 188 0070 0022     		movs	r2, #0
 189 0072 7B69     		ldr	r3, [r7, #20]
 190 0074 FFF7FEFF 		bl	_ZN12FuntionsMath3sumEiiPfS0_i
 191 0078 F860     		str	r0, [r7, #12]	@ float
 192              		.loc 1 48 0
 193 007a 7B68     		ldr	r3, [r7, #4]
 194 007c DB68     		ldr	r3, [r3, #12]
 195 007e 5A1C     		adds	r2, r3, #1
 196 0080 7B68     		ldr	r3, [r7, #4]
 197 0082 DA60     		str	r2, [r3, #12]
 198              		.loc 1 50 0
 199 0084 FB68     		ldr	r3, [r7, #12]	@ float
 200              	.LBE3:
 201              		.loc 1 51 0
 202 0086 1846     		mov	r0, r3
 203 0088 2037     		adds	r7, r7, #32
 204 008a BD46     		mov	sp, r7
 205              		@ sp needed
 206 008c 80BD     		pop	{r7, pc}
 207              		.cfi_endproc
 208              	.LFE265:
 209              		.size	_ZN3FIR11directFormIEf, .-_ZN3FIR11directFormIEf
 210 008e 00BF     		.section	.text._ZN3FIR20setInitialDataFilterEP10DataFilter,"ax",%progbits
 211              		.align	2
 212              		.p2align 4,,15
 213              		.global	_ZN3FIR20setInitialDataFilterEP10DataFilter
 214              		.thumb
 215              		.thumb_func
 216              		.type	_ZN3FIR20setInitialDataFilterEP10DataFilter, %function
 217              	_ZN3FIR20setInitialDataFilterEP10DataFilter:
 218              	.LFB266:
 219              		.loc 1 53 0
 220              		.cfi_startproc
 221              		@ args = 0, pretend = 0, frame = 8
 222              		@ frame_needed = 1, uses_anonymous_args = 0
 223 0000 80B5     		push	{r7, lr}
 224              		.cfi_def_cfa_offset 8
 225              		.cfi_offset 7, -8
 226              		.cfi_offset 14, -4
 227 0002 82B0     		sub	sp, sp, #8
ARM GAS  C:\Users\Luis\AppData\Local\Temp\ccxMeQrH.s 			page 5


 228              		.cfi_def_cfa_offset 16
 229 0004 00AF     		add	r7, sp, #0
 230              		.cfi_def_cfa_register 7
 231 0006 7860     		str	r0, [r7, #4]
 232 0008 3960     		str	r1, [r7]
 233              		.loc 1 55 0
 234 000a 0020     		movs	r0, #0
 235 000c 0421     		movs	r1, #4
 236 000e FFF7FEFF 		bl	chHeapAlloc
 237 0012 0246     		mov	r2, r0
 238 0014 7B68     		ldr	r3, [r7, #4]
 239 0016 5A60     		str	r2, [r3, #4]
 240              		.loc 1 56 0
 241 0018 7B68     		ldr	r3, [r7, #4]
 242 001a 3A68     		ldr	r2, [r7]
 243 001c 9A60     		str	r2, [r3, #8]
 244              		.loc 1 57 0
 245 001e 7B68     		ldr	r3, [r7, #4]
 246 0020 0022     		movs	r2, #0
 247 0022 DA60     		str	r2, [r3, #12]
 248              		.loc 1 58 0
 249 0024 7B68     		ldr	r3, [r7, #4]
 250 0026 9B68     		ldr	r3, [r3, #8]
 251 0028 1846     		mov	r0, r3
 252 002a FFF7FEFF 		bl	_ZN10DataFilter16createArrayInputEv
 253              		.loc 1 59 0
 254 002e 0837     		adds	r7, r7, #8
 255 0030 BD46     		mov	sp, r7
 256              		@ sp needed
 257 0032 80BD     		pop	{r7, pc}
 258              		.cfi_endproc
 259              	.LFE266:
 260              		.size	_ZN3FIR20setInitialDataFilterEP10DataFilter, .-_ZN3FIR20setInitialDataFilterEP10DataFilter
 261              		.global	_ZTV3FIR
 262 0034 AFF30080 		.section	.rodata._ZTV3FIR,"a",%progbits
 262      AFF30080 
 262      AFF30080 
 263              		.align	3
 264              		.type	_ZTV3FIR, %object
 265              		.size	_ZTV3FIR, 16
 266              	_ZTV3FIR:
 267 0000 00000000 		.word	0
 268 0004 00000000 		.word	0
 269 0008 00000000 		.word	_ZN3FIRD1Ev
 270 000c 00000000 		.word	_ZN3FIRD0Ev
 271              		.text
 272              	.Letext0:
 273              		.file 2 "c:\\emtechesdk\\gcc\\arm-none-eabi\\include\\stdint.h"
 274              		.file 3 "../../ChibiOS/os/rt/ports/ARMCMx/compilers/GCC/chtypes.h"
 275              		.file 4 "../../ChibiOS/os/rt/include/chsystypes.h"
 276              		.file 5 "../../ChibiOS/os/rt/include/chschd.h"
 277              		.file 6 "../../ChibiOS/os/rt/ports/ARMCMx/chcore.h"
 278              		.file 7 "../../ChibiOS/os/rt/ports/ARMCMx/chcore_v7m.h"
 279              		.file 8 "../../ChibiOS/os/rt/include/chdebug.h"
 280              		.file 9 "../../ChibiOS/os/rt/include/chtm.h"
 281              		.file 10 "../../ChibiOS/os/rt/include/chstats.h"
 282              		.file 11 "../../ChibiOS/os/rt/include/chsem.h"
ARM GAS  C:\Users\Luis\AppData\Local\Temp\ccxMeQrH.s 			page 6


 283              		.file 12 "../../ChibiOS/os/rt/include/chmtx.h"
 284              		.file 13 "header/FIR.h"
 285              		.file 14 "../../ChibiOS/os/ext/CMSIS/include/core_cm4.h"
 286              		.section	.debug_info,"",%progbits
 287              	.Ldebug_info0:
 288 0000 CB090000 		.4byte	0x9cb
 289 0004 0400     		.2byte	0x4
 290 0006 00000000 		.4byte	.Ldebug_abbrev0
 291 000a 04       		.byte	0x4
 292 000b 01       		.uleb128 0x1
 293 000c 89040000 		.4byte	.LASF149
 294 0010 04       		.byte	0x4
 295 0011 DD020000 		.4byte	.LASF150
 296 0015 28010000 		.4byte	.LASF151
 297 0019 00000000 		.4byte	.Ldebug_ranges0+0
 298 001d 00000000 		.4byte	0
 299 0021 00000000 		.4byte	.Ldebug_line0
 300 0025 02       		.uleb128 0x2
 301 0026 04       		.byte	0x4
 302 0027 05       		.byte	0x5
 303 0028 696E7400 		.ascii	"int\000"
 304 002c 03       		.uleb128 0x3
 305 002d 04       		.byte	0x4
 306 002e 07       		.byte	0x7
 307 002f 23020000 		.4byte	.LASF0
 308 0033 03       		.uleb128 0x3
 309 0034 01       		.byte	0x1
 310 0035 06       		.byte	0x6
 311 0036 F0000000 		.4byte	.LASF1
 312 003a 04       		.uleb128 0x4
 313 003b 4C070000 		.4byte	.LASF5
 314 003f 02       		.byte	0x2
 315 0040 2A       		.byte	0x2a
 316 0041 45000000 		.4byte	0x45
 317 0045 03       		.uleb128 0x3
 318 0046 01       		.byte	0x1
 319 0047 08       		.byte	0x8
 320 0048 E5060000 		.4byte	.LASF2
 321 004c 03       		.uleb128 0x3
 322 004d 02       		.byte	0x2
 323 004e 05       		.byte	0x5
 324 004f CB050000 		.4byte	.LASF3
 325 0053 03       		.uleb128 0x3
 326 0054 02       		.byte	0x2
 327 0055 07       		.byte	0x7
 328 0056 70020000 		.4byte	.LASF4
 329 005a 04       		.uleb128 0x4
 330 005b 94050000 		.4byte	.LASF6
 331 005f 02       		.byte	0x2
 332 0060 4F       		.byte	0x4f
 333 0061 65000000 		.4byte	0x65
 334 0065 03       		.uleb128 0x3
 335 0066 04       		.byte	0x4
 336 0067 05       		.byte	0x5
 337 0068 6B010000 		.4byte	.LASF7
 338 006c 04       		.uleb128 0x4
 339 006d 37060000 		.4byte	.LASF8
ARM GAS  C:\Users\Luis\AppData\Local\Temp\ccxMeQrH.s 			page 7


 340 0071 02       		.byte	0x2
 341 0072 50       		.byte	0x50
 342 0073 77000000 		.4byte	0x77
 343 0077 03       		.uleb128 0x3
 344 0078 04       		.byte	0x4
 345 0079 07       		.byte	0x7
 346 007a 73060000 		.4byte	.LASF9
 347 007e 03       		.uleb128 0x3
 348 007f 08       		.byte	0x8
 349 0080 05       		.byte	0x5
 350 0081 8B010000 		.4byte	.LASF10
 351 0085 04       		.uleb128 0x4
 352 0086 2D000000 		.4byte	.LASF11
 353 008a 02       		.byte	0x2
 354 008b 78       		.byte	0x78
 355 008c 90000000 		.4byte	0x90
 356 0090 03       		.uleb128 0x3
 357 0091 08       		.byte	0x8
 358 0092 07       		.byte	0x7
 359 0093 6F000000 		.4byte	.LASF12
 360 0097 05       		.uleb128 0x5
 361 0098 5A000000 		.4byte	0x5a
 362 009c 04       		.uleb128 0x4
 363 009d 69030000 		.4byte	.LASF13
 364 00a1 03       		.byte	0x3
 365 00a2 45       		.byte	0x45
 366 00a3 6C000000 		.4byte	0x6c
 367 00a7 04       		.uleb128 0x4
 368 00a8 00000000 		.4byte	.LASF14
 369 00ac 03       		.byte	0x3
 370 00ad 46       		.byte	0x46
 371 00ae 85000000 		.4byte	0x85
 372 00b2 04       		.uleb128 0x4
 373 00b3 D5020000 		.4byte	.LASF15
 374 00b7 03       		.byte	0x3
 375 00b8 48       		.byte	0x48
 376 00b9 3A000000 		.4byte	0x3a
 377 00bd 04       		.uleb128 0x4
 378 00be 74010000 		.4byte	.LASF16
 379 00c2 03       		.byte	0x3
 380 00c3 49       		.byte	0x49
 381 00c4 3A000000 		.4byte	0x3a
 382 00c8 04       		.uleb128 0x4
 383 00c9 60040000 		.4byte	.LASF17
 384 00cd 03       		.byte	0x3
 385 00ce 4A       		.byte	0x4a
 386 00cf 3A000000 		.4byte	0x3a
 387 00d3 04       		.uleb128 0x4
 388 00d4 77050000 		.4byte	.LASF18
 389 00d8 03       		.byte	0x3
 390 00d9 4C       		.byte	0x4c
 391 00da 6C000000 		.4byte	0x6c
 392 00de 04       		.uleb128 0x4
 393 00df B7020000 		.4byte	.LASF19
 394 00e3 03       		.byte	0x3
 395 00e4 4D       		.byte	0x4d
 396 00e5 5A000000 		.4byte	0x5a
ARM GAS  C:\Users\Luis\AppData\Local\Temp\ccxMeQrH.s 			page 8


 397 00e9 04       		.uleb128 0x4
 398 00ea 03030000 		.4byte	.LASF20
 399 00ee 03       		.byte	0x3
 400 00ef 4F       		.byte	0x4f
 401 00f0 6C000000 		.4byte	0x6c
 402 00f4 04       		.uleb128 0x4
 403 00f5 02020000 		.4byte	.LASF21
 404 00f9 03       		.byte	0x3
 405 00fa 51       		.byte	0x51
 406 00fb 5A000000 		.4byte	0x5a
 407 00ff 04       		.uleb128 0x4
 408 0100 C2020000 		.4byte	.LASF22
 409 0104 03       		.byte	0x3
 410 0105 52       		.byte	0x52
 411 0106 6C000000 		.4byte	0x6c
 412 010a 04       		.uleb128 0x4
 413 010b A9060000 		.4byte	.LASF23
 414 010f 04       		.byte	0x4
 415 0110 33       		.byte	0x33
 416 0111 6C000000 		.4byte	0x6c
 417 0115 04       		.uleb128 0x4
 418 0116 32070000 		.4byte	.LASF24
 419 011a 04       		.byte	0x4
 420 011b 3F       		.byte	0x3f
 421 011c 20010000 		.4byte	0x120
 422 0120 06       		.uleb128 0x6
 423 0121 A3020000 		.4byte	.LASF54
 424 0125 68       		.byte	0x68
 425 0126 05       		.byte	0x5
 426 0127 C2       		.byte	0xc2
 427 0128 90020000 		.4byte	0x290
 428 012c 07       		.uleb128 0x7
 429 012d 04       		.byte	0x4
 430 012e 05       		.byte	0x5
 431 012f FA       		.byte	0xfa
 432 0130 89010000 		.4byte	0x189
 433 0134 08       		.uleb128 0x8
 434 0135 26000000 		.4byte	.LASF25
 435 0139 05       		.byte	0x5
 436 013a 0101     		.2byte	0x101
 437 013c DE000000 		.4byte	0xde
 438 0140 08       		.uleb128 0x8
 439 0141 8F000000 		.4byte	.LASF26
 440 0145 05       		.byte	0x5
 441 0146 0801     		.2byte	0x108
 442 0148 DE000000 		.4byte	0xde
 443 014c 08       		.uleb128 0x8
 444 014d 21010000 		.4byte	.LASF27
 445 0151 05       		.byte	0x5
 446 0152 0F01     		.2byte	0x10f
 447 0154 78030000 		.4byte	0x378
 448 0158 08       		.uleb128 0x8
 449 0159 20000000 		.4byte	.LASF28
 450 015d 05       		.byte	0x5
 451 015e 1601     		.2byte	0x116
 452 0160 F7060000 		.4byte	0x6f7
 453 0164 08       		.uleb128 0x8
ARM GAS  C:\Users\Luis\AppData\Local\Temp\ccxMeQrH.s 			page 9


 454 0165 30020000 		.4byte	.LASF29
 455 0169 05       		.byte	0x5
 456 016a 1E01     		.2byte	0x11e
 457 016c 22070000 		.4byte	0x722
 458 0170 08       		.uleb128 0x8
 459 0171 40060000 		.4byte	.LASF30
 460 0175 05       		.byte	0x5
 461 0176 2701     		.2byte	0x127
 462 0178 59070000 		.4byte	0x759
 463 017c 08       		.uleb128 0x8
 464 017d F1050000 		.4byte	.LASF31
 465 0181 05       		.byte	0x5
 466 0182 2F01     		.2byte	0x12f
 467 0184 E9000000 		.4byte	0xe9
 468 0188 00       		.byte	0
 469 0189 09       		.uleb128 0x9
 470 018a F8050000 		.4byte	.LASF32
 471 018e 05       		.byte	0x5
 472 018f C3       		.byte	0xc3
 473 0190 9B020000 		.4byte	0x29b
 474 0194 00       		.byte	0
 475 0195 09       		.uleb128 0x9
 476 0196 82040000 		.4byte	.LASF33
 477 019a 05       		.byte	0x5
 478 019b C5       		.byte	0xc5
 479 019c 9B020000 		.4byte	0x29b
 480 01a0 04       		.byte	0x4
 481 01a1 09       		.uleb128 0x9
 482 01a2 E9000000 		.4byte	.LASF34
 483 01a6 05       		.byte	0x5
 484 01a7 C7       		.byte	0xc7
 485 01a8 D3000000 		.4byte	0xd3
 486 01ac 08       		.byte	0x8
 487 01ad 09       		.uleb128 0x9
 488 01ae D4070000 		.4byte	.LASF35
 489 01b2 05       		.byte	0x5
 490 01b3 C8       		.byte	0xc8
 491 01b4 04050000 		.4byte	0x504
 492 01b8 0C       		.byte	0xc
 493 01b9 09       		.uleb128 0x9
 494 01ba 9E010000 		.4byte	.LASF36
 495 01be 05       		.byte	0x5
 496 01bf CA       		.byte	0xca
 497 01c0 9B020000 		.4byte	0x29b
 498 01c4 10       		.byte	0x10
 499 01c5 09       		.uleb128 0x9
 500 01c6 BE030000 		.4byte	.LASF37
 501 01ca 05       		.byte	0x5
 502 01cb CB       		.byte	0xcb
 503 01cc 9B020000 		.4byte	0x29b
 504 01d0 14       		.byte	0x14
 505 01d1 09       		.uleb128 0x9
 506 01d2 66070000 		.4byte	.LASF38
 507 01d6 05       		.byte	0x5
 508 01d7 D2       		.byte	0xd2
 509 01d8 5F070000 		.4byte	0x75f
 510 01dc 18       		.byte	0x18
ARM GAS  C:\Users\Luis\AppData\Local\Temp\ccxMeQrH.s 			page 10


 511 01dd 09       		.uleb128 0x9
 512 01de 18020000 		.4byte	.LASF39
 513 01e2 05       		.byte	0x5
 514 01e3 D8       		.byte	0xd8
 515 01e4 71070000 		.4byte	0x771
 516 01e8 1C       		.byte	0x1c
 517 01e9 09       		.uleb128 0x9
 518 01ea D5050000 		.4byte	.LASF40
 519 01ee 05       		.byte	0x5
 520 01ef DD       		.byte	0xdd
 521 01f0 BD000000 		.4byte	0xbd
 522 01f4 20       		.byte	0x20
 523 01f5 09       		.uleb128 0x9
 524 01f6 9D070000 		.4byte	.LASF41
 525 01fa 05       		.byte	0x5
 526 01fb E1       		.byte	0xe1
 527 01fc B2000000 		.4byte	0xb2
 528 0200 21       		.byte	0x21
 529 0201 09       		.uleb128 0x9
 530 0202 15070000 		.4byte	.LASF42
 531 0206 05       		.byte	0x5
 532 0207 E6       		.byte	0xe6
 533 0208 C8000000 		.4byte	0xc8
 534 020c 22       		.byte	0x22
 535 020d 0A       		.uleb128 0xa
 536 020e 705F7500 		.ascii	"p_u\000"
 537 0212 05       		.byte	0x5
 538 0213 3101     		.2byte	0x131
 539 0215 2C010000 		.4byte	0x12c
 540 0219 24       		.byte	0x24
 541 021a 0B       		.uleb128 0xb
 542 021b DA070000 		.4byte	.LASF43
 543 021f 05       		.byte	0x5
 544 0220 3601     		.2byte	0x136
 545 0222 A1020000 		.4byte	0x2a1
 546 0226 28       		.byte	0x28
 547 0227 0B       		.uleb128 0xb
 548 0228 F3060000 		.4byte	.LASF44
 549 022c 05       		.byte	0x5
 550 022d 3C01     		.2byte	0x13c
 551 022f C5020000 		.4byte	0x2c5
 552 0233 2C       		.byte	0x2c
 553 0234 0B       		.uleb128 0xb
 554 0235 A5070000 		.4byte	.LASF45
 555 0239 05       		.byte	0x5
 556 023a 4001     		.2byte	0x140
 557 023c DE000000 		.4byte	0xde
 558 0240 34       		.byte	0x34
 559 0241 0B       		.uleb128 0xb
 560 0242 2C060000 		.4byte	.LASF46
 561 0246 05       		.byte	0x5
 562 0247 4601     		.2byte	0x146
 563 0249 E9000000 		.4byte	0xe9
 564 024d 38       		.byte	0x38
 565 024e 0B       		.uleb128 0xb
 566 024f C1050000 		.4byte	.LASF47
 567 0253 05       		.byte	0x5
ARM GAS  C:\Users\Luis\AppData\Local\Temp\ccxMeQrH.s 			page 11


 568 0254 4D01     		.2byte	0x14d
 569 0256 59070000 		.4byte	0x759
 570 025a 3C       		.byte	0x3c
 571 025b 0B       		.uleb128 0xb
 572 025c B3060000 		.4byte	.LASF48
 573 0260 05       		.byte	0x5
 574 0261 5101     		.2byte	0x151
 575 0263 D3000000 		.4byte	0xd3
 576 0267 40       		.byte	0x40
 577 0268 0B       		.uleb128 0xb
 578 0269 11010000 		.4byte	.LASF49
 579 026d 05       		.byte	0x5
 580 026e 5801     		.2byte	0x158
 581 0270 78030000 		.4byte	0x378
 582 0274 44       		.byte	0x44
 583 0275 0B       		.uleb128 0xb
 584 0276 7D010000 		.4byte	.LASF50
 585 027a 05       		.byte	0x5
 586 027b 5E01     		.2byte	0x15e
 587 027d A4060000 		.4byte	0x6a4
 588 0281 48       		.byte	0x48
 589 0282 0B       		.uleb128 0xb
 590 0283 4E020000 		.4byte	.LASF51
 591 0287 05       		.byte	0x5
 592 0288 6201     		.2byte	0x162
 593 028a 78030000 		.4byte	0x378
 594 028e 60       		.byte	0x60
 595 028f 00       		.byte	0
 596 0290 04       		.uleb128 0x4
 597 0291 71030000 		.4byte	.LASF52
 598 0295 04       		.byte	0x4
 599 0296 44       		.byte	0x44
 600 0297 9B020000 		.4byte	0x29b
 601 029b 0C       		.uleb128 0xc
 602 029c 04       		.byte	0x4
 603 029d 15010000 		.4byte	0x115
 604 02a1 04       		.uleb128 0x4
 605 02a2 81070000 		.4byte	.LASF53
 606 02a6 04       		.byte	0x4
 607 02a7 49       		.byte	0x49
 608 02a8 AC020000 		.4byte	0x2ac
 609 02ac 06       		.uleb128 0x6
 610 02ad 58060000 		.4byte	.LASF55
 611 02b1 04       		.byte	0x4
 612 02b2 05       		.byte	0x5
 613 02b3 B0       		.byte	0xb0
 614 02b4 C5020000 		.4byte	0x2c5
 615 02b8 09       		.uleb128 0x9
 616 02b9 F8050000 		.4byte	.LASF32
 617 02bd 05       		.byte	0x5
 618 02be B1       		.byte	0xb1
 619 02bf 9B020000 		.4byte	0x29b
 620 02c3 00       		.byte	0
 621 02c4 00       		.byte	0
 622 02c5 04       		.uleb128 0x4
 623 02c6 05070000 		.4byte	.LASF56
 624 02ca 04       		.byte	0x4
ARM GAS  C:\Users\Luis\AppData\Local\Temp\ccxMeQrH.s 			page 12


 625 02cb 50       		.byte	0x50
 626 02cc D0020000 		.4byte	0x2d0
 627 02d0 06       		.uleb128 0x6
 628 02d1 D8000000 		.4byte	.LASF57
 629 02d5 08       		.byte	0x8
 630 02d6 05       		.byte	0x5
 631 02d7 B7       		.byte	0xb7
 632 02d8 F5020000 		.4byte	0x2f5
 633 02dc 09       		.uleb128 0x9
 634 02dd F8050000 		.4byte	.LASF32
 635 02e1 05       		.byte	0x5
 636 02e2 B8       		.byte	0xb8
 637 02e3 9B020000 		.4byte	0x29b
 638 02e7 00       		.byte	0
 639 02e8 09       		.uleb128 0x9
 640 02e9 82040000 		.4byte	.LASF33
 641 02ed 05       		.byte	0x5
 642 02ee B9       		.byte	0xb9
 643 02ef 9B020000 		.4byte	0x29b
 644 02f3 04       		.byte	0x4
 645 02f4 00       		.byte	0
 646 02f5 04       		.uleb128 0x4
 647 02f6 09000000 		.4byte	.LASF58
 648 02fa 04       		.byte	0x4
 649 02fb 57       		.byte	0x57
 650 02fc 00030000 		.4byte	0x300
 651 0300 0D       		.uleb128 0xd
 652 0301 F5020000 		.4byte	.LASF59
 653 0305 1C       		.byte	0x1c
 654 0306 05       		.byte	0x5
 655 0307 9001     		.2byte	0x190
 656 0309 5C030000 		.4byte	0x35c
 657 030d 0B       		.uleb128 0xb
 658 030e 47060000 		.4byte	.LASF60
 659 0312 05       		.byte	0x5
 660 0313 9101     		.2byte	0x191
 661 0315 C5020000 		.4byte	0x2c5
 662 0319 00       		.byte	0
 663 031a 0B       		.uleb128 0xb
 664 031b DD050000 		.4byte	.LASF61
 665 031f 05       		.byte	0x5
 666 0320 9201     		.2byte	0x192
 667 0322 D3000000 		.4byte	0xd3
 668 0326 08       		.byte	0x8
 669 0327 0B       		.uleb128 0xb
 670 0328 F2030000 		.4byte	.LASF62
 671 032c 05       		.byte	0x5
 672 032d 9401     		.2byte	0x194
 673 032f 04050000 		.4byte	0x504
 674 0333 0C       		.byte	0xc
 675 0334 0B       		.uleb128 0xb
 676 0335 C0010000 		.4byte	.LASF63
 677 0339 05       		.byte	0x5
 678 033a 9701     		.2byte	0x197
 679 033c 9B020000 		.4byte	0x29b
 680 0340 10       		.byte	0x10
 681 0341 0B       		.uleb128 0xb
ARM GAS  C:\Users\Luis\AppData\Local\Temp\ccxMeQrH.s 			page 13


 682 0342 39040000 		.4byte	.LASF64
 683 0346 05       		.byte	0x5
 684 0347 9801     		.2byte	0x198
 685 0349 9B020000 		.4byte	0x29b
 686 034d 14       		.byte	0x14
 687 034e 0B       		.uleb128 0xb
 688 034f 2F040000 		.4byte	.LASF65
 689 0353 05       		.byte	0x5
 690 0354 9B01     		.2byte	0x19b
 691 0356 9B020000 		.4byte	0x29b
 692 035a 18       		.byte	0x18
 693 035b 00       		.byte	0
 694 035c 04       		.uleb128 0x4
 695 035d BE060000 		.4byte	.LASF66
 696 0361 04       		.byte	0x4
 697 0362 5C       		.byte	0x5c
 698 0363 67030000 		.4byte	0x367
 699 0367 0C       		.uleb128 0xc
 700 0368 04       		.byte	0x4
 701 0369 6D030000 		.4byte	0x36d
 702 036d 0E       		.uleb128 0xe
 703 036e 78030000 		.4byte	0x378
 704 0372 0F       		.uleb128 0xf
 705 0373 78030000 		.4byte	0x378
 706 0377 00       		.byte	0
 707 0378 10       		.uleb128 0x10
 708 0379 04       		.byte	0x4
 709 037a 04       		.uleb128 0x4
 710 037b 72040000 		.4byte	.LASF67
 711 037f 04       		.byte	0x4
 712 0380 61       		.byte	0x61
 713 0381 85030000 		.4byte	0x385
 714 0385 0D       		.uleb128 0xd
 715 0386 0E060000 		.4byte	.LASF68
 716 038a 14       		.byte	0x14
 717 038b 05       		.byte	0x5
 718 038c 6B01     		.2byte	0x16b
 719 038e D4030000 		.4byte	0x3d4
 720 0392 0B       		.uleb128 0xb
 721 0393 46020000 		.4byte	.LASF69
 722 0397 05       		.byte	0x5
 723 0398 6C01     		.2byte	0x16c
 724 039a 77070000 		.4byte	0x777
 725 039e 00       		.byte	0
 726 039f 0B       		.uleb128 0xb
 727 03a0 D1010000 		.4byte	.LASF70
 728 03a4 05       		.byte	0x5
 729 03a5 6D01     		.2byte	0x16d
 730 03a7 77070000 		.4byte	0x777
 731 03ab 04       		.byte	0x4
 732 03ac 0B       		.uleb128 0xb
 733 03ad 4F060000 		.4byte	.LASF71
 734 03b1 05       		.byte	0x5
 735 03b2 6E01     		.2byte	0x16e
 736 03b4 0A010000 		.4byte	0x10a
 737 03b8 08       		.byte	0x8
 738 03b9 0B       		.uleb128 0xb
ARM GAS  C:\Users\Luis\AppData\Local\Temp\ccxMeQrH.s 			page 14


 739 03ba 9B030000 		.4byte	.LASF72
 740 03be 05       		.byte	0x5
 741 03bf 6F01     		.2byte	0x16f
 742 03c1 5C030000 		.4byte	0x35c
 743 03c5 0C       		.byte	0xc
 744 03c6 0B       		.uleb128 0xb
 745 03c7 FE060000 		.4byte	.LASF73
 746 03cb 05       		.byte	0x5
 747 03cc 7101     		.2byte	0x171
 748 03ce 78030000 		.4byte	0x378
 749 03d2 10       		.byte	0x10
 750 03d3 00       		.byte	0
 751 03d4 04       		.uleb128 0x4
 752 03d5 B5000000 		.4byte	.LASF74
 753 03d9 04       		.byte	0x4
 754 03da 66       		.byte	0x66
 755 03db DF030000 		.4byte	0x3df
 756 03df 0D       		.uleb128 0xd
 757 03e0 84030000 		.4byte	.LASF75
 758 03e4 10       		.byte	0x10
 759 03e5 05       		.byte	0x5
 760 03e6 7B01     		.2byte	0x17b
 761 03e8 21040000 		.4byte	0x421
 762 03ec 0B       		.uleb128 0xb
 763 03ed 46020000 		.4byte	.LASF69
 764 03f1 05       		.byte	0x5
 765 03f2 7C01     		.2byte	0x17c
 766 03f4 77070000 		.4byte	0x777
 767 03f8 00       		.byte	0
 768 03f9 0B       		.uleb128 0xb
 769 03fa D1010000 		.4byte	.LASF70
 770 03fe 05       		.byte	0x5
 771 03ff 7E01     		.2byte	0x17e
 772 0401 77070000 		.4byte	0x777
 773 0405 04       		.byte	0x4
 774 0406 0B       		.uleb128 0xb
 775 0407 4F060000 		.4byte	.LASF71
 776 040b 05       		.byte	0x5
 777 040c 8001     		.2byte	0x180
 778 040e 0A010000 		.4byte	0x10a
 779 0412 08       		.byte	0x8
 780 0413 0B       		.uleb128 0xb
 781 0414 B2030000 		.4byte	.LASF76
 782 0418 05       		.byte	0x5
 783 0419 8801     		.2byte	0x188
 784 041b 0A010000 		.4byte	0x10a
 785 041f 0C       		.byte	0xc
 786 0420 00       		.byte	0
 787 0421 04       		.uleb128 0x4
 788 0422 37020000 		.4byte	.LASF77
 789 0426 04       		.byte	0x4
 790 0427 6B       		.byte	0x6b
 791 0428 2C040000 		.4byte	0x42c
 792 042c 11       		.uleb128 0x11
 793 042d D9010000 		.4byte	.LASF78
 794 0431 1404     		.2byte	0x414
 795 0433 05       		.byte	0x5
ARM GAS  C:\Users\Luis\AppData\Local\Temp\ccxMeQrH.s 			page 15


 796 0434 A201     		.2byte	0x1a2
 797 0436 6F040000 		.4byte	0x46f
 798 043a 0B       		.uleb128 0xb
 799 043b C7060000 		.4byte	.LASF79
 800 043f 05       		.byte	0x5
 801 0440 AA01     		.2byte	0x1aa
 802 0442 7D070000 		.4byte	0x77d
 803 0446 00       		.byte	0
 804 0447 0B       		.uleb128 0xb
 805 0448 1C070000 		.4byte	.LASF80
 806 044c 05       		.byte	0x5
 807 044d AF01     		.2byte	0x1af
 808 044f F4000000 		.4byte	0xf4
 809 0453 04       		.byte	0x4
 810 0454 0B       		.uleb128 0xb
 811 0455 F1010000 		.4byte	.LASF81
 812 0459 05       		.byte	0x5
 813 045a B301     		.2byte	0x1b3
 814 045c F4000000 		.4byte	0xf4
 815 0460 08       		.byte	0x8
 816 0461 0B       		.uleb128 0xb
 817 0462 90070000 		.4byte	.LASF82
 818 0466 05       		.byte	0x5
 819 0467 B901     		.2byte	0x1b9
 820 0469 2E060000 		.4byte	0x62e
 821 046d 0C       		.byte	0xc
 822 046e 00       		.byte	0
 823 046f 04       		.uleb128 0x4
 824 0470 C9020000 		.4byte	.LASF83
 825 0474 04       		.byte	0x4
 826 0475 70       		.byte	0x70
 827 0476 7A040000 		.4byte	0x47a
 828 047a 11       		.uleb128 0x11
 829 047b 61010000 		.4byte	.LASF84
 830 047f E805     		.2byte	0x5e8
 831 0481 05       		.byte	0x5
 832 0482 C201     		.2byte	0x1c2
 833 0484 E7040000 		.4byte	0x4e7
 834 0488 0B       		.uleb128 0xb
 835 0489 46070000 		.4byte	.LASF85
 836 048d 05       		.byte	0x5
 837 048e C601     		.2byte	0x1c6
 838 0490 F5020000 		.4byte	0x2f5
 839 0494 00       		.byte	0
 840 0495 0B       		.uleb128 0xb
 841 0496 4F000000 		.4byte	.LASF86
 842 049a 05       		.byte	0x5
 843 049b CA01     		.2byte	0x1ca
 844 049d D4030000 		.4byte	0x3d4
 845 04a1 1C       		.byte	0x1c
 846 04a2 0A       		.uleb128 0xa
 847 04a3 64626700 		.ascii	"dbg\000"
 848 04a7 05       		.byte	0x5
 849 04a8 CE01     		.2byte	0x1ce
 850 04aa 21040000 		.4byte	0x421
 851 04ae 2C       		.byte	0x2c
 852 04af 12       		.uleb128 0x12
ARM GAS  C:\Users\Luis\AppData\Local\Temp\ccxMeQrH.s 			page 16


 853 04b0 98000000 		.4byte	.LASF87
 854 04b4 05       		.byte	0x5
 855 04b5 D201     		.2byte	0x1d2
 856 04b7 15010000 		.4byte	0x115
 857 04bb 4004     		.2byte	0x440
 858 04bd 13       		.uleb128 0x13
 859 04be 746D00   		.ascii	"tm\000"
 860 04c1 05       		.byte	0x5
 861 04c2 D701     		.2byte	0x1d7
 862 04c4 52060000 		.4byte	0x652
 863 04c8 A804     		.2byte	0x4a8
 864 04ca 12       		.uleb128 0x12
 865 04cb 36000000 		.4byte	.LASF88
 866 04cf 05       		.byte	0x5
 867 04d0 DD01     		.2byte	0x1dd
 868 04d2 EC060000 		.4byte	0x6ec
 869 04d6 B004     		.2byte	0x4b0
 870 04d8 12       		.uleb128 0x12
 871 04d9 FF050000 		.4byte	.LASF89
 872 04dd 05       		.byte	0x5
 873 04de E301     		.2byte	0x1e3
 874 04e0 82070000 		.4byte	0x782
 875 04e4 E804     		.2byte	0x4e8
 876 04e6 00       		.byte	0
 877 04e7 03       		.uleb128 0x3
 878 04e8 04       		.byte	0x4
 879 04e9 07       		.byte	0x7
 880 04ea 54070000 		.4byte	.LASF90
 881 04ee 04       		.uleb128 0x4
 882 04ef C8010000 		.4byte	.LASF91
 883 04f3 06       		.byte	0x6
 884 04f4 65       		.byte	0x65
 885 04f5 78030000 		.4byte	0x378
 886 04f9 04       		.uleb128 0x4
 887 04fa 30030000 		.4byte	.LASF92
 888 04fe 06       		.byte	0x6
 889 04ff 6D       		.byte	0x6d
 890 0500 85000000 		.4byte	0x85
 891 0504 06       		.uleb128 0x6
 892 0505 DD060000 		.4byte	.LASF93
 893 0509 04       		.byte	0x4
 894 050a 06       		.byte	0x6
 895 050b 89       		.byte	0x89
 896 050c 1D050000 		.4byte	0x51d
 897 0510 14       		.uleb128 0x14
 898 0511 72313300 		.ascii	"r13\000"
 899 0515 06       		.byte	0x6
 900 0516 8A       		.byte	0x8a
 901 0517 98050000 		.4byte	0x598
 902 051b 00       		.byte	0
 903 051c 00       		.byte	0
 904 051d 06       		.uleb128 0x6
 905 051e 43000000 		.4byte	.LASF94
 906 0522 24       		.byte	0x24
 907 0523 07       		.byte	0x7
 908 0524 F4       		.byte	0xf4
 909 0525 98050000 		.4byte	0x598
ARM GAS  C:\Users\Luis\AppData\Local\Temp\ccxMeQrH.s 			page 17


 910 0529 0A       		.uleb128 0xa
 911 052a 723400   		.ascii	"r4\000"
 912 052d 07       		.byte	0x7
 913 052e 0701     		.2byte	0x107
 914 0530 EE040000 		.4byte	0x4ee
 915 0534 00       		.byte	0
 916 0535 0A       		.uleb128 0xa
 917 0536 723500   		.ascii	"r5\000"
 918 0539 07       		.byte	0x7
 919 053a 0801     		.2byte	0x108
 920 053c EE040000 		.4byte	0x4ee
 921 0540 04       		.byte	0x4
 922 0541 0A       		.uleb128 0xa
 923 0542 723600   		.ascii	"r6\000"
 924 0545 07       		.byte	0x7
 925 0546 0901     		.2byte	0x109
 926 0548 EE040000 		.4byte	0x4ee
 927 054c 08       		.byte	0x8
 928 054d 0A       		.uleb128 0xa
 929 054e 723700   		.ascii	"r7\000"
 930 0551 07       		.byte	0x7
 931 0552 0A01     		.2byte	0x10a
 932 0554 EE040000 		.4byte	0x4ee
 933 0558 0C       		.byte	0xc
 934 0559 0A       		.uleb128 0xa
 935 055a 723800   		.ascii	"r8\000"
 936 055d 07       		.byte	0x7
 937 055e 0B01     		.2byte	0x10b
 938 0560 EE040000 		.4byte	0x4ee
 939 0564 10       		.byte	0x10
 940 0565 0A       		.uleb128 0xa
 941 0566 723900   		.ascii	"r9\000"
 942 0569 07       		.byte	0x7
 943 056a 0C01     		.2byte	0x10c
 944 056c EE040000 		.4byte	0x4ee
 945 0570 14       		.byte	0x14
 946 0571 0A       		.uleb128 0xa
 947 0572 72313000 		.ascii	"r10\000"
 948 0576 07       		.byte	0x7
 949 0577 0D01     		.2byte	0x10d
 950 0579 EE040000 		.4byte	0x4ee
 951 057d 18       		.byte	0x18
 952 057e 0A       		.uleb128 0xa
 953 057f 72313100 		.ascii	"r11\000"
 954 0583 07       		.byte	0x7
 955 0584 0E01     		.2byte	0x10e
 956 0586 EE040000 		.4byte	0x4ee
 957 058a 1C       		.byte	0x1c
 958 058b 0A       		.uleb128 0xa
 959 058c 6C7200   		.ascii	"lr\000"
 960 058f 07       		.byte	0x7
 961 0590 0F01     		.2byte	0x10f
 962 0592 EE040000 		.4byte	0x4ee
 963 0596 20       		.byte	0x20
 964 0597 00       		.byte	0
 965 0598 0C       		.uleb128 0xc
 966 0599 04       		.byte	0x4
ARM GAS  C:\Users\Luis\AppData\Local\Temp\ccxMeQrH.s 			page 18


 967 059a 1D050000 		.4byte	0x51d
 968 059e 15       		.uleb128 0x15
 969 059f 10       		.byte	0x10
 970 05a0 08       		.byte	0x8
 971 05a1 51       		.byte	0x51
 972 05a2 92020000 		.4byte	.LASF104
 973 05a6 DB050000 		.4byte	0x5db
 974 05aa 09       		.uleb128 0x9
 975 05ab FA010000 		.4byte	.LASF95
 976 05af 08       		.byte	0x8
 977 05b0 55       		.byte	0x55
 978 05b1 0A010000 		.4byte	0x10a
 979 05b5 00       		.byte	0
 980 05b6 09       		.uleb128 0x9
 981 05b7 85010000 		.4byte	.LASF96
 982 05bb 08       		.byte	0x8
 983 05bc 59       		.byte	0x59
 984 05bd 9B020000 		.4byte	0x29b
 985 05c1 04       		.byte	0x4
 986 05c2 09       		.uleb128 0x9
 987 05c3 CA070000 		.4byte	.LASF97
 988 05c7 08       		.byte	0x8
 989 05c8 5D       		.byte	0x5d
 990 05c9 78030000 		.4byte	0x378
 991 05cd 08       		.byte	0x8
 992 05ce 09       		.uleb128 0x9
 993 05cf 86000000 		.4byte	.LASF98
 994 05d3 08       		.byte	0x8
 995 05d4 61       		.byte	0x61
 996 05d5 3A000000 		.4byte	0x3a
 997 05d9 0C       		.byte	0xc
 998 05da 00       		.byte	0
 999 05db 04       		.uleb128 0x4
 1000 05dc A3030000 		.4byte	.LASF99
 1001 05e0 08       		.byte	0x8
 1002 05e1 62       		.byte	0x62
 1003 05e2 9E050000 		.4byte	0x59e
 1004 05e6 16       		.uleb128 0x16
 1005 05e7 0804     		.2byte	0x408
 1006 05e9 08       		.byte	0x8
 1007 05ea 67       		.byte	0x67
 1008 05eb 1C030000 		.4byte	.LASF152
 1009 05ef 18060000 		.4byte	0x618
 1010 05f3 09       		.uleb128 0x9
 1011 05f4 3B030000 		.4byte	.LASF100
 1012 05f8 08       		.byte	0x8
 1013 05f9 6B       		.byte	0x6b
 1014 05fa 2C000000 		.4byte	0x2c
 1015 05fe 00       		.byte	0
 1016 05ff 09       		.uleb128 0x9
 1017 0600 62030000 		.4byte	.LASF101
 1018 0604 08       		.byte	0x8
 1019 0605 6F       		.byte	0x6f
 1020 0606 18060000 		.4byte	0x618
 1021 060a 04       		.byte	0x4
 1022 060b 09       		.uleb128 0x9
 1023 060c 68040000 		.4byte	.LASF102
ARM GAS  C:\Users\Luis\AppData\Local\Temp\ccxMeQrH.s 			page 19


 1024 0610 08       		.byte	0x8
 1025 0611 73       		.byte	0x73
 1026 0612 1E060000 		.4byte	0x61e
 1027 0616 08       		.byte	0x8
 1028 0617 00       		.byte	0
 1029 0618 0C       		.uleb128 0xc
 1030 0619 04       		.byte	0x4
 1031 061a DB050000 		.4byte	0x5db
 1032 061e 17       		.uleb128 0x17
 1033 061f DB050000 		.4byte	0x5db
 1034 0623 2E060000 		.4byte	0x62e
 1035 0627 18       		.uleb128 0x18
 1036 0628 E7040000 		.4byte	0x4e7
 1037 062c 3F       		.byte	0x3f
 1038 062d 00       		.byte	0
 1039 062e 04       		.uleb128 0x4
 1040 062f 9C050000 		.4byte	.LASF103
 1041 0633 08       		.byte	0x8
 1042 0634 74       		.byte	0x74
 1043 0635 E6050000 		.4byte	0x5e6
 1044 0639 15       		.uleb128 0x15
 1045 063a 04       		.byte	0x4
 1046 063b 09       		.byte	0x9
 1047 063c 38       		.byte	0x38
 1048 063d 8A060000 		.4byte	.LASF105
 1049 0641 52060000 		.4byte	0x652
 1050 0645 09       		.uleb128 0x9
 1051 0646 D1060000 		.4byte	.LASF106
 1052 064a 09       		.byte	0x9
 1053 064b 3C       		.byte	0x3c
 1054 064c 9C000000 		.4byte	0x9c
 1055 0650 00       		.byte	0
 1056 0651 00       		.byte	0
 1057 0652 04       		.uleb128 0x4
 1058 0653 1E040000 		.4byte	.LASF107
 1059 0657 09       		.byte	0x9
 1060 0658 3D       		.byte	0x3d
 1061 0659 39060000 		.4byte	0x639
 1062 065d 15       		.uleb128 0x15
 1063 065e 18       		.byte	0x18
 1064 065f 09       		.byte	0x9
 1065 0660 48       		.byte	0x48
 1066 0661 F8030000 		.4byte	.LASF108
 1067 0665 A4060000 		.4byte	0x6a4
 1068 0669 09       		.uleb128 0x9
 1069 066a 9D060000 		.4byte	.LASF109
 1070 066e 09       		.byte	0x9
 1071 066f 49       		.byte	0x49
 1072 0670 9C000000 		.4byte	0x9c
 1073 0674 00       		.byte	0
 1074 0675 09       		.uleb128 0x9
 1075 0676 56000000 		.4byte	.LASF110
 1076 067a 09       		.byte	0x9
 1077 067b 4A       		.byte	0x4a
 1078 067c 9C000000 		.4byte	0x9c
 1079 0680 04       		.byte	0x4
 1080 0681 09       		.uleb128 0x9
ARM GAS  C:\Users\Luis\AppData\Local\Temp\ccxMeQrH.s 			page 20


 1081 0682 BD020000 		.4byte	.LASF111
 1082 0686 09       		.byte	0x9
 1083 0687 4B       		.byte	0x4b
 1084 0688 9C000000 		.4byte	0x9c
 1085 068c 08       		.byte	0x8
 1086 068d 14       		.uleb128 0x14
 1087 068e 6E00     		.ascii	"n\000"
 1088 0690 09       		.byte	0x9
 1089 0691 4C       		.byte	0x4c
 1090 0692 FF000000 		.4byte	0xff
 1091 0696 0C       		.byte	0xc
 1092 0697 09       		.uleb128 0x9
 1093 0698 41040000 		.4byte	.LASF112
 1094 069c 09       		.byte	0x9
 1095 069d 4D       		.byte	0x4d
 1096 069e A7000000 		.4byte	0xa7
 1097 06a2 10       		.byte	0x10
 1098 06a3 00       		.byte	0
 1099 06a4 04       		.uleb128 0x4
 1100 06a5 5C000000 		.4byte	.LASF113
 1101 06a9 09       		.byte	0x9
 1102 06aa 4E       		.byte	0x4e
 1103 06ab 5D060000 		.4byte	0x65d
 1104 06af 15       		.uleb128 0x15
 1105 06b0 38       		.byte	0x38
 1106 06b1 0A       		.byte	0xa
 1107 06b2 38       		.byte	0x38
 1108 06b3 0D040000 		.4byte	.LASF114
 1109 06b7 EC060000 		.4byte	0x6ec
 1110 06bb 09       		.uleb128 0x9
 1111 06bc 55020000 		.4byte	.LASF115
 1112 06c0 0A       		.byte	0xa
 1113 06c1 39       		.byte	0x39
 1114 06c2 FF000000 		.4byte	0xff
 1115 06c6 00       		.byte	0
 1116 06c7 09       		.uleb128 0x9
 1117 06c8 8B050000 		.4byte	.LASF116
 1118 06cc 0A       		.byte	0xa
 1119 06cd 3A       		.byte	0x3a
 1120 06ce FF000000 		.4byte	0xff
 1121 06d2 04       		.byte	0x4
 1122 06d3 09       		.uleb128 0x9
 1123 06d4 B7070000 		.4byte	.LASF117
 1124 06d8 0A       		.byte	0xa
 1125 06d9 3B       		.byte	0x3b
 1126 06da A4060000 		.4byte	0x6a4
 1127 06de 08       		.byte	0x8
 1128 06df 09       		.uleb128 0x9
 1129 06e0 EA020000 		.4byte	.LASF118
 1130 06e4 0A       		.byte	0xa
 1131 06e5 3D       		.byte	0x3d
 1132 06e6 A4060000 		.4byte	0x6a4
 1133 06ea 20       		.byte	0x20
 1134 06eb 00       		.byte	0
 1135 06ec 04       		.uleb128 0x4
 1136 06ed 83020000 		.4byte	.LASF119
 1137 06f1 0A       		.byte	0xa
ARM GAS  C:\Users\Luis\AppData\Local\Temp\ccxMeQrH.s 			page 21


 1138 06f2 3F       		.byte	0x3f
 1139 06f3 AF060000 		.4byte	0x6af
 1140 06f7 0C       		.uleb128 0xc
 1141 06f8 04       		.byte	0x4
 1142 06f9 90020000 		.4byte	0x290
 1143 06fd 06       		.uleb128 0x6
 1144 06fe 1F060000 		.4byte	.LASF120
 1145 0702 0C       		.byte	0xc
 1146 0703 0B       		.byte	0xb
 1147 0704 34       		.byte	0x34
 1148 0705 22070000 		.4byte	0x722
 1149 0709 09       		.uleb128 0x9
 1150 070a A6010000 		.4byte	.LASF121
 1151 070e 0B       		.byte	0xb
 1152 070f 35       		.byte	0x35
 1153 0710 C5020000 		.4byte	0x2c5
 1154 0714 00       		.byte	0
 1155 0715 09       		.uleb128 0x9
 1156 0716 6A020000 		.4byte	.LASF122
 1157 071a 0B       		.byte	0xb
 1158 071b 37       		.byte	0x37
 1159 071c F4000000 		.4byte	0xf4
 1160 0720 08       		.byte	0x8
 1161 0721 00       		.byte	0
 1162 0722 0C       		.uleb128 0xc
 1163 0723 04       		.byte	0x4
 1164 0724 FD060000 		.4byte	0x6fd
 1165 0728 06       		.uleb128 0x6
 1166 0729 5D070000 		.4byte	.LASF123
 1167 072d 10       		.byte	0x10
 1168 072e 0C       		.byte	0xc
 1169 072f 39       		.byte	0x39
 1170 0730 59070000 		.4byte	0x759
 1171 0734 09       		.uleb128 0x9
 1172 0735 19010000 		.4byte	.LASF124
 1173 0739 0C       		.byte	0xc
 1174 073a 3A       		.byte	0x3a
 1175 073b C5020000 		.4byte	0x2c5
 1176 073f 00       		.byte	0
 1177 0740 09       		.uleb128 0x9
 1178 0741 C2070000 		.4byte	.LASF125
 1179 0745 0C       		.byte	0xc
 1180 0746 3C       		.byte	0x3c
 1181 0747 9B020000 		.4byte	0x29b
 1182 074b 08       		.byte	0x8
 1183 074c 09       		.uleb128 0x9
 1184 074d A2060000 		.4byte	.LASF126
 1185 0751 0C       		.byte	0xc
 1186 0752 3E       		.byte	0x3e
 1187 0753 9D070000 		.4byte	0x79d
 1188 0757 0C       		.byte	0xc
 1189 0758 00       		.byte	0
 1190 0759 0C       		.uleb128 0xc
 1191 075a 04       		.byte	0x4
 1192 075b 28070000 		.4byte	0x728
 1193 075f 0C       		.uleb128 0xc
 1194 0760 04       		.byte	0x4
ARM GAS  C:\Users\Luis\AppData\Local\Temp\ccxMeQrH.s 			page 22


 1195 0761 65070000 		.4byte	0x765
 1196 0765 19       		.uleb128 0x19
 1197 0766 6A070000 		.4byte	0x76a
 1198 076a 03       		.uleb128 0x3
 1199 076b 01       		.byte	0x1
 1200 076c 08       		.byte	0x8
 1201 076d 85060000 		.4byte	.LASF127
 1202 0771 0C       		.uleb128 0xc
 1203 0772 04       		.byte	0x4
 1204 0773 F9040000 		.4byte	0x4f9
 1205 0777 0C       		.uleb128 0xc
 1206 0778 04       		.byte	0x4
 1207 0779 7A030000 		.4byte	0x37a
 1208 077d 05       		.uleb128 0x5
 1209 077e 5F070000 		.4byte	0x75f
 1210 0782 17       		.uleb128 0x17
 1211 0783 90000000 		.4byte	0x90
 1212 0787 92070000 		.4byte	0x792
 1213 078b 18       		.uleb128 0x18
 1214 078c E7040000 		.4byte	0x4e7
 1215 0790 1F       		.byte	0x1f
 1216 0791 00       		.byte	0
 1217 0792 04       		.uleb128 0x4
 1218 0793 E9010000 		.4byte	.LASF128
 1219 0797 0C       		.byte	0xc
 1220 0798 34       		.byte	0x34
 1221 0799 28070000 		.4byte	0x728
 1222 079d 0C       		.uleb128 0xc
 1223 079e 04       		.byte	0x4
 1224 079f 92070000 		.4byte	0x792
 1225 07a3 03       		.uleb128 0x3
 1226 07a4 01       		.byte	0x1
 1227 07a5 02       		.byte	0x2
 1228 07a6 E5020000 		.4byte	.LASF129
 1229 07aa 1A       		.uleb128 0x1a
 1230 07ab 46495200 		.ascii	"FIR\000"
 1231 07af 10       		.byte	0x10
 1232 07b0 0D       		.byte	0xd
 1233 07b1 0E       		.byte	0xe
 1234 07b2 AA070000 		.4byte	0x7aa
 1235 07b6 4C080000 		.4byte	0x84c
 1236 07ba 1B       		.uleb128 0x1b
 1237 07bb AD020000 		.4byte	.LASF130
 1238 07bf 57080000 		.4byte	0x857
 1239 07c3 00       		.byte	0
 1240 07c4 01       		.byte	0x1
 1241 07c5 09       		.uleb128 0x9
 1242 07c6 24070000 		.4byte	.LASF131
 1243 07ca 0D       		.byte	0xd
 1244 07cb 1E       		.byte	0x1e
 1245 07cc 6C080000 		.4byte	0x86c
 1246 07d0 04       		.byte	0x4
 1247 07d1 09       		.uleb128 0x9
 1248 07d2 A3000000 		.4byte	.LASF132
 1249 07d6 0D       		.byte	0xd
 1250 07d7 1F       		.byte	0x1f
 1251 07d8 77080000 		.4byte	0x877
ARM GAS  C:\Users\Luis\AppData\Local\Temp\ccxMeQrH.s 			page 23


 1252 07dc 08       		.byte	0x8
 1253 07dd 09       		.uleb128 0x9
 1254 07de 68060000 		.4byte	.LASF133
 1255 07e2 0D       		.byte	0xd
 1256 07e3 20       		.byte	0x20
 1257 07e4 25000000 		.4byte	0x25
 1258 07e8 0C       		.byte	0xc
 1259 07e9 1C       		.uleb128 0x1c
 1260 07ea AB070000 		.4byte	.LASF153
 1261 07ee 01       		.byte	0x1
 1262 07ef 15       		.byte	0x15
 1263 07f0 43030000 		.4byte	.LASF154
 1264 07f4 7D080000 		.4byte	0x87d
 1265 07f8 01       		.byte	0x1
 1266 07f9 01080000 		.4byte	0x801
 1267 07fd 0C080000 		.4byte	0x80c
 1268 0801 1D       		.uleb128 0x1d
 1269 0802 84080000 		.4byte	0x884
 1270 0806 0F       		.uleb128 0xf
 1271 0807 7D080000 		.4byte	0x87d
 1272 080b 00       		.byte	0
 1273 080c 1E       		.uleb128 0x1e
 1274 080d D8060000 		.4byte	.LASF155
 1275 0811 01       		.byte	0x1
 1276 0812 11       		.byte	0x11
 1277 0813 78030000 		.4byte	0x378
 1278 0817 01       		.byte	0x1
 1279 0818 AA070000 		.4byte	0x7aa
 1280 081c 01       		.byte	0x1
 1281 081d 25080000 		.4byte	0x825
 1282 0821 30080000 		.4byte	0x830
 1283 0825 1D       		.uleb128 0x1d
 1284 0826 84080000 		.4byte	0x884
 1285 082a 1D       		.uleb128 0x1d
 1286 082b 25000000 		.4byte	0x25
 1287 082f 00       		.byte	0
 1288 0830 1F       		.uleb128 0x1f
 1289 0831 FC000000 		.4byte	.LASF156
 1290 0835 01       		.byte	0x1
 1291 0836 35       		.byte	0x35
 1292 0837 C6030000 		.4byte	.LASF157
 1293 083b 01       		.byte	0x1
 1294 083c 40080000 		.4byte	0x840
 1295 0840 1D       		.uleb128 0x1d
 1296 0841 84080000 		.4byte	0x884
 1297 0845 0F       		.uleb128 0xf
 1298 0846 77080000 		.4byte	0x877
 1299 084a 00       		.byte	0
 1300 084b 00       		.byte	0
 1301 084c 20       		.uleb128 0x20
 1302 084d 25000000 		.4byte	0x25
 1303 0851 57080000 		.4byte	0x857
 1304 0855 21       		.uleb128 0x21
 1305 0856 00       		.byte	0
 1306 0857 0C       		.uleb128 0xc
 1307 0858 04       		.byte	0x4
 1308 0859 5D080000 		.4byte	0x85d
ARM GAS  C:\Users\Luis\AppData\Local\Temp\ccxMeQrH.s 			page 24


 1309 085d 22       		.uleb128 0x22
 1310 085e 04       		.byte	0x4
 1311 085f 08020000 		.4byte	.LASF158
 1312 0863 4C080000 		.4byte	0x84c
 1313 0867 23       		.uleb128 0x23
 1314 0868 0F030000 		.4byte	.LASF134
 1315 086c 0C       		.uleb128 0xc
 1316 086d 04       		.byte	0x4
 1317 086e 67080000 		.4byte	0x867
 1318 0872 23       		.uleb128 0x23
 1319 0873 3B070000 		.4byte	.LASF135
 1320 0877 0C       		.uleb128 0xc
 1321 0878 04       		.byte	0x4
 1322 0879 72080000 		.4byte	0x872
 1323 087d 03       		.uleb128 0x3
 1324 087e 04       		.byte	0x4
 1325 087f 04       		.byte	0x4
 1326 0880 4C040000 		.4byte	.LASF136
 1327 0884 0C       		.uleb128 0xc
 1328 0885 04       		.byte	0x4
 1329 0886 AA070000 		.4byte	0x7aa
 1330 088a 24       		.uleb128 0x24
 1331 088b 0C080000 		.4byte	0x80c
 1332 088f 00       		.byte	0
 1333 0890 98080000 		.4byte	0x898
 1334 0894 AB080000 		.4byte	0x8ab
 1335 0898 25       		.uleb128 0x25
 1336 0899 99010000 		.4byte	.LASF137
 1337 089d AB080000 		.4byte	0x8ab
 1338 08a1 25       		.uleb128 0x25
 1339 08a2 16000000 		.4byte	.LASF138
 1340 08a6 B0080000 		.4byte	0x8b0
 1341 08aa 00       		.byte	0
 1342 08ab 19       		.uleb128 0x19
 1343 08ac 84080000 		.4byte	0x884
 1344 08b0 19       		.uleb128 0x19
 1345 08b1 25000000 		.4byte	0x25
 1346 08b5 26       		.uleb128 0x26
 1347 08b6 8A080000 		.4byte	0x88a
 1348 08ba AE010000 		.4byte	.LASF139
 1349 08be 00000000 		.4byte	.LFB262
 1350 08c2 28000000 		.4byte	.LFE262-.LFB262
 1351 08c6 01       		.uleb128 0x1
 1352 08c7 9C       		.byte	0x9c
 1353 08c8 D0080000 		.4byte	0x8d0
 1354 08cc D9080000 		.4byte	0x8d9
 1355 08d0 27       		.uleb128 0x27
 1356 08d1 98080000 		.4byte	0x898
 1357 08d5 02       		.uleb128 0x2
 1358 08d6 91       		.byte	0x91
 1359 08d7 74       		.sleb128 -12
 1360 08d8 00       		.byte	0
 1361 08d9 26       		.uleb128 0x26
 1362 08da 8A080000 		.4byte	0x88a
 1363 08de 7F050000 		.4byte	.LASF140
 1364 08e2 00000000 		.4byte	.LFB264
 1365 08e6 1E000000 		.4byte	.LFE264-.LFB264
ARM GAS  C:\Users\Luis\AppData\Local\Temp\ccxMeQrH.s 			page 25


 1366 08ea 01       		.uleb128 0x1
 1367 08eb 9C       		.byte	0x9c
 1368 08ec F4080000 		.4byte	0x8f4
 1369 08f0 FD080000 		.4byte	0x8fd
 1370 08f4 27       		.uleb128 0x27
 1371 08f5 98080000 		.4byte	0x898
 1372 08f9 02       		.uleb128 0x2
 1373 08fa 91       		.byte	0x91
 1374 08fb 74       		.sleb128 -12
 1375 08fc 00       		.byte	0
 1376 08fd 28       		.uleb128 0x28
 1377 08fe E9070000 		.4byte	0x7e9
 1378 0902 00000000 		.4byte	.LFB265
 1379 0906 8E000000 		.4byte	.LFE265-.LFB265
 1380 090a 01       		.uleb128 0x1
 1381 090b 9C       		.byte	0x9c
 1382 090c 14090000 		.4byte	0x914
 1383 0910 7F090000 		.4byte	0x97f
 1384 0914 29       		.uleb128 0x29
 1385 0915 99010000 		.4byte	.LASF137
 1386 0919 AB080000 		.4byte	0x8ab
 1387 091d 02       		.uleb128 0x2
 1388 091e 91       		.byte	0x91
 1389 091f 5C       		.sleb128 -36
 1390 0920 2A       		.uleb128 0x2a
 1391 0921 BA010000 		.4byte	.LASF146
 1392 0925 01       		.byte	0x1
 1393 0926 15       		.byte	0x15
 1394 0927 7D080000 		.4byte	0x87d
 1395 092b 02       		.uleb128 0x2
 1396 092c 91       		.byte	0x91
 1397 092d 58       		.sleb128 -40
 1398 092e 2B       		.uleb128 0x2b
 1399 092f 0A000000 		.4byte	.LBB3
 1400 0933 7C000000 		.4byte	.LBE3-.LBB3
 1401 0937 2C       		.uleb128 0x2c
 1402 0938 52040000 		.4byte	.LASF141
 1403 093c 01       		.byte	0x1
 1404 093d 18       		.byte	0x18
 1405 093e 7F090000 		.4byte	0x97f
 1406 0942 02       		.uleb128 0x2
 1407 0943 91       		.byte	0x91
 1408 0944 74       		.sleb128 -12
 1409 0945 2C       		.uleb128 0x2c
 1410 0946 E4050000 		.4byte	.LASF142
 1411 094a 01       		.byte	0x1
 1412 094b 1A       		.byte	0x1a
 1413 094c 25000000 		.4byte	0x25
 1414 0950 02       		.uleb128 0x2
 1415 0951 91       		.byte	0x91
 1416 0952 70       		.sleb128 -16
 1417 0953 2C       		.uleb128 0x2c
 1418 0954 5B020000 		.4byte	.LASF143
 1419 0958 01       		.byte	0x1
 1420 0959 1B       		.byte	0x1b
 1421 095a 25000000 		.4byte	0x25
 1422 095e 02       		.uleb128 0x2
ARM GAS  C:\Users\Luis\AppData\Local\Temp\ccxMeQrH.s 			page 26


 1423 095f 91       		.byte	0x91
 1424 0960 68       		.sleb128 -24
 1425 0961 2C       		.uleb128 0x2c
 1426 0962 6D070000 		.4byte	.LASF144
 1427 0966 01       		.byte	0x1
 1428 0967 1D       		.byte	0x1d
 1429 0968 7F090000 		.4byte	0x97f
 1430 096c 02       		.uleb128 0x2
 1431 096d 91       		.byte	0x91
 1432 096e 6C       		.sleb128 -20
 1433 096f 2C       		.uleb128 0x2c
 1434 0970 5A030000 		.4byte	.LASF145
 1435 0974 01       		.byte	0x1
 1436 0975 1F       		.byte	0x1f
 1437 0976 7D080000 		.4byte	0x87d
 1438 097a 02       		.uleb128 0x2
 1439 097b 91       		.byte	0x91
 1440 097c 64       		.sleb128 -28
 1441 097d 00       		.byte	0
 1442 097e 00       		.byte	0
 1443 097f 0C       		.uleb128 0xc
 1444 0980 04       		.byte	0x4
 1445 0981 7D080000 		.4byte	0x87d
 1446 0985 28       		.uleb128 0x28
 1447 0986 30080000 		.4byte	0x830
 1448 098a 00000000 		.4byte	.LFB266
 1449 098e 34000000 		.4byte	.LFE266-.LFB266
 1450 0992 01       		.uleb128 0x1
 1451 0993 9C       		.byte	0x9c
 1452 0994 9C090000 		.4byte	0x99c
 1453 0998 B7090000 		.4byte	0x9b7
 1454 099c 29       		.uleb128 0x29
 1455 099d 99010000 		.4byte	.LASF137
 1456 09a1 AB080000 		.4byte	0x8ab
 1457 09a5 02       		.uleb128 0x2
 1458 09a6 91       		.byte	0x91
 1459 09a7 74       		.sleb128 -12
 1460 09a8 2A       		.uleb128 0x2a
 1461 09a9 AE050000 		.4byte	.LASF147
 1462 09ad 01       		.byte	0x1
 1463 09ae 35       		.byte	0x35
 1464 09af 77080000 		.4byte	0x877
 1465 09b3 02       		.uleb128 0x2
 1466 09b4 91       		.byte	0x91
 1467 09b5 70       		.sleb128 -16
 1468 09b6 00       		.byte	0
 1469 09b7 2D       		.uleb128 0x2d
 1470 09b8 CB000000 		.4byte	.LASF148
 1471 09bc 0E       		.byte	0xe
 1472 09bd A706     		.2byte	0x6a7
 1473 09bf 97000000 		.4byte	0x97
 1474 09c3 2E       		.uleb128 0x2e
 1475 09c4 636800   		.ascii	"ch\000"
 1476 09c7 05       		.byte	0x5
 1477 09c8 0902     		.2byte	0x209
 1478 09ca 6F040000 		.4byte	0x46f
 1479 09ce 00       		.byte	0
ARM GAS  C:\Users\Luis\AppData\Local\Temp\ccxMeQrH.s 			page 27


 1480              		.section	.debug_abbrev,"",%progbits
 1481              	.Ldebug_abbrev0:
 1482 0000 01       		.uleb128 0x1
 1483 0001 11       		.uleb128 0x11
 1484 0002 01       		.byte	0x1
 1485 0003 25       		.uleb128 0x25
 1486 0004 0E       		.uleb128 0xe
 1487 0005 13       		.uleb128 0x13
 1488 0006 0B       		.uleb128 0xb
 1489 0007 03       		.uleb128 0x3
 1490 0008 0E       		.uleb128 0xe
 1491 0009 1B       		.uleb128 0x1b
 1492 000a 0E       		.uleb128 0xe
 1493 000b 55       		.uleb128 0x55
 1494 000c 17       		.uleb128 0x17
 1495 000d 11       		.uleb128 0x11
 1496 000e 01       		.uleb128 0x1
 1497 000f 10       		.uleb128 0x10
 1498 0010 17       		.uleb128 0x17
 1499 0011 00       		.byte	0
 1500 0012 00       		.byte	0
 1501 0013 02       		.uleb128 0x2
 1502 0014 24       		.uleb128 0x24
 1503 0015 00       		.byte	0
 1504 0016 0B       		.uleb128 0xb
 1505 0017 0B       		.uleb128 0xb
 1506 0018 3E       		.uleb128 0x3e
 1507 0019 0B       		.uleb128 0xb
 1508 001a 03       		.uleb128 0x3
 1509 001b 08       		.uleb128 0x8
 1510 001c 00       		.byte	0
 1511 001d 00       		.byte	0
 1512 001e 03       		.uleb128 0x3
 1513 001f 24       		.uleb128 0x24
 1514 0020 00       		.byte	0
 1515 0021 0B       		.uleb128 0xb
 1516 0022 0B       		.uleb128 0xb
 1517 0023 3E       		.uleb128 0x3e
 1518 0024 0B       		.uleb128 0xb
 1519 0025 03       		.uleb128 0x3
 1520 0026 0E       		.uleb128 0xe
 1521 0027 00       		.byte	0
 1522 0028 00       		.byte	0
 1523 0029 04       		.uleb128 0x4
 1524 002a 16       		.uleb128 0x16
 1525 002b 00       		.byte	0
 1526 002c 03       		.uleb128 0x3
 1527 002d 0E       		.uleb128 0xe
 1528 002e 3A       		.uleb128 0x3a
 1529 002f 0B       		.uleb128 0xb
 1530 0030 3B       		.uleb128 0x3b
 1531 0031 0B       		.uleb128 0xb
 1532 0032 49       		.uleb128 0x49
 1533 0033 13       		.uleb128 0x13
 1534 0034 00       		.byte	0
 1535 0035 00       		.byte	0
 1536 0036 05       		.uleb128 0x5
ARM GAS  C:\Users\Luis\AppData\Local\Temp\ccxMeQrH.s 			page 28


 1537 0037 35       		.uleb128 0x35
 1538 0038 00       		.byte	0
 1539 0039 49       		.uleb128 0x49
 1540 003a 13       		.uleb128 0x13
 1541 003b 00       		.byte	0
 1542 003c 00       		.byte	0
 1543 003d 06       		.uleb128 0x6
 1544 003e 13       		.uleb128 0x13
 1545 003f 01       		.byte	0x1
 1546 0040 03       		.uleb128 0x3
 1547 0041 0E       		.uleb128 0xe
 1548 0042 0B       		.uleb128 0xb
 1549 0043 0B       		.uleb128 0xb
 1550 0044 3A       		.uleb128 0x3a
 1551 0045 0B       		.uleb128 0xb
 1552 0046 3B       		.uleb128 0x3b
 1553 0047 0B       		.uleb128 0xb
 1554 0048 01       		.uleb128 0x1
 1555 0049 13       		.uleb128 0x13
 1556 004a 00       		.byte	0
 1557 004b 00       		.byte	0
 1558 004c 07       		.uleb128 0x7
 1559 004d 17       		.uleb128 0x17
 1560 004e 01       		.byte	0x1
 1561 004f 0B       		.uleb128 0xb
 1562 0050 0B       		.uleb128 0xb
 1563 0051 3A       		.uleb128 0x3a
 1564 0052 0B       		.uleb128 0xb
 1565 0053 3B       		.uleb128 0x3b
 1566 0054 0B       		.uleb128 0xb
 1567 0055 01       		.uleb128 0x1
 1568 0056 13       		.uleb128 0x13
 1569 0057 00       		.byte	0
 1570 0058 00       		.byte	0
 1571 0059 08       		.uleb128 0x8
 1572 005a 0D       		.uleb128 0xd
 1573 005b 00       		.byte	0
 1574 005c 03       		.uleb128 0x3
 1575 005d 0E       		.uleb128 0xe
 1576 005e 3A       		.uleb128 0x3a
 1577 005f 0B       		.uleb128 0xb
 1578 0060 3B       		.uleb128 0x3b
 1579 0061 05       		.uleb128 0x5
 1580 0062 49       		.uleb128 0x49
 1581 0063 13       		.uleb128 0x13
 1582 0064 00       		.byte	0
 1583 0065 00       		.byte	0
 1584 0066 09       		.uleb128 0x9
 1585 0067 0D       		.uleb128 0xd
 1586 0068 00       		.byte	0
 1587 0069 03       		.uleb128 0x3
 1588 006a 0E       		.uleb128 0xe
 1589 006b 3A       		.uleb128 0x3a
 1590 006c 0B       		.uleb128 0xb
 1591 006d 3B       		.uleb128 0x3b
 1592 006e 0B       		.uleb128 0xb
 1593 006f 49       		.uleb128 0x49
ARM GAS  C:\Users\Luis\AppData\Local\Temp\ccxMeQrH.s 			page 29


 1594 0070 13       		.uleb128 0x13
 1595 0071 38       		.uleb128 0x38
 1596 0072 0B       		.uleb128 0xb
 1597 0073 00       		.byte	0
 1598 0074 00       		.byte	0
 1599 0075 0A       		.uleb128 0xa
 1600 0076 0D       		.uleb128 0xd
 1601 0077 00       		.byte	0
 1602 0078 03       		.uleb128 0x3
 1603 0079 08       		.uleb128 0x8
 1604 007a 3A       		.uleb128 0x3a
 1605 007b 0B       		.uleb128 0xb
 1606 007c 3B       		.uleb128 0x3b
 1607 007d 05       		.uleb128 0x5
 1608 007e 49       		.uleb128 0x49
 1609 007f 13       		.uleb128 0x13
 1610 0080 38       		.uleb128 0x38
 1611 0081 0B       		.uleb128 0xb
 1612 0082 00       		.byte	0
 1613 0083 00       		.byte	0
 1614 0084 0B       		.uleb128 0xb
 1615 0085 0D       		.uleb128 0xd
 1616 0086 00       		.byte	0
 1617 0087 03       		.uleb128 0x3
 1618 0088 0E       		.uleb128 0xe
 1619 0089 3A       		.uleb128 0x3a
 1620 008a 0B       		.uleb128 0xb
 1621 008b 3B       		.uleb128 0x3b
 1622 008c 05       		.uleb128 0x5
 1623 008d 49       		.uleb128 0x49
 1624 008e 13       		.uleb128 0x13
 1625 008f 38       		.uleb128 0x38
 1626 0090 0B       		.uleb128 0xb
 1627 0091 00       		.byte	0
 1628 0092 00       		.byte	0
 1629 0093 0C       		.uleb128 0xc
 1630 0094 0F       		.uleb128 0xf
 1631 0095 00       		.byte	0
 1632 0096 0B       		.uleb128 0xb
 1633 0097 0B       		.uleb128 0xb
 1634 0098 49       		.uleb128 0x49
 1635 0099 13       		.uleb128 0x13
 1636 009a 00       		.byte	0
 1637 009b 00       		.byte	0
 1638 009c 0D       		.uleb128 0xd
 1639 009d 13       		.uleb128 0x13
 1640 009e 01       		.byte	0x1
 1641 009f 03       		.uleb128 0x3
 1642 00a0 0E       		.uleb128 0xe
 1643 00a1 0B       		.uleb128 0xb
 1644 00a2 0B       		.uleb128 0xb
 1645 00a3 3A       		.uleb128 0x3a
 1646 00a4 0B       		.uleb128 0xb
 1647 00a5 3B       		.uleb128 0x3b
 1648 00a6 05       		.uleb128 0x5
 1649 00a7 01       		.uleb128 0x1
 1650 00a8 13       		.uleb128 0x13
ARM GAS  C:\Users\Luis\AppData\Local\Temp\ccxMeQrH.s 			page 30


 1651 00a9 00       		.byte	0
 1652 00aa 00       		.byte	0
 1653 00ab 0E       		.uleb128 0xe
 1654 00ac 15       		.uleb128 0x15
 1655 00ad 01       		.byte	0x1
 1656 00ae 01       		.uleb128 0x1
 1657 00af 13       		.uleb128 0x13
 1658 00b0 00       		.byte	0
 1659 00b1 00       		.byte	0
 1660 00b2 0F       		.uleb128 0xf
 1661 00b3 05       		.uleb128 0x5
 1662 00b4 00       		.byte	0
 1663 00b5 49       		.uleb128 0x49
 1664 00b6 13       		.uleb128 0x13
 1665 00b7 00       		.byte	0
 1666 00b8 00       		.byte	0
 1667 00b9 10       		.uleb128 0x10
 1668 00ba 0F       		.uleb128 0xf
 1669 00bb 00       		.byte	0
 1670 00bc 0B       		.uleb128 0xb
 1671 00bd 0B       		.uleb128 0xb
 1672 00be 00       		.byte	0
 1673 00bf 00       		.byte	0
 1674 00c0 11       		.uleb128 0x11
 1675 00c1 13       		.uleb128 0x13
 1676 00c2 01       		.byte	0x1
 1677 00c3 03       		.uleb128 0x3
 1678 00c4 0E       		.uleb128 0xe
 1679 00c5 0B       		.uleb128 0xb
 1680 00c6 05       		.uleb128 0x5
 1681 00c7 3A       		.uleb128 0x3a
 1682 00c8 0B       		.uleb128 0xb
 1683 00c9 3B       		.uleb128 0x3b
 1684 00ca 05       		.uleb128 0x5
 1685 00cb 01       		.uleb128 0x1
 1686 00cc 13       		.uleb128 0x13
 1687 00cd 00       		.byte	0
 1688 00ce 00       		.byte	0
 1689 00cf 12       		.uleb128 0x12
 1690 00d0 0D       		.uleb128 0xd
 1691 00d1 00       		.byte	0
 1692 00d2 03       		.uleb128 0x3
 1693 00d3 0E       		.uleb128 0xe
 1694 00d4 3A       		.uleb128 0x3a
 1695 00d5 0B       		.uleb128 0xb
 1696 00d6 3B       		.uleb128 0x3b
 1697 00d7 05       		.uleb128 0x5
 1698 00d8 49       		.uleb128 0x49
 1699 00d9 13       		.uleb128 0x13
 1700 00da 38       		.uleb128 0x38
 1701 00db 05       		.uleb128 0x5
 1702 00dc 00       		.byte	0
 1703 00dd 00       		.byte	0
 1704 00de 13       		.uleb128 0x13
 1705 00df 0D       		.uleb128 0xd
 1706 00e0 00       		.byte	0
 1707 00e1 03       		.uleb128 0x3
ARM GAS  C:\Users\Luis\AppData\Local\Temp\ccxMeQrH.s 			page 31


 1708 00e2 08       		.uleb128 0x8
 1709 00e3 3A       		.uleb128 0x3a
 1710 00e4 0B       		.uleb128 0xb
 1711 00e5 3B       		.uleb128 0x3b
 1712 00e6 05       		.uleb128 0x5
 1713 00e7 49       		.uleb128 0x49
 1714 00e8 13       		.uleb128 0x13
 1715 00e9 38       		.uleb128 0x38
 1716 00ea 05       		.uleb128 0x5
 1717 00eb 00       		.byte	0
 1718 00ec 00       		.byte	0
 1719 00ed 14       		.uleb128 0x14
 1720 00ee 0D       		.uleb128 0xd
 1721 00ef 00       		.byte	0
 1722 00f0 03       		.uleb128 0x3
 1723 00f1 08       		.uleb128 0x8
 1724 00f2 3A       		.uleb128 0x3a
 1725 00f3 0B       		.uleb128 0xb
 1726 00f4 3B       		.uleb128 0x3b
 1727 00f5 0B       		.uleb128 0xb
 1728 00f6 49       		.uleb128 0x49
 1729 00f7 13       		.uleb128 0x13
 1730 00f8 38       		.uleb128 0x38
 1731 00f9 0B       		.uleb128 0xb
 1732 00fa 00       		.byte	0
 1733 00fb 00       		.byte	0
 1734 00fc 15       		.uleb128 0x15
 1735 00fd 13       		.uleb128 0x13
 1736 00fe 01       		.byte	0x1
 1737 00ff 0B       		.uleb128 0xb
 1738 0100 0B       		.uleb128 0xb
 1739 0101 3A       		.uleb128 0x3a
 1740 0102 0B       		.uleb128 0xb
 1741 0103 3B       		.uleb128 0x3b
 1742 0104 0B       		.uleb128 0xb
 1743 0105 6E       		.uleb128 0x6e
 1744 0106 0E       		.uleb128 0xe
 1745 0107 01       		.uleb128 0x1
 1746 0108 13       		.uleb128 0x13
 1747 0109 00       		.byte	0
 1748 010a 00       		.byte	0
 1749 010b 16       		.uleb128 0x16
 1750 010c 13       		.uleb128 0x13
 1751 010d 01       		.byte	0x1
 1752 010e 0B       		.uleb128 0xb
 1753 010f 05       		.uleb128 0x5
 1754 0110 3A       		.uleb128 0x3a
 1755 0111 0B       		.uleb128 0xb
 1756 0112 3B       		.uleb128 0x3b
 1757 0113 0B       		.uleb128 0xb
 1758 0114 6E       		.uleb128 0x6e
 1759 0115 0E       		.uleb128 0xe
 1760 0116 01       		.uleb128 0x1
 1761 0117 13       		.uleb128 0x13
 1762 0118 00       		.byte	0
 1763 0119 00       		.byte	0
 1764 011a 17       		.uleb128 0x17
ARM GAS  C:\Users\Luis\AppData\Local\Temp\ccxMeQrH.s 			page 32


 1765 011b 01       		.uleb128 0x1
 1766 011c 01       		.byte	0x1
 1767 011d 49       		.uleb128 0x49
 1768 011e 13       		.uleb128 0x13
 1769 011f 01       		.uleb128 0x1
 1770 0120 13       		.uleb128 0x13
 1771 0121 00       		.byte	0
 1772 0122 00       		.byte	0
 1773 0123 18       		.uleb128 0x18
 1774 0124 21       		.uleb128 0x21
 1775 0125 00       		.byte	0
 1776 0126 49       		.uleb128 0x49
 1777 0127 13       		.uleb128 0x13
 1778 0128 2F       		.uleb128 0x2f
 1779 0129 0B       		.uleb128 0xb
 1780 012a 00       		.byte	0
 1781 012b 00       		.byte	0
 1782 012c 19       		.uleb128 0x19
 1783 012d 26       		.uleb128 0x26
 1784 012e 00       		.byte	0
 1785 012f 49       		.uleb128 0x49
 1786 0130 13       		.uleb128 0x13
 1787 0131 00       		.byte	0
 1788 0132 00       		.byte	0
 1789 0133 1A       		.uleb128 0x1a
 1790 0134 02       		.uleb128 0x2
 1791 0135 01       		.byte	0x1
 1792 0136 03       		.uleb128 0x3
 1793 0137 08       		.uleb128 0x8
 1794 0138 0B       		.uleb128 0xb
 1795 0139 0B       		.uleb128 0xb
 1796 013a 3A       		.uleb128 0x3a
 1797 013b 0B       		.uleb128 0xb
 1798 013c 3B       		.uleb128 0x3b
 1799 013d 0B       		.uleb128 0xb
 1800 013e 1D       		.uleb128 0x1d
 1801 013f 13       		.uleb128 0x13
 1802 0140 01       		.uleb128 0x1
 1803 0141 13       		.uleb128 0x13
 1804 0142 00       		.byte	0
 1805 0143 00       		.byte	0
 1806 0144 1B       		.uleb128 0x1b
 1807 0145 0D       		.uleb128 0xd
 1808 0146 00       		.byte	0
 1809 0147 03       		.uleb128 0x3
 1810 0148 0E       		.uleb128 0xe
 1811 0149 49       		.uleb128 0x49
 1812 014a 13       		.uleb128 0x13
 1813 014b 38       		.uleb128 0x38
 1814 014c 0B       		.uleb128 0xb
 1815 014d 34       		.uleb128 0x34
 1816 014e 19       		.uleb128 0x19
 1817 014f 32       		.uleb128 0x32
 1818 0150 0B       		.uleb128 0xb
 1819 0151 00       		.byte	0
 1820 0152 00       		.byte	0
 1821 0153 1C       		.uleb128 0x1c
ARM GAS  C:\Users\Luis\AppData\Local\Temp\ccxMeQrH.s 			page 33


 1822 0154 2E       		.uleb128 0x2e
 1823 0155 01       		.byte	0x1
 1824 0156 3F       		.uleb128 0x3f
 1825 0157 19       		.uleb128 0x19
 1826 0158 03       		.uleb128 0x3
 1827 0159 0E       		.uleb128 0xe
 1828 015a 3A       		.uleb128 0x3a
 1829 015b 0B       		.uleb128 0xb
 1830 015c 3B       		.uleb128 0x3b
 1831 015d 0B       		.uleb128 0xb
 1832 015e 6E       		.uleb128 0x6e
 1833 015f 0E       		.uleb128 0xe
 1834 0160 49       		.uleb128 0x49
 1835 0161 13       		.uleb128 0x13
 1836 0162 32       		.uleb128 0x32
 1837 0163 0B       		.uleb128 0xb
 1838 0164 3C       		.uleb128 0x3c
 1839 0165 19       		.uleb128 0x19
 1840 0166 64       		.uleb128 0x64
 1841 0167 13       		.uleb128 0x13
 1842 0168 01       		.uleb128 0x1
 1843 0169 13       		.uleb128 0x13
 1844 016a 00       		.byte	0
 1845 016b 00       		.byte	0
 1846 016c 1D       		.uleb128 0x1d
 1847 016d 05       		.uleb128 0x5
 1848 016e 00       		.byte	0
 1849 016f 49       		.uleb128 0x49
 1850 0170 13       		.uleb128 0x13
 1851 0171 34       		.uleb128 0x34
 1852 0172 19       		.uleb128 0x19
 1853 0173 00       		.byte	0
 1854 0174 00       		.byte	0
 1855 0175 1E       		.uleb128 0x1e
 1856 0176 2E       		.uleb128 0x2e
 1857 0177 01       		.byte	0x1
 1858 0178 3F       		.uleb128 0x3f
 1859 0179 19       		.uleb128 0x19
 1860 017a 03       		.uleb128 0x3
 1861 017b 0E       		.uleb128 0xe
 1862 017c 3A       		.uleb128 0x3a
 1863 017d 0B       		.uleb128 0xb
 1864 017e 3B       		.uleb128 0x3b
 1865 017f 0B       		.uleb128 0xb
 1866 0180 49       		.uleb128 0x49
 1867 0181 13       		.uleb128 0x13
 1868 0182 4C       		.uleb128 0x4c
 1869 0183 0B       		.uleb128 0xb
 1870 0184 1D       		.uleb128 0x1d
 1871 0185 13       		.uleb128 0x13
 1872 0186 32       		.uleb128 0x32
 1873 0187 0B       		.uleb128 0xb
 1874 0188 3C       		.uleb128 0x3c
 1875 0189 19       		.uleb128 0x19
 1876 018a 64       		.uleb128 0x64
 1877 018b 13       		.uleb128 0x13
 1878 018c 01       		.uleb128 0x1
ARM GAS  C:\Users\Luis\AppData\Local\Temp\ccxMeQrH.s 			page 34


 1879 018d 13       		.uleb128 0x13
 1880 018e 00       		.byte	0
 1881 018f 00       		.byte	0
 1882 0190 1F       		.uleb128 0x1f
 1883 0191 2E       		.uleb128 0x2e
 1884 0192 01       		.byte	0x1
 1885 0193 3F       		.uleb128 0x3f
 1886 0194 19       		.uleb128 0x19
 1887 0195 03       		.uleb128 0x3
 1888 0196 0E       		.uleb128 0xe
 1889 0197 3A       		.uleb128 0x3a
 1890 0198 0B       		.uleb128 0xb
 1891 0199 3B       		.uleb128 0x3b
 1892 019a 0B       		.uleb128 0xb
 1893 019b 6E       		.uleb128 0x6e
 1894 019c 0E       		.uleb128 0xe
 1895 019d 32       		.uleb128 0x32
 1896 019e 0B       		.uleb128 0xb
 1897 019f 3C       		.uleb128 0x3c
 1898 01a0 19       		.uleb128 0x19
 1899 01a1 64       		.uleb128 0x64
 1900 01a2 13       		.uleb128 0x13
 1901 01a3 00       		.byte	0
 1902 01a4 00       		.byte	0
 1903 01a5 20       		.uleb128 0x20
 1904 01a6 15       		.uleb128 0x15
 1905 01a7 01       		.byte	0x1
 1906 01a8 49       		.uleb128 0x49
 1907 01a9 13       		.uleb128 0x13
 1908 01aa 01       		.uleb128 0x1
 1909 01ab 13       		.uleb128 0x13
 1910 01ac 00       		.byte	0
 1911 01ad 00       		.byte	0
 1912 01ae 21       		.uleb128 0x21
 1913 01af 18       		.uleb128 0x18
 1914 01b0 00       		.byte	0
 1915 01b1 00       		.byte	0
 1916 01b2 00       		.byte	0
 1917 01b3 22       		.uleb128 0x22
 1918 01b4 0F       		.uleb128 0xf
 1919 01b5 00       		.byte	0
 1920 01b6 0B       		.uleb128 0xb
 1921 01b7 0B       		.uleb128 0xb
 1922 01b8 03       		.uleb128 0x3
 1923 01b9 0E       		.uleb128 0xe
 1924 01ba 49       		.uleb128 0x49
 1925 01bb 13       		.uleb128 0x13
 1926 01bc 00       		.byte	0
 1927 01bd 00       		.byte	0
 1928 01be 23       		.uleb128 0x23
 1929 01bf 02       		.uleb128 0x2
 1930 01c0 00       		.byte	0
 1931 01c1 03       		.uleb128 0x3
 1932 01c2 0E       		.uleb128 0xe
 1933 01c3 3C       		.uleb128 0x3c
 1934 01c4 19       		.uleb128 0x19
 1935 01c5 00       		.byte	0
ARM GAS  C:\Users\Luis\AppData\Local\Temp\ccxMeQrH.s 			page 35


 1936 01c6 00       		.byte	0
 1937 01c7 24       		.uleb128 0x24
 1938 01c8 2E       		.uleb128 0x2e
 1939 01c9 01       		.byte	0x1
 1940 01ca 47       		.uleb128 0x47
 1941 01cb 13       		.uleb128 0x13
 1942 01cc 20       		.uleb128 0x20
 1943 01cd 0B       		.uleb128 0xb
 1944 01ce 64       		.uleb128 0x64
 1945 01cf 13       		.uleb128 0x13
 1946 01d0 01       		.uleb128 0x1
 1947 01d1 13       		.uleb128 0x13
 1948 01d2 00       		.byte	0
 1949 01d3 00       		.byte	0
 1950 01d4 25       		.uleb128 0x25
 1951 01d5 05       		.uleb128 0x5
 1952 01d6 00       		.byte	0
 1953 01d7 03       		.uleb128 0x3
 1954 01d8 0E       		.uleb128 0xe
 1955 01d9 49       		.uleb128 0x49
 1956 01da 13       		.uleb128 0x13
 1957 01db 34       		.uleb128 0x34
 1958 01dc 19       		.uleb128 0x19
 1959 01dd 00       		.byte	0
 1960 01de 00       		.byte	0
 1961 01df 26       		.uleb128 0x26
 1962 01e0 2E       		.uleb128 0x2e
 1963 01e1 01       		.byte	0x1
 1964 01e2 31       		.uleb128 0x31
 1965 01e3 13       		.uleb128 0x13
 1966 01e4 6E       		.uleb128 0x6e
 1967 01e5 0E       		.uleb128 0xe
 1968 01e6 11       		.uleb128 0x11
 1969 01e7 01       		.uleb128 0x1
 1970 01e8 12       		.uleb128 0x12
 1971 01e9 06       		.uleb128 0x6
 1972 01ea 40       		.uleb128 0x40
 1973 01eb 18       		.uleb128 0x18
 1974 01ec 64       		.uleb128 0x64
 1975 01ed 13       		.uleb128 0x13
 1976 01ee 9642     		.uleb128 0x2116
 1977 01f0 19       		.uleb128 0x19
 1978 01f1 01       		.uleb128 0x1
 1979 01f2 13       		.uleb128 0x13
 1980 01f3 00       		.byte	0
 1981 01f4 00       		.byte	0
 1982 01f5 27       		.uleb128 0x27
 1983 01f6 05       		.uleb128 0x5
 1984 01f7 00       		.byte	0
 1985 01f8 31       		.uleb128 0x31
 1986 01f9 13       		.uleb128 0x13
 1987 01fa 02       		.uleb128 0x2
 1988 01fb 18       		.uleb128 0x18
 1989 01fc 00       		.byte	0
 1990 01fd 00       		.byte	0
 1991 01fe 28       		.uleb128 0x28
 1992 01ff 2E       		.uleb128 0x2e
ARM GAS  C:\Users\Luis\AppData\Local\Temp\ccxMeQrH.s 			page 36


 1993 0200 01       		.byte	0x1
 1994 0201 47       		.uleb128 0x47
 1995 0202 13       		.uleb128 0x13
 1996 0203 11       		.uleb128 0x11
 1997 0204 01       		.uleb128 0x1
 1998 0205 12       		.uleb128 0x12
 1999 0206 06       		.uleb128 0x6
 2000 0207 40       		.uleb128 0x40
 2001 0208 18       		.uleb128 0x18
 2002 0209 64       		.uleb128 0x64
 2003 020a 13       		.uleb128 0x13
 2004 020b 9642     		.uleb128 0x2116
 2005 020d 19       		.uleb128 0x19
 2006 020e 01       		.uleb128 0x1
 2007 020f 13       		.uleb128 0x13
 2008 0210 00       		.byte	0
 2009 0211 00       		.byte	0
 2010 0212 29       		.uleb128 0x29
 2011 0213 05       		.uleb128 0x5
 2012 0214 00       		.byte	0
 2013 0215 03       		.uleb128 0x3
 2014 0216 0E       		.uleb128 0xe
 2015 0217 49       		.uleb128 0x49
 2016 0218 13       		.uleb128 0x13
 2017 0219 34       		.uleb128 0x34
 2018 021a 19       		.uleb128 0x19
 2019 021b 02       		.uleb128 0x2
 2020 021c 18       		.uleb128 0x18
 2021 021d 00       		.byte	0
 2022 021e 00       		.byte	0
 2023 021f 2A       		.uleb128 0x2a
 2024 0220 05       		.uleb128 0x5
 2025 0221 00       		.byte	0
 2026 0222 03       		.uleb128 0x3
 2027 0223 0E       		.uleb128 0xe
 2028 0224 3A       		.uleb128 0x3a
 2029 0225 0B       		.uleb128 0xb
 2030 0226 3B       		.uleb128 0x3b
 2031 0227 0B       		.uleb128 0xb
 2032 0228 49       		.uleb128 0x49
 2033 0229 13       		.uleb128 0x13
 2034 022a 02       		.uleb128 0x2
 2035 022b 18       		.uleb128 0x18
 2036 022c 00       		.byte	0
 2037 022d 00       		.byte	0
 2038 022e 2B       		.uleb128 0x2b
 2039 022f 0B       		.uleb128 0xb
 2040 0230 01       		.byte	0x1
 2041 0231 11       		.uleb128 0x11
 2042 0232 01       		.uleb128 0x1
 2043 0233 12       		.uleb128 0x12
 2044 0234 06       		.uleb128 0x6
 2045 0235 00       		.byte	0
 2046 0236 00       		.byte	0
 2047 0237 2C       		.uleb128 0x2c
 2048 0238 34       		.uleb128 0x34
 2049 0239 00       		.byte	0
ARM GAS  C:\Users\Luis\AppData\Local\Temp\ccxMeQrH.s 			page 37


 2050 023a 03       		.uleb128 0x3
 2051 023b 0E       		.uleb128 0xe
 2052 023c 3A       		.uleb128 0x3a
 2053 023d 0B       		.uleb128 0xb
 2054 023e 3B       		.uleb128 0x3b
 2055 023f 0B       		.uleb128 0xb
 2056 0240 49       		.uleb128 0x49
 2057 0241 13       		.uleb128 0x13
 2058 0242 02       		.uleb128 0x2
 2059 0243 18       		.uleb128 0x18
 2060 0244 00       		.byte	0
 2061 0245 00       		.byte	0
 2062 0246 2D       		.uleb128 0x2d
 2063 0247 34       		.uleb128 0x34
 2064 0248 00       		.byte	0
 2065 0249 03       		.uleb128 0x3
 2066 024a 0E       		.uleb128 0xe
 2067 024b 3A       		.uleb128 0x3a
 2068 024c 0B       		.uleb128 0xb
 2069 024d 3B       		.uleb128 0x3b
 2070 024e 05       		.uleb128 0x5
 2071 024f 49       		.uleb128 0x49
 2072 0250 13       		.uleb128 0x13
 2073 0251 3F       		.uleb128 0x3f
 2074 0252 19       		.uleb128 0x19
 2075 0253 3C       		.uleb128 0x3c
 2076 0254 19       		.uleb128 0x19
 2077 0255 00       		.byte	0
 2078 0256 00       		.byte	0
 2079 0257 2E       		.uleb128 0x2e
 2080 0258 34       		.uleb128 0x34
 2081 0259 00       		.byte	0
 2082 025a 03       		.uleb128 0x3
 2083 025b 08       		.uleb128 0x8
 2084 025c 3A       		.uleb128 0x3a
 2085 025d 0B       		.uleb128 0xb
 2086 025e 3B       		.uleb128 0x3b
 2087 025f 05       		.uleb128 0x5
 2088 0260 49       		.uleb128 0x49
 2089 0261 13       		.uleb128 0x13
 2090 0262 3F       		.uleb128 0x3f
 2091 0263 19       		.uleb128 0x19
 2092 0264 3C       		.uleb128 0x3c
 2093 0265 19       		.uleb128 0x19
 2094 0266 00       		.byte	0
 2095 0267 00       		.byte	0
 2096 0268 00       		.byte	0
 2097              		.section	.debug_aranges,"",%progbits
 2098 0000 34000000 		.4byte	0x34
 2099 0004 0200     		.2byte	0x2
 2100 0006 00000000 		.4byte	.Ldebug_info0
 2101 000a 04       		.byte	0x4
 2102 000b 00       		.byte	0
 2103 000c 0000     		.2byte	0
 2104 000e 0000     		.2byte	0
 2105 0010 00000000 		.4byte	.LFB262
 2106 0014 28000000 		.4byte	.LFE262-.LFB262
ARM GAS  C:\Users\Luis\AppData\Local\Temp\ccxMeQrH.s 			page 38


 2107 0018 00000000 		.4byte	.LFB264
 2108 001c 1E000000 		.4byte	.LFE264-.LFB264
 2109 0020 00000000 		.4byte	.LFB265
 2110 0024 8E000000 		.4byte	.LFE265-.LFB265
 2111 0028 00000000 		.4byte	.LFB266
 2112 002c 34000000 		.4byte	.LFE266-.LFB266
 2113 0030 00000000 		.4byte	0
 2114 0034 00000000 		.4byte	0
 2115              		.section	.debug_ranges,"",%progbits
 2116              	.Ldebug_ranges0:
 2117 0000 00000000 		.4byte	.LFB262
 2118 0004 28000000 		.4byte	.LFE262
 2119 0008 00000000 		.4byte	.LFB264
 2120 000c 1E000000 		.4byte	.LFE264
 2121 0010 00000000 		.4byte	.LFB265
 2122 0014 8E000000 		.4byte	.LFE265
 2123 0018 00000000 		.4byte	.LFB266
 2124 001c 34000000 		.4byte	.LFE266
 2125 0020 00000000 		.4byte	0
 2126 0024 00000000 		.4byte	0
 2127              		.section	.debug_line,"",%progbits
 2128              	.Ldebug_line0:
 2129 0000 DF010000 		.section	.debug_str,"MS",%progbits,1
 2129      02007E01 
 2129      00000201 
 2129      FB0E0D00 
 2129      01010101 
 2130              	.LASF14:
 2131 0000 72747469 		.ascii	"rttime_t\000"
 2131      6D655F74 
 2131      00
 2132              	.LASF58:
 2133 0009 72656164 		.ascii	"ready_list_t\000"
 2133      795F6C69 
 2133      73745F74 
 2133      00
 2134              	.LASF138:
 2135 0016 5F5F696E 		.ascii	"__in_chrg\000"
 2135      5F636872 
 2135      6700
 2136              	.LASF28:
 2137 0020 77747472 		.ascii	"wttrp\000"
 2137      7000
 2138              	.LASF25:
 2139 0026 7264796D 		.ascii	"rdymsg\000"
 2139      736700
 2140              	.LASF11:
 2141 002d 75696E74 		.ascii	"uint64_t\000"
 2141      36345F74 
 2141      00
 2142              	.LASF88:
 2143 0036 6B65726E 		.ascii	"kernel_stats\000"
 2143      656C5F73 
 2143      74617473 
 2143      00
 2144              	.LASF94:
 2145 0043 706F7274 		.ascii	"port_intctx\000"
ARM GAS  C:\Users\Luis\AppData\Local\Temp\ccxMeQrH.s 			page 39


 2145      5F696E74 
 2145      63747800 
 2146              	.LASF86:
 2147 004f 76746C69 		.ascii	"vtlist\000"
 2147      737400
 2148              	.LASF110:
 2149 0056 776F7273 		.ascii	"worst\000"
 2149      7400
 2150              	.LASF113:
 2151 005c 74696D65 		.ascii	"time_measurement_t\000"
 2151      5F6D6561 
 2151      73757265 
 2151      6D656E74 
 2151      5F7400
 2152              	.LASF12:
 2153 006f 6C6F6E67 		.ascii	"long long unsigned int\000"
 2153      206C6F6E 
 2153      6720756E 
 2153      7369676E 
 2153      65642069 
 2154              	.LASF98:
 2155 0086 73655F73 		.ascii	"se_state\000"
 2155      74617465 
 2155      00
 2156              	.LASF26:
 2157 008f 65786974 		.ascii	"exitcode\000"
 2157      636F6465 
 2157      00
 2158              	.LASF87:
 2159 0098 6D61696E 		.ascii	"mainthread\000"
 2159      74687265 
 2159      616400
 2160              	.LASF132:
 2161 00a3 496E6974 		.ascii	"InitialDataFilter\000"
 2161      69616C44 
 2161      61746146 
 2161      696C7465 
 2161      7200
 2162              	.LASF74:
 2163 00b5 76697274 		.ascii	"virtual_timers_list_t\000"
 2163      75616C5F 
 2163      74696D65 
 2163      72735F6C 
 2163      6973745F 
 2164              	.LASF148:
 2165 00cb 49544D5F 		.ascii	"ITM_RxBuffer\000"
 2165      52784275 
 2165      66666572 
 2165      00
 2166              	.LASF57:
 2167 00d8 63685F74 		.ascii	"ch_threads_queue\000"
 2167      68726561 
 2167      64735F71 
 2167      75657565 
 2167      00
 2168              	.LASF34:
 2169 00e9 705F7072 		.ascii	"p_prio\000"
ARM GAS  C:\Users\Luis\AppData\Local\Temp\ccxMeQrH.s 			page 40


 2169      696F00
 2170              	.LASF1:
 2171 00f0 7369676E 		.ascii	"signed char\000"
 2171      65642063 
 2171      68617200 
 2172              	.LASF156:
 2173 00fc 73657449 		.ascii	"setInitialDataFilter\000"
 2173      6E697469 
 2173      616C4461 
 2173      74614669 
 2173      6C746572 
 2174              	.LASF49:
 2175 0111 705F6D70 		.ascii	"p_mpool\000"
 2175      6F6F6C00 
 2176              	.LASF124:
 2177 0119 6D5F7175 		.ascii	"m_queue\000"
 2177      65756500 
 2178              	.LASF27:
 2179 0121 77746F62 		.ascii	"wtobjp\000"
 2179      6A7000
 2180              	.LASF151:
 2181 0128 433A5C55 		.ascii	"C:\\Users\\Luis\\git\\DSP-Library-Lanin\\examples\\"
 2181      73657273 
 2181      5C4C7569 
 2181      735C6769 
 2181      745C4453 
 2182 0155 4453502D 		.ascii	"DSP-Library\000"
 2182      4C696272 
 2182      61727900 
 2183              	.LASF84:
 2184 0161 63685F73 		.ascii	"ch_system\000"
 2184      79737465 
 2184      6D00
 2185              	.LASF7:
 2186 016b 6C6F6E67 		.ascii	"long int\000"
 2186      20696E74 
 2186      00
 2187              	.LASF16:
 2188 0174 74737461 		.ascii	"tstate_t\000"
 2188      74655F74 
 2188      00
 2189              	.LASF50:
 2190 017d 705F7374 		.ascii	"p_stats\000"
 2190      61747300 
 2191              	.LASF96:
 2192 0185 73655F74 		.ascii	"se_tp\000"
 2192      7000
 2193              	.LASF10:
 2194 018b 6C6F6E67 		.ascii	"long long int\000"
 2194      206C6F6E 
 2194      6720696E 
 2194      7400
 2195              	.LASF137:
 2196 0199 74686973 		.ascii	"this\000"
 2196      00
 2197              	.LASF36:
 2198 019e 705F6E65 		.ascii	"p_newer\000"
ARM GAS  C:\Users\Luis\AppData\Local\Temp\ccxMeQrH.s 			page 41


 2198      77657200 
 2199              	.LASF121:
 2200 01a6 735F7175 		.ascii	"s_queue\000"
 2200      65756500 
 2201              	.LASF139:
 2202 01ae 5F5A4E33 		.ascii	"_ZN3FIRD2Ev\000"
 2202      46495244 
 2202      32457600 
 2203              	.LASF146:
 2204 01ba 70446174 		.ascii	"pData\000"
 2204      6100
 2205              	.LASF63:
 2206 01c0 725F6E65 		.ascii	"r_newer\000"
 2206      77657200 
 2207              	.LASF91:
 2208 01c8 72656761 		.ascii	"regarm_t\000"
 2208      726D5F74 
 2208      00
 2209              	.LASF70:
 2210 01d1 76745F70 		.ascii	"vt_prev\000"
 2210      72657600 
 2211              	.LASF78:
 2212 01d9 63685F73 		.ascii	"ch_system_debug\000"
 2212      79737465 
 2212      6D5F6465 
 2212      62756700 
 2213              	.LASF128:
 2214 01e9 6D757465 		.ascii	"mutex_t\000"
 2214      785F7400 
 2215              	.LASF81:
 2216 01f1 6C6F636B 		.ascii	"lock_cnt\000"
 2216      5F636E74 
 2216      00
 2217              	.LASF95:
 2218 01fa 73655F74 		.ascii	"se_time\000"
 2218      696D6500 
 2219              	.LASF21:
 2220 0202 636E745F 		.ascii	"cnt_t\000"
 2220      7400
 2221              	.LASF158:
 2222 0208 5F5F7674 		.ascii	"__vtbl_ptr_type\000"
 2222      626C5F70 
 2222      74725F74 
 2222      79706500 
 2223              	.LASF39:
 2224 0218 705F7374 		.ascii	"p_stklimit\000"
 2224      6B6C696D 
 2224      697400
 2225              	.LASF0:
 2226 0223 756E7369 		.ascii	"unsigned int\000"
 2226      676E6564 
 2226      20696E74 
 2226      00
 2227              	.LASF29:
 2228 0230 77747365 		.ascii	"wtsemp\000"
 2228      6D7000
 2229              	.LASF77:
ARM GAS  C:\Users\Luis\AppData\Local\Temp\ccxMeQrH.s 			page 42


 2230 0237 73797374 		.ascii	"system_debug_t\000"
 2230      656D5F64 
 2230      65627567 
 2230      5F7400
 2231              	.LASF69:
 2232 0246 76745F6E 		.ascii	"vt_next\000"
 2232      65787400 
 2233              	.LASF51:
 2234 024e 746C7350 		.ascii	"tlsPtr\000"
 2234      747200
 2235              	.LASF115:
 2236 0255 6E5F6972 		.ascii	"n_irq\000"
 2236      7100
 2237              	.LASF143:
 2238 025b 5F436F6E 		.ascii	"_ContInputData\000"
 2238      74496E70 
 2238      75744461 
 2238      746100
 2239              	.LASF122:
 2240 026a 735F636E 		.ascii	"s_cnt\000"
 2240      7400
 2241              	.LASF4:
 2242 0270 73686F72 		.ascii	"short unsigned int\000"
 2242      7420756E 
 2242      7369676E 
 2242      65642069 
 2242      6E7400
 2243              	.LASF119:
 2244 0283 6B65726E 		.ascii	"kernel_stats_t\000"
 2244      656C5F73 
 2244      74617473 
 2244      5F7400
 2245              	.LASF104:
 2246 0292 31346368 		.ascii	"14ch_swc_event_t\000"
 2246      5F737763 
 2246      5F657665 
 2246      6E745F74 
 2246      00
 2247              	.LASF54:
 2248 02a3 63685F74 		.ascii	"ch_thread\000"
 2248      68726561 
 2248      6400
 2249              	.LASF130:
 2250 02ad 5F767074 		.ascii	"_vptr.FIR\000"
 2250      722E4649 
 2250      5200
 2251              	.LASF19:
 2252 02b7 6D73675F 		.ascii	"msg_t\000"
 2252      7400
 2253              	.LASF111:
 2254 02bd 6C617374 		.ascii	"last\000"
 2254      00
 2255              	.LASF22:
 2256 02c2 75636E74 		.ascii	"ucnt_t\000"
 2256      5F7400
 2257              	.LASF83:
 2258 02c9 63685F73 		.ascii	"ch_system_t\000"
ARM GAS  C:\Users\Luis\AppData\Local\Temp\ccxMeQrH.s 			page 43


 2258      79737465 
 2258      6D5F7400 
 2259              	.LASF15:
 2260 02d5 746D6F64 		.ascii	"tmode_t\000"
 2260      655F7400 
 2261              	.LASF150:
 2262 02dd 4649522E 		.ascii	"FIR.cpp\000"
 2262      63707000 
 2263              	.LASF129:
 2264 02e5 626F6F6C 		.ascii	"bool\000"
 2264      00
 2265              	.LASF118:
 2266 02ea 6D5F6372 		.ascii	"m_crit_isr\000"
 2266      69745F69 
 2266      737200
 2267              	.LASF59:
 2268 02f5 63685F72 		.ascii	"ch_ready_list\000"
 2268      65616479 
 2268      5F6C6973 
 2268      7400
 2269              	.LASF20:
 2270 0303 6576656E 		.ascii	"eventmask_t\000"
 2270      746D6173 
 2270      6B5F7400 
 2271              	.LASF134:
 2272 030f 46756E74 		.ascii	"FuntionsMath\000"
 2272      696F6E73 
 2272      4D617468 
 2272      00
 2273              	.LASF152:
 2274 031c 31376368 		.ascii	"17ch_trace_buffer_t\000"
 2274      5F747261 
 2274      63655F62 
 2274      75666665 
 2274      725F7400 
 2275              	.LASF92:
 2276 0330 73746B61 		.ascii	"stkalign_t\000"
 2276      6C69676E 
 2276      5F7400
 2277              	.LASF100:
 2278 033b 74625F73 		.ascii	"tb_size\000"
 2278      697A6500 
 2279              	.LASF154:
 2280 0343 5F5A4E33 		.ascii	"_ZN3FIR11directFormIEf\000"
 2280      46495231 
 2280      31646972 
 2280      65637446 
 2280      6F726D49 
 2281              	.LASF145:
 2282 035a 5F526573 		.ascii	"_Result\000"
 2282      756C7400 
 2283              	.LASF101:
 2284 0362 74625F70 		.ascii	"tb_ptr\000"
 2284      747200
 2285              	.LASF13:
 2286 0369 7274636E 		.ascii	"rtcnt_t\000"
 2286      745F7400 
ARM GAS  C:\Users\Luis\AppData\Local\Temp\ccxMeQrH.s 			page 44


 2287              	.LASF52:
 2288 0371 74687265 		.ascii	"thread_reference_t\000"
 2288      61645F72 
 2288      65666572 
 2288      656E6365 
 2288      5F7400
 2289              	.LASF75:
 2290 0384 63685F76 		.ascii	"ch_virtual_timers_list\000"
 2290      69727475 
 2290      616C5F74 
 2290      696D6572 
 2290      735F6C69 
 2291              	.LASF72:
 2292 039b 76745F66 		.ascii	"vt_func\000"
 2292      756E6300 
 2293              	.LASF99:
 2294 03a3 63685F73 		.ascii	"ch_swc_event_t\000"
 2294      77635F65 
 2294      76656E74 
 2294      5F7400
 2295              	.LASF76:
 2296 03b2 76745F6C 		.ascii	"vt_lasttime\000"
 2296      61737474 
 2296      696D6500 
 2297              	.LASF37:
 2298 03be 705F6F6C 		.ascii	"p_older\000"
 2298      64657200 
 2299              	.LASF157:
 2300 03c6 5F5A4E33 		.ascii	"_ZN3FIR20setInitialDataFilterEP10DataFilter\000"
 2300      46495232 
 2300      30736574 
 2300      496E6974 
 2300      69616C44 
 2301              	.LASF62:
 2302 03f2 725F6374 		.ascii	"r_ctx\000"
 2302      7800
 2303              	.LASF108:
 2304 03f8 31387469 		.ascii	"18time_measurement_t\000"
 2304      6D655F6D 
 2304      65617375 
 2304      72656D65 
 2304      6E745F74 
 2305              	.LASF114:
 2306 040d 31346B65 		.ascii	"14kernel_stats_t\000"
 2306      726E656C 
 2306      5F737461 
 2306      74735F74 
 2306      00
 2307              	.LASF107:
 2308 041e 746D5F63 		.ascii	"tm_calibration_t\000"
 2308      616C6962 
 2308      72617469 
 2308      6F6E5F74 
 2308      00
 2309              	.LASF65:
 2310 042f 725F6375 		.ascii	"r_current\000"
 2310      7272656E 
ARM GAS  C:\Users\Luis\AppData\Local\Temp\ccxMeQrH.s 			page 45


 2310      7400
 2311              	.LASF64:
 2312 0439 725F6F6C 		.ascii	"r_older\000"
 2312      64657200 
 2313              	.LASF112:
 2314 0441 63756D75 		.ascii	"cumulative\000"
 2314      6C617469 
 2314      766500
 2315              	.LASF136:
 2316 044c 666C6F61 		.ascii	"float\000"
 2316      7400
 2317              	.LASF141:
 2318 0452 5F417272 		.ascii	"_ArrayInputsX\000"
 2318      6179496E 
 2318      70757473 
 2318      5800
 2319              	.LASF17:
 2320 0460 74726566 		.ascii	"trefs_t\000"
 2320      735F7400 
 2321              	.LASF102:
 2322 0468 74625F62 		.ascii	"tb_buffer\000"
 2322      75666665 
 2322      7200
 2323              	.LASF67:
 2324 0472 76697274 		.ascii	"virtual_timer_t\000"
 2324      75616C5F 
 2324      74696D65 
 2324      725F7400 
 2325              	.LASF33:
 2326 0482 705F7072 		.ascii	"p_prev\000"
 2326      657600
 2327              	.LASF149:
 2328 0489 474E5520 		.ascii	"GNU C++ 4.8.3 20131129 (release) [ARM/embedded-4_8-"
 2328      432B2B20 
 2328      342E382E 
 2328      33203230 
 2328      31333131 
 2329 04bc 6272616E 		.ascii	"branch revision 205641] -mcpu=cortex-m4 -mapcs-fram"
 2329      63682072 
 2329      65766973 
 2329      696F6E20 
 2329      32303536 
 2330 04ef 65202D6D 		.ascii	"e -mno-thumb-interwork -mthumb -ggdb -O0 -falign-fu"
 2330      6E6F2D74 
 2330      68756D62 
 2330      2D696E74 
 2330      6572776F 
 2331 0522 6E637469 		.ascii	"nctions=16 -ffunction-sections -fdata-sections -fno"
 2331      6F6E733D 
 2331      3136202D 
 2331      6666756E 
 2331      6374696F 
 2332 0555 2D636F6D 		.ascii	"-common -fno-rtti -fno-exceptions\000"
 2332      6D6F6E20 
 2332      2D666E6F 
 2332      2D727474 
 2332      69202D66 
ARM GAS  C:\Users\Luis\AppData\Local\Temp\ccxMeQrH.s 			page 46


 2333              	.LASF18:
 2334 0577 74707269 		.ascii	"tprio_t\000"
 2334      6F5F7400 
 2335              	.LASF140:
 2336 057f 5F5A4E33 		.ascii	"_ZN3FIRD0Ev\000"
 2336      46495244 
 2336      30457600 
 2337              	.LASF116:
 2338 058b 6E5F6374 		.ascii	"n_ctxswc\000"
 2338      78737763 
 2338      00
 2339              	.LASF6:
 2340 0594 696E7433 		.ascii	"int32_t\000"
 2340      325F7400 
 2341              	.LASF103:
 2342 059c 63685F74 		.ascii	"ch_trace_buffer_t\000"
 2342      72616365 
 2342      5F627566 
 2342      6665725F 
 2342      7400
 2343              	.LASF147:
 2344 05ae 70496E69 		.ascii	"pInitialDataFilter\000"
 2344      7469616C 
 2344      44617461 
 2344      46696C74 
 2344      657200
 2345              	.LASF47:
 2346 05c1 705F6D74 		.ascii	"p_mtxlist\000"
 2346      786C6973 
 2346      7400
 2347              	.LASF3:
 2348 05cb 73686F72 		.ascii	"short int\000"
 2348      7420696E 
 2348      7400
 2349              	.LASF40:
 2350 05d5 705F7374 		.ascii	"p_state\000"
 2350      61746500 
 2351              	.LASF61:
 2352 05dd 725F7072 		.ascii	"r_prio\000"
 2352      696F00
 2353              	.LASF142:
 2354 05e4 5F46696C 		.ascii	"_FilterOrder\000"
 2354      7465724F 
 2354      72646572 
 2354      00
 2355              	.LASF31:
 2356 05f1 65776D61 		.ascii	"ewmask\000"
 2356      736B00
 2357              	.LASF32:
 2358 05f8 705F6E65 		.ascii	"p_next\000"
 2358      787400
 2359              	.LASF89:
 2360 05ff 69646C65 		.ascii	"idle_thread_wa\000"
 2360      5F746872 
 2360      6561645F 
 2360      776100
 2361              	.LASF68:
ARM GAS  C:\Users\Luis\AppData\Local\Temp\ccxMeQrH.s 			page 47


 2362 060e 63685F76 		.ascii	"ch_virtual_timer\000"
 2362      69727475 
 2362      616C5F74 
 2362      696D6572 
 2362      00
 2363              	.LASF120:
 2364 061f 63685F73 		.ascii	"ch_semaphore\000"
 2364      656D6170 
 2364      686F7265 
 2364      00
 2365              	.LASF46:
 2366 062c 705F6570 		.ascii	"p_epending\000"
 2366      656E6469 
 2366      6E6700
 2367              	.LASF8:
 2368 0637 75696E74 		.ascii	"uint32_t\000"
 2368      33325F74 
 2368      00
 2369              	.LASF30:
 2370 0640 77746D74 		.ascii	"wtmtxp\000"
 2370      787000
 2371              	.LASF60:
 2372 0647 725F7175 		.ascii	"r_queue\000"
 2372      65756500 
 2373              	.LASF71:
 2374 064f 76745F64 		.ascii	"vt_delta\000"
 2374      656C7461 
 2374      00
 2375              	.LASF55:
 2376 0658 63685F74 		.ascii	"ch_threads_list\000"
 2376      68726561 
 2376      64735F6C 
 2376      69737400 
 2377              	.LASF133:
 2378 0668 436F6E74 		.ascii	"ContBuffer\000"
 2378      42756666 
 2378      657200
 2379              	.LASF9:
 2380 0673 6C6F6E67 		.ascii	"long unsigned int\000"
 2380      20756E73 
 2380      69676E65 
 2380      6420696E 
 2380      7400
 2381              	.LASF127:
 2382 0685 63686172 		.ascii	"char\000"
 2382      00
 2383              	.LASF105:
 2384 068a 3136746D 		.ascii	"16tm_calibration_t\000"
 2384      5F63616C 
 2384      69627261 
 2384      74696F6E 
 2384      5F7400
 2385              	.LASF109:
 2386 069d 62657374 		.ascii	"best\000"
 2386      00
 2387              	.LASF126:
 2388 06a2 6D5F6E65 		.ascii	"m_next\000"
ARM GAS  C:\Users\Luis\AppData\Local\Temp\ccxMeQrH.s 			page 48


 2388      787400
 2389              	.LASF23:
 2390 06a9 73797374 		.ascii	"systime_t\000"
 2390      696D655F 
 2390      7400
 2391              	.LASF48:
 2392 06b3 705F7265 		.ascii	"p_realprio\000"
 2392      616C7072 
 2392      696F00
 2393              	.LASF66:
 2394 06be 76746675 		.ascii	"vtfunc_t\000"
 2394      6E635F74 
 2394      00
 2395              	.LASF79:
 2396 06c7 70616E69 		.ascii	"panic_msg\000"
 2396      635F6D73 
 2396      6700
 2397              	.LASF106:
 2398 06d1 6F666673 		.ascii	"offset\000"
 2398      657400
 2399              	.LASF155:
 2400 06d8 7E464952 		.ascii	"~FIR\000"
 2400      00
 2401              	.LASF93:
 2402 06dd 636F6E74 		.ascii	"context\000"
 2402      65787400 
 2403              	.LASF2:
 2404 06e5 756E7369 		.ascii	"unsigned char\000"
 2404      676E6564 
 2404      20636861 
 2404      7200
 2405              	.LASF44:
 2406 06f3 705F6D73 		.ascii	"p_msgqueue\000"
 2406      67717565 
 2406      756500
 2407              	.LASF73:
 2408 06fe 76745F70 		.ascii	"vt_par\000"
 2408      617200
 2409              	.LASF56:
 2410 0705 74687265 		.ascii	"threads_queue_t\000"
 2410      6164735F 
 2410      71756575 
 2410      655F7400 
 2411              	.LASF42:
 2412 0715 705F7265 		.ascii	"p_refs\000"
 2412      667300
 2413              	.LASF80:
 2414 071c 6973725F 		.ascii	"isr_cnt\000"
 2414      636E7400 
 2415              	.LASF131:
 2416 0724 4D617468 		.ascii	"MathOperation\000"
 2416      4F706572 
 2416      6174696F 
 2416      6E00
 2417              	.LASF24:
 2418 0732 74687265 		.ascii	"thread_t\000"
 2418      61645F74 
ARM GAS  C:\Users\Luis\AppData\Local\Temp\ccxMeQrH.s 			page 49


 2418      00
 2419              	.LASF135:
 2420 073b 44617461 		.ascii	"DataFilter\000"
 2420      46696C74 
 2420      657200
 2421              	.LASF85:
 2422 0746 726C6973 		.ascii	"rlist\000"
 2422      7400
 2423              	.LASF5:
 2424 074c 75696E74 		.ascii	"uint8_t\000"
 2424      385F7400 
 2425              	.LASF90:
 2426 0754 73697A65 		.ascii	"sizetype\000"
 2426      74797065 
 2426      00
 2427              	.LASF123:
 2428 075d 63685F6D 		.ascii	"ch_mutex\000"
 2428      75746578 
 2428      00
 2429              	.LASF38:
 2430 0766 705F6E61 		.ascii	"p_name\000"
 2430      6D6500
 2431              	.LASF144:
 2432 076d 5F417272 		.ascii	"_ArrayCoefficientsB\000"
 2432      6179436F 
 2432      65666669 
 2432      6369656E 
 2432      74734200 
 2433              	.LASF53:
 2434 0781 74687265 		.ascii	"threads_list_t\000"
 2434      6164735F 
 2434      6C697374 
 2434      5F7400
 2435              	.LASF82:
 2436 0790 74726163 		.ascii	"trace_buffer\000"
 2436      655F6275 
 2436      66666572 
 2436      00
 2437              	.LASF41:
 2438 079d 705F666C 		.ascii	"p_flags\000"
 2438      61677300 
 2439              	.LASF45:
 2440 07a5 705F6D73 		.ascii	"p_msg\000"
 2440      6700
 2441              	.LASF153:
 2442 07ab 64697265 		.ascii	"directFormI\000"
 2442      6374466F 
 2442      726D4900 
 2443              	.LASF117:
 2444 07b7 6D5F6372 		.ascii	"m_crit_thd\000"
 2444      69745F74 
 2444      686400
 2445              	.LASF125:
 2446 07c2 6D5F6F77 		.ascii	"m_owner\000"
 2446      6E657200 
 2447              	.LASF97:
 2448 07ca 73655F77 		.ascii	"se_wtobjp\000"
ARM GAS  C:\Users\Luis\AppData\Local\Temp\ccxMeQrH.s 			page 50


 2448      746F626A 
 2448      7000
 2449              	.LASF35:
 2450 07d4 705F6374 		.ascii	"p_ctx\000"
 2450      7800
 2451              	.LASF43:
 2452 07da 705F7761 		.ascii	"p_waiting\000"
 2452      6974696E 
 2452      6700
 2453              		.ident	"GCC: (GNU Tools for ARM Embedded Processors) 4.8.3 20131129 (release) [ARM/embedded-4_8-br
ARM GAS  C:\Users\Luis\AppData\Local\Temp\ccxMeQrH.s 			page 51


DEFINED SYMBOLS
                            *ABS*:00000000 FIR.cpp
C:\Users\Luis\AppData\Local\Temp\ccxMeQrH.s:19     .text._ZN3FIRD2Ev:00000000 $t
C:\Users\Luis\AppData\Local\Temp\ccxMeQrH.s:25     .text._ZN3FIRD2Ev:00000000 _ZN3FIRD2Ev
C:\Users\Luis\AppData\Local\Temp\ccxMeQrH.s:65     .text._ZN3FIRD2Ev:00000024 $d
C:\Users\Luis\AppData\Local\Temp\ccxMeQrH.s:266    .rodata._ZTV3FIR:00000000 _ZTV3FIR
C:\Users\Luis\AppData\Local\Temp\ccxMeQrH.s:25     .text._ZN3FIRD2Ev:00000000 _ZN3FIRD1Ev
C:\Users\Luis\AppData\Local\Temp\ccxMeQrH.s:72     .text._ZN3FIRD0Ev:00000000 $t
C:\Users\Luis\AppData\Local\Temp\ccxMeQrH.s:78     .text._ZN3FIRD0Ev:00000000 _ZN3FIRD0Ev
C:\Users\Luis\AppData\Local\Temp\ccxMeQrH.s:108    .text._ZN3FIR11directFormIEf:00000000 $t
C:\Users\Luis\AppData\Local\Temp\ccxMeQrH.s:114    .text._ZN3FIR11directFormIEf:00000000 _ZN3FIR11directFormIEf
C:\Users\Luis\AppData\Local\Temp\ccxMeQrH.s:211    .text._ZN3FIR20setInitialDataFilterEP10DataFilter:00000000 $t
C:\Users\Luis\AppData\Local\Temp\ccxMeQrH.s:217    .text._ZN3FIR20setInitialDataFilterEP10DataFilter:00000000 _ZN3FIR20setInitialDataFilterEP10DataFilter
C:\Users\Luis\AppData\Local\Temp\ccxMeQrH.s:263    .rodata._ZTV3FIR:00000000 $d
                     .debug_frame:00000010 $d
C:\Users\Luis\AppData\Local\Temp\ccxMeQrH.s:71     .text._ZN3FIRD2Ev:00000028 $t

UNDEFINED SYMBOLS
_ZdlPv
_ZNK10DataFilter15getArrayInputsXEv
_ZNK10DataFilter14getFilterOrderEv
_ZNK10DataFilter21getArrayCoefficientsBEv
_ZN10DataFilter9moveArrayEPf
_ZN12FuntionsMath3sumEiiPfS0_i
chHeapAlloc
_ZN10DataFilter16createArrayInputEv
