ARM GAS  C:\Users\Luis\AppData\Local\Temp\ccthZE7v.s 			page 1


   1              		.syntax unified
   2              		.cpu cortex-m4
   3              		.fpu softvfp
   4              		.eabi_attribute 20, 1
   5              		.eabi_attribute 21, 1
   6              		.eabi_attribute 23, 3
   7              		.eabi_attribute 24, 1
   8              		.eabi_attribute 25, 1
   9              		.eabi_attribute 26, 1
  10              		.eabi_attribute 30, 6
  11              		.eabi_attribute 34, 1
  12              		.eabi_attribute 18, 4
  13              		.thumb
  14              		.file	"FuntionsMath.cpp"
  15              		.text
  16              	.Ltext0:
  17              		.cfi_sections	.debug_frame
  18              		.section	.text._ZN12FuntionsMathC2Ev,"ax",%progbits
  19              		.align	2
  20              		.p2align 4,,15
  21              		.global	_ZN12FuntionsMathC2Ev
  22              		.thumb
  23              		.thumb_func
  24              		.type	_ZN12FuntionsMathC2Ev, %function
  25              	_ZN12FuntionsMathC2Ev:
  26              	.LFB1:
  27              		.file 1 "FuntionsMath.cpp"
  28              		.loc 1 11 0
  29              		.cfi_startproc
  30              		@ args = 0, pretend = 0, frame = 8
  31              		@ frame_needed = 1, uses_anonymous_args = 0
  32              		@ link register save eliminated.
  33 0000 80B4     		push	{r7}
  34              		.cfi_def_cfa_offset 4
  35              		.cfi_offset 7, -4
  36 0002 83B0     		sub	sp, sp, #12
  37              		.cfi_def_cfa_offset 16
  38 0004 00AF     		add	r7, sp, #0
  39              		.cfi_def_cfa_register 7
  40 0006 7860     		str	r0, [r7, #4]
  41              	.LBB2:
  42              		.loc 1 11 0
  43 0008 7B68     		ldr	r3, [r7, #4]
  44 000a 044A     		ldr	r2, .L4
  45 000c 1A60     		str	r2, [r3]
  46              	.LBE2:
  47              		.loc 1 13 0
  48 000e 7B68     		ldr	r3, [r7, #4]
  49 0010 1846     		mov	r0, r3
  50 0012 0C37     		adds	r7, r7, #12
  51 0014 BD46     		mov	sp, r7
  52              		@ sp needed
  53 0016 5DF8047B 		ldr	r7, [sp], #4
  54 001a 7047     		bx	lr
  55              	.L5:
  56              		.align	2
  57              	.L4:
ARM GAS  C:\Users\Luis\AppData\Local\Temp\ccthZE7v.s 			page 2


  58 001c 08000000 		.word	_ZTV12FuntionsMath+8
  59              		.cfi_endproc
  60              	.LFE1:
  61              		.size	_ZN12FuntionsMathC2Ev, .-_ZN12FuntionsMathC2Ev
  62              		.global	_ZN12FuntionsMathC1Ev
  63              		.thumb_set _ZN12FuntionsMathC1Ev,_ZN12FuntionsMathC2Ev
  64              		.global	__aeabi_fmul
  65              		.global	__aeabi_fadd
  66              		.section	.text._ZN12FuntionsMath3sumEiiPfS0_i,"ax",%progbits
  67              		.align	2
  68              		.p2align 4,,15
  69              		.global	_ZN12FuntionsMath3sumEiiPfS0_i
  70              		.thumb
  71              		.thumb_func
  72              		.type	_ZN12FuntionsMath3sumEiiPfS0_i, %function
  73              	_ZN12FuntionsMath3sumEiiPfS0_i:
  74              	.LFB3:
  75              		.loc 1 16 0
  76              		.cfi_startproc
  77              		@ args = 8, pretend = 0, frame = 24
  78              		@ frame_needed = 1, uses_anonymous_args = 0
  79 0000 80B5     		push	{r7, lr}
  80              		.cfi_def_cfa_offset 8
  81              		.cfi_offset 7, -8
  82              		.cfi_offset 14, -4
  83 0002 86B0     		sub	sp, sp, #24
  84              		.cfi_def_cfa_offset 32
  85 0004 00AF     		add	r7, sp, #0
  86              		.cfi_def_cfa_register 7
  87 0006 F860     		str	r0, [r7, #12]
  88 0008 B960     		str	r1, [r7, #8]
  89 000a 7A60     		str	r2, [r7, #4]
  90 000c 3B60     		str	r3, [r7]
  91              	.LBB3:
  92              		.loc 1 18 0
  93 000e 4FF00003 		mov	r3, #0
  94 0012 7B61     		str	r3, [r7, #20]	@ float
  95              		.loc 1 19 0
  96 0014 0023     		movs	r3, #0
  97 0016 3B61     		str	r3, [r7, #16]
  98              		.loc 1 21 0
  99 0018 FB68     		ldr	r3, [r7, #12]
 100 001a 7A68     		ldr	r2, [r7, #4]
 101 001c 5A60     		str	r2, [r3, #4]
 102 001e 21E0     		b	.L7
 103              	.L8:
 104              		.loc 1 23 0 discriminator 2
 105 0020 7A6A     		ldr	r2, [r7, #36]
 106 0022 BB68     		ldr	r3, [r7, #8]
 107 0024 1344     		add	r3, r3, r2
 108 0026 3B61     		str	r3, [r7, #16]
 109              		.loc 1 24 0 discriminator 2
 110 0028 FB68     		ldr	r3, [r7, #12]
 111 002a 5B68     		ldr	r3, [r3, #4]
 112 002c 9B00     		lsls	r3, r3, #2
 113 002e 3A68     		ldr	r2, [r7]
 114 0030 1344     		add	r3, r3, r2
ARM GAS  C:\Users\Luis\AppData\Local\Temp\ccthZE7v.s 			page 3


 115 0032 1A68     		ldr	r2, [r3]	@ float
 116 0034 3B69     		ldr	r3, [r7, #16]
 117 0036 9B00     		lsls	r3, r3, #2
 118 0038 396A     		ldr	r1, [r7, #32]
 119 003a 0B44     		add	r3, r3, r1
 120 003c 1B68     		ldr	r3, [r3]	@ float
 121 003e 1046     		mov	r0, r2
 122 0040 1946     		mov	r1, r3
 123 0042 FFF7FEFF 		bl	__aeabi_fmul
 124 0046 0346     		mov	r3, r0
 125 0048 7869     		ldr	r0, [r7, #20]	@ float
 126 004a 1946     		mov	r1, r3
 127 004c FFF7FEFF 		bl	__aeabi_fadd
 128 0050 0346     		mov	r3, r0
 129 0052 7B61     		str	r3, [r7, #20]	@ float
 130              		.loc 1 26 0 discriminator 2
 131 0054 7B6A     		ldr	r3, [r7, #36]
 132 0056 013B     		subs	r3, r3, #1
 133 0058 7B62     		str	r3, [r7, #36]
 134              		.loc 1 21 0 discriminator 2
 135 005a FB68     		ldr	r3, [r7, #12]
 136 005c 5B68     		ldr	r3, [r3, #4]
 137 005e 5A1C     		adds	r2, r3, #1
 138 0060 FB68     		ldr	r3, [r7, #12]
 139 0062 5A60     		str	r2, [r3, #4]
 140              	.L7:
 141              		.loc 1 21 0 is_stmt 0 discriminator 1
 142 0064 FB68     		ldr	r3, [r7, #12]
 143 0066 5A68     		ldr	r2, [r3, #4]
 144 0068 BB68     		ldr	r3, [r7, #8]
 145 006a 9A42     		cmp	r2, r3
 146 006c D8DD     		ble	.L8
 147              		.loc 1 28 0 is_stmt 1
 148 006e 7B69     		ldr	r3, [r7, #20]	@ float
 149              	.LBE3:
 150              		.loc 1 29 0
 151 0070 1846     		mov	r0, r3
 152 0072 1837     		adds	r7, r7, #24
 153 0074 BD46     		mov	sp, r7
 154              		@ sp needed
 155 0076 80BD     		pop	{r7, pc}
 156              		.cfi_endproc
 157              	.LFE3:
 158              		.size	_ZN12FuntionsMath3sumEiiPfS0_i, .-_ZN12FuntionsMath3sumEiiPfS0_i
 159 0078 AFF30080 		.section	.text._ZN12FuntionsMathD2Ev,"ax",%progbits
 159      AFF30080 
 160              		.align	2
 161              		.p2align 4,,15
 162              		.global	_ZN12FuntionsMathD2Ev
 163              		.thumb
 164              		.thumb_func
 165              		.type	_ZN12FuntionsMathD2Ev, %function
 166              	_ZN12FuntionsMathD2Ev:
 167              	.LFB5:
 168              		.loc 1 32 0
 169              		.cfi_startproc
 170              		@ args = 0, pretend = 0, frame = 8
ARM GAS  C:\Users\Luis\AppData\Local\Temp\ccthZE7v.s 			page 4


 171              		@ frame_needed = 1, uses_anonymous_args = 0
 172 0000 80B5     		push	{r7, lr}
 173              		.cfi_def_cfa_offset 8
 174              		.cfi_offset 7, -8
 175              		.cfi_offset 14, -4
 176 0002 82B0     		sub	sp, sp, #8
 177              		.cfi_def_cfa_offset 16
 178 0004 00AF     		add	r7, sp, #0
 179              		.cfi_def_cfa_register 7
 180 0006 7860     		str	r0, [r7, #4]
 181              	.LBB4:
 182              		.loc 1 32 0
 183 0008 7B68     		ldr	r3, [r7, #4]
 184 000a 064A     		ldr	r2, .L14
 185 000c 1A60     		str	r2, [r3]
 186              	.LBE4:
 187              		.loc 1 34 0
 188 000e 0023     		movs	r3, #0
 189 0010 002B     		cmp	r3, #0
 190 0012 02D0     		beq	.L12
 191              		.loc 1 34 0 is_stmt 0 discriminator 1
 192 0014 7868     		ldr	r0, [r7, #4]
 193 0016 FFF7FEFF 		bl	_ZdlPv
 194              	.L12:
 195              		.loc 1 34 0 discriminator 2
 196 001a 7B68     		ldr	r3, [r7, #4]
 197 001c 1846     		mov	r0, r3
 198 001e 0837     		adds	r7, r7, #8
 199 0020 BD46     		mov	sp, r7
 200              		@ sp needed
 201 0022 80BD     		pop	{r7, pc}
 202              	.L15:
 203              		.align	2
 204              	.L14:
 205 0024 08000000 		.word	_ZTV12FuntionsMath+8
 206              		.cfi_endproc
 207              	.LFE5:
 208              		.size	_ZN12FuntionsMathD2Ev, .-_ZN12FuntionsMathD2Ev
 209              		.global	_ZN12FuntionsMathD1Ev
 210              		.thumb_set _ZN12FuntionsMathD1Ev,_ZN12FuntionsMathD2Ev
 211 0028 AFF30080 		.section	.text._ZN12FuntionsMathD0Ev,"ax",%progbits
 211      AFF30080 
 212              		.align	2
 213              		.p2align 4,,15
 214              		.global	_ZN12FuntionsMathD0Ev
 215              		.thumb
 216              		.thumb_func
 217              		.type	_ZN12FuntionsMathD0Ev, %function
 218              	_ZN12FuntionsMathD0Ev:
 219              	.LFB7:
 220              		.loc 1 32 0 is_stmt 1
 221              		.cfi_startproc
 222              		@ args = 0, pretend = 0, frame = 8
 223              		@ frame_needed = 1, uses_anonymous_args = 0
 224 0000 80B5     		push	{r7, lr}
 225              		.cfi_def_cfa_offset 8
 226              		.cfi_offset 7, -8
ARM GAS  C:\Users\Luis\AppData\Local\Temp\ccthZE7v.s 			page 5


 227              		.cfi_offset 14, -4
 228 0002 82B0     		sub	sp, sp, #8
 229              		.cfi_def_cfa_offset 16
 230 0004 00AF     		add	r7, sp, #0
 231              		.cfi_def_cfa_register 7
 232 0006 7860     		str	r0, [r7, #4]
 233              		.loc 1 34 0
 234 0008 7868     		ldr	r0, [r7, #4]
 235 000a FFF7FEFF 		bl	_ZN12FuntionsMathD1Ev
 236 000e 7868     		ldr	r0, [r7, #4]
 237 0010 FFF7FEFF 		bl	_ZdlPv
 238 0014 7B68     		ldr	r3, [r7, #4]
 239 0016 1846     		mov	r0, r3
 240 0018 0837     		adds	r7, r7, #8
 241 001a BD46     		mov	sp, r7
 242              		@ sp needed
 243 001c 80BD     		pop	{r7, pc}
 244              		.cfi_endproc
 245              	.LFE7:
 246              		.size	_ZN12FuntionsMathD0Ev, .-_ZN12FuntionsMathD0Ev
 247              		.global	_ZTV12FuntionsMath
 248 001e 00BF     		.section	.rodata._ZTV12FuntionsMath,"a",%progbits
 249              		.align	3
 250              		.type	_ZTV12FuntionsMath, %object
 251              		.size	_ZTV12FuntionsMath, 16
 252              	_ZTV12FuntionsMath:
 253 0000 00000000 		.word	0
 254 0004 00000000 		.word	0
 255 0008 00000000 		.word	_ZN12FuntionsMathD1Ev
 256 000c 00000000 		.word	_ZN12FuntionsMathD0Ev
 257              		.text
 258              	.Letext0:
 259              		.file 2 "header/FuntionsMath.h"
 260              		.section	.debug_info,"",%progbits
 261              	.Ldebug_info0:
 262 0000 55020000 		.4byte	0x255
 263 0004 0400     		.2byte	0x4
 264 0006 00000000 		.4byte	.Ldebug_abbrev0
 265 000a 04       		.byte	0x4
 266 000b 01       		.uleb128 0x1
 267 000c 00000000 		.4byte	.LASF15
 268 0010 04       		.byte	0x4
 269 0011 28020000 		.4byte	.LASF16
 270 0015 E1010000 		.4byte	.LASF17
 271 0019 00000000 		.4byte	.Ldebug_ranges0+0
 272 001d 00000000 		.4byte	0
 273 0021 00000000 		.4byte	.Ldebug_line0
 274 0025 02       		.uleb128 0x2
 275 0026 C8010000 		.4byte	.LASF18
 276 002a 08       		.byte	0x8
 277 002b 02       		.byte	0x2
 278 002c 0B       		.byte	0xb
 279 002d 25000000 		.4byte	0x25
 280 0031 DB000000 		.4byte	0xdb
 281 0035 03       		.uleb128 0x3
 282 0036 EE000000 		.4byte	.LASF0
 283 003a ED000000 		.4byte	0xed
ARM GAS  C:\Users\Luis\AppData\Local\Temp\ccthZE7v.s 			page 6


 284 003e 00       		.byte	0
 285 003f 01       		.byte	0x1
 286 0040 04       		.uleb128 0x4
 287 0041 9F010000 		.4byte	.LASF1
 288 0045 02       		.byte	0x2
 289 0046 26       		.byte	0x26
 290 0047 E6000000 		.4byte	0xe6
 291 004b 04       		.byte	0x4
 292 004c 05       		.uleb128 0x5
 293 004d C8010000 		.4byte	.LASF18
 294 0051 FD000000 		.4byte	0xfd
 295 0055 01       		.byte	0x1
 296 0056 5E000000 		.4byte	0x5e
 297 005a 69000000 		.4byte	0x69
 298 005e 06       		.uleb128 0x6
 299 005f FD000000 		.4byte	0xfd
 300 0063 07       		.uleb128 0x7
 301 0064 03010000 		.4byte	0x103
 302 0068 00       		.byte	0
 303 0069 08       		.uleb128 0x8
 304 006a C8010000 		.4byte	.LASF18
 305 006e 01       		.byte	0x1
 306 006f 0B       		.byte	0xb
 307 0070 FD000000 		.4byte	0xfd
 308 0074 01       		.byte	0x1
 309 0075 7D000000 		.4byte	0x7d
 310 0079 83000000 		.4byte	0x83
 311 007d 06       		.uleb128 0x6
 312 007e FD000000 		.4byte	0xfd
 313 0082 00       		.byte	0
 314 0083 09       		.uleb128 0x9
 315 0084 73756D00 		.ascii	"sum\000"
 316 0088 01       		.byte	0x1
 317 0089 0F       		.byte	0xf
 318 008a 2D010000 		.4byte	.LASF19
 319 008e 0E010000 		.4byte	0x10e
 320 0092 01       		.byte	0x1
 321 0093 9B000000 		.4byte	0x9b
 322 0097 BA000000 		.4byte	0xba
 323 009b 06       		.uleb128 0x6
 324 009c FD000000 		.4byte	0xfd
 325 00a0 07       		.uleb128 0x7
 326 00a1 E6000000 		.4byte	0xe6
 327 00a5 07       		.uleb128 0x7
 328 00a6 E6000000 		.4byte	0xe6
 329 00aa 07       		.uleb128 0x7
 330 00ab 15010000 		.4byte	0x115
 331 00af 07       		.uleb128 0x7
 332 00b0 15010000 		.4byte	0x115
 333 00b4 07       		.uleb128 0x7
 334 00b5 E6000000 		.4byte	0xe6
 335 00b9 00       		.byte	0
 336 00ba 0A       		.uleb128 0xa
 337 00bb BA010000 		.4byte	.LASF2
 338 00bf 01       		.byte	0x1
 339 00c0 20       		.byte	0x20
 340 00c1 1B010000 		.4byte	0x11b
ARM GAS  C:\Users\Luis\AppData\Local\Temp\ccthZE7v.s 			page 7


 341 00c5 01       		.byte	0x1
 342 00c6 25000000 		.4byte	0x25
 343 00ca 01       		.byte	0x1
 344 00cb CF000000 		.4byte	0xcf
 345 00cf 06       		.uleb128 0x6
 346 00d0 FD000000 		.4byte	0xfd
 347 00d4 06       		.uleb128 0x6
 348 00d5 E6000000 		.4byte	0xe6
 349 00d9 00       		.byte	0
 350 00da 00       		.byte	0
 351 00db 0B       		.uleb128 0xb
 352 00dc E6000000 		.4byte	0xe6
 353 00e0 E6000000 		.4byte	0xe6
 354 00e4 0C       		.uleb128 0xc
 355 00e5 00       		.byte	0
 356 00e6 0D       		.uleb128 0xd
 357 00e7 04       		.byte	0x4
 358 00e8 05       		.byte	0x5
 359 00e9 696E7400 		.ascii	"int\000"
 360 00ed 0E       		.uleb128 0xe
 361 00ee 04       		.byte	0x4
 362 00ef F3000000 		.4byte	0xf3
 363 00f3 0F       		.uleb128 0xf
 364 00f4 04       		.byte	0x4
 365 00f5 53010000 		.4byte	.LASF20
 366 00f9 DB000000 		.4byte	0xdb
 367 00fd 0E       		.uleb128 0xe
 368 00fe 04       		.byte	0x4
 369 00ff 25000000 		.4byte	0x25
 370 0103 10       		.uleb128 0x10
 371 0104 04       		.byte	0x4
 372 0105 09010000 		.4byte	0x109
 373 0109 11       		.uleb128 0x11
 374 010a 25000000 		.4byte	0x25
 375 010e 12       		.uleb128 0x12
 376 010f 04       		.byte	0x4
 377 0110 04       		.byte	0x4
 378 0111 63010000 		.4byte	.LASF3
 379 0115 0E       		.uleb128 0xe
 380 0116 04       		.byte	0x4
 381 0117 0E010000 		.4byte	0x10e
 382 011b 13       		.uleb128 0x13
 383 011c 04       		.byte	0x4
 384 011d 14       		.uleb128 0x14
 385 011e 69000000 		.4byte	0x69
 386 0122 00       		.byte	0
 387 0123 2B010000 		.4byte	0x12b
 388 0127 35010000 		.4byte	0x135
 389 012b 15       		.uleb128 0x15
 390 012c 81010000 		.4byte	.LASF11
 391 0130 35010000 		.4byte	0x135
 392 0134 00       		.byte	0
 393 0135 11       		.uleb128 0x11
 394 0136 FD000000 		.4byte	0xfd
 395 013a 16       		.uleb128 0x16
 396 013b 1D010000 		.4byte	0x11d
 397 013f 01010000 		.4byte	.LASF13
ARM GAS  C:\Users\Luis\AppData\Local\Temp\ccthZE7v.s 			page 8


 398 0143 00000000 		.4byte	.LFB1
 399 0147 20000000 		.4byte	.LFE1-.LFB1
 400 014b 01       		.uleb128 0x1
 401 014c 9C       		.byte	0x9c
 402 014d 55010000 		.4byte	0x155
 403 0151 5E010000 		.4byte	0x15e
 404 0155 17       		.uleb128 0x17
 405 0156 2B010000 		.4byte	0x12b
 406 015a 02       		.uleb128 0x2
 407 015b 91       		.byte	0x91
 408 015c 74       		.sleb128 -12
 409 015d 00       		.byte	0
 410 015e 18       		.uleb128 0x18
 411 015f 83000000 		.4byte	0x83
 412 0163 00000000 		.4byte	.LFB3
 413 0167 78000000 		.4byte	.LFE3-.LFB3
 414 016b 01       		.uleb128 0x1
 415 016c 9C       		.byte	0x9c
 416 016d 75010000 		.4byte	0x175
 417 0171 EE010000 		.4byte	0x1ee
 418 0175 19       		.uleb128 0x19
 419 0176 81010000 		.4byte	.LASF11
 420 017a 35010000 		.4byte	0x135
 421 017e 02       		.uleb128 0x2
 422 017f 91       		.byte	0x91
 423 0180 6C       		.sleb128 -20
 424 0181 1A       		.uleb128 0x1a
 425 0182 93010000 		.4byte	.LASF4
 426 0186 01       		.byte	0x1
 427 0187 0F       		.byte	0xf
 428 0188 E6000000 		.4byte	0xe6
 429 018c 02       		.uleb128 0x2
 430 018d 91       		.byte	0x91
 431 018e 68       		.sleb128 -24
 432 018f 1A       		.uleb128 0x1a
 433 0190 D5010000 		.4byte	.LASF5
 434 0194 01       		.byte	0x1
 435 0195 0F       		.byte	0xf
 436 0196 E6000000 		.4byte	0xe6
 437 019a 02       		.uleb128 0x2
 438 019b 91       		.byte	0x91
 439 019c 64       		.sleb128 -28
 440 019d 1A       		.uleb128 0x1a
 441 019e 1A020000 		.4byte	.LASF6
 442 01a2 01       		.byte	0x1
 443 01a3 0F       		.byte	0xf
 444 01a4 15010000 		.4byte	0x115
 445 01a8 02       		.uleb128 0x2
 446 01a9 91       		.byte	0x91
 447 01aa 60       		.sleb128 -32
 448 01ab 1A       		.uleb128 0x1a
 449 01ac 4C010000 		.4byte	.LASF7
 450 01b0 01       		.byte	0x1
 451 01b1 10       		.byte	0x10
 452 01b2 15010000 		.4byte	0x115
 453 01b6 02       		.uleb128 0x2
 454 01b7 91       		.byte	0x91
ARM GAS  C:\Users\Luis\AppData\Local\Temp\ccthZE7v.s 			page 9


 455 01b8 00       		.sleb128 0
 456 01b9 1A       		.uleb128 0x1a
 457 01ba 69010000 		.4byte	.LASF8
 458 01be 01       		.byte	0x1
 459 01bf 10       		.byte	0x10
 460 01c0 E6000000 		.4byte	0xe6
 461 01c4 02       		.uleb128 0x2
 462 01c5 91       		.byte	0x91
 463 01c6 04       		.sleb128 4
 464 01c7 1B       		.uleb128 0x1b
 465 01c8 0E000000 		.4byte	.LBB3
 466 01cc 62000000 		.4byte	.LBE3-.LBB3
 467 01d0 1C       		.uleb128 0x1c
 468 01d1 6F010000 		.4byte	.LASF9
 469 01d5 01       		.byte	0x1
 470 01d6 12       		.byte	0x12
 471 01d7 0E010000 		.4byte	0x10e
 472 01db 02       		.uleb128 0x2
 473 01dc 91       		.byte	0x91
 474 01dd 74       		.sleb128 -12
 475 01de 1C       		.uleb128 0x1c
 476 01df 86010000 		.4byte	.LASF10
 477 01e3 01       		.byte	0x1
 478 01e4 13       		.byte	0x13
 479 01e5 E6000000 		.4byte	0xe6
 480 01e9 02       		.uleb128 0x2
 481 01ea 91       		.byte	0x91
 482 01eb 70       		.sleb128 -16
 483 01ec 00       		.byte	0
 484 01ed 00       		.byte	0
 485 01ee 14       		.uleb128 0x14
 486 01ef BA000000 		.4byte	0xba
 487 01f3 00       		.byte	0
 488 01f4 FC010000 		.4byte	0x1fc
 489 01f8 0F020000 		.4byte	0x20f
 490 01fc 15       		.uleb128 0x15
 491 01fd 81010000 		.4byte	.LASF11
 492 0201 35010000 		.4byte	0x135
 493 0205 15       		.uleb128 0x15
 494 0206 77010000 		.4byte	.LASF12
 495 020a 0F020000 		.4byte	0x20f
 496 020e 00       		.byte	0
 497 020f 11       		.uleb128 0x11
 498 0210 E6000000 		.4byte	0xe6
 499 0214 1D       		.uleb128 0x1d
 500 0215 EE010000 		.4byte	0x1ee
 501 0219 A4010000 		.4byte	.LASF14
 502 021d 00000000 		.4byte	.LFB5
 503 0221 28000000 		.4byte	.LFE5-.LFB5
 504 0225 01       		.uleb128 0x1
 505 0226 9C       		.byte	0x9c
 506 0227 2F020000 		.4byte	0x22f
 507 022b 38020000 		.4byte	0x238
 508 022f 17       		.uleb128 0x17
 509 0230 FC010000 		.4byte	0x1fc
 510 0234 02       		.uleb128 0x2
 511 0235 91       		.byte	0x91
ARM GAS  C:\Users\Luis\AppData\Local\Temp\ccthZE7v.s 			page 10


 512 0236 74       		.sleb128 -12
 513 0237 00       		.byte	0
 514 0238 1E       		.uleb128 0x1e
 515 0239 EE010000 		.4byte	0x1ee
 516 023d 17010000 		.4byte	.LASF21
 517 0241 00000000 		.4byte	.LFB7
 518 0245 1E000000 		.4byte	.LFE7-.LFB7
 519 0249 01       		.uleb128 0x1
 520 024a 9C       		.byte	0x9c
 521 024b 4F020000 		.4byte	0x24f
 522 024f 17       		.uleb128 0x17
 523 0250 FC010000 		.4byte	0x1fc
 524 0254 02       		.uleb128 0x2
 525 0255 91       		.byte	0x91
 526 0256 74       		.sleb128 -12
 527 0257 00       		.byte	0
 528 0258 00       		.byte	0
 529              		.section	.debug_abbrev,"",%progbits
 530              	.Ldebug_abbrev0:
 531 0000 01       		.uleb128 0x1
 532 0001 11       		.uleb128 0x11
 533 0002 01       		.byte	0x1
 534 0003 25       		.uleb128 0x25
 535 0004 0E       		.uleb128 0xe
 536 0005 13       		.uleb128 0x13
 537 0006 0B       		.uleb128 0xb
 538 0007 03       		.uleb128 0x3
 539 0008 0E       		.uleb128 0xe
 540 0009 1B       		.uleb128 0x1b
 541 000a 0E       		.uleb128 0xe
 542 000b 55       		.uleb128 0x55
 543 000c 17       		.uleb128 0x17
 544 000d 11       		.uleb128 0x11
 545 000e 01       		.uleb128 0x1
 546 000f 10       		.uleb128 0x10
 547 0010 17       		.uleb128 0x17
 548 0011 00       		.byte	0
 549 0012 00       		.byte	0
 550 0013 02       		.uleb128 0x2
 551 0014 02       		.uleb128 0x2
 552 0015 01       		.byte	0x1
 553 0016 03       		.uleb128 0x3
 554 0017 0E       		.uleb128 0xe
 555 0018 0B       		.uleb128 0xb
 556 0019 0B       		.uleb128 0xb
 557 001a 3A       		.uleb128 0x3a
 558 001b 0B       		.uleb128 0xb
 559 001c 3B       		.uleb128 0x3b
 560 001d 0B       		.uleb128 0xb
 561 001e 1D       		.uleb128 0x1d
 562 001f 13       		.uleb128 0x13
 563 0020 01       		.uleb128 0x1
 564 0021 13       		.uleb128 0x13
 565 0022 00       		.byte	0
 566 0023 00       		.byte	0
 567 0024 03       		.uleb128 0x3
 568 0025 0D       		.uleb128 0xd
ARM GAS  C:\Users\Luis\AppData\Local\Temp\ccthZE7v.s 			page 11


 569 0026 00       		.byte	0
 570 0027 03       		.uleb128 0x3
 571 0028 0E       		.uleb128 0xe
 572 0029 49       		.uleb128 0x49
 573 002a 13       		.uleb128 0x13
 574 002b 38       		.uleb128 0x38
 575 002c 0B       		.uleb128 0xb
 576 002d 34       		.uleb128 0x34
 577 002e 19       		.uleb128 0x19
 578 002f 32       		.uleb128 0x32
 579 0030 0B       		.uleb128 0xb
 580 0031 00       		.byte	0
 581 0032 00       		.byte	0
 582 0033 04       		.uleb128 0x4
 583 0034 0D       		.uleb128 0xd
 584 0035 00       		.byte	0
 585 0036 03       		.uleb128 0x3
 586 0037 0E       		.uleb128 0xe
 587 0038 3A       		.uleb128 0x3a
 588 0039 0B       		.uleb128 0xb
 589 003a 3B       		.uleb128 0x3b
 590 003b 0B       		.uleb128 0xb
 591 003c 49       		.uleb128 0x49
 592 003d 13       		.uleb128 0x13
 593 003e 38       		.uleb128 0x38
 594 003f 0B       		.uleb128 0xb
 595 0040 00       		.byte	0
 596 0041 00       		.byte	0
 597 0042 05       		.uleb128 0x5
 598 0043 2E       		.uleb128 0x2e
 599 0044 01       		.byte	0x1
 600 0045 3F       		.uleb128 0x3f
 601 0046 19       		.uleb128 0x19
 602 0047 03       		.uleb128 0x3
 603 0048 0E       		.uleb128 0xe
 604 0049 49       		.uleb128 0x49
 605 004a 13       		.uleb128 0x13
 606 004b 34       		.uleb128 0x34
 607 004c 19       		.uleb128 0x19
 608 004d 32       		.uleb128 0x32
 609 004e 0B       		.uleb128 0xb
 610 004f 3C       		.uleb128 0x3c
 611 0050 19       		.uleb128 0x19
 612 0051 64       		.uleb128 0x64
 613 0052 13       		.uleb128 0x13
 614 0053 01       		.uleb128 0x1
 615 0054 13       		.uleb128 0x13
 616 0055 00       		.byte	0
 617 0056 00       		.byte	0
 618 0057 06       		.uleb128 0x6
 619 0058 05       		.uleb128 0x5
 620 0059 00       		.byte	0
 621 005a 49       		.uleb128 0x49
 622 005b 13       		.uleb128 0x13
 623 005c 34       		.uleb128 0x34
 624 005d 19       		.uleb128 0x19
 625 005e 00       		.byte	0
ARM GAS  C:\Users\Luis\AppData\Local\Temp\ccthZE7v.s 			page 12


 626 005f 00       		.byte	0
 627 0060 07       		.uleb128 0x7
 628 0061 05       		.uleb128 0x5
 629 0062 00       		.byte	0
 630 0063 49       		.uleb128 0x49
 631 0064 13       		.uleb128 0x13
 632 0065 00       		.byte	0
 633 0066 00       		.byte	0
 634 0067 08       		.uleb128 0x8
 635 0068 2E       		.uleb128 0x2e
 636 0069 01       		.byte	0x1
 637 006a 3F       		.uleb128 0x3f
 638 006b 19       		.uleb128 0x19
 639 006c 03       		.uleb128 0x3
 640 006d 0E       		.uleb128 0xe
 641 006e 3A       		.uleb128 0x3a
 642 006f 0B       		.uleb128 0xb
 643 0070 3B       		.uleb128 0x3b
 644 0071 0B       		.uleb128 0xb
 645 0072 49       		.uleb128 0x49
 646 0073 13       		.uleb128 0x13
 647 0074 32       		.uleb128 0x32
 648 0075 0B       		.uleb128 0xb
 649 0076 3C       		.uleb128 0x3c
 650 0077 19       		.uleb128 0x19
 651 0078 64       		.uleb128 0x64
 652 0079 13       		.uleb128 0x13
 653 007a 01       		.uleb128 0x1
 654 007b 13       		.uleb128 0x13
 655 007c 00       		.byte	0
 656 007d 00       		.byte	0
 657 007e 09       		.uleb128 0x9
 658 007f 2E       		.uleb128 0x2e
 659 0080 01       		.byte	0x1
 660 0081 3F       		.uleb128 0x3f
 661 0082 19       		.uleb128 0x19
 662 0083 03       		.uleb128 0x3
 663 0084 08       		.uleb128 0x8
 664 0085 3A       		.uleb128 0x3a
 665 0086 0B       		.uleb128 0xb
 666 0087 3B       		.uleb128 0x3b
 667 0088 0B       		.uleb128 0xb
 668 0089 6E       		.uleb128 0x6e
 669 008a 0E       		.uleb128 0xe
 670 008b 49       		.uleb128 0x49
 671 008c 13       		.uleb128 0x13
 672 008d 32       		.uleb128 0x32
 673 008e 0B       		.uleb128 0xb
 674 008f 3C       		.uleb128 0x3c
 675 0090 19       		.uleb128 0x19
 676 0091 64       		.uleb128 0x64
 677 0092 13       		.uleb128 0x13
 678 0093 01       		.uleb128 0x1
 679 0094 13       		.uleb128 0x13
 680 0095 00       		.byte	0
 681 0096 00       		.byte	0
 682 0097 0A       		.uleb128 0xa
ARM GAS  C:\Users\Luis\AppData\Local\Temp\ccthZE7v.s 			page 13


 683 0098 2E       		.uleb128 0x2e
 684 0099 01       		.byte	0x1
 685 009a 3F       		.uleb128 0x3f
 686 009b 19       		.uleb128 0x19
 687 009c 03       		.uleb128 0x3
 688 009d 0E       		.uleb128 0xe
 689 009e 3A       		.uleb128 0x3a
 690 009f 0B       		.uleb128 0xb
 691 00a0 3B       		.uleb128 0x3b
 692 00a1 0B       		.uleb128 0xb
 693 00a2 49       		.uleb128 0x49
 694 00a3 13       		.uleb128 0x13
 695 00a4 4C       		.uleb128 0x4c
 696 00a5 0B       		.uleb128 0xb
 697 00a6 1D       		.uleb128 0x1d
 698 00a7 13       		.uleb128 0x13
 699 00a8 32       		.uleb128 0x32
 700 00a9 0B       		.uleb128 0xb
 701 00aa 3C       		.uleb128 0x3c
 702 00ab 19       		.uleb128 0x19
 703 00ac 64       		.uleb128 0x64
 704 00ad 13       		.uleb128 0x13
 705 00ae 00       		.byte	0
 706 00af 00       		.byte	0
 707 00b0 0B       		.uleb128 0xb
 708 00b1 15       		.uleb128 0x15
 709 00b2 01       		.byte	0x1
 710 00b3 49       		.uleb128 0x49
 711 00b4 13       		.uleb128 0x13
 712 00b5 01       		.uleb128 0x1
 713 00b6 13       		.uleb128 0x13
 714 00b7 00       		.byte	0
 715 00b8 00       		.byte	0
 716 00b9 0C       		.uleb128 0xc
 717 00ba 18       		.uleb128 0x18
 718 00bb 00       		.byte	0
 719 00bc 00       		.byte	0
 720 00bd 00       		.byte	0
 721 00be 0D       		.uleb128 0xd
 722 00bf 24       		.uleb128 0x24
 723 00c0 00       		.byte	0
 724 00c1 0B       		.uleb128 0xb
 725 00c2 0B       		.uleb128 0xb
 726 00c3 3E       		.uleb128 0x3e
 727 00c4 0B       		.uleb128 0xb
 728 00c5 03       		.uleb128 0x3
 729 00c6 08       		.uleb128 0x8
 730 00c7 00       		.byte	0
 731 00c8 00       		.byte	0
 732 00c9 0E       		.uleb128 0xe
 733 00ca 0F       		.uleb128 0xf
 734 00cb 00       		.byte	0
 735 00cc 0B       		.uleb128 0xb
 736 00cd 0B       		.uleb128 0xb
 737 00ce 49       		.uleb128 0x49
 738 00cf 13       		.uleb128 0x13
 739 00d0 00       		.byte	0
ARM GAS  C:\Users\Luis\AppData\Local\Temp\ccthZE7v.s 			page 14


 740 00d1 00       		.byte	0
 741 00d2 0F       		.uleb128 0xf
 742 00d3 0F       		.uleb128 0xf
 743 00d4 00       		.byte	0
 744 00d5 0B       		.uleb128 0xb
 745 00d6 0B       		.uleb128 0xb
 746 00d7 03       		.uleb128 0x3
 747 00d8 0E       		.uleb128 0xe
 748 00d9 49       		.uleb128 0x49
 749 00da 13       		.uleb128 0x13
 750 00db 00       		.byte	0
 751 00dc 00       		.byte	0
 752 00dd 10       		.uleb128 0x10
 753 00de 10       		.uleb128 0x10
 754 00df 00       		.byte	0
 755 00e0 0B       		.uleb128 0xb
 756 00e1 0B       		.uleb128 0xb
 757 00e2 49       		.uleb128 0x49
 758 00e3 13       		.uleb128 0x13
 759 00e4 00       		.byte	0
 760 00e5 00       		.byte	0
 761 00e6 11       		.uleb128 0x11
 762 00e7 26       		.uleb128 0x26
 763 00e8 00       		.byte	0
 764 00e9 49       		.uleb128 0x49
 765 00ea 13       		.uleb128 0x13
 766 00eb 00       		.byte	0
 767 00ec 00       		.byte	0
 768 00ed 12       		.uleb128 0x12
 769 00ee 24       		.uleb128 0x24
 770 00ef 00       		.byte	0
 771 00f0 0B       		.uleb128 0xb
 772 00f1 0B       		.uleb128 0xb
 773 00f2 3E       		.uleb128 0x3e
 774 00f3 0B       		.uleb128 0xb
 775 00f4 03       		.uleb128 0x3
 776 00f5 0E       		.uleb128 0xe
 777 00f6 00       		.byte	0
 778 00f7 00       		.byte	0
 779 00f8 13       		.uleb128 0x13
 780 00f9 0F       		.uleb128 0xf
 781 00fa 00       		.byte	0
 782 00fb 0B       		.uleb128 0xb
 783 00fc 0B       		.uleb128 0xb
 784 00fd 00       		.byte	0
 785 00fe 00       		.byte	0
 786 00ff 14       		.uleb128 0x14
 787 0100 2E       		.uleb128 0x2e
 788 0101 01       		.byte	0x1
 789 0102 47       		.uleb128 0x47
 790 0103 13       		.uleb128 0x13
 791 0104 20       		.uleb128 0x20
 792 0105 0B       		.uleb128 0xb
 793 0106 64       		.uleb128 0x64
 794 0107 13       		.uleb128 0x13
 795 0108 01       		.uleb128 0x1
 796 0109 13       		.uleb128 0x13
ARM GAS  C:\Users\Luis\AppData\Local\Temp\ccthZE7v.s 			page 15


 797 010a 00       		.byte	0
 798 010b 00       		.byte	0
 799 010c 15       		.uleb128 0x15
 800 010d 05       		.uleb128 0x5
 801 010e 00       		.byte	0
 802 010f 03       		.uleb128 0x3
 803 0110 0E       		.uleb128 0xe
 804 0111 49       		.uleb128 0x49
 805 0112 13       		.uleb128 0x13
 806 0113 34       		.uleb128 0x34
 807 0114 19       		.uleb128 0x19
 808 0115 00       		.byte	0
 809 0116 00       		.byte	0
 810 0117 16       		.uleb128 0x16
 811 0118 2E       		.uleb128 0x2e
 812 0119 01       		.byte	0x1
 813 011a 31       		.uleb128 0x31
 814 011b 13       		.uleb128 0x13
 815 011c 6E       		.uleb128 0x6e
 816 011d 0E       		.uleb128 0xe
 817 011e 11       		.uleb128 0x11
 818 011f 01       		.uleb128 0x1
 819 0120 12       		.uleb128 0x12
 820 0121 06       		.uleb128 0x6
 821 0122 40       		.uleb128 0x40
 822 0123 18       		.uleb128 0x18
 823 0124 64       		.uleb128 0x64
 824 0125 13       		.uleb128 0x13
 825 0126 9742     		.uleb128 0x2117
 826 0128 19       		.uleb128 0x19
 827 0129 01       		.uleb128 0x1
 828 012a 13       		.uleb128 0x13
 829 012b 00       		.byte	0
 830 012c 00       		.byte	0
 831 012d 17       		.uleb128 0x17
 832 012e 05       		.uleb128 0x5
 833 012f 00       		.byte	0
 834 0130 31       		.uleb128 0x31
 835 0131 13       		.uleb128 0x13
 836 0132 02       		.uleb128 0x2
 837 0133 18       		.uleb128 0x18
 838 0134 00       		.byte	0
 839 0135 00       		.byte	0
 840 0136 18       		.uleb128 0x18
 841 0137 2E       		.uleb128 0x2e
 842 0138 01       		.byte	0x1
 843 0139 47       		.uleb128 0x47
 844 013a 13       		.uleb128 0x13
 845 013b 11       		.uleb128 0x11
 846 013c 01       		.uleb128 0x1
 847 013d 12       		.uleb128 0x12
 848 013e 06       		.uleb128 0x6
 849 013f 40       		.uleb128 0x40
 850 0140 18       		.uleb128 0x18
 851 0141 64       		.uleb128 0x64
 852 0142 13       		.uleb128 0x13
 853 0143 9642     		.uleb128 0x2116
ARM GAS  C:\Users\Luis\AppData\Local\Temp\ccthZE7v.s 			page 16


 854 0145 19       		.uleb128 0x19
 855 0146 01       		.uleb128 0x1
 856 0147 13       		.uleb128 0x13
 857 0148 00       		.byte	0
 858 0149 00       		.byte	0
 859 014a 19       		.uleb128 0x19
 860 014b 05       		.uleb128 0x5
 861 014c 00       		.byte	0
 862 014d 03       		.uleb128 0x3
 863 014e 0E       		.uleb128 0xe
 864 014f 49       		.uleb128 0x49
 865 0150 13       		.uleb128 0x13
 866 0151 34       		.uleb128 0x34
 867 0152 19       		.uleb128 0x19
 868 0153 02       		.uleb128 0x2
 869 0154 18       		.uleb128 0x18
 870 0155 00       		.byte	0
 871 0156 00       		.byte	0
 872 0157 1A       		.uleb128 0x1a
 873 0158 05       		.uleb128 0x5
 874 0159 00       		.byte	0
 875 015a 03       		.uleb128 0x3
 876 015b 0E       		.uleb128 0xe
 877 015c 3A       		.uleb128 0x3a
 878 015d 0B       		.uleb128 0xb
 879 015e 3B       		.uleb128 0x3b
 880 015f 0B       		.uleb128 0xb
 881 0160 49       		.uleb128 0x49
 882 0161 13       		.uleb128 0x13
 883 0162 02       		.uleb128 0x2
 884 0163 18       		.uleb128 0x18
 885 0164 00       		.byte	0
 886 0165 00       		.byte	0
 887 0166 1B       		.uleb128 0x1b
 888 0167 0B       		.uleb128 0xb
 889 0168 01       		.byte	0x1
 890 0169 11       		.uleb128 0x11
 891 016a 01       		.uleb128 0x1
 892 016b 12       		.uleb128 0x12
 893 016c 06       		.uleb128 0x6
 894 016d 00       		.byte	0
 895 016e 00       		.byte	0
 896 016f 1C       		.uleb128 0x1c
 897 0170 34       		.uleb128 0x34
 898 0171 00       		.byte	0
 899 0172 03       		.uleb128 0x3
 900 0173 0E       		.uleb128 0xe
 901 0174 3A       		.uleb128 0x3a
 902 0175 0B       		.uleb128 0xb
 903 0176 3B       		.uleb128 0x3b
 904 0177 0B       		.uleb128 0xb
 905 0178 49       		.uleb128 0x49
 906 0179 13       		.uleb128 0x13
 907 017a 02       		.uleb128 0x2
 908 017b 18       		.uleb128 0x18
 909 017c 00       		.byte	0
 910 017d 00       		.byte	0
ARM GAS  C:\Users\Luis\AppData\Local\Temp\ccthZE7v.s 			page 17


 911 017e 1D       		.uleb128 0x1d
 912 017f 2E       		.uleb128 0x2e
 913 0180 01       		.byte	0x1
 914 0181 31       		.uleb128 0x31
 915 0182 13       		.uleb128 0x13
 916 0183 6E       		.uleb128 0x6e
 917 0184 0E       		.uleb128 0xe
 918 0185 11       		.uleb128 0x11
 919 0186 01       		.uleb128 0x1
 920 0187 12       		.uleb128 0x12
 921 0188 06       		.uleb128 0x6
 922 0189 40       		.uleb128 0x40
 923 018a 18       		.uleb128 0x18
 924 018b 64       		.uleb128 0x64
 925 018c 13       		.uleb128 0x13
 926 018d 9642     		.uleb128 0x2116
 927 018f 19       		.uleb128 0x19
 928 0190 01       		.uleb128 0x1
 929 0191 13       		.uleb128 0x13
 930 0192 00       		.byte	0
 931 0193 00       		.byte	0
 932 0194 1E       		.uleb128 0x1e
 933 0195 2E       		.uleb128 0x2e
 934 0196 01       		.byte	0x1
 935 0197 31       		.uleb128 0x31
 936 0198 13       		.uleb128 0x13
 937 0199 6E       		.uleb128 0x6e
 938 019a 0E       		.uleb128 0xe
 939 019b 11       		.uleb128 0x11
 940 019c 01       		.uleb128 0x1
 941 019d 12       		.uleb128 0x12
 942 019e 06       		.uleb128 0x6
 943 019f 40       		.uleb128 0x40
 944 01a0 18       		.uleb128 0x18
 945 01a1 64       		.uleb128 0x64
 946 01a2 13       		.uleb128 0x13
 947 01a3 9642     		.uleb128 0x2116
 948 01a5 19       		.uleb128 0x19
 949 01a6 00       		.byte	0
 950 01a7 00       		.byte	0
 951 01a8 00       		.byte	0
 952              		.section	.debug_aranges,"",%progbits
 953 0000 34000000 		.4byte	0x34
 954 0004 0200     		.2byte	0x2
 955 0006 00000000 		.4byte	.Ldebug_info0
 956 000a 04       		.byte	0x4
 957 000b 00       		.byte	0
 958 000c 0000     		.2byte	0
 959 000e 0000     		.2byte	0
 960 0010 00000000 		.4byte	.LFB1
 961 0014 20000000 		.4byte	.LFE1-.LFB1
 962 0018 00000000 		.4byte	.LFB3
 963 001c 78000000 		.4byte	.LFE3-.LFB3
 964 0020 00000000 		.4byte	.LFB5
 965 0024 28000000 		.4byte	.LFE5-.LFB5
 966 0028 00000000 		.4byte	.LFB7
 967 002c 1E000000 		.4byte	.LFE7-.LFB7
ARM GAS  C:\Users\Luis\AppData\Local\Temp\ccthZE7v.s 			page 18


 968 0030 00000000 		.4byte	0
 969 0034 00000000 		.4byte	0
 970              		.section	.debug_ranges,"",%progbits
 971              	.Ldebug_ranges0:
 972 0000 00000000 		.4byte	.LFB1
 973 0004 20000000 		.4byte	.LFE1
 974 0008 00000000 		.4byte	.LFB3
 975 000c 78000000 		.4byte	.LFE3
 976 0010 00000000 		.4byte	.LFB5
 977 0014 28000000 		.4byte	.LFE5
 978 0018 00000000 		.4byte	.LFB7
 979 001c 1E000000 		.4byte	.LFE7
 980 0020 00000000 		.4byte	0
 981 0024 00000000 		.4byte	0
 982              		.section	.debug_line,"",%progbits
 983              	.Ldebug_line0:
 984 0000 B3000000 		.section	.debug_str,"MS",%progbits,1
 984      02004000 
 984      00000201 
 984      FB0E0D00 
 984      01010101 
 985              	.LASF15:
 986 0000 474E5520 		.ascii	"GNU C++ 4.8.3 20131129 (release) [ARM/embedded-4_8-"
 986      432B2B20 
 986      342E382E 
 986      33203230 
 986      31333131 
 987 0033 6272616E 		.ascii	"branch revision 205641] -mcpu=cortex-m4 -mapcs-fram"
 987      63682072 
 987      65766973 
 987      696F6E20 
 987      32303536 
 988 0066 65202D6D 		.ascii	"e -mno-thumb-interwork -mthumb -ggdb -O0 -falign-fu"
 988      6E6F2D74 
 988      68756D62 
 988      2D696E74 
 988      6572776F 
 989 0099 6E637469 		.ascii	"nctions=16 -ffunction-sections -fdata-sections -fno"
 989      6F6E733D 
 989      3136202D 
 989      6666756E 
 989      6374696F 
 990 00cc 2D636F6D 		.ascii	"-common -fno-rtti -fno-exceptions\000"
 990      6D6F6E20 
 990      2D666E6F 
 990      2D727474 
 990      69202D66 
 991              	.LASF0:
 992 00ee 5F767074 		.ascii	"_vptr.FuntionsMath\000"
 992      722E4675 
 992      6E74696F 
 992      6E734D61 
 992      746800
 993              	.LASF13:
 994 0101 5F5A4E31 		.ascii	"_ZN12FuntionsMathC2Ev\000"
 994      3246756E 
 994      74696F6E 
ARM GAS  C:\Users\Luis\AppData\Local\Temp\ccthZE7v.s 			page 19


 994      734D6174 
 994      68433245 
 995              	.LASF21:
 996 0117 5F5A4E31 		.ascii	"_ZN12FuntionsMathD0Ev\000"
 996      3246756E 
 996      74696F6E 
 996      734D6174 
 996      68443045 
 997              	.LASF19:
 998 012d 5F5A4E31 		.ascii	"_ZN12FuntionsMath3sumEiiPfS0_i\000"
 998      3246756E 
 998      74696F6E 
 998      734D6174 
 998      68337375 
 999              	.LASF7:
 1000 014c 70417272 		.ascii	"pArray\000"
 1000      617900
 1001              	.LASF20:
 1002 0153 5F5F7674 		.ascii	"__vtbl_ptr_type\000"
 1002      626C5F70 
 1002      74725F74 
 1002      79706500 
 1003              	.LASF3:
 1004 0163 666C6F61 		.ascii	"float\000"
 1004      7400
 1005              	.LASF8:
 1006 0169 70436F6E 		.ascii	"pCont\000"
 1006      7400
 1007              	.LASF9:
 1008 016f 5F526573 		.ascii	"_Result\000"
 1008      756C7400 
 1009              	.LASF12:
 1010 0177 5F5F696E 		.ascii	"__in_chrg\000"
 1010      5F636872 
 1010      6700
 1011              	.LASF11:
 1012 0181 74686973 		.ascii	"this\000"
 1012      00
 1013              	.LASF10:
 1014 0186 5F506F73 		.ascii	"_PosInitCond\000"
 1014      496E6974 
 1014      436F6E64 
 1014      00
 1015              	.LASF4:
 1016 0193 70557070 		.ascii	"pUpperLimit\000"
 1016      65724C69 
 1016      6D697400 
 1017              	.LASF1:
 1018 019f 436F6E74 		.ascii	"Cont\000"
 1018      00
 1019              	.LASF14:
 1020 01a4 5F5A4E31 		.ascii	"_ZN12FuntionsMathD2Ev\000"
 1020      3246756E 
 1020      74696F6E 
 1020      734D6174 
 1020      68443245 
 1021              	.LASF2:
ARM GAS  C:\Users\Luis\AppData\Local\Temp\ccthZE7v.s 			page 20


 1022 01ba 7E46756E 		.ascii	"~FuntionsMath\000"
 1022      74696F6E 
 1022      734D6174 
 1022      6800
 1023              	.LASF18:
 1024 01c8 46756E74 		.ascii	"FuntionsMath\000"
 1024      696F6E73 
 1024      4D617468 
 1024      00
 1025              	.LASF5:
 1026 01d5 704C6F77 		.ascii	"pLowerLimit\000"
 1026      65724C69 
 1026      6D697400 
 1027              	.LASF17:
 1028 01e1 433A5C55 		.ascii	"C:\\Users\\Luis\\git\\DSP-Library-Lanin\\examples\\"
 1028      73657273 
 1028      5C4C7569 
 1028      735C6769 
 1028      745C4453 
 1029 020e 4453502D 		.ascii	"DSP-Library\000"
 1029      4C696272 
 1029      61727900 
 1030              	.LASF6:
 1031 021a 70436F65 		.ascii	"pCoefficients\000"
 1031      66666963 
 1031      69656E74 
 1031      7300
 1032              	.LASF16:
 1033 0228 46756E74 		.ascii	"FuntionsMath.cpp\000"
 1033      696F6E73 
 1033      4D617468 
 1033      2E637070 
 1033      00
 1034              		.ident	"GCC: (GNU Tools for ARM Embedded Processors) 4.8.3 20131129 (release) [ARM/embedded-4_8-br
ARM GAS  C:\Users\Luis\AppData\Local\Temp\ccthZE7v.s 			page 21


DEFINED SYMBOLS
                            *ABS*:00000000 FuntionsMath.cpp
C:\Users\Luis\AppData\Local\Temp\ccthZE7v.s:19     .text._ZN12FuntionsMathC2Ev:00000000 $t
C:\Users\Luis\AppData\Local\Temp\ccthZE7v.s:25     .text._ZN12FuntionsMathC2Ev:00000000 _ZN12FuntionsMathC2Ev
C:\Users\Luis\AppData\Local\Temp\ccthZE7v.s:58     .text._ZN12FuntionsMathC2Ev:0000001c $d
C:\Users\Luis\AppData\Local\Temp\ccthZE7v.s:252    .rodata._ZTV12FuntionsMath:00000000 _ZTV12FuntionsMath
C:\Users\Luis\AppData\Local\Temp\ccthZE7v.s:25     .text._ZN12FuntionsMathC2Ev:00000000 _ZN12FuntionsMathC1Ev
C:\Users\Luis\AppData\Local\Temp\ccthZE7v.s:67     .text._ZN12FuntionsMath3sumEiiPfS0_i:00000000 $t
C:\Users\Luis\AppData\Local\Temp\ccthZE7v.s:73     .text._ZN12FuntionsMath3sumEiiPfS0_i:00000000 _ZN12FuntionsMath3sumEiiPfS0_i
C:\Users\Luis\AppData\Local\Temp\ccthZE7v.s:160    .text._ZN12FuntionsMathD2Ev:00000000 $t
C:\Users\Luis\AppData\Local\Temp\ccthZE7v.s:166    .text._ZN12FuntionsMathD2Ev:00000000 _ZN12FuntionsMathD2Ev
C:\Users\Luis\AppData\Local\Temp\ccthZE7v.s:205    .text._ZN12FuntionsMathD2Ev:00000024 $d
C:\Users\Luis\AppData\Local\Temp\ccthZE7v.s:166    .text._ZN12FuntionsMathD2Ev:00000000 _ZN12FuntionsMathD1Ev
C:\Users\Luis\AppData\Local\Temp\ccthZE7v.s:212    .text._ZN12FuntionsMathD0Ev:00000000 $t
C:\Users\Luis\AppData\Local\Temp\ccthZE7v.s:218    .text._ZN12FuntionsMathD0Ev:00000000 _ZN12FuntionsMathD0Ev
C:\Users\Luis\AppData\Local\Temp\ccthZE7v.s:249    .rodata._ZTV12FuntionsMath:00000000 $d
                     .debug_frame:00000010 $d
C:\Users\Luis\AppData\Local\Temp\ccthZE7v.s:211    .text._ZN12FuntionsMathD2Ev:00000028 $t

UNDEFINED SYMBOLS
__aeabi_fmul
__aeabi_fadd
_ZdlPv
