ARM GAS  C:\Users\Luis\AppData\Local\Temp\cctkBl80.s 			page 1


   1              		.syntax unified
   2              		.cpu cortex-m4
   3              		.fpu softvfp
   4              		.eabi_attribute 20, 1
   5              		.eabi_attribute 21, 1
   6              		.eabi_attribute 23, 3
   7              		.eabi_attribute 24, 1
   8              		.eabi_attribute 25, 1
   9              		.eabi_attribute 26, 1
  10              		.eabi_attribute 30, 6
  11              		.eabi_attribute 34, 1
  12              		.eabi_attribute 18, 4
  13              		.thumb
  14              		.file	"IIR.cpp"
  15              		.text
  16              	.Ltext0:
  17              		.cfi_sections	.debug_frame
  18              		.global	__aeabi_fsub
  19              		.section	.text._ZN3IIR11directFormIEf,"ax",%progbits
  20              		.align	2
  21              		.p2align 4,,15
  22              		.global	_ZN3IIR11directFormIEf
  23              		.thumb
  24              		.thumb_func
  25              		.type	_ZN3IIR11directFormIEf, %function
  26              	_ZN3IIR11directFormIEf:
  27              	.LFB260:
  28              		.file 1 "IIR.cpp"
  29              		.loc 1 11 0
  30              		.cfi_startproc
  31              		@ args = 0, pretend = 0, frame = 48
  32              		@ frame_needed = 1, uses_anonymous_args = 0
  33 0000 80B5     		push	{r7, lr}
  34              		.cfi_def_cfa_offset 8
  35              		.cfi_offset 7, -8
  36              		.cfi_offset 14, -4
  37 0002 8EB0     		sub	sp, sp, #56
  38              		.cfi_def_cfa_offset 64
  39 0004 02AF     		add	r7, sp, #8
  40              		.cfi_def_cfa 7, 56
  41 0006 7860     		str	r0, [r7, #4]
  42 0008 3960     		str	r1, [r7]	@ float
  43              	.LBB2:
  44              		.loc 1 14 0
  45 000a 7B68     		ldr	r3, [r7, #4]
  46 000c 9B68     		ldr	r3, [r3, #8]
  47 000e 1846     		mov	r0, r3
  48 0010 FFF7FEFF 		bl	_ZNK10DataFilter15getArrayInputsXEv
  49 0014 F862     		str	r0, [r7, #44]
  50              		.loc 1 15 0
  51 0016 7B68     		ldr	r3, [r7, #4]
  52 0018 9B68     		ldr	r3, [r3, #8]
  53 001a 1846     		mov	r0, r3
  54 001c FFF7FEFF 		bl	_ZNK10DataFilter15getArrayInputsYEv
  55 0020 B862     		str	r0, [r7, #40]
  56              		.loc 1 17 0
  57 0022 7B68     		ldr	r3, [r7, #4]
ARM GAS  C:\Users\Luis\AppData\Local\Temp\cctkBl80.s 			page 2


  58 0024 9B68     		ldr	r3, [r3, #8]
  59 0026 1846     		mov	r0, r3
  60 0028 FFF7FEFF 		bl	_ZNK10DataFilter14getFilterOrderEv
  61 002c 7862     		str	r0, [r7, #36]
  62              		.loc 1 20 0
  63 002e 4FF00003 		mov	r3, #0
  64 0032 3B62     		str	r3, [r7, #32]	@ float
  65              		.loc 1 21 0
  66 0034 7B68     		ldr	r3, [r7, #4]
  67 0036 9B68     		ldr	r3, [r3, #8]
  68 0038 1846     		mov	r0, r3
  69 003a FFF7FEFF 		bl	_ZNK10DataFilter21getArrayCoefficientsBEv
  70 003e F861     		str	r0, [r7, #28]
  71              		.loc 1 23 0
  72 0040 4FF00003 		mov	r3, #0
  73 0044 BB61     		str	r3, [r7, #24]	@ float
  74              		.loc 1 24 0
  75 0046 7B68     		ldr	r3, [r7, #4]
  76 0048 9B68     		ldr	r3, [r3, #8]
  77 004a 1846     		mov	r0, r3
  78 004c FFF7FEFF 		bl	_ZNK10DataFilter21getArrayCoefficientsAEv
  79 0050 7861     		str	r0, [r7, #20]
  80              		.loc 1 29 0
  81 0052 7B68     		ldr	r3, [r7, #4]
  82 0054 DB68     		ldr	r3, [r3, #12]
  83 0056 0A2B     		cmp	r3, #10
  84 0058 0ED1     		bne	.L2
  85              		.loc 1 30 0
  86 005a 7B68     		ldr	r3, [r7, #4]
  87 005c 9B68     		ldr	r3, [r3, #8]
  88 005e 1846     		mov	r0, r3
  89 0060 F96A     		ldr	r1, [r7, #44]
  90 0062 FFF7FEFF 		bl	_ZN10DataFilter9moveArrayEPf
  91              		.loc 1 31 0
  92 0066 7B68     		ldr	r3, [r7, #4]
  93 0068 9B68     		ldr	r3, [r3, #8]
  94 006a 1846     		mov	r0, r3
  95 006c B96A     		ldr	r1, [r7, #40]
  96 006e FFF7FEFF 		bl	_ZN10DataFilter9moveArrayEPf
  97              		.loc 1 32 0
  98 0072 7B68     		ldr	r3, [r7, #4]
  99 0074 0022     		movs	r2, #0
 100 0076 DA60     		str	r2, [r3, #12]
 101              	.L2:
 102              		.loc 1 35 0
 103 0078 7B68     		ldr	r3, [r7, #4]
 104 007a DA68     		ldr	r2, [r3, #12]
 105 007c 7B6A     		ldr	r3, [r7, #36]
 106 007e 1344     		add	r3, r3, r2
 107 0080 3B61     		str	r3, [r7, #16]
 108              		.loc 1 38 0
 109 0082 3B69     		ldr	r3, [r7, #16]
 110 0084 9B00     		lsls	r3, r3, #2
 111 0086 FA6A     		ldr	r2, [r7, #44]
 112 0088 1344     		add	r3, r3, r2
 113 008a 3A68     		ldr	r2, [r7]	@ float
 114 008c 1A60     		str	r2, [r3]	@ float
ARM GAS  C:\Users\Luis\AppData\Local\Temp\cctkBl80.s 			page 3


 115              		.loc 1 42 0
 116 008e 7B68     		ldr	r3, [r7, #4]
 117 0090 5B68     		ldr	r3, [r3, #4]
 118 0092 7A68     		ldr	r2, [r7, #4]
 119 0094 D268     		ldr	r2, [r2, #12]
 120 0096 F96A     		ldr	r1, [r7, #44]
 121 0098 0091     		str	r1, [sp]
 122 009a 0192     		str	r2, [sp, #4]
 123 009c 1846     		mov	r0, r3
 124 009e 796A     		ldr	r1, [r7, #36]
 125 00a0 0022     		movs	r2, #0
 126 00a2 FB69     		ldr	r3, [r7, #28]
 127 00a4 FFF7FEFF 		bl	_ZN12FuntionsMath3sumEiiPfS0_i
 128 00a8 3862     		str	r0, [r7, #32]	@ float
 129              		.loc 1 46 0
 130 00aa 7B68     		ldr	r3, [r7, #4]
 131 00ac 5A68     		ldr	r2, [r3, #4]
 132 00ae 7B6A     		ldr	r3, [r7, #36]
 133 00b0 013B     		subs	r3, r3, #1
 134 00b2 7968     		ldr	r1, [r7, #4]
 135 00b4 C968     		ldr	r1, [r1, #12]
 136 00b6 B86A     		ldr	r0, [r7, #40]
 137 00b8 0090     		str	r0, [sp]
 138 00ba 0191     		str	r1, [sp, #4]
 139 00bc 1046     		mov	r0, r2
 140 00be 1946     		mov	r1, r3
 141 00c0 0022     		movs	r2, #0
 142 00c2 7B69     		ldr	r3, [r7, #20]
 143 00c4 FFF7FEFF 		bl	_ZN12FuntionsMath3sumEiiPfS0_i
 144 00c8 B861     		str	r0, [r7, #24]	@ float
 145              		.loc 1 49 0
 146 00ca 386A     		ldr	r0, [r7, #32]	@ float
 147 00cc B969     		ldr	r1, [r7, #24]	@ float
 148 00ce FFF7FEFF 		bl	__aeabi_fsub
 149 00d2 0346     		mov	r3, r0
 150 00d4 FB60     		str	r3, [r7, #12]	@ float
 151              		.loc 1 52 0
 152 00d6 3B69     		ldr	r3, [r7, #16]
 153 00d8 9B00     		lsls	r3, r3, #2
 154 00da BA6A     		ldr	r2, [r7, #40]
 155 00dc 1344     		add	r3, r3, r2
 156 00de FA68     		ldr	r2, [r7, #12]	@ float
 157 00e0 1A60     		str	r2, [r3]	@ float
 158              		.loc 1 54 0
 159 00e2 7B68     		ldr	r3, [r7, #4]
 160 00e4 DB68     		ldr	r3, [r3, #12]
 161 00e6 5A1C     		adds	r2, r3, #1
 162 00e8 7B68     		ldr	r3, [r7, #4]
 163 00ea DA60     		str	r2, [r3, #12]
 164              		.loc 1 56 0
 165 00ec FB68     		ldr	r3, [r7, #12]	@ float
 166              	.LBE2:
 167              		.loc 1 58 0
 168 00ee 1846     		mov	r0, r3
 169 00f0 3037     		adds	r7, r7, #48
 170 00f2 BD46     		mov	sp, r7
 171              		@ sp needed
ARM GAS  C:\Users\Luis\AppData\Local\Temp\cctkBl80.s 			page 4


 172 00f4 80BD     		pop	{r7, pc}
 173              		.cfi_endproc
 174              	.LFE260:
 175              		.size	_ZN3IIR11directFormIEf, .-_ZN3IIR11directFormIEf
 176 00f6 00BFAFF3 		.text
 176      0080AFF3 
 176      0080
 177              	.Letext0:
 178              		.file 2 "c:\\emtechesdk\\gcc\\arm-none-eabi\\include\\stdint.h"
 179              		.file 3 "../../ChibiOS/os/rt/ports/ARMCMx/compilers/GCC/chtypes.h"
 180              		.file 4 "../../ChibiOS/os/rt/include/chsystypes.h"
 181              		.file 5 "../../ChibiOS/os/rt/include/chschd.h"
 182              		.file 6 "../../ChibiOS/os/rt/ports/ARMCMx/chcore.h"
 183              		.file 7 "../../ChibiOS/os/rt/ports/ARMCMx/chcore_v7m.h"
 184              		.file 8 "../../ChibiOS/os/rt/include/chdebug.h"
 185              		.file 9 "../../ChibiOS/os/rt/include/chtm.h"
 186              		.file 10 "../../ChibiOS/os/rt/include/chstats.h"
 187              		.file 11 "../../ChibiOS/os/rt/include/chsem.h"
 188              		.file 12 "../../ChibiOS/os/rt/include/chmtx.h"
 189              		.file 13 "../../ChibiOS/os/ext/CMSIS/include/core_cm4.h"
 190              		.section	.debug_info,"",%progbits
 191              	.Ldebug_info0:
 192 0000 B9080000 		.4byte	0x8b9
 193 0004 0400     		.2byte	0x4
 194 0006 00000000 		.4byte	.Ldebug_abbrev0
 195 000a 04       		.byte	0x4
 196 000b 01       		.uleb128 0x1
 197 000c 1F040000 		.4byte	.LASF141
 198 0010 04       		.byte	0x4
 199 0011 18070000 		.4byte	.LASF142
 200 0015 4B010000 		.4byte	.LASF143
 201 0019 00000000 		.4byte	.Ldebug_ranges0+0
 202 001d 00000000 		.4byte	0
 203 0021 00000000 		.4byte	.Ldebug_line0
 204 0025 02       		.uleb128 0x2
 205 0026 04       		.byte	0x4
 206 0027 05       		.byte	0x5
 207 0028 696E7400 		.ascii	"int\000"
 208 002c 03       		.uleb128 0x3
 209 002d 04       		.byte	0x4
 210 002e 07       		.byte	0x7
 211 002f 1D020000 		.4byte	.LASF0
 212 0033 03       		.uleb128 0x3
 213 0034 01       		.byte	0x1
 214 0035 06       		.byte	0x6
 215 0036 28010000 		.4byte	.LASF1
 216 003a 04       		.uleb128 0x4
 217 003b 98060000 		.4byte	.LASF5
 218 003f 02       		.byte	0x2
 219 0040 2A       		.byte	0x2a
 220 0041 45000000 		.4byte	0x45
 221 0045 03       		.uleb128 0x3
 222 0046 01       		.byte	0x1
 223 0047 08       		.byte	0x8
 224 0048 2D050000 		.4byte	.LASF2
 225 004c 03       		.uleb128 0x3
 226 004d 02       		.byte	0x2
ARM GAS  C:\Users\Luis\AppData\Local\Temp\cctkBl80.s 			page 5


 227 004e 05       		.byte	0x5
 228 004f 45050000 		.4byte	.LASF3
 229 0053 03       		.uleb128 0x3
 230 0054 02       		.byte	0x2
 231 0055 07       		.byte	0x7
 232 0056 66020000 		.4byte	.LASF4
 233 005a 04       		.uleb128 0x4
 234 005b 25050000 		.4byte	.LASF6
 235 005f 02       		.byte	0x2
 236 0060 4F       		.byte	0x4f
 237 0061 65000000 		.4byte	0x65
 238 0065 03       		.uleb128 0x3
 239 0066 04       		.byte	0x4
 240 0067 05       		.byte	0x5
 241 0068 8E010000 		.4byte	.LASF7
 242 006c 04       		.uleb128 0x4
 243 006d BC050000 		.4byte	.LASF8
 244 0071 02       		.byte	0x2
 245 0072 50       		.byte	0x50
 246 0073 77000000 		.4byte	0x77
 247 0077 03       		.uleb128 0x3
 248 0078 04       		.byte	0x4
 249 0079 07       		.byte	0x7
 250 007a ED050000 		.4byte	.LASF9
 251 007e 03       		.uleb128 0x3
 252 007f 08       		.byte	0x8
 253 0080 05       		.byte	0x5
 254 0081 1A010000 		.4byte	.LASF10
 255 0085 04       		.uleb128 0x4
 256 0086 29000000 		.4byte	.LASF11
 257 008a 02       		.byte	0x2
 258 008b 78       		.byte	0x78
 259 008c 90000000 		.4byte	0x90
 260 0090 03       		.uleb128 0x3
 261 0091 08       		.byte	0x8
 262 0092 07       		.byte	0x7
 263 0093 84000000 		.4byte	.LASF12
 264 0097 05       		.uleb128 0x5
 265 0098 5A000000 		.4byte	0x5a
 266 009c 04       		.uleb128 0x4
 267 009d 50060000 		.4byte	.LASF13
 268 00a1 03       		.byte	0x3
 269 00a2 45       		.byte	0x45
 270 00a3 6C000000 		.4byte	0x6c
 271 00a7 04       		.uleb128 0x4
 272 00a8 0A010000 		.4byte	.LASF14
 273 00ac 03       		.byte	0x3
 274 00ad 46       		.byte	0x46
 275 00ae 85000000 		.4byte	0x85
 276 00b2 04       		.uleb128 0x4
 277 00b3 C1020000 		.4byte	.LASF15
 278 00b7 03       		.byte	0x3
 279 00b8 48       		.byte	0x48
 280 00b9 3A000000 		.4byte	0x3a
 281 00bd 04       		.uleb128 0x4
 282 00be 97010000 		.4byte	.LASF16
 283 00c2 03       		.byte	0x3
ARM GAS  C:\Users\Luis\AppData\Local\Temp\cctkBl80.s 			page 6


 284 00c3 49       		.byte	0x49
 285 00c4 3A000000 		.4byte	0x3a
 286 00c8 04       		.uleb128 0x4
 287 00c9 F6030000 		.4byte	.LASF17
 288 00cd 03       		.byte	0x3
 289 00ce 4A       		.byte	0x4a
 290 00cf 3A000000 		.4byte	0x3a
 291 00d3 04       		.uleb128 0x4
 292 00d4 0D050000 		.4byte	.LASF18
 293 00d8 03       		.byte	0x3
 294 00d9 4C       		.byte	0x4c
 295 00da 6C000000 		.4byte	0x6c
 296 00de 04       		.uleb128 0x4
 297 00df A3020000 		.4byte	.LASF19
 298 00e3 03       		.byte	0x3
 299 00e4 4D       		.byte	0x4d
 300 00e5 5A000000 		.4byte	0x5a
 301 00e9 04       		.uleb128 0x4
 302 00ea E7020000 		.4byte	.LASF20
 303 00ee 03       		.byte	0x3
 304 00ef 4F       		.byte	0x4f
 305 00f0 6C000000 		.4byte	0x6c
 306 00f4 04       		.uleb128 0x4
 307 00f5 0C020000 		.4byte	.LASF21
 308 00f9 03       		.byte	0x3
 309 00fa 51       		.byte	0x51
 310 00fb 5A000000 		.4byte	0x5a
 311 00ff 04       		.uleb128 0x4
 312 0100 AE020000 		.4byte	.LASF22
 313 0104 03       		.byte	0x3
 314 0105 52       		.byte	0x52
 315 0106 6C000000 		.4byte	0x6c
 316 010a 04       		.uleb128 0x4
 317 010b 19060000 		.4byte	.LASF23
 318 010f 04       		.byte	0x4
 319 0110 33       		.byte	0x33
 320 0111 6C000000 		.4byte	0x6c
 321 0115 04       		.uleb128 0x4
 322 0116 04060000 		.4byte	.LASF24
 323 011a 04       		.byte	0x4
 324 011b 3F       		.byte	0x3f
 325 011c 20010000 		.4byte	0x120
 326 0120 06       		.uleb128 0x6
 327 0121 99020000 		.4byte	.LASF54
 328 0125 68       		.byte	0x68
 329 0126 05       		.byte	0x5
 330 0127 C2       		.byte	0xc2
 331 0128 90020000 		.4byte	0x290
 332 012c 07       		.uleb128 0x7
 333 012d 04       		.byte	0x4
 334 012e 05       		.byte	0x5
 335 012f FA       		.byte	0xfa
 336 0130 89010000 		.4byte	0x189
 337 0134 08       		.uleb128 0x8
 338 0135 22000000 		.4byte	.LASF25
 339 0139 05       		.byte	0x5
 340 013a 0101     		.2byte	0x101
ARM GAS  C:\Users\Luis\AppData\Local\Temp\cctkBl80.s 			page 7


 341 013c DE000000 		.4byte	0xde
 342 0140 08       		.uleb128 0x8
 343 0141 B6000000 		.4byte	.LASF26
 344 0145 05       		.byte	0x5
 345 0146 0801     		.2byte	0x108
 346 0148 DE000000 		.4byte	0xde
 347 014c 08       		.uleb128 0x8
 348 014d A0060000 		.4byte	.LASF27
 349 0151 05       		.byte	0x5
 350 0152 0F01     		.2byte	0x10f
 351 0154 78030000 		.4byte	0x378
 352 0158 08       		.uleb128 0x8
 353 0159 1C000000 		.4byte	.LASF28
 354 015d 05       		.byte	0x5
 355 015e 1601     		.2byte	0x116
 356 0160 F7060000 		.4byte	0x6f7
 357 0164 08       		.uleb128 0x8
 358 0165 32020000 		.4byte	.LASF29
 359 0169 05       		.byte	0x5
 360 016a 1E01     		.2byte	0x11e
 361 016c 22070000 		.4byte	0x722
 362 0170 08       		.uleb128 0x8
 363 0171 C5050000 		.4byte	.LASF30
 364 0175 05       		.byte	0x5
 365 0176 2701     		.2byte	0x127
 366 0178 59070000 		.4byte	0x759
 367 017c 08       		.uleb128 0x8
 368 017d 7D050000 		.4byte	.LASF31
 369 0181 05       		.byte	0x5
 370 0182 2F01     		.2byte	0x12f
 371 0184 E9000000 		.4byte	0xe9
 372 0188 00       		.byte	0
 373 0189 09       		.uleb128 0x9
 374 018a 84050000 		.4byte	.LASF32
 375 018e 05       		.byte	0x5
 376 018f C3       		.byte	0xc3
 377 0190 9B020000 		.4byte	0x29b
 378 0194 00       		.byte	0
 379 0195 09       		.uleb128 0x9
 380 0196 18040000 		.4byte	.LASF33
 381 019a 05       		.byte	0x5
 382 019b C5       		.byte	0xc5
 383 019c 9B020000 		.4byte	0x29b
 384 01a0 04       		.byte	0x4
 385 01a1 09       		.uleb128 0x9
 386 01a2 13010000 		.4byte	.LASF34
 387 01a6 05       		.byte	0x5
 388 01a7 C7       		.byte	0xc7
 389 01a8 D3000000 		.4byte	0xd3
 390 01ac 08       		.byte	0x8
 391 01ad 09       		.uleb128 0x9
 392 01ae 32070000 		.4byte	.LASF35
 393 01b2 05       		.byte	0x5
 394 01b3 C8       		.byte	0xc8
 395 01b4 04050000 		.4byte	0x504
 396 01b8 0C       		.byte	0xc
 397 01b9 09       		.uleb128 0x9
ARM GAS  C:\Users\Luis\AppData\Local\Temp\cctkBl80.s 			page 8


 398 01ba AB010000 		.4byte	.LASF36
 399 01be 05       		.byte	0x5
 400 01bf CA       		.byte	0xca
 401 01c0 9B020000 		.4byte	0x29b
 402 01c4 10       		.byte	0x10
 403 01c5 09       		.uleb128 0x9
 404 01c6 72030000 		.4byte	.LASF37
 405 01ca 05       		.byte	0x5
 406 01cb CB       		.byte	0xcb
 407 01cc 9B020000 		.4byte	0x29b
 408 01d0 14       		.byte	0x14
 409 01d1 09       		.uleb128 0x9
 410 01d2 15050000 		.4byte	.LASF38
 411 01d6 05       		.byte	0x5
 412 01d7 D2       		.byte	0xd2
 413 01d8 5F070000 		.4byte	0x75f
 414 01dc 18       		.byte	0x18
 415 01dd 09       		.uleb128 0x9
 416 01de 12020000 		.4byte	.LASF39
 417 01e2 05       		.byte	0x5
 418 01e3 D8       		.byte	0xd8
 419 01e4 71070000 		.4byte	0x771
 420 01e8 1C       		.byte	0x1c
 421 01e9 09       		.uleb128 0x9
 422 01ea 4F050000 		.4byte	.LASF40
 423 01ee 05       		.byte	0x5
 424 01ef DD       		.byte	0xdd
 425 01f0 BD000000 		.4byte	0xbd
 426 01f4 20       		.byte	0x20
 427 01f5 09       		.uleb128 0x9
 428 01f6 EB060000 		.4byte	.LASF41
 429 01fa 05       		.byte	0x5
 430 01fb E1       		.byte	0xe1
 431 01fc B2000000 		.4byte	0xb2
 432 0200 21       		.byte	0x21
 433 0201 09       		.uleb128 0x9
 434 0202 78060000 		.4byte	.LASF42
 435 0206 05       		.byte	0x5
 436 0207 E6       		.byte	0xe6
 437 0208 C8000000 		.4byte	0xc8
 438 020c 22       		.byte	0x22
 439 020d 0A       		.uleb128 0xa
 440 020e 705F7500 		.ascii	"p_u\000"
 441 0212 05       		.byte	0x5
 442 0213 3101     		.2byte	0x131
 443 0215 2C010000 		.4byte	0x12c
 444 0219 24       		.byte	0x24
 445 021a 0B       		.uleb128 0xb
 446 021b 1A030000 		.4byte	.LASF43
 447 021f 05       		.byte	0x5
 448 0220 3601     		.2byte	0x136
 449 0222 A1020000 		.4byte	0x2a1
 450 0226 28       		.byte	0x28
 451 0227 0B       		.uleb128 0xb
 452 0228 39020000 		.4byte	.LASF44
 453 022c 05       		.byte	0x5
 454 022d 3C01     		.2byte	0x13c
ARM GAS  C:\Users\Luis\AppData\Local\Temp\cctkBl80.s 			page 9


 455 022f C5020000 		.4byte	0x2c5
 456 0233 2C       		.byte	0x2c
 457 0234 0B       		.uleb128 0xb
 458 0235 F3060000 		.4byte	.LASF45
 459 0239 05       		.byte	0x5
 460 023a 4001     		.2byte	0x140
 461 023c DE000000 		.4byte	0xde
 462 0240 34       		.byte	0x34
 463 0241 0B       		.uleb128 0xb
 464 0242 B1050000 		.4byte	.LASF46
 465 0246 05       		.byte	0x5
 466 0247 4601     		.2byte	0x146
 467 0249 E9000000 		.4byte	0xe9
 468 024d 38       		.byte	0x38
 469 024e 0B       		.uleb128 0xb
 470 024f 3B050000 		.4byte	.LASF47
 471 0253 05       		.byte	0x5
 472 0254 4D01     		.2byte	0x14d
 473 0256 59070000 		.4byte	0x759
 474 025a 3C       		.byte	0x3c
 475 025b 0B       		.uleb128 0xb
 476 025c 23060000 		.4byte	.LASF48
 477 0260 05       		.byte	0x5
 478 0261 5101     		.2byte	0x151
 479 0263 D3000000 		.4byte	0xd3
 480 0267 40       		.byte	0x40
 481 0268 0B       		.uleb128 0xb
 482 0269 34010000 		.4byte	.LASF49
 483 026d 05       		.byte	0x5
 484 026e 5801     		.2byte	0x158
 485 0270 78030000 		.4byte	0x378
 486 0274 44       		.byte	0x44
 487 0275 0B       		.uleb128 0xb
 488 0276 8B050000 		.4byte	.LASF50
 489 027a 05       		.byte	0x5
 490 027b 5E01     		.2byte	0x15e
 491 027d A4060000 		.4byte	0x6a4
 492 0281 48       		.byte	0x48
 493 0282 0B       		.uleb128 0xb
 494 0283 44020000 		.4byte	.LASF51
 495 0287 05       		.byte	0x5
 496 0288 6201     		.2byte	0x162
 497 028a 78030000 		.4byte	0x378
 498 028e 60       		.byte	0x60
 499 028f 00       		.byte	0
 500 0290 04       		.uleb128 0x4
 501 0291 2D030000 		.4byte	.LASF52
 502 0295 04       		.byte	0x4
 503 0296 44       		.byte	0x44
 504 0297 9B020000 		.4byte	0x29b
 505 029b 0C       		.uleb128 0xc
 506 029c 04       		.byte	0x4
 507 029d 15010000 		.4byte	0x115
 508 02a1 04       		.uleb128 0x4
 509 02a2 CF060000 		.4byte	.LASF53
 510 02a6 04       		.byte	0x4
 511 02a7 49       		.byte	0x49
ARM GAS  C:\Users\Luis\AppData\Local\Temp\cctkBl80.s 			page 10


 512 02a8 AC020000 		.4byte	0x2ac
 513 02ac 06       		.uleb128 0x6
 514 02ad DD050000 		.4byte	.LASF55
 515 02b1 04       		.byte	0x4
 516 02b2 05       		.byte	0x5
 517 02b3 B0       		.byte	0xb0
 518 02b4 C5020000 		.4byte	0x2c5
 519 02b8 09       		.uleb128 0x9
 520 02b9 84050000 		.4byte	.LASF32
 521 02bd 05       		.byte	0x5
 522 02be B1       		.byte	0xb1
 523 02bf 9B020000 		.4byte	0x29b
 524 02c3 00       		.byte	0
 525 02c4 00       		.byte	0
 526 02c5 04       		.uleb128 0x4
 527 02c6 5F060000 		.4byte	.LASF56
 528 02ca 04       		.byte	0x4
 529 02cb 50       		.byte	0x50
 530 02cc D0020000 		.4byte	0x2d0
 531 02d0 06       		.uleb128 0x6
 532 02d1 4B000000 		.4byte	.LASF57
 533 02d5 08       		.byte	0x8
 534 02d6 05       		.byte	0x5
 535 02d7 B7       		.byte	0xb7
 536 02d8 F5020000 		.4byte	0x2f5
 537 02dc 09       		.uleb128 0x9
 538 02dd 84050000 		.4byte	.LASF32
 539 02e1 05       		.byte	0x5
 540 02e2 B8       		.byte	0xb8
 541 02e3 9B020000 		.4byte	0x29b
 542 02e7 00       		.byte	0
 543 02e8 09       		.uleb128 0x9
 544 02e9 18040000 		.4byte	.LASF33
 545 02ed 05       		.byte	0x5
 546 02ee B9       		.byte	0xb9
 547 02ef 9B020000 		.4byte	0x29b
 548 02f3 04       		.byte	0x4
 549 02f4 00       		.byte	0
 550 02f5 04       		.uleb128 0x4
 551 02f6 07000000 		.4byte	.LASF58
 552 02fa 04       		.byte	0x4
 553 02fb 57       		.byte	0x57
 554 02fc 00030000 		.4byte	0x300
 555 0300 0D       		.uleb128 0xd
 556 0301 D9020000 		.4byte	.LASF59
 557 0305 1C       		.byte	0x1c
 558 0306 05       		.byte	0x5
 559 0307 9001     		.2byte	0x190
 560 0309 5C030000 		.4byte	0x35c
 561 030d 0B       		.uleb128 0xb
 562 030e CC050000 		.4byte	.LASF60
 563 0312 05       		.byte	0x5
 564 0313 9101     		.2byte	0x191
 565 0315 C5020000 		.4byte	0x2c5
 566 0319 00       		.byte	0
 567 031a 0B       		.uleb128 0xb
 568 031b 69050000 		.4byte	.LASF61
ARM GAS  C:\Users\Luis\AppData\Local\Temp\cctkBl80.s 			page 11


 569 031f 05       		.byte	0x5
 570 0320 9201     		.2byte	0x192
 571 0322 D3000000 		.4byte	0xd3
 572 0326 08       		.byte	0x8
 573 0327 0B       		.uleb128 0xb
 574 0328 7A030000 		.4byte	.LASF62
 575 032c 05       		.byte	0x5
 576 032d 9401     		.2byte	0x194
 577 032f 04050000 		.4byte	0x504
 578 0333 0C       		.byte	0xc
 579 0334 0B       		.uleb128 0xb
 580 0335 C3010000 		.4byte	.LASF63
 581 0339 05       		.byte	0x5
 582 033a 9701     		.2byte	0x197
 583 033c 9B020000 		.4byte	0x29b
 584 0340 10       		.byte	0x10
 585 0341 0B       		.uleb128 0xb
 586 0342 C1030000 		.4byte	.LASF64
 587 0346 05       		.byte	0x5
 588 0347 9801     		.2byte	0x198
 589 0349 9B020000 		.4byte	0x29b
 590 034d 14       		.byte	0x14
 591 034e 0B       		.uleb128 0xb
 592 034f B7030000 		.4byte	.LASF65
 593 0353 05       		.byte	0x5
 594 0354 9B01     		.2byte	0x19b
 595 0356 9B020000 		.4byte	0x29b
 596 035a 18       		.byte	0x18
 597 035b 00       		.byte	0
 598 035c 04       		.uleb128 0x4
 599 035d 2E060000 		.4byte	.LASF66
 600 0361 04       		.byte	0x4
 601 0362 5C       		.byte	0x5c
 602 0363 67030000 		.4byte	0x367
 603 0367 0C       		.uleb128 0xc
 604 0368 04       		.byte	0x4
 605 0369 6D030000 		.4byte	0x36d
 606 036d 0E       		.uleb128 0xe
 607 036e 78030000 		.4byte	0x378
 608 0372 0F       		.uleb128 0xf
 609 0373 78030000 		.4byte	0x378
 610 0377 00       		.byte	0
 611 0378 10       		.uleb128 0x10
 612 0379 04       		.byte	0x4
 613 037a 04       		.uleb128 0x4
 614 037b 08040000 		.4byte	.LASF67
 615 037f 04       		.byte	0x4
 616 0380 61       		.byte	0x61
 617 0381 85030000 		.4byte	0x385
 618 0385 0D       		.uleb128 0xd
 619 0386 93050000 		.4byte	.LASF68
 620 038a 14       		.byte	0x14
 621 038b 05       		.byte	0x5
 622 038c 6B01     		.2byte	0x16b
 623 038e D4030000 		.4byte	0x3d4
 624 0392 0B       		.uleb128 0xb
 625 0393 2A020000 		.4byte	.LASF69
ARM GAS  C:\Users\Luis\AppData\Local\Temp\cctkBl80.s 			page 12


 626 0397 05       		.byte	0x5
 627 0398 6C01     		.2byte	0x16c
 628 039a 77070000 		.4byte	0x777
 629 039e 00       		.byte	0
 630 039f 0B       		.uleb128 0xb
 631 03a0 D4010000 		.4byte	.LASF70
 632 03a4 05       		.byte	0x5
 633 03a5 6D01     		.2byte	0x16d
 634 03a7 77070000 		.4byte	0x777
 635 03ab 04       		.byte	0x4
 636 03ac 0B       		.uleb128 0xb
 637 03ad D4050000 		.4byte	.LASF71
 638 03b1 05       		.byte	0x5
 639 03b2 6E01     		.2byte	0x16e
 640 03b4 0A010000 		.4byte	0x10a
 641 03b8 08       		.byte	0x8
 642 03b9 0B       		.uleb128 0xb
 643 03ba 38070000 		.4byte	.LASF72
 644 03be 05       		.byte	0x5
 645 03bf 6F01     		.2byte	0x16f
 646 03c1 5C030000 		.4byte	0x35c
 647 03c5 0C       		.byte	0xc
 648 03c6 0B       		.uleb128 0xb
 649 03c7 58060000 		.4byte	.LASF73
 650 03cb 05       		.byte	0x5
 651 03cc 7101     		.2byte	0x171
 652 03ce 78030000 		.4byte	0x378
 653 03d2 10       		.byte	0x10
 654 03d3 00       		.byte	0
 655 03d4 04       		.uleb128 0x4
 656 03d5 CA000000 		.4byte	.LASF74
 657 03d9 04       		.byte	0x4
 658 03da 66       		.byte	0x66
 659 03db DF030000 		.4byte	0x3df
 660 03df 0D       		.uleb128 0xd
 661 03e0 40030000 		.4byte	.LASF75
 662 03e4 10       		.byte	0x10
 663 03e5 05       		.byte	0x5
 664 03e6 7B01     		.2byte	0x17b
 665 03e8 21040000 		.4byte	0x421
 666 03ec 0B       		.uleb128 0xb
 667 03ed 2A020000 		.4byte	.LASF69
 668 03f1 05       		.byte	0x5
 669 03f2 7C01     		.2byte	0x17c
 670 03f4 77070000 		.4byte	0x777
 671 03f8 00       		.byte	0
 672 03f9 0B       		.uleb128 0xb
 673 03fa D4010000 		.4byte	.LASF70
 674 03fe 05       		.byte	0x5
 675 03ff 7E01     		.2byte	0x17e
 676 0401 77070000 		.4byte	0x777
 677 0405 04       		.byte	0x4
 678 0406 0B       		.uleb128 0xb
 679 0407 D4050000 		.4byte	.LASF71
 680 040b 05       		.byte	0x5
 681 040c 8001     		.2byte	0x180
 682 040e 0A010000 		.4byte	0x10a
ARM GAS  C:\Users\Luis\AppData\Local\Temp\cctkBl80.s 			page 13


 683 0412 08       		.byte	0x8
 684 0413 0B       		.uleb128 0xb
 685 0414 66030000 		.4byte	.LASF76
 686 0418 05       		.byte	0x5
 687 0419 8801     		.2byte	0x188
 688 041b 0A010000 		.4byte	0x10a
 689 041f 0C       		.byte	0xc
 690 0420 00       		.byte	0
 691 0421 04       		.uleb128 0x4
 692 0422 5C000000 		.4byte	.LASF77
 693 0426 04       		.byte	0x4
 694 0427 6B       		.byte	0x6b
 695 0428 2C040000 		.4byte	0x42c
 696 042c 11       		.uleb128 0x11
 697 042d DC010000 		.4byte	.LASF78
 698 0431 1404     		.2byte	0x414
 699 0433 05       		.byte	0x5
 700 0434 A201     		.2byte	0x1a2
 701 0436 6F040000 		.4byte	0x46f
 702 043a 0B       		.uleb128 0xb
 703 043b 37060000 		.4byte	.LASF79
 704 043f 05       		.byte	0x5
 705 0440 AA01     		.2byte	0x1aa
 706 0442 7D070000 		.4byte	0x77d
 707 0446 00       		.byte	0
 708 0447 0B       		.uleb128 0xb
 709 0448 7F060000 		.4byte	.LASF80
 710 044c 05       		.byte	0x5
 711 044d AF01     		.2byte	0x1af
 712 044f F4000000 		.4byte	0xf4
 713 0453 04       		.byte	0x4
 714 0454 0B       		.uleb128 0xb
 715 0455 F4010000 		.4byte	.LASF81
 716 0459 05       		.byte	0x5
 717 045a B301     		.2byte	0x1b3
 718 045c F4000000 		.4byte	0xf4
 719 0460 08       		.byte	0x8
 720 0461 0B       		.uleb128 0xb
 721 0462 DE060000 		.4byte	.LASF82
 722 0466 05       		.byte	0x5
 723 0467 B901     		.2byte	0x1b9
 724 0469 2E060000 		.4byte	0x62e
 725 046d 0C       		.byte	0xc
 726 046e 00       		.byte	0
 727 046f 04       		.uleb128 0x4
 728 0470 B5020000 		.4byte	.LASF83
 729 0474 04       		.byte	0x4
 730 0475 70       		.byte	0x70
 731 0476 7A040000 		.4byte	0x47a
 732 047a 11       		.uleb128 0x11
 733 047b 84010000 		.4byte	.LASF84
 734 047f E805     		.2byte	0x5e8
 735 0481 05       		.byte	0x5
 736 0482 C201     		.2byte	0x1c2
 737 0484 E7040000 		.4byte	0x4e7
 738 0488 0B       		.uleb128 0xb
 739 0489 92060000 		.4byte	.LASF85
ARM GAS  C:\Users\Luis\AppData\Local\Temp\cctkBl80.s 			page 14


 740 048d 05       		.byte	0x5
 741 048e C601     		.2byte	0x1c6
 742 0490 F5020000 		.4byte	0x2f5
 743 0494 00       		.byte	0
 744 0495 0B       		.uleb128 0xb
 745 0496 44010000 		.4byte	.LASF86
 746 049a 05       		.byte	0x5
 747 049b CA01     		.2byte	0x1ca
 748 049d D4030000 		.4byte	0x3d4
 749 04a1 1C       		.byte	0x1c
 750 04a2 0A       		.uleb128 0xa
 751 04a3 64626700 		.ascii	"dbg\000"
 752 04a7 05       		.byte	0x5
 753 04a8 CE01     		.2byte	0x1ce
 754 04aa 21040000 		.4byte	0x421
 755 04ae 2C       		.byte	0x2c
 756 04af 12       		.uleb128 0x12
 757 04b0 BF000000 		.4byte	.LASF87
 758 04b4 05       		.byte	0x5
 759 04b5 D201     		.2byte	0x1d2
 760 04b7 15010000 		.4byte	0x115
 761 04bb 4004     		.2byte	0x440
 762 04bd 13       		.uleb128 0x13
 763 04be 746D00   		.ascii	"tm\000"
 764 04c1 05       		.byte	0x5
 765 04c2 D701     		.2byte	0x1d7
 766 04c4 52060000 		.4byte	0x652
 767 04c8 A804     		.2byte	0x4a8
 768 04ca 12       		.uleb128 0x12
 769 04cb 32000000 		.4byte	.LASF88
 770 04cf 05       		.byte	0x5
 771 04d0 DD01     		.2byte	0x1dd
 772 04d2 EC060000 		.4byte	0x6ec
 773 04d6 B004     		.2byte	0x4b0
 774 04d8 12       		.uleb128 0x12
 775 04d9 FD010000 		.4byte	.LASF89
 776 04dd 05       		.byte	0x5
 777 04de E301     		.2byte	0x1e3
 778 04e0 82070000 		.4byte	0x782
 779 04e4 E804     		.2byte	0x4e8
 780 04e6 00       		.byte	0
 781 04e7 03       		.uleb128 0x3
 782 04e8 04       		.byte	0x4
 783 04e9 07       		.byte	0x7
 784 04ea 24030000 		.4byte	.LASF90
 785 04ee 04       		.uleb128 0x4
 786 04ef CB010000 		.4byte	.LASF91
 787 04f3 06       		.byte	0x6
 788 04f4 65       		.byte	0x65
 789 04f5 78030000 		.4byte	0x378
 790 04f9 04       		.uleb128 0x4
 791 04fa 07030000 		.4byte	.LASF92
 792 04fe 06       		.byte	0x6
 793 04ff 6D       		.byte	0x6d
 794 0500 85000000 		.4byte	0x85
 795 0504 06       		.uleb128 0x6
 796 0505 48060000 		.4byte	.LASF93
ARM GAS  C:\Users\Luis\AppData\Local\Temp\cctkBl80.s 			page 15


 797 0509 04       		.byte	0x4
 798 050a 06       		.byte	0x6
 799 050b 89       		.byte	0x89
 800 050c 1D050000 		.4byte	0x51d
 801 0510 14       		.uleb128 0x14
 802 0511 72313300 		.ascii	"r13\000"
 803 0515 06       		.byte	0x6
 804 0516 8A       		.byte	0x8a
 805 0517 98050000 		.4byte	0x598
 806 051b 00       		.byte	0
 807 051c 00       		.byte	0
 808 051d 06       		.uleb128 0x6
 809 051e 3F000000 		.4byte	.LASF94
 810 0522 24       		.byte	0x24
 811 0523 07       		.byte	0x7
 812 0524 F4       		.byte	0xf4
 813 0525 98050000 		.4byte	0x598
 814 0529 0A       		.uleb128 0xa
 815 052a 723400   		.ascii	"r4\000"
 816 052d 07       		.byte	0x7
 817 052e 0701     		.2byte	0x107
 818 0530 EE040000 		.4byte	0x4ee
 819 0534 00       		.byte	0
 820 0535 0A       		.uleb128 0xa
 821 0536 723500   		.ascii	"r5\000"
 822 0539 07       		.byte	0x7
 823 053a 0801     		.2byte	0x108
 824 053c EE040000 		.4byte	0x4ee
 825 0540 04       		.byte	0x4
 826 0541 0A       		.uleb128 0xa
 827 0542 723600   		.ascii	"r6\000"
 828 0545 07       		.byte	0x7
 829 0546 0901     		.2byte	0x109
 830 0548 EE040000 		.4byte	0x4ee
 831 054c 08       		.byte	0x8
 832 054d 0A       		.uleb128 0xa
 833 054e 723700   		.ascii	"r7\000"
 834 0551 07       		.byte	0x7
 835 0552 0A01     		.2byte	0x10a
 836 0554 EE040000 		.4byte	0x4ee
 837 0558 0C       		.byte	0xc
 838 0559 0A       		.uleb128 0xa
 839 055a 723800   		.ascii	"r8\000"
 840 055d 07       		.byte	0x7
 841 055e 0B01     		.2byte	0x10b
 842 0560 EE040000 		.4byte	0x4ee
 843 0564 10       		.byte	0x10
 844 0565 0A       		.uleb128 0xa
 845 0566 723900   		.ascii	"r9\000"
 846 0569 07       		.byte	0x7
 847 056a 0C01     		.2byte	0x10c
 848 056c EE040000 		.4byte	0x4ee
 849 0570 14       		.byte	0x14
 850 0571 0A       		.uleb128 0xa
 851 0572 72313000 		.ascii	"r10\000"
 852 0576 07       		.byte	0x7
 853 0577 0D01     		.2byte	0x10d
ARM GAS  C:\Users\Luis\AppData\Local\Temp\cctkBl80.s 			page 16


 854 0579 EE040000 		.4byte	0x4ee
 855 057d 18       		.byte	0x18
 856 057e 0A       		.uleb128 0xa
 857 057f 72313100 		.ascii	"r11\000"
 858 0583 07       		.byte	0x7
 859 0584 0E01     		.2byte	0x10e
 860 0586 EE040000 		.4byte	0x4ee
 861 058a 1C       		.byte	0x1c
 862 058b 0A       		.uleb128 0xa
 863 058c 6C7200   		.ascii	"lr\000"
 864 058f 07       		.byte	0x7
 865 0590 0F01     		.2byte	0x10f
 866 0592 EE040000 		.4byte	0x4ee
 867 0596 20       		.byte	0x20
 868 0597 00       		.byte	0
 869 0598 0C       		.uleb128 0xc
 870 0599 04       		.byte	0x4
 871 059a 1D050000 		.4byte	0x51d
 872 059e 15       		.uleb128 0x15
 873 059f 10       		.byte	0x10
 874 05a0 08       		.byte	0x8
 875 05a1 51       		.byte	0x51
 876 05a2 88020000 		.4byte	.LASF104
 877 05a6 DB050000 		.4byte	0x5db
 878 05aa 09       		.uleb128 0x9
 879 05ab 14000000 		.4byte	.LASF95
 880 05af 08       		.byte	0x8
 881 05b0 55       		.byte	0x55
 882 05b1 0A010000 		.4byte	0x10a
 883 05b5 00       		.byte	0
 884 05b6 09       		.uleb128 0x9
 885 05b7 A0010000 		.4byte	.LASF96
 886 05bb 08       		.byte	0x8
 887 05bc 59       		.byte	0x59
 888 05bd 9B020000 		.4byte	0x29b
 889 05c1 04       		.byte	0x4
 890 05c2 09       		.uleb128 0x9
 891 05c3 28070000 		.4byte	.LASF97
 892 05c7 08       		.byte	0x8
 893 05c8 5D       		.byte	0x5d
 894 05c9 78030000 		.4byte	0x378
 895 05cd 08       		.byte	0x8
 896 05ce 09       		.uleb128 0x9
 897 05cf AD000000 		.4byte	.LASF98
 898 05d3 08       		.byte	0x8
 899 05d4 61       		.byte	0x61
 900 05d5 3A000000 		.4byte	0x3a
 901 05d9 0C       		.byte	0xc
 902 05da 00       		.byte	0
 903 05db 04       		.uleb128 0x4
 904 05dc 57030000 		.4byte	.LASF99
 905 05e0 08       		.byte	0x8
 906 05e1 62       		.byte	0x62
 907 05e2 9E050000 		.4byte	0x59e
 908 05e6 16       		.uleb128 0x16
 909 05e7 0804     		.2byte	0x408
 910 05e9 08       		.byte	0x8
ARM GAS  C:\Users\Luis\AppData\Local\Temp\cctkBl80.s 			page 17


 911 05ea 67       		.byte	0x67
 912 05eb F3020000 		.4byte	.LASF144
 913 05ef 18060000 		.4byte	0x618
 914 05f3 09       		.uleb128 0x9
 915 05f4 BB010000 		.4byte	.LASF100
 916 05f8 08       		.byte	0x8
 917 05f9 6B       		.byte	0x6b
 918 05fa 2C000000 		.4byte	0x2c
 919 05fe 00       		.byte	0
 920 05ff 09       		.uleb128 0x9
 921 0600 00000000 		.4byte	.LASF101
 922 0604 08       		.byte	0x8
 923 0605 6F       		.byte	0x6f
 924 0606 18060000 		.4byte	0x618
 925 060a 04       		.byte	0x4
 926 060b 09       		.uleb128 0x9
 927 060c FE030000 		.4byte	.LASF102
 928 0610 08       		.byte	0x8
 929 0611 73       		.byte	0x73
 930 0612 1E060000 		.4byte	0x61e
 931 0616 08       		.byte	0x8
 932 0617 00       		.byte	0
 933 0618 0C       		.uleb128 0xc
 934 0619 04       		.byte	0x4
 935 061a DB050000 		.4byte	0x5db
 936 061e 17       		.uleb128 0x17
 937 061f DB050000 		.4byte	0x5db
 938 0623 2E060000 		.4byte	0x62e
 939 0627 18       		.uleb128 0x18
 940 0628 E7040000 		.4byte	0x4e7
 941 062c 3F       		.byte	0x3f
 942 062d 00       		.byte	0
 943 062e 04       		.uleb128 0x4
 944 062f 9B000000 		.4byte	.LASF103
 945 0633 08       		.byte	0x8
 946 0634 74       		.byte	0x74
 947 0635 E6050000 		.4byte	0x5e6
 948 0639 15       		.uleb128 0x15
 949 063a 04       		.byte	0x4
 950 063b 09       		.byte	0x9
 951 063c 38       		.byte	0x38
 952 063d F9060000 		.4byte	.LASF105
 953 0641 52060000 		.4byte	0x652
 954 0645 09       		.uleb128 0x9
 955 0646 41060000 		.4byte	.LASF106
 956 064a 09       		.byte	0x9
 957 064b 3C       		.byte	0x3c
 958 064c 9C000000 		.4byte	0x9c
 959 0650 00       		.byte	0
 960 0651 00       		.byte	0
 961 0652 04       		.uleb128 0x4
 962 0653 A6030000 		.4byte	.LASF107
 963 0657 09       		.byte	0x9
 964 0658 3D       		.byte	0x3d
 965 0659 39060000 		.4byte	0x639
 966 065d 15       		.uleb128 0x15
 967 065e 18       		.byte	0x18
ARM GAS  C:\Users\Luis\AppData\Local\Temp\cctkBl80.s 			page 18


 968 065f 09       		.byte	0x9
 969 0660 48       		.byte	0x48
 970 0661 80030000 		.4byte	.LASF108
 971 0665 A4060000 		.4byte	0x6a4
 972 0669 09       		.uleb128 0x9
 973 066a 0D060000 		.4byte	.LASF109
 974 066e 09       		.byte	0x9
 975 066f 49       		.byte	0x49
 976 0670 9C000000 		.4byte	0x9c
 977 0674 00       		.byte	0
 978 0675 09       		.uleb128 0x9
 979 0676 6B000000 		.4byte	.LASF110
 980 067a 09       		.byte	0x9
 981 067b 4A       		.byte	0x4a
 982 067c 9C000000 		.4byte	0x9c
 983 0680 04       		.byte	0x4
 984 0681 09       		.uleb128 0x9
 985 0682 A9020000 		.4byte	.LASF111
 986 0686 09       		.byte	0x9
 987 0687 4B       		.byte	0x4b
 988 0688 9C000000 		.4byte	0x9c
 989 068c 08       		.byte	0x8
 990 068d 14       		.uleb128 0x14
 991 068e 6E00     		.ascii	"n\000"
 992 0690 09       		.byte	0x9
 993 0691 4C       		.byte	0x4c
 994 0692 FF000000 		.4byte	0xff
 995 0696 0C       		.byte	0xc
 996 0697 09       		.uleb128 0x9
 997 0698 C9030000 		.4byte	.LASF112
 998 069c 09       		.byte	0x9
 999 069d 4D       		.byte	0x4d
 1000 069e A7000000 		.4byte	0xa7
 1001 06a2 10       		.byte	0x10
 1002 06a3 00       		.byte	0
 1003 06a4 04       		.uleb128 0x4
 1004 06a5 71000000 		.4byte	.LASF113
 1005 06a9 09       		.byte	0x9
 1006 06aa 4E       		.byte	0x4e
 1007 06ab 5D060000 		.4byte	0x65d
 1008 06af 15       		.uleb128 0x15
 1009 06b0 38       		.byte	0x38
 1010 06b1 0A       		.byte	0xa
 1011 06b2 38       		.byte	0x38
 1012 06b3 95030000 		.4byte	.LASF114
 1013 06b7 EC060000 		.4byte	0x6ec
 1014 06bb 09       		.uleb128 0x9
 1015 06bc 4B020000 		.4byte	.LASF115
 1016 06c0 0A       		.byte	0xa
 1017 06c1 39       		.byte	0x39
 1018 06c2 FF000000 		.4byte	0xff
 1019 06c6 00       		.byte	0
 1020 06c7 09       		.uleb128 0x9
 1021 06c8 1C050000 		.4byte	.LASF116
 1022 06cc 0A       		.byte	0xa
 1023 06cd 3A       		.byte	0x3a
 1024 06ce FF000000 		.4byte	0xff
ARM GAS  C:\Users\Luis\AppData\Local\Temp\cctkBl80.s 			page 19


 1025 06d2 04       		.byte	0x4
 1026 06d3 09       		.uleb128 0x9
 1027 06d4 87060000 		.4byte	.LASF117
 1028 06d8 0A       		.byte	0xa
 1029 06d9 3B       		.byte	0x3b
 1030 06da A4060000 		.4byte	0x6a4
 1031 06de 08       		.byte	0x8
 1032 06df 09       		.uleb128 0x9
 1033 06e0 CE020000 		.4byte	.LASF118
 1034 06e4 0A       		.byte	0xa
 1035 06e5 3D       		.byte	0x3d
 1036 06e6 A4060000 		.4byte	0x6a4
 1037 06ea 20       		.byte	0x20
 1038 06eb 00       		.byte	0
 1039 06ec 04       		.uleb128 0x4
 1040 06ed 79020000 		.4byte	.LASF119
 1041 06f1 0A       		.byte	0xa
 1042 06f2 3F       		.byte	0x3f
 1043 06f3 AF060000 		.4byte	0x6af
 1044 06f7 0C       		.uleb128 0xc
 1045 06f8 04       		.byte	0x4
 1046 06f9 90020000 		.4byte	0x290
 1047 06fd 06       		.uleb128 0x6
 1048 06fe A4050000 		.4byte	.LASF120
 1049 0702 0C       		.byte	0xc
 1050 0703 0B       		.byte	0xb
 1051 0704 34       		.byte	0x34
 1052 0705 22070000 		.4byte	0x722
 1053 0709 09       		.uleb128 0x9
 1054 070a B3010000 		.4byte	.LASF121
 1055 070e 0B       		.byte	0xb
 1056 070f 35       		.byte	0x35
 1057 0710 C5020000 		.4byte	0x2c5
 1058 0714 00       		.byte	0
 1059 0715 09       		.uleb128 0x9
 1060 0716 60020000 		.4byte	.LASF122
 1061 071a 0B       		.byte	0xb
 1062 071b 37       		.byte	0x37
 1063 071c F4000000 		.4byte	0xf4
 1064 0720 08       		.byte	0x8
 1065 0721 00       		.byte	0
 1066 0722 0C       		.uleb128 0xc
 1067 0723 04       		.byte	0x4
 1068 0724 FD060000 		.4byte	0x6fd
 1069 0728 06       		.uleb128 0x6
 1070 0729 6F060000 		.4byte	.LASF123
 1071 072d 10       		.byte	0x10
 1072 072e 0C       		.byte	0xc
 1073 072f 39       		.byte	0x39
 1074 0730 59070000 		.4byte	0x759
 1075 0734 09       		.uleb128 0x9
 1076 0735 3C010000 		.4byte	.LASF124
 1077 0739 0C       		.byte	0xc
 1078 073a 3A       		.byte	0x3a
 1079 073b C5020000 		.4byte	0x2c5
 1080 073f 00       		.byte	0
 1081 0740 09       		.uleb128 0x9
ARM GAS  C:\Users\Luis\AppData\Local\Temp\cctkBl80.s 			page 20


 1082 0741 20070000 		.4byte	.LASF125
 1083 0745 0C       		.byte	0xc
 1084 0746 3C       		.byte	0x3c
 1085 0747 9B020000 		.4byte	0x29b
 1086 074b 08       		.byte	0x8
 1087 074c 09       		.uleb128 0x9
 1088 074d 12060000 		.4byte	.LASF126
 1089 0751 0C       		.byte	0xc
 1090 0752 3E       		.byte	0x3e
 1091 0753 9D070000 		.4byte	0x79d
 1092 0757 0C       		.byte	0xc
 1093 0758 00       		.byte	0
 1094 0759 0C       		.uleb128 0xc
 1095 075a 04       		.byte	0x4
 1096 075b 28070000 		.4byte	0x728
 1097 075f 0C       		.uleb128 0xc
 1098 0760 04       		.byte	0x4
 1099 0761 65070000 		.4byte	0x765
 1100 0765 19       		.uleb128 0x19
 1101 0766 6A070000 		.4byte	0x76a
 1102 076a 03       		.uleb128 0x3
 1103 076b 01       		.byte	0x1
 1104 076c 08       		.byte	0x8
 1105 076d FF050000 		.4byte	.LASF127
 1106 0771 0C       		.uleb128 0xc
 1107 0772 04       		.byte	0x4
 1108 0773 F9040000 		.4byte	0x4f9
 1109 0777 0C       		.uleb128 0xc
 1110 0778 04       		.byte	0x4
 1111 0779 7A030000 		.4byte	0x37a
 1112 077d 05       		.uleb128 0x5
 1113 077e 5F070000 		.4byte	0x75f
 1114 0782 17       		.uleb128 0x17
 1115 0783 90000000 		.4byte	0x90
 1116 0787 92070000 		.4byte	0x792
 1117 078b 18       		.uleb128 0x18
 1118 078c E7040000 		.4byte	0x4e7
 1119 0790 1F       		.byte	0x1f
 1120 0791 00       		.byte	0
 1121 0792 04       		.uleb128 0x4
 1122 0793 EC010000 		.4byte	.LASF128
 1123 0797 0C       		.byte	0xc
 1124 0798 34       		.byte	0x34
 1125 0799 28070000 		.4byte	0x728
 1126 079d 0C       		.uleb128 0xc
 1127 079e 04       		.byte	0x4
 1128 079f 92070000 		.4byte	0x792
 1129 07a3 03       		.uleb128 0x3
 1130 07a4 01       		.byte	0x1
 1131 07a5 02       		.byte	0x2
 1132 07a6 C9020000 		.4byte	.LASF129
 1133 07aa 03       		.uleb128 0x3
 1134 07ab 04       		.byte	0x4
 1135 07ac 04       		.byte	0x4
 1136 07ad D4030000 		.4byte	.LASF130
 1137 07b1 0C       		.uleb128 0xc
 1138 07b2 04       		.byte	0x4
ARM GAS  C:\Users\Luis\AppData\Local\Temp\cctkBl80.s 			page 21


 1139 07b3 AA070000 		.4byte	0x7aa
 1140 07b7 1A       		.uleb128 0x1a
 1141 07b8 49495200 		.ascii	"IIR\000"
 1142 07bc E0070000 		.4byte	0x7e0
 1143 07c0 1B       		.uleb128 0x1b
 1144 07c1 0C070000 		.4byte	.LASF145
 1145 07c5 01       		.byte	0x1
 1146 07c6 0B       		.byte	0xb
 1147 07c7 F3000000 		.4byte	.LASF146
 1148 07cb AA070000 		.4byte	0x7aa
 1149 07cf 01       		.byte	0x1
 1150 07d0 D4070000 		.4byte	0x7d4
 1151 07d4 1C       		.uleb128 0x1c
 1152 07d5 E0070000 		.4byte	0x7e0
 1153 07d9 0F       		.uleb128 0xf
 1154 07da AA070000 		.4byte	0x7aa
 1155 07de 00       		.byte	0
 1156 07df 00       		.byte	0
 1157 07e0 0C       		.uleb128 0xc
 1158 07e1 04       		.byte	0x4
 1159 07e2 B7070000 		.4byte	0x7b7
 1160 07e6 1D       		.uleb128 0x1d
 1161 07e7 C0070000 		.4byte	0x7c0
 1162 07eb 00000000 		.4byte	.LFB260
 1163 07ef F6000000 		.4byte	.LFE260-.LFB260
 1164 07f3 01       		.uleb128 0x1
 1165 07f4 9C       		.byte	0x9c
 1166 07f5 FD070000 		.4byte	0x7fd
 1167 07f9 A0080000 		.4byte	0x8a0
 1168 07fd 1E       		.uleb128 0x1e
 1169 07fe A6010000 		.4byte	.LASF147
 1170 0802 A0080000 		.4byte	0x8a0
 1171 0806 02       		.uleb128 0x2
 1172 0807 91       		.byte	0x91
 1173 0808 4C       		.sleb128 -52
 1174 0809 1F       		.uleb128 0x1f
 1175 080a ED000000 		.4byte	.LASF148
 1176 080e 01       		.byte	0x1
 1177 080f 0B       		.byte	0xb
 1178 0810 AA070000 		.4byte	0x7aa
 1179 0814 02       		.uleb128 0x2
 1180 0815 91       		.byte	0x91
 1181 0816 48       		.sleb128 -56
 1182 0817 20       		.uleb128 0x20
 1183 0818 0A000000 		.4byte	.LBB2
 1184 081c E4000000 		.4byte	.LBE2-.LBB2
 1185 0820 21       		.uleb128 0x21
 1186 0821 DA030000 		.4byte	.LASF131
 1187 0825 01       		.byte	0x1
 1188 0826 0E       		.byte	0xe
 1189 0827 B1070000 		.4byte	0x7b1
 1190 082b 02       		.uleb128 0x2
 1191 082c 91       		.byte	0x91
 1192 082d 74       		.sleb128 -12
 1193 082e 21       		.uleb128 0x21
 1194 082f E8030000 		.4byte	.LASF132
 1195 0833 01       		.byte	0x1
ARM GAS  C:\Users\Luis\AppData\Local\Temp\cctkBl80.s 			page 22


 1196 0834 0F       		.byte	0xf
 1197 0835 B1070000 		.4byte	0x7b1
 1198 0839 02       		.uleb128 0x2
 1199 083a 91       		.byte	0x91
 1200 083b 70       		.sleb128 -16
 1201 083c 21       		.uleb128 0x21
 1202 083d 70050000 		.4byte	.LASF133
 1203 0841 01       		.byte	0x1
 1204 0842 11       		.byte	0x11
 1205 0843 25000000 		.4byte	0x25
 1206 0847 02       		.uleb128 0x2
 1207 0848 91       		.byte	0x91
 1208 0849 6C       		.sleb128 -20
 1209 084a 21       		.uleb128 0x21
 1210 084b 51020000 		.4byte	.LASF134
 1211 084f 01       		.byte	0x1
 1212 0850 12       		.byte	0x12
 1213 0851 25000000 		.4byte	0x25
 1214 0855 02       		.uleb128 0x2
 1215 0856 91       		.byte	0x91
 1216 0857 58       		.sleb128 -40
 1217 0858 21       		.uleb128 0x21
 1218 0859 57050000 		.4byte	.LASF135
 1219 085d 01       		.byte	0x1
 1220 085e 14       		.byte	0x14
 1221 085f AA070000 		.4byte	0x7aa
 1222 0863 02       		.uleb128 0x2
 1223 0864 91       		.byte	0x91
 1224 0865 68       		.sleb128 -24
 1225 0866 21       		.uleb128 0x21
 1226 0867 BB060000 		.4byte	.LASF136
 1227 086b 01       		.byte	0x1
 1228 086c 15       		.byte	0x15
 1229 086d B1070000 		.4byte	0x7b1
 1230 0871 02       		.uleb128 0x2
 1231 0872 91       		.byte	0x91
 1232 0873 64       		.sleb128 -28
 1233 0874 21       		.uleb128 0x21
 1234 0875 60050000 		.4byte	.LASF137
 1235 0879 01       		.byte	0x1
 1236 087a 17       		.byte	0x17
 1237 087b AA070000 		.4byte	0x7aa
 1238 087f 02       		.uleb128 0x2
 1239 0880 91       		.byte	0x91
 1240 0881 60       		.sleb128 -32
 1241 0882 21       		.uleb128 0x21
 1242 0883 A7060000 		.4byte	.LASF138
 1243 0887 01       		.byte	0x1
 1244 0888 18       		.byte	0x18
 1245 0889 B1070000 		.4byte	0x7b1
 1246 088d 02       		.uleb128 0x2
 1247 088e 91       		.byte	0x91
 1248 088f 5C       		.sleb128 -36
 1249 0890 21       		.uleb128 0x21
 1250 0891 12030000 		.4byte	.LASF139
 1251 0895 01       		.byte	0x1
 1252 0896 1A       		.byte	0x1a
ARM GAS  C:\Users\Luis\AppData\Local\Temp\cctkBl80.s 			page 23


 1253 0897 AA070000 		.4byte	0x7aa
 1254 089b 02       		.uleb128 0x2
 1255 089c 91       		.byte	0x91
 1256 089d 54       		.sleb128 -44
 1257 089e 00       		.byte	0
 1258 089f 00       		.byte	0
 1259 08a0 19       		.uleb128 0x19
 1260 08a1 E0070000 		.4byte	0x7e0
 1261 08a5 22       		.uleb128 0x22
 1262 08a6 E0000000 		.4byte	.LASF140
 1263 08aa 0D       		.byte	0xd
 1264 08ab A706     		.2byte	0x6a7
 1265 08ad 97000000 		.4byte	0x97
 1266 08b1 23       		.uleb128 0x23
 1267 08b2 636800   		.ascii	"ch\000"
 1268 08b5 05       		.byte	0x5
 1269 08b6 0902     		.2byte	0x209
 1270 08b8 6F040000 		.4byte	0x46f
 1271 08bc 00       		.byte	0
 1272              		.section	.debug_abbrev,"",%progbits
 1273              	.Ldebug_abbrev0:
 1274 0000 01       		.uleb128 0x1
 1275 0001 11       		.uleb128 0x11
 1276 0002 01       		.byte	0x1
 1277 0003 25       		.uleb128 0x25
 1278 0004 0E       		.uleb128 0xe
 1279 0005 13       		.uleb128 0x13
 1280 0006 0B       		.uleb128 0xb
 1281 0007 03       		.uleb128 0x3
 1282 0008 0E       		.uleb128 0xe
 1283 0009 1B       		.uleb128 0x1b
 1284 000a 0E       		.uleb128 0xe
 1285 000b 55       		.uleb128 0x55
 1286 000c 17       		.uleb128 0x17
 1287 000d 11       		.uleb128 0x11
 1288 000e 01       		.uleb128 0x1
 1289 000f 10       		.uleb128 0x10
 1290 0010 17       		.uleb128 0x17
 1291 0011 00       		.byte	0
 1292 0012 00       		.byte	0
 1293 0013 02       		.uleb128 0x2
 1294 0014 24       		.uleb128 0x24
 1295 0015 00       		.byte	0
 1296 0016 0B       		.uleb128 0xb
 1297 0017 0B       		.uleb128 0xb
 1298 0018 3E       		.uleb128 0x3e
 1299 0019 0B       		.uleb128 0xb
 1300 001a 03       		.uleb128 0x3
 1301 001b 08       		.uleb128 0x8
 1302 001c 00       		.byte	0
 1303 001d 00       		.byte	0
 1304 001e 03       		.uleb128 0x3
 1305 001f 24       		.uleb128 0x24
 1306 0020 00       		.byte	0
 1307 0021 0B       		.uleb128 0xb
 1308 0022 0B       		.uleb128 0xb
 1309 0023 3E       		.uleb128 0x3e
ARM GAS  C:\Users\Luis\AppData\Local\Temp\cctkBl80.s 			page 24


 1310 0024 0B       		.uleb128 0xb
 1311 0025 03       		.uleb128 0x3
 1312 0026 0E       		.uleb128 0xe
 1313 0027 00       		.byte	0
 1314 0028 00       		.byte	0
 1315 0029 04       		.uleb128 0x4
 1316 002a 16       		.uleb128 0x16
 1317 002b 00       		.byte	0
 1318 002c 03       		.uleb128 0x3
 1319 002d 0E       		.uleb128 0xe
 1320 002e 3A       		.uleb128 0x3a
 1321 002f 0B       		.uleb128 0xb
 1322 0030 3B       		.uleb128 0x3b
 1323 0031 0B       		.uleb128 0xb
 1324 0032 49       		.uleb128 0x49
 1325 0033 13       		.uleb128 0x13
 1326 0034 00       		.byte	0
 1327 0035 00       		.byte	0
 1328 0036 05       		.uleb128 0x5
 1329 0037 35       		.uleb128 0x35
 1330 0038 00       		.byte	0
 1331 0039 49       		.uleb128 0x49
 1332 003a 13       		.uleb128 0x13
 1333 003b 00       		.byte	0
 1334 003c 00       		.byte	0
 1335 003d 06       		.uleb128 0x6
 1336 003e 13       		.uleb128 0x13
 1337 003f 01       		.byte	0x1
 1338 0040 03       		.uleb128 0x3
 1339 0041 0E       		.uleb128 0xe
 1340 0042 0B       		.uleb128 0xb
 1341 0043 0B       		.uleb128 0xb
 1342 0044 3A       		.uleb128 0x3a
 1343 0045 0B       		.uleb128 0xb
 1344 0046 3B       		.uleb128 0x3b
 1345 0047 0B       		.uleb128 0xb
 1346 0048 01       		.uleb128 0x1
 1347 0049 13       		.uleb128 0x13
 1348 004a 00       		.byte	0
 1349 004b 00       		.byte	0
 1350 004c 07       		.uleb128 0x7
 1351 004d 17       		.uleb128 0x17
 1352 004e 01       		.byte	0x1
 1353 004f 0B       		.uleb128 0xb
 1354 0050 0B       		.uleb128 0xb
 1355 0051 3A       		.uleb128 0x3a
 1356 0052 0B       		.uleb128 0xb
 1357 0053 3B       		.uleb128 0x3b
 1358 0054 0B       		.uleb128 0xb
 1359 0055 01       		.uleb128 0x1
 1360 0056 13       		.uleb128 0x13
 1361 0057 00       		.byte	0
 1362 0058 00       		.byte	0
 1363 0059 08       		.uleb128 0x8
 1364 005a 0D       		.uleb128 0xd
 1365 005b 00       		.byte	0
 1366 005c 03       		.uleb128 0x3
ARM GAS  C:\Users\Luis\AppData\Local\Temp\cctkBl80.s 			page 25


 1367 005d 0E       		.uleb128 0xe
 1368 005e 3A       		.uleb128 0x3a
 1369 005f 0B       		.uleb128 0xb
 1370 0060 3B       		.uleb128 0x3b
 1371 0061 05       		.uleb128 0x5
 1372 0062 49       		.uleb128 0x49
 1373 0063 13       		.uleb128 0x13
 1374 0064 00       		.byte	0
 1375 0065 00       		.byte	0
 1376 0066 09       		.uleb128 0x9
 1377 0067 0D       		.uleb128 0xd
 1378 0068 00       		.byte	0
 1379 0069 03       		.uleb128 0x3
 1380 006a 0E       		.uleb128 0xe
 1381 006b 3A       		.uleb128 0x3a
 1382 006c 0B       		.uleb128 0xb
 1383 006d 3B       		.uleb128 0x3b
 1384 006e 0B       		.uleb128 0xb
 1385 006f 49       		.uleb128 0x49
 1386 0070 13       		.uleb128 0x13
 1387 0071 38       		.uleb128 0x38
 1388 0072 0B       		.uleb128 0xb
 1389 0073 00       		.byte	0
 1390 0074 00       		.byte	0
 1391 0075 0A       		.uleb128 0xa
 1392 0076 0D       		.uleb128 0xd
 1393 0077 00       		.byte	0
 1394 0078 03       		.uleb128 0x3
 1395 0079 08       		.uleb128 0x8
 1396 007a 3A       		.uleb128 0x3a
 1397 007b 0B       		.uleb128 0xb
 1398 007c 3B       		.uleb128 0x3b
 1399 007d 05       		.uleb128 0x5
 1400 007e 49       		.uleb128 0x49
 1401 007f 13       		.uleb128 0x13
 1402 0080 38       		.uleb128 0x38
 1403 0081 0B       		.uleb128 0xb
 1404 0082 00       		.byte	0
 1405 0083 00       		.byte	0
 1406 0084 0B       		.uleb128 0xb
 1407 0085 0D       		.uleb128 0xd
 1408 0086 00       		.byte	0
 1409 0087 03       		.uleb128 0x3
 1410 0088 0E       		.uleb128 0xe
 1411 0089 3A       		.uleb128 0x3a
 1412 008a 0B       		.uleb128 0xb
 1413 008b 3B       		.uleb128 0x3b
 1414 008c 05       		.uleb128 0x5
 1415 008d 49       		.uleb128 0x49
 1416 008e 13       		.uleb128 0x13
 1417 008f 38       		.uleb128 0x38
 1418 0090 0B       		.uleb128 0xb
 1419 0091 00       		.byte	0
 1420 0092 00       		.byte	0
 1421 0093 0C       		.uleb128 0xc
 1422 0094 0F       		.uleb128 0xf
 1423 0095 00       		.byte	0
ARM GAS  C:\Users\Luis\AppData\Local\Temp\cctkBl80.s 			page 26


 1424 0096 0B       		.uleb128 0xb
 1425 0097 0B       		.uleb128 0xb
 1426 0098 49       		.uleb128 0x49
 1427 0099 13       		.uleb128 0x13
 1428 009a 00       		.byte	0
 1429 009b 00       		.byte	0
 1430 009c 0D       		.uleb128 0xd
 1431 009d 13       		.uleb128 0x13
 1432 009e 01       		.byte	0x1
 1433 009f 03       		.uleb128 0x3
 1434 00a0 0E       		.uleb128 0xe
 1435 00a1 0B       		.uleb128 0xb
 1436 00a2 0B       		.uleb128 0xb
 1437 00a3 3A       		.uleb128 0x3a
 1438 00a4 0B       		.uleb128 0xb
 1439 00a5 3B       		.uleb128 0x3b
 1440 00a6 05       		.uleb128 0x5
 1441 00a7 01       		.uleb128 0x1
 1442 00a8 13       		.uleb128 0x13
 1443 00a9 00       		.byte	0
 1444 00aa 00       		.byte	0
 1445 00ab 0E       		.uleb128 0xe
 1446 00ac 15       		.uleb128 0x15
 1447 00ad 01       		.byte	0x1
 1448 00ae 01       		.uleb128 0x1
 1449 00af 13       		.uleb128 0x13
 1450 00b0 00       		.byte	0
 1451 00b1 00       		.byte	0
 1452 00b2 0F       		.uleb128 0xf
 1453 00b3 05       		.uleb128 0x5
 1454 00b4 00       		.byte	0
 1455 00b5 49       		.uleb128 0x49
 1456 00b6 13       		.uleb128 0x13
 1457 00b7 00       		.byte	0
 1458 00b8 00       		.byte	0
 1459 00b9 10       		.uleb128 0x10
 1460 00ba 0F       		.uleb128 0xf
 1461 00bb 00       		.byte	0
 1462 00bc 0B       		.uleb128 0xb
 1463 00bd 0B       		.uleb128 0xb
 1464 00be 00       		.byte	0
 1465 00bf 00       		.byte	0
 1466 00c0 11       		.uleb128 0x11
 1467 00c1 13       		.uleb128 0x13
 1468 00c2 01       		.byte	0x1
 1469 00c3 03       		.uleb128 0x3
 1470 00c4 0E       		.uleb128 0xe
 1471 00c5 0B       		.uleb128 0xb
 1472 00c6 05       		.uleb128 0x5
 1473 00c7 3A       		.uleb128 0x3a
 1474 00c8 0B       		.uleb128 0xb
 1475 00c9 3B       		.uleb128 0x3b
 1476 00ca 05       		.uleb128 0x5
 1477 00cb 01       		.uleb128 0x1
 1478 00cc 13       		.uleb128 0x13
 1479 00cd 00       		.byte	0
 1480 00ce 00       		.byte	0
ARM GAS  C:\Users\Luis\AppData\Local\Temp\cctkBl80.s 			page 27


 1481 00cf 12       		.uleb128 0x12
 1482 00d0 0D       		.uleb128 0xd
 1483 00d1 00       		.byte	0
 1484 00d2 03       		.uleb128 0x3
 1485 00d3 0E       		.uleb128 0xe
 1486 00d4 3A       		.uleb128 0x3a
 1487 00d5 0B       		.uleb128 0xb
 1488 00d6 3B       		.uleb128 0x3b
 1489 00d7 05       		.uleb128 0x5
 1490 00d8 49       		.uleb128 0x49
 1491 00d9 13       		.uleb128 0x13
 1492 00da 38       		.uleb128 0x38
 1493 00db 05       		.uleb128 0x5
 1494 00dc 00       		.byte	0
 1495 00dd 00       		.byte	0
 1496 00de 13       		.uleb128 0x13
 1497 00df 0D       		.uleb128 0xd
 1498 00e0 00       		.byte	0
 1499 00e1 03       		.uleb128 0x3
 1500 00e2 08       		.uleb128 0x8
 1501 00e3 3A       		.uleb128 0x3a
 1502 00e4 0B       		.uleb128 0xb
 1503 00e5 3B       		.uleb128 0x3b
 1504 00e6 05       		.uleb128 0x5
 1505 00e7 49       		.uleb128 0x49
 1506 00e8 13       		.uleb128 0x13
 1507 00e9 38       		.uleb128 0x38
 1508 00ea 05       		.uleb128 0x5
 1509 00eb 00       		.byte	0
 1510 00ec 00       		.byte	0
 1511 00ed 14       		.uleb128 0x14
 1512 00ee 0D       		.uleb128 0xd
 1513 00ef 00       		.byte	0
 1514 00f0 03       		.uleb128 0x3
 1515 00f1 08       		.uleb128 0x8
 1516 00f2 3A       		.uleb128 0x3a
 1517 00f3 0B       		.uleb128 0xb
 1518 00f4 3B       		.uleb128 0x3b
 1519 00f5 0B       		.uleb128 0xb
 1520 00f6 49       		.uleb128 0x49
 1521 00f7 13       		.uleb128 0x13
 1522 00f8 38       		.uleb128 0x38
 1523 00f9 0B       		.uleb128 0xb
 1524 00fa 00       		.byte	0
 1525 00fb 00       		.byte	0
 1526 00fc 15       		.uleb128 0x15
 1527 00fd 13       		.uleb128 0x13
 1528 00fe 01       		.byte	0x1
 1529 00ff 0B       		.uleb128 0xb
 1530 0100 0B       		.uleb128 0xb
 1531 0101 3A       		.uleb128 0x3a
 1532 0102 0B       		.uleb128 0xb
 1533 0103 3B       		.uleb128 0x3b
 1534 0104 0B       		.uleb128 0xb
 1535 0105 6E       		.uleb128 0x6e
 1536 0106 0E       		.uleb128 0xe
 1537 0107 01       		.uleb128 0x1
ARM GAS  C:\Users\Luis\AppData\Local\Temp\cctkBl80.s 			page 28


 1538 0108 13       		.uleb128 0x13
 1539 0109 00       		.byte	0
 1540 010a 00       		.byte	0
 1541 010b 16       		.uleb128 0x16
 1542 010c 13       		.uleb128 0x13
 1543 010d 01       		.byte	0x1
 1544 010e 0B       		.uleb128 0xb
 1545 010f 05       		.uleb128 0x5
 1546 0110 3A       		.uleb128 0x3a
 1547 0111 0B       		.uleb128 0xb
 1548 0112 3B       		.uleb128 0x3b
 1549 0113 0B       		.uleb128 0xb
 1550 0114 6E       		.uleb128 0x6e
 1551 0115 0E       		.uleb128 0xe
 1552 0116 01       		.uleb128 0x1
 1553 0117 13       		.uleb128 0x13
 1554 0118 00       		.byte	0
 1555 0119 00       		.byte	0
 1556 011a 17       		.uleb128 0x17
 1557 011b 01       		.uleb128 0x1
 1558 011c 01       		.byte	0x1
 1559 011d 49       		.uleb128 0x49
 1560 011e 13       		.uleb128 0x13
 1561 011f 01       		.uleb128 0x1
 1562 0120 13       		.uleb128 0x13
 1563 0121 00       		.byte	0
 1564 0122 00       		.byte	0
 1565 0123 18       		.uleb128 0x18
 1566 0124 21       		.uleb128 0x21
 1567 0125 00       		.byte	0
 1568 0126 49       		.uleb128 0x49
 1569 0127 13       		.uleb128 0x13
 1570 0128 2F       		.uleb128 0x2f
 1571 0129 0B       		.uleb128 0xb
 1572 012a 00       		.byte	0
 1573 012b 00       		.byte	0
 1574 012c 19       		.uleb128 0x19
 1575 012d 26       		.uleb128 0x26
 1576 012e 00       		.byte	0
 1577 012f 49       		.uleb128 0x49
 1578 0130 13       		.uleb128 0x13
 1579 0131 00       		.byte	0
 1580 0132 00       		.byte	0
 1581 0133 1A       		.uleb128 0x1a
 1582 0134 02       		.uleb128 0x2
 1583 0135 01       		.byte	0x1
 1584 0136 03       		.uleb128 0x3
 1585 0137 08       		.uleb128 0x8
 1586 0138 3C       		.uleb128 0x3c
 1587 0139 19       		.uleb128 0x19
 1588 013a 01       		.uleb128 0x1
 1589 013b 13       		.uleb128 0x13
 1590 013c 00       		.byte	0
 1591 013d 00       		.byte	0
 1592 013e 1B       		.uleb128 0x1b
 1593 013f 2E       		.uleb128 0x2e
 1594 0140 01       		.byte	0x1
ARM GAS  C:\Users\Luis\AppData\Local\Temp\cctkBl80.s 			page 29


 1595 0141 3F       		.uleb128 0x3f
 1596 0142 19       		.uleb128 0x19
 1597 0143 03       		.uleb128 0x3
 1598 0144 0E       		.uleb128 0xe
 1599 0145 3A       		.uleb128 0x3a
 1600 0146 0B       		.uleb128 0xb
 1601 0147 3B       		.uleb128 0x3b
 1602 0148 0B       		.uleb128 0xb
 1603 0149 6E       		.uleb128 0x6e
 1604 014a 0E       		.uleb128 0xe
 1605 014b 49       		.uleb128 0x49
 1606 014c 13       		.uleb128 0x13
 1607 014d 32       		.uleb128 0x32
 1608 014e 0B       		.uleb128 0xb
 1609 014f 3C       		.uleb128 0x3c
 1610 0150 19       		.uleb128 0x19
 1611 0151 64       		.uleb128 0x64
 1612 0152 13       		.uleb128 0x13
 1613 0153 00       		.byte	0
 1614 0154 00       		.byte	0
 1615 0155 1C       		.uleb128 0x1c
 1616 0156 05       		.uleb128 0x5
 1617 0157 00       		.byte	0
 1618 0158 49       		.uleb128 0x49
 1619 0159 13       		.uleb128 0x13
 1620 015a 34       		.uleb128 0x34
 1621 015b 19       		.uleb128 0x19
 1622 015c 00       		.byte	0
 1623 015d 00       		.byte	0
 1624 015e 1D       		.uleb128 0x1d
 1625 015f 2E       		.uleb128 0x2e
 1626 0160 01       		.byte	0x1
 1627 0161 47       		.uleb128 0x47
 1628 0162 13       		.uleb128 0x13
 1629 0163 11       		.uleb128 0x11
 1630 0164 01       		.uleb128 0x1
 1631 0165 12       		.uleb128 0x12
 1632 0166 06       		.uleb128 0x6
 1633 0167 40       		.uleb128 0x40
 1634 0168 18       		.uleb128 0x18
 1635 0169 64       		.uleb128 0x64
 1636 016a 13       		.uleb128 0x13
 1637 016b 9642     		.uleb128 0x2116
 1638 016d 19       		.uleb128 0x19
 1639 016e 01       		.uleb128 0x1
 1640 016f 13       		.uleb128 0x13
 1641 0170 00       		.byte	0
 1642 0171 00       		.byte	0
 1643 0172 1E       		.uleb128 0x1e
 1644 0173 05       		.uleb128 0x5
 1645 0174 00       		.byte	0
 1646 0175 03       		.uleb128 0x3
 1647 0176 0E       		.uleb128 0xe
 1648 0177 49       		.uleb128 0x49
 1649 0178 13       		.uleb128 0x13
 1650 0179 34       		.uleb128 0x34
 1651 017a 19       		.uleb128 0x19
ARM GAS  C:\Users\Luis\AppData\Local\Temp\cctkBl80.s 			page 30


 1652 017b 02       		.uleb128 0x2
 1653 017c 18       		.uleb128 0x18
 1654 017d 00       		.byte	0
 1655 017e 00       		.byte	0
 1656 017f 1F       		.uleb128 0x1f
 1657 0180 05       		.uleb128 0x5
 1658 0181 00       		.byte	0
 1659 0182 03       		.uleb128 0x3
 1660 0183 0E       		.uleb128 0xe
 1661 0184 3A       		.uleb128 0x3a
 1662 0185 0B       		.uleb128 0xb
 1663 0186 3B       		.uleb128 0x3b
 1664 0187 0B       		.uleb128 0xb
 1665 0188 49       		.uleb128 0x49
 1666 0189 13       		.uleb128 0x13
 1667 018a 02       		.uleb128 0x2
 1668 018b 18       		.uleb128 0x18
 1669 018c 00       		.byte	0
 1670 018d 00       		.byte	0
 1671 018e 20       		.uleb128 0x20
 1672 018f 0B       		.uleb128 0xb
 1673 0190 01       		.byte	0x1
 1674 0191 11       		.uleb128 0x11
 1675 0192 01       		.uleb128 0x1
 1676 0193 12       		.uleb128 0x12
 1677 0194 06       		.uleb128 0x6
 1678 0195 00       		.byte	0
 1679 0196 00       		.byte	0
 1680 0197 21       		.uleb128 0x21
 1681 0198 34       		.uleb128 0x34
 1682 0199 00       		.byte	0
 1683 019a 03       		.uleb128 0x3
 1684 019b 0E       		.uleb128 0xe
 1685 019c 3A       		.uleb128 0x3a
 1686 019d 0B       		.uleb128 0xb
 1687 019e 3B       		.uleb128 0x3b
 1688 019f 0B       		.uleb128 0xb
 1689 01a0 49       		.uleb128 0x49
 1690 01a1 13       		.uleb128 0x13
 1691 01a2 02       		.uleb128 0x2
 1692 01a3 18       		.uleb128 0x18
 1693 01a4 00       		.byte	0
 1694 01a5 00       		.byte	0
 1695 01a6 22       		.uleb128 0x22
 1696 01a7 34       		.uleb128 0x34
 1697 01a8 00       		.byte	0
 1698 01a9 03       		.uleb128 0x3
 1699 01aa 0E       		.uleb128 0xe
 1700 01ab 3A       		.uleb128 0x3a
 1701 01ac 0B       		.uleb128 0xb
 1702 01ad 3B       		.uleb128 0x3b
 1703 01ae 05       		.uleb128 0x5
 1704 01af 49       		.uleb128 0x49
 1705 01b0 13       		.uleb128 0x13
 1706 01b1 3F       		.uleb128 0x3f
 1707 01b2 19       		.uleb128 0x19
 1708 01b3 3C       		.uleb128 0x3c
ARM GAS  C:\Users\Luis\AppData\Local\Temp\cctkBl80.s 			page 31


 1709 01b4 19       		.uleb128 0x19
 1710 01b5 00       		.byte	0
 1711 01b6 00       		.byte	0
 1712 01b7 23       		.uleb128 0x23
 1713 01b8 34       		.uleb128 0x34
 1714 01b9 00       		.byte	0
 1715 01ba 03       		.uleb128 0x3
 1716 01bb 08       		.uleb128 0x8
 1717 01bc 3A       		.uleb128 0x3a
 1718 01bd 0B       		.uleb128 0xb
 1719 01be 3B       		.uleb128 0x3b
 1720 01bf 05       		.uleb128 0x5
 1721 01c0 49       		.uleb128 0x49
 1722 01c1 13       		.uleb128 0x13
 1723 01c2 3F       		.uleb128 0x3f
 1724 01c3 19       		.uleb128 0x19
 1725 01c4 3C       		.uleb128 0x3c
 1726 01c5 19       		.uleb128 0x19
 1727 01c6 00       		.byte	0
 1728 01c7 00       		.byte	0
 1729 01c8 00       		.byte	0
 1730              		.section	.debug_aranges,"",%progbits
 1731 0000 1C000000 		.4byte	0x1c
 1732 0004 0200     		.2byte	0x2
 1733 0006 00000000 		.4byte	.Ldebug_info0
 1734 000a 04       		.byte	0x4
 1735 000b 00       		.byte	0
 1736 000c 0000     		.2byte	0
 1737 000e 0000     		.2byte	0
 1738 0010 00000000 		.4byte	.LFB260
 1739 0014 F6000000 		.4byte	.LFE260-.LFB260
 1740 0018 00000000 		.4byte	0
 1741 001c 00000000 		.4byte	0
 1742              		.section	.debug_ranges,"",%progbits
 1743              	.Ldebug_ranges0:
 1744 0000 00000000 		.4byte	.LFB260
 1745 0004 F6000000 		.4byte	.LFE260
 1746 0008 00000000 		.4byte	0
 1747 000c 00000000 		.4byte	0
 1748              		.section	.debug_line,"",%progbits
 1749              	.Ldebug_line0:
 1750 0000 97010000 		.section	.debug_str,"MS",%progbits,1
 1750      02006E01 
 1750      00000201 
 1750      FB0E0D00 
 1750      01010101 
 1751              	.LASF101:
 1752 0000 74625F70 		.ascii	"tb_ptr\000"
 1752      747200
 1753              	.LASF58:
 1754 0007 72656164 		.ascii	"ready_list_t\000"
 1754      795F6C69 
 1754      73745F74 
 1754      00
 1755              	.LASF95:
 1756 0014 73655F74 		.ascii	"se_time\000"
 1756      696D6500 
ARM GAS  C:\Users\Luis\AppData\Local\Temp\cctkBl80.s 			page 32


 1757              	.LASF28:
 1758 001c 77747472 		.ascii	"wttrp\000"
 1758      7000
 1759              	.LASF25:
 1760 0022 7264796D 		.ascii	"rdymsg\000"
 1760      736700
 1761              	.LASF11:
 1762 0029 75696E74 		.ascii	"uint64_t\000"
 1762      36345F74 
 1762      00
 1763              	.LASF88:
 1764 0032 6B65726E 		.ascii	"kernel_stats\000"
 1764      656C5F73 
 1764      74617473 
 1764      00
 1765              	.LASF94:
 1766 003f 706F7274 		.ascii	"port_intctx\000"
 1766      5F696E74 
 1766      63747800 
 1767              	.LASF57:
 1768 004b 63685F74 		.ascii	"ch_threads_queue\000"
 1768      68726561 
 1768      64735F71 
 1768      75657565 
 1768      00
 1769              	.LASF77:
 1770 005c 73797374 		.ascii	"system_debug_t\000"
 1770      656D5F64 
 1770      65627567 
 1770      5F7400
 1771              	.LASF110:
 1772 006b 776F7273 		.ascii	"worst\000"
 1772      7400
 1773              	.LASF113:
 1774 0071 74696D65 		.ascii	"time_measurement_t\000"
 1774      5F6D6561 
 1774      73757265 
 1774      6D656E74 
 1774      5F7400
 1775              	.LASF12:
 1776 0084 6C6F6E67 		.ascii	"long long unsigned int\000"
 1776      206C6F6E 
 1776      6720756E 
 1776      7369676E 
 1776      65642069 
 1777              	.LASF103:
 1778 009b 63685F74 		.ascii	"ch_trace_buffer_t\000"
 1778      72616365 
 1778      5F627566 
 1778      6665725F 
 1778      7400
 1779              	.LASF98:
 1780 00ad 73655F73 		.ascii	"se_state\000"
 1780      74617465 
 1780      00
 1781              	.LASF26:
 1782 00b6 65786974 		.ascii	"exitcode\000"
ARM GAS  C:\Users\Luis\AppData\Local\Temp\cctkBl80.s 			page 33


 1782      636F6465 
 1782      00
 1783              	.LASF87:
 1784 00bf 6D61696E 		.ascii	"mainthread\000"
 1784      74687265 
 1784      616400
 1785              	.LASF74:
 1786 00ca 76697274 		.ascii	"virtual_timers_list_t\000"
 1786      75616C5F 
 1786      74696D65 
 1786      72735F6C 
 1786      6973745F 
 1787              	.LASF140:
 1788 00e0 49544D5F 		.ascii	"ITM_RxBuffer\000"
 1788      52784275 
 1788      66666572 
 1788      00
 1789              	.LASF148:
 1790 00ed 70446174 		.ascii	"pData\000"
 1790      6100
 1791              	.LASF146:
 1792 00f3 5F5A4E33 		.ascii	"_ZN3IIR11directFormIEf\000"
 1792      49495231 
 1792      31646972 
 1792      65637446 
 1792      6F726D49 
 1793              	.LASF14:
 1794 010a 72747469 		.ascii	"rttime_t\000"
 1794      6D655F74 
 1794      00
 1795              	.LASF34:
 1796 0113 705F7072 		.ascii	"p_prio\000"
 1796      696F00
 1797              	.LASF10:
 1798 011a 6C6F6E67 		.ascii	"long long int\000"
 1798      206C6F6E 
 1798      6720696E 
 1798      7400
 1799              	.LASF1:
 1800 0128 7369676E 		.ascii	"signed char\000"
 1800      65642063 
 1800      68617200 
 1801              	.LASF49:
 1802 0134 705F6D70 		.ascii	"p_mpool\000"
 1802      6F6F6C00 
 1803              	.LASF124:
 1804 013c 6D5F7175 		.ascii	"m_queue\000"
 1804      65756500 
 1805              	.LASF86:
 1806 0144 76746C69 		.ascii	"vtlist\000"
 1806      737400
 1807              	.LASF143:
 1808 014b 433A5C55 		.ascii	"C:\\Users\\Luis\\git\\DSP-Library-Lanin\\examples\\"
 1808      73657273 
 1808      5C4C7569 
 1808      735C6769 
 1808      745C4453 
ARM GAS  C:\Users\Luis\AppData\Local\Temp\cctkBl80.s 			page 34


 1809 0178 4453502D 		.ascii	"DSP-Library\000"
 1809      4C696272 
 1809      61727900 
 1810              	.LASF84:
 1811 0184 63685F73 		.ascii	"ch_system\000"
 1811      79737465 
 1811      6D00
 1812              	.LASF7:
 1813 018e 6C6F6E67 		.ascii	"long int\000"
 1813      20696E74 
 1813      00
 1814              	.LASF16:
 1815 0197 74737461 		.ascii	"tstate_t\000"
 1815      74655F74 
 1815      00
 1816              	.LASF96:
 1817 01a0 73655F74 		.ascii	"se_tp\000"
 1817      7000
 1818              	.LASF147:
 1819 01a6 74686973 		.ascii	"this\000"
 1819      00
 1820              	.LASF36:
 1821 01ab 705F6E65 		.ascii	"p_newer\000"
 1821      77657200 
 1822              	.LASF121:
 1823 01b3 735F7175 		.ascii	"s_queue\000"
 1823      65756500 
 1824              	.LASF100:
 1825 01bb 74625F73 		.ascii	"tb_size\000"
 1825      697A6500 
 1826              	.LASF63:
 1827 01c3 725F6E65 		.ascii	"r_newer\000"
 1827      77657200 
 1828              	.LASF91:
 1829 01cb 72656761 		.ascii	"regarm_t\000"
 1829      726D5F74 
 1829      00
 1830              	.LASF70:
 1831 01d4 76745F70 		.ascii	"vt_prev\000"
 1831      72657600 
 1832              	.LASF78:
 1833 01dc 63685F73 		.ascii	"ch_system_debug\000"
 1833      79737465 
 1833      6D5F6465 
 1833      62756700 
 1834              	.LASF128:
 1835 01ec 6D757465 		.ascii	"mutex_t\000"
 1835      785F7400 
 1836              	.LASF81:
 1837 01f4 6C6F636B 		.ascii	"lock_cnt\000"
 1837      5F636E74 
 1837      00
 1838              	.LASF89:
 1839 01fd 69646C65 		.ascii	"idle_thread_wa\000"
 1839      5F746872 
 1839      6561645F 
 1839      776100
ARM GAS  C:\Users\Luis\AppData\Local\Temp\cctkBl80.s 			page 35


 1840              	.LASF21:
 1841 020c 636E745F 		.ascii	"cnt_t\000"
 1841      7400
 1842              	.LASF39:
 1843 0212 705F7374 		.ascii	"p_stklimit\000"
 1843      6B6C696D 
 1843      697400
 1844              	.LASF0:
 1845 021d 756E7369 		.ascii	"unsigned int\000"
 1845      676E6564 
 1845      20696E74 
 1845      00
 1846              	.LASF69:
 1847 022a 76745F6E 		.ascii	"vt_next\000"
 1847      65787400 
 1848              	.LASF29:
 1849 0232 77747365 		.ascii	"wtsemp\000"
 1849      6D7000
 1850              	.LASF44:
 1851 0239 705F6D73 		.ascii	"p_msgqueue\000"
 1851      67717565 
 1851      756500
 1852              	.LASF51:
 1853 0244 746C7350 		.ascii	"tlsPtr\000"
 1853      747200
 1854              	.LASF115:
 1855 024b 6E5F6972 		.ascii	"n_irq\000"
 1855      7100
 1856              	.LASF134:
 1857 0251 5F436F6E 		.ascii	"_ContInputData\000"
 1857      74496E70 
 1857      75744461 
 1857      746100
 1858              	.LASF122:
 1859 0260 735F636E 		.ascii	"s_cnt\000"
 1859      7400
 1860              	.LASF4:
 1861 0266 73686F72 		.ascii	"short unsigned int\000"
 1861      7420756E 
 1861      7369676E 
 1861      65642069 
 1861      6E7400
 1862              	.LASF119:
 1863 0279 6B65726E 		.ascii	"kernel_stats_t\000"
 1863      656C5F73 
 1863      74617473 
 1863      5F7400
 1864              	.LASF104:
 1865 0288 31346368 		.ascii	"14ch_swc_event_t\000"
 1865      5F737763 
 1865      5F657665 
 1865      6E745F74 
 1865      00
 1866              	.LASF54:
 1867 0299 63685F74 		.ascii	"ch_thread\000"
 1867      68726561 
 1867      6400
ARM GAS  C:\Users\Luis\AppData\Local\Temp\cctkBl80.s 			page 36


 1868              	.LASF19:
 1869 02a3 6D73675F 		.ascii	"msg_t\000"
 1869      7400
 1870              	.LASF111:
 1871 02a9 6C617374 		.ascii	"last\000"
 1871      00
 1872              	.LASF22:
 1873 02ae 75636E74 		.ascii	"ucnt_t\000"
 1873      5F7400
 1874              	.LASF83:
 1875 02b5 63685F73 		.ascii	"ch_system_t\000"
 1875      79737465 
 1875      6D5F7400 
 1876              	.LASF15:
 1877 02c1 746D6F64 		.ascii	"tmode_t\000"
 1877      655F7400 
 1878              	.LASF129:
 1879 02c9 626F6F6C 		.ascii	"bool\000"
 1879      00
 1880              	.LASF118:
 1881 02ce 6D5F6372 		.ascii	"m_crit_isr\000"
 1881      69745F69 
 1881      737200
 1882              	.LASF59:
 1883 02d9 63685F72 		.ascii	"ch_ready_list\000"
 1883      65616479 
 1883      5F6C6973 
 1883      7400
 1884              	.LASF20:
 1885 02e7 6576656E 		.ascii	"eventmask_t\000"
 1885      746D6173 
 1885      6B5F7400 
 1886              	.LASF144:
 1887 02f3 31376368 		.ascii	"17ch_trace_buffer_t\000"
 1887      5F747261 
 1887      63655F62 
 1887      75666665 
 1887      725F7400 
 1888              	.LASF92:
 1889 0307 73746B61 		.ascii	"stkalign_t\000"
 1889      6C69676E 
 1889      5F7400
 1890              	.LASF139:
 1891 0312 5F526573 		.ascii	"_Result\000"
 1891      756C7400 
 1892              	.LASF43:
 1893 031a 705F7761 		.ascii	"p_waiting\000"
 1893      6974696E 
 1893      6700
 1894              	.LASF90:
 1895 0324 73697A65 		.ascii	"sizetype\000"
 1895      74797065 
 1895      00
 1896              	.LASF52:
 1897 032d 74687265 		.ascii	"thread_reference_t\000"
 1897      61645F72 
 1897      65666572 
ARM GAS  C:\Users\Luis\AppData\Local\Temp\cctkBl80.s 			page 37


 1897      656E6365 
 1897      5F7400
 1898              	.LASF75:
 1899 0340 63685F76 		.ascii	"ch_virtual_timers_list\000"
 1899      69727475 
 1899      616C5F74 
 1899      696D6572 
 1899      735F6C69 
 1900              	.LASF99:
 1901 0357 63685F73 		.ascii	"ch_swc_event_t\000"
 1901      77635F65 
 1901      76656E74 
 1901      5F7400
 1902              	.LASF76:
 1903 0366 76745F6C 		.ascii	"vt_lasttime\000"
 1903      61737474 
 1903      696D6500 
 1904              	.LASF37:
 1905 0372 705F6F6C 		.ascii	"p_older\000"
 1905      64657200 
 1906              	.LASF62:
 1907 037a 725F6374 		.ascii	"r_ctx\000"
 1907      7800
 1908              	.LASF108:
 1909 0380 31387469 		.ascii	"18time_measurement_t\000"
 1909      6D655F6D 
 1909      65617375 
 1909      72656D65 
 1909      6E745F74 
 1910              	.LASF114:
 1911 0395 31346B65 		.ascii	"14kernel_stats_t\000"
 1911      726E656C 
 1911      5F737461 
 1911      74735F74 
 1911      00
 1912              	.LASF107:
 1913 03a6 746D5F63 		.ascii	"tm_calibration_t\000"
 1913      616C6962 
 1913      72617469 
 1913      6F6E5F74 
 1913      00
 1914              	.LASF65:
 1915 03b7 725F6375 		.ascii	"r_current\000"
 1915      7272656E 
 1915      7400
 1916              	.LASF64:
 1917 03c1 725F6F6C 		.ascii	"r_older\000"
 1917      64657200 
 1918              	.LASF112:
 1919 03c9 63756D75 		.ascii	"cumulative\000"
 1919      6C617469 
 1919      766500
 1920              	.LASF130:
 1921 03d4 666C6F61 		.ascii	"float\000"
 1921      7400
 1922              	.LASF131:
 1923 03da 5F417272 		.ascii	"_ArrayInputsX\000"
ARM GAS  C:\Users\Luis\AppData\Local\Temp\cctkBl80.s 			page 38


 1923      6179496E 
 1923      70757473 
 1923      5800
 1924              	.LASF132:
 1925 03e8 5F417272 		.ascii	"_ArrayInputsY\000"
 1925      6179496E 
 1925      70757473 
 1925      5900
 1926              	.LASF17:
 1927 03f6 74726566 		.ascii	"trefs_t\000"
 1927      735F7400 
 1928              	.LASF102:
 1929 03fe 74625F62 		.ascii	"tb_buffer\000"
 1929      75666665 
 1929      7200
 1930              	.LASF67:
 1931 0408 76697274 		.ascii	"virtual_timer_t\000"
 1931      75616C5F 
 1931      74696D65 
 1931      725F7400 
 1932              	.LASF33:
 1933 0418 705F7072 		.ascii	"p_prev\000"
 1933      657600
 1934              	.LASF141:
 1935 041f 474E5520 		.ascii	"GNU C++ 4.8.3 20131129 (release) [ARM/embedded-4_8-"
 1935      432B2B20 
 1935      342E382E 
 1935      33203230 
 1935      31333131 
 1936 0452 6272616E 		.ascii	"branch revision 205641] -mcpu=cortex-m4 -mapcs-fram"
 1936      63682072 
 1936      65766973 
 1936      696F6E20 
 1936      32303536 
 1937 0485 65202D6D 		.ascii	"e -mno-thumb-interwork -mthumb -ggdb -O0 -falign-fu"
 1937      6E6F2D74 
 1937      68756D62 
 1937      2D696E74 
 1937      6572776F 
 1938 04b8 6E637469 		.ascii	"nctions=16 -ffunction-sections -fdata-sections -fno"
 1938      6F6E733D 
 1938      3136202D 
 1938      6666756E 
 1938      6374696F 
 1939 04eb 2D636F6D 		.ascii	"-common -fno-rtti -fno-exceptions\000"
 1939      6D6F6E20 
 1939      2D666E6F 
 1939      2D727474 
 1939      69202D66 
 1940              	.LASF18:
 1941 050d 74707269 		.ascii	"tprio_t\000"
 1941      6F5F7400 
 1942              	.LASF38:
 1943 0515 705F6E61 		.ascii	"p_name\000"
 1943      6D6500
 1944              	.LASF116:
 1945 051c 6E5F6374 		.ascii	"n_ctxswc\000"
ARM GAS  C:\Users\Luis\AppData\Local\Temp\cctkBl80.s 			page 39


 1945      78737763 
 1945      00
 1946              	.LASF6:
 1947 0525 696E7433 		.ascii	"int32_t\000"
 1947      325F7400 
 1948              	.LASF2:
 1949 052d 756E7369 		.ascii	"unsigned char\000"
 1949      676E6564 
 1949      20636861 
 1949      7200
 1950              	.LASF47:
 1951 053b 705F6D74 		.ascii	"p_mtxlist\000"
 1951      786C6973 
 1951      7400
 1952              	.LASF3:
 1953 0545 73686F72 		.ascii	"short int\000"
 1953      7420696E 
 1953      7400
 1954              	.LASF40:
 1955 054f 705F7374 		.ascii	"p_state\000"
 1955      61746500 
 1956              	.LASF135:
 1957 0557 5F526573 		.ascii	"_ResultX\000"
 1957      756C7458 
 1957      00
 1958              	.LASF137:
 1959 0560 5F526573 		.ascii	"_ResultY\000"
 1959      756C7459 
 1959      00
 1960              	.LASF61:
 1961 0569 725F7072 		.ascii	"r_prio\000"
 1961      696F00
 1962              	.LASF133:
 1963 0570 5F46696C 		.ascii	"_FilterOrder\000"
 1963      7465724F 
 1963      72646572 
 1963      00
 1964              	.LASF31:
 1965 057d 65776D61 		.ascii	"ewmask\000"
 1965      736B00
 1966              	.LASF32:
 1967 0584 705F6E65 		.ascii	"p_next\000"
 1967      787400
 1968              	.LASF50:
 1969 058b 705F7374 		.ascii	"p_stats\000"
 1969      61747300 
 1970              	.LASF68:
 1971 0593 63685F76 		.ascii	"ch_virtual_timer\000"
 1971      69727475 
 1971      616C5F74 
 1971      696D6572 
 1971      00
 1972              	.LASF120:
 1973 05a4 63685F73 		.ascii	"ch_semaphore\000"
 1973      656D6170 
 1973      686F7265 
 1973      00
ARM GAS  C:\Users\Luis\AppData\Local\Temp\cctkBl80.s 			page 40


 1974              	.LASF46:
 1975 05b1 705F6570 		.ascii	"p_epending\000"
 1975      656E6469 
 1975      6E6700
 1976              	.LASF8:
 1977 05bc 75696E74 		.ascii	"uint32_t\000"
 1977      33325F74 
 1977      00
 1978              	.LASF30:
 1979 05c5 77746D74 		.ascii	"wtmtxp\000"
 1979      787000
 1980              	.LASF60:
 1981 05cc 725F7175 		.ascii	"r_queue\000"
 1981      65756500 
 1982              	.LASF71:
 1983 05d4 76745F64 		.ascii	"vt_delta\000"
 1983      656C7461 
 1983      00
 1984              	.LASF55:
 1985 05dd 63685F74 		.ascii	"ch_threads_list\000"
 1985      68726561 
 1985      64735F6C 
 1985      69737400 
 1986              	.LASF9:
 1987 05ed 6C6F6E67 		.ascii	"long unsigned int\000"
 1987      20756E73 
 1987      69676E65 
 1987      6420696E 
 1987      7400
 1988              	.LASF127:
 1989 05ff 63686172 		.ascii	"char\000"
 1989      00
 1990              	.LASF24:
 1991 0604 74687265 		.ascii	"thread_t\000"
 1991      61645F74 
 1991      00
 1992              	.LASF109:
 1993 060d 62657374 		.ascii	"best\000"
 1993      00
 1994              	.LASF126:
 1995 0612 6D5F6E65 		.ascii	"m_next\000"
 1995      787400
 1996              	.LASF23:
 1997 0619 73797374 		.ascii	"systime_t\000"
 1997      696D655F 
 1997      7400
 1998              	.LASF48:
 1999 0623 705F7265 		.ascii	"p_realprio\000"
 1999      616C7072 
 1999      696F00
 2000              	.LASF66:
 2001 062e 76746675 		.ascii	"vtfunc_t\000"
 2001      6E635F74 
 2001      00
 2002              	.LASF79:
 2003 0637 70616E69 		.ascii	"panic_msg\000"
 2003      635F6D73 
ARM GAS  C:\Users\Luis\AppData\Local\Temp\cctkBl80.s 			page 41


 2003      6700
 2004              	.LASF106:
 2005 0641 6F666673 		.ascii	"offset\000"
 2005      657400
 2006              	.LASF93:
 2007 0648 636F6E74 		.ascii	"context\000"
 2007      65787400 
 2008              	.LASF13:
 2009 0650 7274636E 		.ascii	"rtcnt_t\000"
 2009      745F7400 
 2010              	.LASF73:
 2011 0658 76745F70 		.ascii	"vt_par\000"
 2011      617200
 2012              	.LASF56:
 2013 065f 74687265 		.ascii	"threads_queue_t\000"
 2013      6164735F 
 2013      71756575 
 2013      655F7400 
 2014              	.LASF123:
 2015 066f 63685F6D 		.ascii	"ch_mutex\000"
 2015      75746578 
 2015      00
 2016              	.LASF42:
 2017 0678 705F7265 		.ascii	"p_refs\000"
 2017      667300
 2018              	.LASF80:
 2019 067f 6973725F 		.ascii	"isr_cnt\000"
 2019      636E7400 
 2020              	.LASF117:
 2021 0687 6D5F6372 		.ascii	"m_crit_thd\000"
 2021      69745F74 
 2021      686400
 2022              	.LASF85:
 2023 0692 726C6973 		.ascii	"rlist\000"
 2023      7400
 2024              	.LASF5:
 2025 0698 75696E74 		.ascii	"uint8_t\000"
 2025      385F7400 
 2026              	.LASF27:
 2027 06a0 77746F62 		.ascii	"wtobjp\000"
 2027      6A7000
 2028              	.LASF138:
 2029 06a7 5F417272 		.ascii	"_ArrayCoefficientsA\000"
 2029      6179436F 
 2029      65666669 
 2029      6369656E 
 2029      74734100 
 2030              	.LASF136:
 2031 06bb 5F417272 		.ascii	"_ArrayCoefficientsB\000"
 2031      6179436F 
 2031      65666669 
 2031      6369656E 
 2031      74734200 
 2032              	.LASF53:
 2033 06cf 74687265 		.ascii	"threads_list_t\000"
 2033      6164735F 
 2033      6C697374 
ARM GAS  C:\Users\Luis\AppData\Local\Temp\cctkBl80.s 			page 42


 2033      5F7400
 2034              	.LASF82:
 2035 06de 74726163 		.ascii	"trace_buffer\000"
 2035      655F6275 
 2035      66666572 
 2035      00
 2036              	.LASF41:
 2037 06eb 705F666C 		.ascii	"p_flags\000"
 2037      61677300 
 2038              	.LASF45:
 2039 06f3 705F6D73 		.ascii	"p_msg\000"
 2039      6700
 2040              	.LASF105:
 2041 06f9 3136746D 		.ascii	"16tm_calibration_t\000"
 2041      5F63616C 
 2041      69627261 
 2041      74696F6E 
 2041      5F7400
 2042              	.LASF145:
 2043 070c 64697265 		.ascii	"directFormI\000"
 2043      6374466F 
 2043      726D4900 
 2044              	.LASF142:
 2045 0718 4949522E 		.ascii	"IIR.cpp\000"
 2045      63707000 
 2046              	.LASF125:
 2047 0720 6D5F6F77 		.ascii	"m_owner\000"
 2047      6E657200 
 2048              	.LASF97:
 2049 0728 73655F77 		.ascii	"se_wtobjp\000"
 2049      746F626A 
 2049      7000
 2050              	.LASF35:
 2051 0732 705F6374 		.ascii	"p_ctx\000"
 2051      7800
 2052              	.LASF72:
 2053 0738 76745F66 		.ascii	"vt_func\000"
 2053      756E6300 
 2054              		.ident	"GCC: (GNU Tools for ARM Embedded Processors) 4.8.3 20131129 (release) [ARM/embedded-4_8-br
ARM GAS  C:\Users\Luis\AppData\Local\Temp\cctkBl80.s 			page 43


DEFINED SYMBOLS
                            *ABS*:00000000 IIR.cpp
C:\Users\Luis\AppData\Local\Temp\cctkBl80.s:20     .text._ZN3IIR11directFormIEf:00000000 $t
C:\Users\Luis\AppData\Local\Temp\cctkBl80.s:26     .text._ZN3IIR11directFormIEf:00000000 _ZN3IIR11directFormIEf
                     .debug_frame:00000010 $d

UNDEFINED SYMBOLS
__aeabi_fsub
_ZNK10DataFilter15getArrayInputsXEv
_ZNK10DataFilter15getArrayInputsYEv
_ZNK10DataFilter14getFilterOrderEv
_ZNK10DataFilter21getArrayCoefficientsBEv
_ZNK10DataFilter21getArrayCoefficientsAEv
_ZN10DataFilter9moveArrayEPf
_ZN12FuntionsMath3sumEiiPfS0_i
