ARM GAS  C:\Users\Luis\AppData\Local\Temp\ccZ2zpFR.s 			page 1


   1              		.syntax unified
   2              		.cpu cortex-m4
   3              		.fpu softvfp
   4              		.eabi_attribute 20, 1
   5              		.eabi_attribute 21, 1
   6              		.eabi_attribute 23, 3
   7              		.eabi_attribute 24, 1
   8              		.eabi_attribute 25, 1
   9              		.eabi_attribute 26, 1
  10              		.eabi_attribute 30, 6
  11              		.eabi_attribute 34, 1
  12              		.eabi_attribute 18, 4
  13              		.thumb
  14              		.file	"vectors.c"
  15              		.text
  16              	.Ltext0:
  17              		.cfi_sections	.debug_frame
  18              		.section	.text._unhandled_exception,"ax",%progbits
  19              		.align	2
  20              		.p2align 4,,15
  21              		.global	_unhandled_exception
  22              		.thumb
  23              		.thumb_func
  24              		.type	_unhandled_exception, %function
  25              	_unhandled_exception:
  26              	.LFB112:
  27              		.file 1 "../../ChibiOS/os/common/ports/ARMCMx/compilers/GCC/vectors.c"
  28              		.loc 1 77 0
  29              		.cfi_startproc
  30              		@ args = 0, pretend = 0, frame = 0
  31              		@ frame_needed = 1, uses_anonymous_args = 0
  32              		@ link register save eliminated.
  33 0000 80B4     		push	{r7}
  34              		.cfi_def_cfa_offset 4
  35              		.cfi_offset 7, -4
  36 0002 00AF     		add	r7, sp, #0
  37              		.cfi_def_cfa_register 7
  38              	.L2:
  39              		.loc 1 81 0 discriminator 1
  40 0004 FEE7     		b	.L2
  41              		.cfi_endproc
  42              	.LFE112:
  43              		.size	_unhandled_exception, .-_unhandled_exception
  44              		.weak	Reset_Handler
  45              		.thumb_set Reset_Handler,_unhandled_exception
  46              		.weak	NMI_Handler
  47              		.thumb_set NMI_Handler,_unhandled_exception
  48              		.weak	HardFault_Handler
  49              		.thumb_set HardFault_Handler,_unhandled_exception
  50              		.weak	MemManage_Handler
  51              		.thumb_set MemManage_Handler,_unhandled_exception
  52              		.weak	BusFault_Handler
  53              		.thumb_set BusFault_Handler,_unhandled_exception
  54              		.weak	UsageFault_Handler
  55              		.thumb_set UsageFault_Handler,_unhandled_exception
  56              		.weak	Vector1C
  57              		.thumb_set Vector1C,_unhandled_exception
ARM GAS  C:\Users\Luis\AppData\Local\Temp\ccZ2zpFR.s 			page 2


  58              		.weak	Vector20
  59              		.thumb_set Vector20,_unhandled_exception
  60              		.weak	Vector24
  61              		.thumb_set Vector24,_unhandled_exception
  62              		.weak	Vector28
  63              		.thumb_set Vector28,_unhandled_exception
  64              		.weak	SVC_Handler
  65              		.thumb_set SVC_Handler,_unhandled_exception
  66              		.weak	DebugMon_Handler
  67              		.thumb_set DebugMon_Handler,_unhandled_exception
  68              		.weak	Vector34
  69              		.thumb_set Vector34,_unhandled_exception
  70              		.weak	PendSV_Handler
  71              		.thumb_set PendSV_Handler,_unhandled_exception
  72              		.weak	SysTick_Handler
  73              		.thumb_set SysTick_Handler,_unhandled_exception
  74              		.weak	Vector40
  75              		.thumb_set Vector40,_unhandled_exception
  76              		.weak	Vector44
  77              		.thumb_set Vector44,_unhandled_exception
  78              		.weak	Vector48
  79              		.thumb_set Vector48,_unhandled_exception
  80              		.weak	Vector4C
  81              		.thumb_set Vector4C,_unhandled_exception
  82              		.weak	Vector50
  83              		.thumb_set Vector50,_unhandled_exception
  84              		.weak	Vector54
  85              		.thumb_set Vector54,_unhandled_exception
  86              		.weak	Vector58
  87              		.thumb_set Vector58,_unhandled_exception
  88              		.weak	Vector5C
  89              		.thumb_set Vector5C,_unhandled_exception
  90              		.weak	Vector60
  91              		.thumb_set Vector60,_unhandled_exception
  92              		.weak	Vector64
  93              		.thumb_set Vector64,_unhandled_exception
  94              		.weak	Vector68
  95              		.thumb_set Vector68,_unhandled_exception
  96              		.weak	Vector6C
  97              		.thumb_set Vector6C,_unhandled_exception
  98              		.weak	Vector70
  99              		.thumb_set Vector70,_unhandled_exception
 100              		.weak	Vector74
 101              		.thumb_set Vector74,_unhandled_exception
 102              		.weak	Vector78
 103              		.thumb_set Vector78,_unhandled_exception
 104              		.weak	Vector7C
 105              		.thumb_set Vector7C,_unhandled_exception
 106              		.weak	Vector80
 107              		.thumb_set Vector80,_unhandled_exception
 108              		.weak	Vector84
 109              		.thumb_set Vector84,_unhandled_exception
 110              		.weak	Vector88
 111              		.thumb_set Vector88,_unhandled_exception
 112              		.weak	Vector8C
 113              		.thumb_set Vector8C,_unhandled_exception
 114              		.weak	Vector90
ARM GAS  C:\Users\Luis\AppData\Local\Temp\ccZ2zpFR.s 			page 3


 115              		.thumb_set Vector90,_unhandled_exception
 116              		.weak	Vector94
 117              		.thumb_set Vector94,_unhandled_exception
 118              		.weak	Vector98
 119              		.thumb_set Vector98,_unhandled_exception
 120              		.weak	Vector9C
 121              		.thumb_set Vector9C,_unhandled_exception
 122              		.weak	VectorA0
 123              		.thumb_set VectorA0,_unhandled_exception
 124              		.weak	VectorA4
 125              		.thumb_set VectorA4,_unhandled_exception
 126              		.weak	VectorA8
 127              		.thumb_set VectorA8,_unhandled_exception
 128              		.weak	VectorAC
 129              		.thumb_set VectorAC,_unhandled_exception
 130              		.weak	VectorB0
 131              		.thumb_set VectorB0,_unhandled_exception
 132              		.weak	VectorB4
 133              		.thumb_set VectorB4,_unhandled_exception
 134              		.weak	VectorB8
 135              		.thumb_set VectorB8,_unhandled_exception
 136              		.weak	VectorBC
 137              		.thumb_set VectorBC,_unhandled_exception
 138              		.weak	VectorC0
 139              		.thumb_set VectorC0,_unhandled_exception
 140              		.weak	VectorC4
 141              		.thumb_set VectorC4,_unhandled_exception
 142              		.weak	VectorC8
 143              		.thumb_set VectorC8,_unhandled_exception
 144              		.weak	VectorCC
 145              		.thumb_set VectorCC,_unhandled_exception
 146              		.weak	VectorD0
 147              		.thumb_set VectorD0,_unhandled_exception
 148              		.weak	VectorD4
 149              		.thumb_set VectorD4,_unhandled_exception
 150              		.weak	VectorD8
 151              		.thumb_set VectorD8,_unhandled_exception
 152              		.weak	VectorDC
 153              		.thumb_set VectorDC,_unhandled_exception
 154              		.weak	VectorE0
 155              		.thumb_set VectorE0,_unhandled_exception
 156              		.weak	VectorE4
 157              		.thumb_set VectorE4,_unhandled_exception
 158              		.weak	VectorE8
 159              		.thumb_set VectorE8,_unhandled_exception
 160              		.weak	VectorEC
 161              		.thumb_set VectorEC,_unhandled_exception
 162              		.weak	VectorF0
 163              		.thumb_set VectorF0,_unhandled_exception
 164              		.weak	VectorF4
 165              		.thumb_set VectorF4,_unhandled_exception
 166              		.weak	VectorF8
 167              		.thumb_set VectorF8,_unhandled_exception
 168              		.weak	VectorFC
 169              		.thumb_set VectorFC,_unhandled_exception
 170              		.weak	Vector100
 171              		.thumb_set Vector100,_unhandled_exception
ARM GAS  C:\Users\Luis\AppData\Local\Temp\ccZ2zpFR.s 			page 4


 172              		.weak	Vector104
 173              		.thumb_set Vector104,_unhandled_exception
 174              		.weak	Vector108
 175              		.thumb_set Vector108,_unhandled_exception
 176              		.weak	Vector10C
 177              		.thumb_set Vector10C,_unhandled_exception
 178              		.weak	Vector110
 179              		.thumb_set Vector110,_unhandled_exception
 180              		.weak	Vector114
 181              		.thumb_set Vector114,_unhandled_exception
 182              		.weak	Vector118
 183              		.thumb_set Vector118,_unhandled_exception
 184              		.weak	Vector11C
 185              		.thumb_set Vector11C,_unhandled_exception
 186              		.weak	Vector120
 187              		.thumb_set Vector120,_unhandled_exception
 188              		.weak	Vector124
 189              		.thumb_set Vector124,_unhandled_exception
 190              		.weak	Vector128
 191              		.thumb_set Vector128,_unhandled_exception
 192              		.weak	Vector12C
 193              		.thumb_set Vector12C,_unhandled_exception
 194              		.weak	Vector130
 195              		.thumb_set Vector130,_unhandled_exception
 196              		.weak	Vector134
 197              		.thumb_set Vector134,_unhandled_exception
 198              		.weak	Vector138
 199              		.thumb_set Vector138,_unhandled_exception
 200              		.weak	Vector13C
 201              		.thumb_set Vector13C,_unhandled_exception
 202              		.weak	Vector140
 203              		.thumb_set Vector140,_unhandled_exception
 204              		.weak	Vector144
 205              		.thumb_set Vector144,_unhandled_exception
 206              		.weak	Vector148
 207              		.thumb_set Vector148,_unhandled_exception
 208              		.weak	Vector14C
 209              		.thumb_set Vector14C,_unhandled_exception
 210              		.weak	Vector150
 211              		.thumb_set Vector150,_unhandled_exception
 212              		.weak	Vector154
 213              		.thumb_set Vector154,_unhandled_exception
 214              		.weak	Vector158
 215              		.thumb_set Vector158,_unhandled_exception
 216              		.weak	Vector15C
 217              		.thumb_set Vector15C,_unhandled_exception
 218              		.weak	Vector160
 219              		.thumb_set Vector160,_unhandled_exception
 220              		.weak	Vector164
 221              		.thumb_set Vector164,_unhandled_exception
 222              		.weak	Vector168
 223              		.thumb_set Vector168,_unhandled_exception
 224              		.weak	Vector16C
 225              		.thumb_set Vector16C,_unhandled_exception
 226              		.weak	Vector170
 227              		.thumb_set Vector170,_unhandled_exception
 228              		.weak	Vector174
ARM GAS  C:\Users\Luis\AppData\Local\Temp\ccZ2zpFR.s 			page 5


 229              		.thumb_set Vector174,_unhandled_exception
 230              		.weak	Vector178
 231              		.thumb_set Vector178,_unhandled_exception
 232              		.weak	Vector17C
 233              		.thumb_set Vector17C,_unhandled_exception
 234              		.weak	Vector180
 235              		.thumb_set Vector180,_unhandled_exception
 236              		.weak	Vector184
 237              		.thumb_set Vector184,_unhandled_exception
 238              		.weak	Vector188
 239              		.thumb_set Vector188,_unhandled_exception
 240              		.weak	Vector18C
 241              		.thumb_set Vector18C,_unhandled_exception
 242              		.weak	Vector190
 243              		.thumb_set Vector190,_unhandled_exception
 244              		.weak	Vector194
 245              		.thumb_set Vector194,_unhandled_exception
 246              		.weak	Vector198
 247              		.thumb_set Vector198,_unhandled_exception
 248              		.weak	Vector19C
 249              		.thumb_set Vector19C,_unhandled_exception
 250              		.weak	Vector1A0
 251              		.thumb_set Vector1A0,_unhandled_exception
 252              		.weak	Vector1A4
 253              		.thumb_set Vector1A4,_unhandled_exception
 254              		.weak	Vector1A8
 255              		.thumb_set Vector1A8,_unhandled_exception
 256              		.weak	Vector1AC
 257              		.thumb_set Vector1AC,_unhandled_exception
 258              		.weak	Vector1B0
 259              		.thumb_set Vector1B0,_unhandled_exception
 260              		.weak	Vector1B4
 261              		.thumb_set Vector1B4,_unhandled_exception
 262              		.weak	Vector1B8
 263              		.thumb_set Vector1B8,_unhandled_exception
 264              		.weak	Vector1BC
 265              		.thumb_set Vector1BC,_unhandled_exception
 266              		.global	_vectors
 267 0006 00BFAFF3 		.section	.vectors,"aw",%progbits
 267      0080AFF3 
 267      0080
 268              		.align	2
 269              		.type	_vectors, %object
 270              		.size	_vectors, 448
 271              	_vectors:
 272 0000 00000000 		.word	__main_stack_end__
 273 0004 00000000 		.word	Reset_Handler
 274 0008 00000000 		.word	NMI_Handler
 275 000c 00000000 		.word	HardFault_Handler
 276 0010 00000000 		.word	MemManage_Handler
 277 0014 00000000 		.word	BusFault_Handler
 278 0018 00000000 		.word	UsageFault_Handler
 279 001c 00000000 		.word	Vector1C
 280 0020 00000000 		.word	Vector20
 281 0024 00000000 		.word	Vector24
 282 0028 00000000 		.word	Vector28
 283 002c 00000000 		.word	SVC_Handler
ARM GAS  C:\Users\Luis\AppData\Local\Temp\ccZ2zpFR.s 			page 6


 284 0030 00000000 		.word	DebugMon_Handler
 285 0034 00000000 		.word	Vector34
 286 0038 00000000 		.word	PendSV_Handler
 287 003c 00000000 		.word	SysTick_Handler
 288 0040 00000000 		.word	Vector40
 289 0044 00000000 		.word	Vector44
 290 0048 00000000 		.word	Vector48
 291 004c 00000000 		.word	Vector4C
 292 0050 00000000 		.word	Vector50
 293 0054 00000000 		.word	Vector54
 294 0058 00000000 		.word	Vector58
 295 005c 00000000 		.word	Vector5C
 296 0060 00000000 		.word	Vector60
 297 0064 00000000 		.word	Vector64
 298 0068 00000000 		.word	Vector68
 299 006c 00000000 		.word	Vector6C
 300 0070 00000000 		.word	Vector70
 301 0074 00000000 		.word	Vector74
 302 0078 00000000 		.word	Vector78
 303 007c 00000000 		.word	Vector7C
 304 0080 00000000 		.word	Vector80
 305 0084 00000000 		.word	Vector84
 306 0088 00000000 		.word	Vector88
 307 008c 00000000 		.word	Vector8C
 308 0090 00000000 		.word	Vector90
 309 0094 00000000 		.word	Vector94
 310 0098 00000000 		.word	Vector98
 311 009c 00000000 		.word	Vector9C
 312 00a0 00000000 		.word	VectorA0
 313 00a4 00000000 		.word	VectorA4
 314 00a8 00000000 		.word	VectorA8
 315 00ac 00000000 		.word	VectorAC
 316 00b0 00000000 		.word	VectorB0
 317 00b4 00000000 		.word	VectorB4
 318 00b8 00000000 		.word	VectorB8
 319 00bc 00000000 		.word	VectorBC
 320 00c0 00000000 		.word	VectorC0
 321 00c4 00000000 		.word	VectorC4
 322 00c8 00000000 		.word	VectorC8
 323 00cc 00000000 		.word	VectorCC
 324 00d0 00000000 		.word	VectorD0
 325 00d4 00000000 		.word	VectorD4
 326 00d8 00000000 		.word	VectorD8
 327 00dc 00000000 		.word	VectorDC
 328 00e0 00000000 		.word	VectorE0
 329 00e4 00000000 		.word	VectorE4
 330 00e8 00000000 		.word	VectorE8
 331 00ec 00000000 		.word	VectorEC
 332 00f0 00000000 		.word	VectorF0
 333 00f4 00000000 		.word	VectorF4
 334 00f8 00000000 		.word	VectorF8
 335 00fc 00000000 		.word	VectorFC
 336 0100 00000000 		.word	Vector100
 337 0104 00000000 		.word	Vector104
 338 0108 00000000 		.word	Vector108
 339 010c 00000000 		.word	Vector10C
 340 0110 00000000 		.word	Vector110
ARM GAS  C:\Users\Luis\AppData\Local\Temp\ccZ2zpFR.s 			page 7


 341 0114 00000000 		.word	Vector114
 342 0118 00000000 		.word	Vector118
 343 011c 00000000 		.word	Vector11C
 344 0120 00000000 		.word	Vector120
 345 0124 00000000 		.word	Vector124
 346 0128 00000000 		.word	Vector128
 347 012c 00000000 		.word	Vector12C
 348 0130 00000000 		.word	Vector130
 349 0134 00000000 		.word	Vector134
 350 0138 00000000 		.word	Vector138
 351 013c 00000000 		.word	Vector13C
 352 0140 00000000 		.word	Vector140
 353 0144 00000000 		.word	Vector144
 354 0148 00000000 		.word	Vector148
 355 014c 00000000 		.word	Vector14C
 356 0150 00000000 		.word	Vector150
 357 0154 00000000 		.word	Vector154
 358 0158 00000000 		.word	Vector158
 359 015c 00000000 		.word	Vector15C
 360 0160 00000000 		.word	Vector160
 361 0164 00000000 		.word	Vector164
 362 0168 00000000 		.word	Vector168
 363 016c 00000000 		.word	Vector16C
 364 0170 00000000 		.word	Vector170
 365 0174 00000000 		.word	Vector174
 366 0178 00000000 		.word	Vector178
 367 017c 00000000 		.word	Vector17C
 368 0180 00000000 		.word	Vector180
 369 0184 00000000 		.word	Vector184
 370 0188 00000000 		.word	Vector188
 371 018c 00000000 		.word	Vector18C
 372 0190 00000000 		.word	Vector190
 373 0194 00000000 		.word	Vector194
 374 0198 00000000 		.word	Vector198
 375 019c 00000000 		.word	Vector19C
 376 01a0 00000000 		.word	Vector1A0
 377 01a4 00000000 		.word	Vector1A4
 378 01a8 00000000 		.word	Vector1A8
 379 01ac 00000000 		.word	Vector1AC
 380 01b0 00000000 		.word	Vector1B0
 381 01b4 00000000 		.word	Vector1B4
 382 01b8 00000000 		.word	Vector1B8
 383 01bc 00000000 		.word	Vector1BC
 384              		.text
 385              	.Letext0:
 386              		.file 2 "c:\\emtechesdk\\gcc\\arm-none-eabi\\include\\stdint.h"
 387              		.file 3 "../../ChibiOS/os/ext/CMSIS/include/core_cm4.h"
 388              		.section	.debug_info,"",%progbits
 389              	.Ldebug_info0:
 390 0000 CD010000 		.4byte	0x1cd
 391 0004 0400     		.2byte	0x4
 392 0006 00000000 		.4byte	.Ldebug_abbrev0
 393 000a 04       		.byte	0x4
 394 000b 01       		.uleb128 0x1
 395 000c 00000000 		.4byte	.LASF34
 396 0010 01       		.byte	0x1
 397 0011 DF000000 		.4byte	.LASF35
ARM GAS  C:\Users\Luis\AppData\Local\Temp\ccZ2zpFR.s 			page 8


 398 0015 1E020000 		.4byte	.LASF36
 399 0019 00000000 		.4byte	.Ldebug_ranges0+0
 400 001d 00000000 		.4byte	0
 401 0021 00000000 		.4byte	.Ldebug_line0
 402 0025 02       		.uleb128 0x2
 403 0026 01       		.byte	0x1
 404 0027 06       		.byte	0x6
 405 0028 ED020000 		.4byte	.LASF0
 406 002c 02       		.uleb128 0x2
 407 002d 01       		.byte	0x1
 408 002e 08       		.byte	0x8
 409 002f 7F010000 		.4byte	.LASF1
 410 0033 02       		.uleb128 0x2
 411 0034 02       		.byte	0x2
 412 0035 05       		.byte	0x5
 413 0036 BF020000 		.4byte	.LASF2
 414 003a 02       		.uleb128 0x2
 415 003b 02       		.byte	0x2
 416 003c 07       		.byte	0x7
 417 003d 3B010000 		.4byte	.LASF3
 418 0041 03       		.uleb128 0x3
 419 0042 62010000 		.4byte	.LASF5
 420 0046 02       		.byte	0x2
 421 0047 4F       		.byte	0x4f
 422 0048 4C000000 		.4byte	0x4c
 423 004c 02       		.uleb128 0x2
 424 004d 04       		.byte	0x4
 425 004e 05       		.byte	0x5
 426 004f D2020000 		.4byte	.LASF4
 427 0053 03       		.uleb128 0x3
 428 0054 C9020000 		.4byte	.LASF6
 429 0058 02       		.byte	0x2
 430 0059 50       		.byte	0x50
 431 005a 5E000000 		.4byte	0x5e
 432 005e 02       		.uleb128 0x2
 433 005f 04       		.byte	0x4
 434 0060 07       		.byte	0x7
 435 0061 8D010000 		.4byte	.LASF7
 436 0065 02       		.uleb128 0x2
 437 0066 08       		.byte	0x8
 438 0067 05       		.byte	0x5
 439 0068 83020000 		.4byte	.LASF8
 440 006c 02       		.uleb128 0x2
 441 006d 08       		.byte	0x8
 442 006e 07       		.byte	0x7
 443 006f F5010000 		.4byte	.LASF9
 444 0073 04       		.uleb128 0x4
 445 0074 04       		.byte	0x4
 446 0075 05       		.byte	0x5
 447 0076 696E7400 		.ascii	"int\000"
 448 007a 02       		.uleb128 0x2
 449 007b 04       		.byte	0x4
 450 007c 07       		.byte	0x7
 451 007d DF010000 		.4byte	.LASF10
 452 0081 02       		.uleb128 0x2
 453 0082 04       		.byte	0x4
 454 0083 07       		.byte	0x7
ARM GAS  C:\Users\Luis\AppData\Local\Temp\ccZ2zpFR.s 			page 9


 455 0084 67020000 		.4byte	.LASF11
 456 0088 03       		.uleb128 0x3
 457 0089 D2000000 		.4byte	.LASF12
 458 008d 01       		.byte	0x1
 459 008e 2C       		.byte	0x2c
 460 008f 93000000 		.4byte	0x93
 461 0093 05       		.uleb128 0x5
 462 0094 04       		.byte	0x4
 463 0095 99000000 		.4byte	0x99
 464 0099 06       		.uleb128 0x6
 465 009a 07       		.uleb128 0x7
 466 009b C001     		.2byte	0x1c0
 467 009d 01       		.byte	0x1
 468 009e 31       		.byte	0x31
 469 009f 70010000 		.4byte	0x170
 470 00a3 08       		.uleb128 0x8
 471 00a4 57010000 		.4byte	.LASF13
 472 00a8 01       		.byte	0x1
 473 00a9 32       		.byte	0x32
 474 00aa 70010000 		.4byte	0x170
 475 00ae 00       		.byte	0
 476 00af 08       		.uleb128 0x8
 477 00b0 59020000 		.4byte	.LASF14
 478 00b4 01       		.byte	0x1
 479 00b5 33       		.byte	0x33
 480 00b6 88000000 		.4byte	0x88
 481 00ba 04       		.byte	0x4
 482 00bb 08       		.uleb128 0x8
 483 00bc D3010000 		.4byte	.LASF15
 484 00c0 01       		.byte	0x1
 485 00c1 34       		.byte	0x34
 486 00c2 88000000 		.4byte	0x88
 487 00c6 08       		.byte	0x8
 488 00c7 08       		.uleb128 0x8
 489 00c8 C1010000 		.4byte	.LASF16
 490 00cc 01       		.byte	0x1
 491 00cd 35       		.byte	0x35
 492 00ce 88000000 		.4byte	0x88
 493 00d2 0C       		.byte	0xc
 494 00d3 08       		.uleb128 0x8
 495 00d4 DB020000 		.4byte	.LASF17
 496 00d8 01       		.byte	0x1
 497 00d9 36       		.byte	0x36
 498 00da 88000000 		.4byte	0x88
 499 00de 10       		.byte	0x10
 500 00df 08       		.uleb128 0x8
 501 00e0 91020000 		.4byte	.LASF18
 502 00e4 01       		.byte	0x1
 503 00e5 37       		.byte	0x37
 504 00e6 88000000 		.4byte	0x88
 505 00ea 14       		.byte	0x14
 506 00eb 08       		.uleb128 0x8
 507 00ec 70020000 		.4byte	.LASF19
 508 00f0 01       		.byte	0x1
 509 00f1 38       		.byte	0x38
 510 00f2 88000000 		.4byte	0x88
 511 00f6 18       		.byte	0x18
ARM GAS  C:\Users\Luis\AppData\Local\Temp\ccZ2zpFR.s 			page 10


 512 00f7 08       		.uleb128 0x8
 513 00f8 B8010000 		.4byte	.LASF20
 514 00fc 01       		.byte	0x1
 515 00fd 39       		.byte	0x39
 516 00fe 88000000 		.4byte	0x88
 517 0102 1C       		.byte	0x1c
 518 0103 08       		.uleb128 0x8
 519 0104 EC010000 		.4byte	.LASF21
 520 0108 01       		.byte	0x1
 521 0109 3A       		.byte	0x3a
 522 010a 88000000 		.4byte	0x88
 523 010e 20       		.byte	0x20
 524 010f 08       		.uleb128 0x8
 525 0110 0C020000 		.4byte	.LASF22
 526 0114 01       		.byte	0x1
 527 0115 3B       		.byte	0x3b
 528 0116 88000000 		.4byte	0x88
 529 011a 24       		.byte	0x24
 530 011b 08       		.uleb128 0x8
 531 011c 15020000 		.4byte	.LASF23
 532 0120 01       		.byte	0x1
 533 0121 3C       		.byte	0x3c
 534 0122 88000000 		.4byte	0x88
 535 0126 28       		.byte	0x28
 536 0127 08       		.uleb128 0x8
 537 0128 9F010000 		.4byte	.LASF24
 538 012c 01       		.byte	0x1
 539 012d 3D       		.byte	0x3d
 540 012e 88000000 		.4byte	0x88
 541 0132 2C       		.byte	0x2c
 542 0133 08       		.uleb128 0x8
 543 0134 6A010000 		.4byte	.LASF25
 544 0138 01       		.byte	0x1
 545 0139 3E       		.byte	0x3e
 546 013a 88000000 		.4byte	0x88
 547 013e 30       		.byte	0x30
 548 013f 08       		.uleb128 0x8
 549 0140 16030000 		.4byte	.LASF26
 550 0144 01       		.byte	0x1
 551 0145 3F       		.byte	0x3f
 552 0146 88000000 		.4byte	0x88
 553 014a 34       		.byte	0x34
 554 014b 08       		.uleb128 0x8
 555 014c 1C010000 		.4byte	.LASF27
 556 0150 01       		.byte	0x1
 557 0151 40       		.byte	0x40
 558 0152 88000000 		.4byte	0x88
 559 0156 38       		.byte	0x38
 560 0157 08       		.uleb128 0x8
 561 0158 2B010000 		.4byte	.LASF28
 562 015c 01       		.byte	0x1
 563 015d 41       		.byte	0x41
 564 015e 88000000 		.4byte	0x88
 565 0162 3C       		.byte	0x3c
 566 0163 08       		.uleb128 0x8
 567 0164 B7020000 		.4byte	.LASF29
 568 0168 01       		.byte	0x1
ARM GAS  C:\Users\Luis\AppData\Local\Temp\ccZ2zpFR.s 			page 11


 569 0169 42       		.byte	0x42
 570 016a 76010000 		.4byte	0x176
 571 016e 40       		.byte	0x40
 572 016f 00       		.byte	0
 573 0170 05       		.uleb128 0x5
 574 0171 04       		.byte	0x4
 575 0172 53000000 		.4byte	0x53
 576 0176 09       		.uleb128 0x9
 577 0177 88000000 		.4byte	0x88
 578 017b 86010000 		.4byte	0x186
 579 017f 0A       		.uleb128 0xa
 580 0180 81000000 		.4byte	0x81
 581 0184 5F       		.byte	0x5f
 582 0185 00       		.byte	0
 583 0186 03       		.uleb128 0x3
 584 0187 F9020000 		.4byte	.LASF30
 585 018b 01       		.byte	0x1
 586 018c 43       		.byte	0x43
 587 018d 9A000000 		.4byte	0x9a
 588 0191 0B       		.uleb128 0xb
 589 0192 A2020000 		.4byte	.LASF37
 590 0196 01       		.byte	0x1
 591 0197 4D       		.byte	0x4d
 592 0198 00000000 		.4byte	.LFB112
 593 019c 06000000 		.4byte	.LFE112-.LFB112
 594 01a0 01       		.uleb128 0x1
 595 01a1 9C       		.byte	0x9c
 596 01a2 0C       		.uleb128 0xc
 597 01a3 AB010000 		.4byte	.LASF31
 598 01a7 03       		.byte	0x3
 599 01a8 A706     		.2byte	0x6a7
 600 01aa AE010000 		.4byte	0x1ae
 601 01ae 0D       		.uleb128 0xd
 602 01af 41000000 		.4byte	0x41
 603 01b3 0E       		.uleb128 0xe
 604 01b4 03030000 		.4byte	.LASF32
 605 01b8 01       		.byte	0x1
 606 01b9 55       		.byte	0x55
 607 01ba 53000000 		.4byte	0x53
 608 01be 0F       		.uleb128 0xf
 609 01bf 4E010000 		.4byte	.LASF33
 610 01c3 01       		.byte	0x1
 611 01c4 D401     		.2byte	0x1d4
 612 01c6 86010000 		.4byte	0x186
 613 01ca 05       		.uleb128 0x5
 614 01cb 03       		.byte	0x3
 615 01cc 00000000 		.4byte	_vectors
 616 01d0 00       		.byte	0
 617              		.section	.debug_abbrev,"",%progbits
 618              	.Ldebug_abbrev0:
 619 0000 01       		.uleb128 0x1
 620 0001 11       		.uleb128 0x11
 621 0002 01       		.byte	0x1
 622 0003 25       		.uleb128 0x25
 623 0004 0E       		.uleb128 0xe
 624 0005 13       		.uleb128 0x13
 625 0006 0B       		.uleb128 0xb
ARM GAS  C:\Users\Luis\AppData\Local\Temp\ccZ2zpFR.s 			page 12


 626 0007 03       		.uleb128 0x3
 627 0008 0E       		.uleb128 0xe
 628 0009 1B       		.uleb128 0x1b
 629 000a 0E       		.uleb128 0xe
 630 000b 55       		.uleb128 0x55
 631 000c 17       		.uleb128 0x17
 632 000d 11       		.uleb128 0x11
 633 000e 01       		.uleb128 0x1
 634 000f 10       		.uleb128 0x10
 635 0010 17       		.uleb128 0x17
 636 0011 00       		.byte	0
 637 0012 00       		.byte	0
 638 0013 02       		.uleb128 0x2
 639 0014 24       		.uleb128 0x24
 640 0015 00       		.byte	0
 641 0016 0B       		.uleb128 0xb
 642 0017 0B       		.uleb128 0xb
 643 0018 3E       		.uleb128 0x3e
 644 0019 0B       		.uleb128 0xb
 645 001a 03       		.uleb128 0x3
 646 001b 0E       		.uleb128 0xe
 647 001c 00       		.byte	0
 648 001d 00       		.byte	0
 649 001e 03       		.uleb128 0x3
 650 001f 16       		.uleb128 0x16
 651 0020 00       		.byte	0
 652 0021 03       		.uleb128 0x3
 653 0022 0E       		.uleb128 0xe
 654 0023 3A       		.uleb128 0x3a
 655 0024 0B       		.uleb128 0xb
 656 0025 3B       		.uleb128 0x3b
 657 0026 0B       		.uleb128 0xb
 658 0027 49       		.uleb128 0x49
 659 0028 13       		.uleb128 0x13
 660 0029 00       		.byte	0
 661 002a 00       		.byte	0
 662 002b 04       		.uleb128 0x4
 663 002c 24       		.uleb128 0x24
 664 002d 00       		.byte	0
 665 002e 0B       		.uleb128 0xb
 666 002f 0B       		.uleb128 0xb
 667 0030 3E       		.uleb128 0x3e
 668 0031 0B       		.uleb128 0xb
 669 0032 03       		.uleb128 0x3
 670 0033 08       		.uleb128 0x8
 671 0034 00       		.byte	0
 672 0035 00       		.byte	0
 673 0036 05       		.uleb128 0x5
 674 0037 0F       		.uleb128 0xf
 675 0038 00       		.byte	0
 676 0039 0B       		.uleb128 0xb
 677 003a 0B       		.uleb128 0xb
 678 003b 49       		.uleb128 0x49
 679 003c 13       		.uleb128 0x13
 680 003d 00       		.byte	0
 681 003e 00       		.byte	0
 682 003f 06       		.uleb128 0x6
ARM GAS  C:\Users\Luis\AppData\Local\Temp\ccZ2zpFR.s 			page 13


 683 0040 15       		.uleb128 0x15
 684 0041 00       		.byte	0
 685 0042 27       		.uleb128 0x27
 686 0043 19       		.uleb128 0x19
 687 0044 00       		.byte	0
 688 0045 00       		.byte	0
 689 0046 07       		.uleb128 0x7
 690 0047 13       		.uleb128 0x13
 691 0048 01       		.byte	0x1
 692 0049 0B       		.uleb128 0xb
 693 004a 05       		.uleb128 0x5
 694 004b 3A       		.uleb128 0x3a
 695 004c 0B       		.uleb128 0xb
 696 004d 3B       		.uleb128 0x3b
 697 004e 0B       		.uleb128 0xb
 698 004f 01       		.uleb128 0x1
 699 0050 13       		.uleb128 0x13
 700 0051 00       		.byte	0
 701 0052 00       		.byte	0
 702 0053 08       		.uleb128 0x8
 703 0054 0D       		.uleb128 0xd
 704 0055 00       		.byte	0
 705 0056 03       		.uleb128 0x3
 706 0057 0E       		.uleb128 0xe
 707 0058 3A       		.uleb128 0x3a
 708 0059 0B       		.uleb128 0xb
 709 005a 3B       		.uleb128 0x3b
 710 005b 0B       		.uleb128 0xb
 711 005c 49       		.uleb128 0x49
 712 005d 13       		.uleb128 0x13
 713 005e 38       		.uleb128 0x38
 714 005f 0B       		.uleb128 0xb
 715 0060 00       		.byte	0
 716 0061 00       		.byte	0
 717 0062 09       		.uleb128 0x9
 718 0063 01       		.uleb128 0x1
 719 0064 01       		.byte	0x1
 720 0065 49       		.uleb128 0x49
 721 0066 13       		.uleb128 0x13
 722 0067 01       		.uleb128 0x1
 723 0068 13       		.uleb128 0x13
 724 0069 00       		.byte	0
 725 006a 00       		.byte	0
 726 006b 0A       		.uleb128 0xa
 727 006c 21       		.uleb128 0x21
 728 006d 00       		.byte	0
 729 006e 49       		.uleb128 0x49
 730 006f 13       		.uleb128 0x13
 731 0070 2F       		.uleb128 0x2f
 732 0071 0B       		.uleb128 0xb
 733 0072 00       		.byte	0
 734 0073 00       		.byte	0
 735 0074 0B       		.uleb128 0xb
 736 0075 2E       		.uleb128 0x2e
 737 0076 00       		.byte	0
 738 0077 3F       		.uleb128 0x3f
 739 0078 19       		.uleb128 0x19
ARM GAS  C:\Users\Luis\AppData\Local\Temp\ccZ2zpFR.s 			page 14


 740 0079 03       		.uleb128 0x3
 741 007a 0E       		.uleb128 0xe
 742 007b 3A       		.uleb128 0x3a
 743 007c 0B       		.uleb128 0xb
 744 007d 3B       		.uleb128 0x3b
 745 007e 0B       		.uleb128 0xb
 746 007f 27       		.uleb128 0x27
 747 0080 19       		.uleb128 0x19
 748 0081 11       		.uleb128 0x11
 749 0082 01       		.uleb128 0x1
 750 0083 12       		.uleb128 0x12
 751 0084 06       		.uleb128 0x6
 752 0085 40       		.uleb128 0x40
 753 0086 18       		.uleb128 0x18
 754 0087 9742     		.uleb128 0x2117
 755 0089 19       		.uleb128 0x19
 756 008a 00       		.byte	0
 757 008b 00       		.byte	0
 758 008c 0C       		.uleb128 0xc
 759 008d 34       		.uleb128 0x34
 760 008e 00       		.byte	0
 761 008f 03       		.uleb128 0x3
 762 0090 0E       		.uleb128 0xe
 763 0091 3A       		.uleb128 0x3a
 764 0092 0B       		.uleb128 0xb
 765 0093 3B       		.uleb128 0x3b
 766 0094 05       		.uleb128 0x5
 767 0095 49       		.uleb128 0x49
 768 0096 13       		.uleb128 0x13
 769 0097 3F       		.uleb128 0x3f
 770 0098 19       		.uleb128 0x19
 771 0099 3C       		.uleb128 0x3c
 772 009a 19       		.uleb128 0x19
 773 009b 00       		.byte	0
 774 009c 00       		.byte	0
 775 009d 0D       		.uleb128 0xd
 776 009e 35       		.uleb128 0x35
 777 009f 00       		.byte	0
 778 00a0 49       		.uleb128 0x49
 779 00a1 13       		.uleb128 0x13
 780 00a2 00       		.byte	0
 781 00a3 00       		.byte	0
 782 00a4 0E       		.uleb128 0xe
 783 00a5 34       		.uleb128 0x34
 784 00a6 00       		.byte	0
 785 00a7 03       		.uleb128 0x3
 786 00a8 0E       		.uleb128 0xe
 787 00a9 3A       		.uleb128 0x3a
 788 00aa 0B       		.uleb128 0xb
 789 00ab 3B       		.uleb128 0x3b
 790 00ac 0B       		.uleb128 0xb
 791 00ad 49       		.uleb128 0x49
 792 00ae 13       		.uleb128 0x13
 793 00af 3F       		.uleb128 0x3f
 794 00b0 19       		.uleb128 0x19
 795 00b1 3C       		.uleb128 0x3c
 796 00b2 19       		.uleb128 0x19
ARM GAS  C:\Users\Luis\AppData\Local\Temp\ccZ2zpFR.s 			page 15


 797 00b3 00       		.byte	0
 798 00b4 00       		.byte	0
 799 00b5 0F       		.uleb128 0xf
 800 00b6 34       		.uleb128 0x34
 801 00b7 00       		.byte	0
 802 00b8 03       		.uleb128 0x3
 803 00b9 0E       		.uleb128 0xe
 804 00ba 3A       		.uleb128 0x3a
 805 00bb 0B       		.uleb128 0xb
 806 00bc 3B       		.uleb128 0x3b
 807 00bd 05       		.uleb128 0x5
 808 00be 49       		.uleb128 0x49
 809 00bf 13       		.uleb128 0x13
 810 00c0 3F       		.uleb128 0x3f
 811 00c1 19       		.uleb128 0x19
 812 00c2 02       		.uleb128 0x2
 813 00c3 18       		.uleb128 0x18
 814 00c4 00       		.byte	0
 815 00c5 00       		.byte	0
 816 00c6 00       		.byte	0
 817              		.section	.debug_aranges,"",%progbits
 818 0000 1C000000 		.4byte	0x1c
 819 0004 0200     		.2byte	0x2
 820 0006 00000000 		.4byte	.Ldebug_info0
 821 000a 04       		.byte	0x4
 822 000b 00       		.byte	0
 823 000c 0000     		.2byte	0
 824 000e 0000     		.2byte	0
 825 0010 00000000 		.4byte	.LFB112
 826 0014 06000000 		.4byte	.LFE112-.LFB112
 827 0018 00000000 		.4byte	0
 828 001c 00000000 		.4byte	0
 829              		.section	.debug_ranges,"",%progbits
 830              	.Ldebug_ranges0:
 831 0000 00000000 		.4byte	.LFB112
 832 0004 06000000 		.4byte	.LFE112
 833 0008 00000000 		.4byte	0
 834 000c 00000000 		.4byte	0
 835              		.section	.debug_line,"",%progbits
 836              	.Ldebug_line0:
 837 0000 D3000000 		.section	.debug_str,"MS",%progbits,1
 837      0200B800 
 837      00000201 
 837      FB0E0D00 
 837      01010101 
 838              	.LASF34:
 839 0000 474E5520 		.ascii	"GNU C 4.8.3 20131129 (release) [ARM/embedded-4_8-br"
 839      4320342E 
 839      382E3320 
 839      32303133 
 839      31313239 
 840 0033 616E6368 		.ascii	"anch revision 205641] -mcpu=cortex-m4 -mapcs-frame "
 840      20726576 
 840      6973696F 
 840      6E203230 
 840      35363431 
 841 0066 2D6D6E6F 		.ascii	"-mno-thumb-interwork -mthumb -ggdb -O0 -falign-func"
ARM GAS  C:\Users\Luis\AppData\Local\Temp\ccZ2zpFR.s 			page 16


 841      2D746875 
 841      6D622D69 
 841      6E746572 
 841      776F726B 
 842 0099 74696F6E 		.ascii	"tions=16 -ffunction-sections -fdata-sections -fno-c"
 842      733D3136 
 842      202D6666 
 842      756E6374 
 842      696F6E2D 
 843 00cc 6F6D6D6F 		.ascii	"ommon\000"
 843      6E00
 844              	.LASF12:
 845 00d2 6972715F 		.ascii	"irq_vector_t\000"
 845      76656374 
 845      6F725F74 
 845      00
 846              	.LASF35:
 847 00df 2E2E2F2E 		.ascii	"../../ChibiOS/os/common/ports/ARMCMx/compilers/GCC/"
 847      2E2F4368 
 847      6962694F 
 847      532F6F73 
 847      2F636F6D 
 848 0112 76656374 		.ascii	"vectors.c\000"
 848      6F72732E 
 848      6300
 849              	.LASF27:
 850 011c 70656E64 		.ascii	"pendsv_handler\000"
 850      73765F68 
 850      616E646C 
 850      657200
 851              	.LASF28:
 852 012b 73797374 		.ascii	"systick_handler\000"
 852      69636B5F 
 852      68616E64 
 852      6C657200 
 853              	.LASF3:
 854 013b 73686F72 		.ascii	"short unsigned int\000"
 854      7420756E 
 854      7369676E 
 854      65642069 
 854      6E7400
 855              	.LASF33:
 856 014e 5F766563 		.ascii	"_vectors\000"
 856      746F7273 
 856      00
 857              	.LASF13:
 858 0157 696E6974 		.ascii	"init_stack\000"
 858      5F737461 
 858      636B00
 859              	.LASF5:
 860 0162 696E7433 		.ascii	"int32_t\000"
 860      325F7400 
 861              	.LASF25:
 862 016a 64656275 		.ascii	"debugmonitor_handler\000"
 862      676D6F6E 
 862      69746F72 
 862      5F68616E 
ARM GAS  C:\Users\Luis\AppData\Local\Temp\ccZ2zpFR.s 			page 17


 862      646C6572 
 863              	.LASF1:
 864 017f 756E7369 		.ascii	"unsigned char\000"
 864      676E6564 
 864      20636861 
 864      7200
 865              	.LASF7:
 866 018d 6C6F6E67 		.ascii	"long unsigned int\000"
 866      20756E73 
 866      69676E65 
 866      6420696E 
 866      7400
 867              	.LASF24:
 868 019f 7376635F 		.ascii	"svc_handler\000"
 868      68616E64 
 868      6C657200 
 869              	.LASF31:
 870 01ab 49544D5F 		.ascii	"ITM_RxBuffer\000"
 870      52784275 
 870      66666572 
 870      00
 871              	.LASF20:
 872 01b8 76656374 		.ascii	"vector1c\000"
 872      6F723163 
 872      00
 873              	.LASF16:
 874 01c1 68617264 		.ascii	"hardfault_handler\000"
 874      6661756C 
 874      745F6861 
 874      6E646C65 
 874      7200
 875              	.LASF15:
 876 01d3 6E6D695F 		.ascii	"nmi_handler\000"
 876      68616E64 
 876      6C657200 
 877              	.LASF10:
 878 01df 756E7369 		.ascii	"unsigned int\000"
 878      676E6564 
 878      20696E74 
 878      00
 879              	.LASF21:
 880 01ec 76656374 		.ascii	"vector20\000"
 880      6F723230 
 880      00
 881              	.LASF9:
 882 01f5 6C6F6E67 		.ascii	"long long unsigned int\000"
 882      206C6F6E 
 882      6720756E 
 882      7369676E 
 882      65642069 
 883              	.LASF22:
 884 020c 76656374 		.ascii	"vector24\000"
 884      6F723234 
 884      00
 885              	.LASF23:
 886 0215 76656374 		.ascii	"vector28\000"
 886      6F723238 
ARM GAS  C:\Users\Luis\AppData\Local\Temp\ccZ2zpFR.s 			page 18


 886      00
 887              	.LASF36:
 888 021e 433A5C55 		.ascii	"C:\\Users\\Luis\\workspace\\ChibiOS 3.0.2\\examples"
 888      73657273 
 888      5C4C7569 
 888      735C776F 
 888      726B7370 
 889 024c 5C445350 		.ascii	"\\DSP-Library\000"
 889      2D4C6962 
 889      72617279 
 889      00
 890              	.LASF14:
 891 0259 72657365 		.ascii	"reset_handler\000"
 891      745F6861 
 891      6E646C65 
 891      7200
 892              	.LASF11:
 893 0267 73697A65 		.ascii	"sizetype\000"
 893      74797065 
 893      00
 894              	.LASF19:
 895 0270 75736167 		.ascii	"usagefault_handler\000"
 895      65666175 
 895      6C745F68 
 895      616E646C 
 895      657200
 896              	.LASF8:
 897 0283 6C6F6E67 		.ascii	"long long int\000"
 897      206C6F6E 
 897      6720696E 
 897      7400
 898              	.LASF18:
 899 0291 62757366 		.ascii	"busfault_handler\000"
 899      61756C74 
 899      5F68616E 
 899      646C6572 
 899      00
 900              	.LASF37:
 901 02a2 5F756E68 		.ascii	"_unhandled_exception\000"
 901      616E646C 
 901      65645F65 
 901      78636570 
 901      74696F6E 
 902              	.LASF29:
 903 02b7 76656374 		.ascii	"vectors\000"
 903      6F727300 
 904              	.LASF2:
 905 02bf 73686F72 		.ascii	"short int\000"
 905      7420696E 
 905      7400
 906              	.LASF6:
 907 02c9 75696E74 		.ascii	"uint32_t\000"
 907      33325F74 
 907      00
 908              	.LASF4:
 909 02d2 6C6F6E67 		.ascii	"long int\000"
 909      20696E74 
ARM GAS  C:\Users\Luis\AppData\Local\Temp\ccZ2zpFR.s 			page 19


 909      00
 910              	.LASF17:
 911 02db 6D656D6D 		.ascii	"memmanage_handler\000"
 911      616E6167 
 911      655F6861 
 911      6E646C65 
 911      7200
 912              	.LASF0:
 913 02ed 7369676E 		.ascii	"signed char\000"
 913      65642063 
 913      68617200 
 914              	.LASF30:
 915 02f9 76656374 		.ascii	"vectors_t\000"
 915      6F72735F 
 915      7400
 916              	.LASF32:
 917 0303 5F5F6D61 		.ascii	"__main_stack_end__\000"
 917      696E5F73 
 917      7461636B 
 917      5F656E64 
 917      5F5F00
 918              	.LASF26:
 919 0316 76656374 		.ascii	"vector34\000"
 919      6F723334 
 919      00
 920              		.ident	"GCC: (GNU Tools for ARM Embedded Processors) 4.8.3 20131129 (release) [ARM/embedded-4_8-br
ARM GAS  C:\Users\Luis\AppData\Local\Temp\ccZ2zpFR.s 			page 20


DEFINED SYMBOLS
                            *ABS*:00000000 vectors.c
C:\Users\Luis\AppData\Local\Temp\ccZ2zpFR.s:19     .text._unhandled_exception:00000000 $t
C:\Users\Luis\AppData\Local\Temp\ccZ2zpFR.s:25     .text._unhandled_exception:00000000 _unhandled_exception
C:\Users\Luis\AppData\Local\Temp\ccZ2zpFR.s:25     .text._unhandled_exception:00000000 Reset_Handler
C:\Users\Luis\AppData\Local\Temp\ccZ2zpFR.s:25     .text._unhandled_exception:00000000 NMI_Handler
C:\Users\Luis\AppData\Local\Temp\ccZ2zpFR.s:25     .text._unhandled_exception:00000000 HardFault_Handler
C:\Users\Luis\AppData\Local\Temp\ccZ2zpFR.s:25     .text._unhandled_exception:00000000 MemManage_Handler
C:\Users\Luis\AppData\Local\Temp\ccZ2zpFR.s:25     .text._unhandled_exception:00000000 BusFault_Handler
C:\Users\Luis\AppData\Local\Temp\ccZ2zpFR.s:25     .text._unhandled_exception:00000000 UsageFault_Handler
C:\Users\Luis\AppData\Local\Temp\ccZ2zpFR.s:25     .text._unhandled_exception:00000000 Vector1C
C:\Users\Luis\AppData\Local\Temp\ccZ2zpFR.s:25     .text._unhandled_exception:00000000 Vector20
C:\Users\Luis\AppData\Local\Temp\ccZ2zpFR.s:25     .text._unhandled_exception:00000000 Vector24
C:\Users\Luis\AppData\Local\Temp\ccZ2zpFR.s:25     .text._unhandled_exception:00000000 Vector28
C:\Users\Luis\AppData\Local\Temp\ccZ2zpFR.s:25     .text._unhandled_exception:00000000 SVC_Handler
C:\Users\Luis\AppData\Local\Temp\ccZ2zpFR.s:25     .text._unhandled_exception:00000000 DebugMon_Handler
C:\Users\Luis\AppData\Local\Temp\ccZ2zpFR.s:25     .text._unhandled_exception:00000000 Vector34
C:\Users\Luis\AppData\Local\Temp\ccZ2zpFR.s:25     .text._unhandled_exception:00000000 PendSV_Handler
C:\Users\Luis\AppData\Local\Temp\ccZ2zpFR.s:25     .text._unhandled_exception:00000000 SysTick_Handler
C:\Users\Luis\AppData\Local\Temp\ccZ2zpFR.s:25     .text._unhandled_exception:00000000 Vector40
C:\Users\Luis\AppData\Local\Temp\ccZ2zpFR.s:25     .text._unhandled_exception:00000000 Vector44
C:\Users\Luis\AppData\Local\Temp\ccZ2zpFR.s:25     .text._unhandled_exception:00000000 Vector48
C:\Users\Luis\AppData\Local\Temp\ccZ2zpFR.s:25     .text._unhandled_exception:00000000 Vector4C
C:\Users\Luis\AppData\Local\Temp\ccZ2zpFR.s:25     .text._unhandled_exception:00000000 Vector50
C:\Users\Luis\AppData\Local\Temp\ccZ2zpFR.s:25     .text._unhandled_exception:00000000 Vector54
C:\Users\Luis\AppData\Local\Temp\ccZ2zpFR.s:25     .text._unhandled_exception:00000000 Vector58
C:\Users\Luis\AppData\Local\Temp\ccZ2zpFR.s:25     .text._unhandled_exception:00000000 Vector5C
C:\Users\Luis\AppData\Local\Temp\ccZ2zpFR.s:25     .text._unhandled_exception:00000000 Vector60
C:\Users\Luis\AppData\Local\Temp\ccZ2zpFR.s:25     .text._unhandled_exception:00000000 Vector64
C:\Users\Luis\AppData\Local\Temp\ccZ2zpFR.s:25     .text._unhandled_exception:00000000 Vector68
C:\Users\Luis\AppData\Local\Temp\ccZ2zpFR.s:25     .text._unhandled_exception:00000000 Vector6C
C:\Users\Luis\AppData\Local\Temp\ccZ2zpFR.s:25     .text._unhandled_exception:00000000 Vector70
C:\Users\Luis\AppData\Local\Temp\ccZ2zpFR.s:25     .text._unhandled_exception:00000000 Vector74
C:\Users\Luis\AppData\Local\Temp\ccZ2zpFR.s:25     .text._unhandled_exception:00000000 Vector78
C:\Users\Luis\AppData\Local\Temp\ccZ2zpFR.s:25     .text._unhandled_exception:00000000 Vector7C
C:\Users\Luis\AppData\Local\Temp\ccZ2zpFR.s:25     .text._unhandled_exception:00000000 Vector80
C:\Users\Luis\AppData\Local\Temp\ccZ2zpFR.s:25     .text._unhandled_exception:00000000 Vector84
C:\Users\Luis\AppData\Local\Temp\ccZ2zpFR.s:25     .text._unhandled_exception:00000000 Vector88
C:\Users\Luis\AppData\Local\Temp\ccZ2zpFR.s:25     .text._unhandled_exception:00000000 Vector8C
C:\Users\Luis\AppData\Local\Temp\ccZ2zpFR.s:25     .text._unhandled_exception:00000000 Vector90
C:\Users\Luis\AppData\Local\Temp\ccZ2zpFR.s:25     .text._unhandled_exception:00000000 Vector94
C:\Users\Luis\AppData\Local\Temp\ccZ2zpFR.s:25     .text._unhandled_exception:00000000 Vector98
C:\Users\Luis\AppData\Local\Temp\ccZ2zpFR.s:25     .text._unhandled_exception:00000000 Vector9C
C:\Users\Luis\AppData\Local\Temp\ccZ2zpFR.s:25     .text._unhandled_exception:00000000 VectorA0
C:\Users\Luis\AppData\Local\Temp\ccZ2zpFR.s:25     .text._unhandled_exception:00000000 VectorA4
C:\Users\Luis\AppData\Local\Temp\ccZ2zpFR.s:25     .text._unhandled_exception:00000000 VectorA8
C:\Users\Luis\AppData\Local\Temp\ccZ2zpFR.s:25     .text._unhandled_exception:00000000 VectorAC
C:\Users\Luis\AppData\Local\Temp\ccZ2zpFR.s:25     .text._unhandled_exception:00000000 VectorB0
C:\Users\Luis\AppData\Local\Temp\ccZ2zpFR.s:25     .text._unhandled_exception:00000000 VectorB4
C:\Users\Luis\AppData\Local\Temp\ccZ2zpFR.s:25     .text._unhandled_exception:00000000 VectorB8
C:\Users\Luis\AppData\Local\Temp\ccZ2zpFR.s:25     .text._unhandled_exception:00000000 VectorBC
C:\Users\Luis\AppData\Local\Temp\ccZ2zpFR.s:25     .text._unhandled_exception:00000000 VectorC0
C:\Users\Luis\AppData\Local\Temp\ccZ2zpFR.s:25     .text._unhandled_exception:00000000 VectorC4
C:\Users\Luis\AppData\Local\Temp\ccZ2zpFR.s:25     .text._unhandled_exception:00000000 VectorC8
C:\Users\Luis\AppData\Local\Temp\ccZ2zpFR.s:25     .text._unhandled_exception:00000000 VectorCC
C:\Users\Luis\AppData\Local\Temp\ccZ2zpFR.s:25     .text._unhandled_exception:00000000 VectorD0
C:\Users\Luis\AppData\Local\Temp\ccZ2zpFR.s:25     .text._unhandled_exception:00000000 VectorD4
ARM GAS  C:\Users\Luis\AppData\Local\Temp\ccZ2zpFR.s 			page 21


C:\Users\Luis\AppData\Local\Temp\ccZ2zpFR.s:25     .text._unhandled_exception:00000000 VectorD8
C:\Users\Luis\AppData\Local\Temp\ccZ2zpFR.s:25     .text._unhandled_exception:00000000 VectorDC
C:\Users\Luis\AppData\Local\Temp\ccZ2zpFR.s:25     .text._unhandled_exception:00000000 VectorE0
C:\Users\Luis\AppData\Local\Temp\ccZ2zpFR.s:25     .text._unhandled_exception:00000000 VectorE4
C:\Users\Luis\AppData\Local\Temp\ccZ2zpFR.s:25     .text._unhandled_exception:00000000 VectorE8
C:\Users\Luis\AppData\Local\Temp\ccZ2zpFR.s:25     .text._unhandled_exception:00000000 VectorEC
C:\Users\Luis\AppData\Local\Temp\ccZ2zpFR.s:25     .text._unhandled_exception:00000000 VectorF0
C:\Users\Luis\AppData\Local\Temp\ccZ2zpFR.s:25     .text._unhandled_exception:00000000 VectorF4
C:\Users\Luis\AppData\Local\Temp\ccZ2zpFR.s:25     .text._unhandled_exception:00000000 VectorF8
C:\Users\Luis\AppData\Local\Temp\ccZ2zpFR.s:25     .text._unhandled_exception:00000000 VectorFC
C:\Users\Luis\AppData\Local\Temp\ccZ2zpFR.s:25     .text._unhandled_exception:00000000 Vector100
C:\Users\Luis\AppData\Local\Temp\ccZ2zpFR.s:25     .text._unhandled_exception:00000000 Vector104
C:\Users\Luis\AppData\Local\Temp\ccZ2zpFR.s:25     .text._unhandled_exception:00000000 Vector108
C:\Users\Luis\AppData\Local\Temp\ccZ2zpFR.s:25     .text._unhandled_exception:00000000 Vector10C
C:\Users\Luis\AppData\Local\Temp\ccZ2zpFR.s:25     .text._unhandled_exception:00000000 Vector110
C:\Users\Luis\AppData\Local\Temp\ccZ2zpFR.s:25     .text._unhandled_exception:00000000 Vector114
C:\Users\Luis\AppData\Local\Temp\ccZ2zpFR.s:25     .text._unhandled_exception:00000000 Vector118
C:\Users\Luis\AppData\Local\Temp\ccZ2zpFR.s:25     .text._unhandled_exception:00000000 Vector11C
C:\Users\Luis\AppData\Local\Temp\ccZ2zpFR.s:25     .text._unhandled_exception:00000000 Vector120
C:\Users\Luis\AppData\Local\Temp\ccZ2zpFR.s:25     .text._unhandled_exception:00000000 Vector124
C:\Users\Luis\AppData\Local\Temp\ccZ2zpFR.s:25     .text._unhandled_exception:00000000 Vector128
C:\Users\Luis\AppData\Local\Temp\ccZ2zpFR.s:25     .text._unhandled_exception:00000000 Vector12C
C:\Users\Luis\AppData\Local\Temp\ccZ2zpFR.s:25     .text._unhandled_exception:00000000 Vector130
C:\Users\Luis\AppData\Local\Temp\ccZ2zpFR.s:25     .text._unhandled_exception:00000000 Vector134
C:\Users\Luis\AppData\Local\Temp\ccZ2zpFR.s:25     .text._unhandled_exception:00000000 Vector138
C:\Users\Luis\AppData\Local\Temp\ccZ2zpFR.s:25     .text._unhandled_exception:00000000 Vector13C
C:\Users\Luis\AppData\Local\Temp\ccZ2zpFR.s:25     .text._unhandled_exception:00000000 Vector140
C:\Users\Luis\AppData\Local\Temp\ccZ2zpFR.s:25     .text._unhandled_exception:00000000 Vector144
C:\Users\Luis\AppData\Local\Temp\ccZ2zpFR.s:25     .text._unhandled_exception:00000000 Vector148
C:\Users\Luis\AppData\Local\Temp\ccZ2zpFR.s:25     .text._unhandled_exception:00000000 Vector14C
C:\Users\Luis\AppData\Local\Temp\ccZ2zpFR.s:25     .text._unhandled_exception:00000000 Vector150
C:\Users\Luis\AppData\Local\Temp\ccZ2zpFR.s:25     .text._unhandled_exception:00000000 Vector154
C:\Users\Luis\AppData\Local\Temp\ccZ2zpFR.s:25     .text._unhandled_exception:00000000 Vector158
C:\Users\Luis\AppData\Local\Temp\ccZ2zpFR.s:25     .text._unhandled_exception:00000000 Vector15C
C:\Users\Luis\AppData\Local\Temp\ccZ2zpFR.s:25     .text._unhandled_exception:00000000 Vector160
C:\Users\Luis\AppData\Local\Temp\ccZ2zpFR.s:25     .text._unhandled_exception:00000000 Vector164
C:\Users\Luis\AppData\Local\Temp\ccZ2zpFR.s:25     .text._unhandled_exception:00000000 Vector168
C:\Users\Luis\AppData\Local\Temp\ccZ2zpFR.s:25     .text._unhandled_exception:00000000 Vector16C
C:\Users\Luis\AppData\Local\Temp\ccZ2zpFR.s:25     .text._unhandled_exception:00000000 Vector170
C:\Users\Luis\AppData\Local\Temp\ccZ2zpFR.s:25     .text._unhandled_exception:00000000 Vector174
C:\Users\Luis\AppData\Local\Temp\ccZ2zpFR.s:25     .text._unhandled_exception:00000000 Vector178
C:\Users\Luis\AppData\Local\Temp\ccZ2zpFR.s:25     .text._unhandled_exception:00000000 Vector17C
C:\Users\Luis\AppData\Local\Temp\ccZ2zpFR.s:25     .text._unhandled_exception:00000000 Vector180
C:\Users\Luis\AppData\Local\Temp\ccZ2zpFR.s:25     .text._unhandled_exception:00000000 Vector184
C:\Users\Luis\AppData\Local\Temp\ccZ2zpFR.s:25     .text._unhandled_exception:00000000 Vector188
C:\Users\Luis\AppData\Local\Temp\ccZ2zpFR.s:25     .text._unhandled_exception:00000000 Vector18C
C:\Users\Luis\AppData\Local\Temp\ccZ2zpFR.s:25     .text._unhandled_exception:00000000 Vector190
C:\Users\Luis\AppData\Local\Temp\ccZ2zpFR.s:25     .text._unhandled_exception:00000000 Vector194
C:\Users\Luis\AppData\Local\Temp\ccZ2zpFR.s:25     .text._unhandled_exception:00000000 Vector198
C:\Users\Luis\AppData\Local\Temp\ccZ2zpFR.s:25     .text._unhandled_exception:00000000 Vector19C
C:\Users\Luis\AppData\Local\Temp\ccZ2zpFR.s:25     .text._unhandled_exception:00000000 Vector1A0
C:\Users\Luis\AppData\Local\Temp\ccZ2zpFR.s:25     .text._unhandled_exception:00000000 Vector1A4
C:\Users\Luis\AppData\Local\Temp\ccZ2zpFR.s:25     .text._unhandled_exception:00000000 Vector1A8
C:\Users\Luis\AppData\Local\Temp\ccZ2zpFR.s:25     .text._unhandled_exception:00000000 Vector1AC
C:\Users\Luis\AppData\Local\Temp\ccZ2zpFR.s:25     .text._unhandled_exception:00000000 Vector1B0
C:\Users\Luis\AppData\Local\Temp\ccZ2zpFR.s:25     .text._unhandled_exception:00000000 Vector1B4
C:\Users\Luis\AppData\Local\Temp\ccZ2zpFR.s:25     .text._unhandled_exception:00000000 Vector1B8
ARM GAS  C:\Users\Luis\AppData\Local\Temp\ccZ2zpFR.s 			page 22


C:\Users\Luis\AppData\Local\Temp\ccZ2zpFR.s:25     .text._unhandled_exception:00000000 Vector1BC
C:\Users\Luis\AppData\Local\Temp\ccZ2zpFR.s:271    .vectors:00000000 _vectors
C:\Users\Luis\AppData\Local\Temp\ccZ2zpFR.s:268    .vectors:00000000 $d
                     .debug_frame:00000010 $d

UNDEFINED SYMBOLS
__main_stack_end__
