ARM GAS  C:\Users\Luis\AppData\Local\Temp\ccKqeMRx.s 			page 1


   1              		.syntax unified
   2              		.cpu cortex-m4
   3              		.fpu softvfp
   4              		.eabi_attribute 20, 1
   5              		.eabi_attribute 21, 1
   6              		.eabi_attribute 23, 3
   7              		.eabi_attribute 24, 1
   8              		.eabi_attribute 25, 1
   9              		.eabi_attribute 26, 1
  10              		.eabi_attribute 30, 6
  11              		.eabi_attribute 34, 1
  12              		.eabi_attribute 18, 4
  13              		.thumb
  14              		.file	"hal.c"
  15              		.text
  16              	.Ltext0:
  17              		.cfi_sections	.debug_frame
  18              		.section	.text.osalInit,"ax",%progbits
  19              		.align	2
  20              		.p2align 4,,15
  21              		.thumb
  22              		.thumb_func
  23              		.type	osalInit, %function
  24              	osalInit:
  25              	.LFB229:
  26              		.file 1 "../../ChibiOS/os/hal/osal/rt/osal.h"
  27              		.loc 1 449 0
  28              		.cfi_startproc
  29              		@ args = 0, pretend = 0, frame = 0
  30              		@ frame_needed = 1, uses_anonymous_args = 0
  31              		@ link register save eliminated.
  32 0000 80B4     		push	{r7}
  33              		.cfi_def_cfa_offset 4
  34              		.cfi_offset 7, -4
  35 0002 00AF     		add	r7, sp, #0
  36              		.cfi_def_cfa_register 7
  37              		.loc 1 451 0
  38 0004 BD46     		mov	sp, r7
  39              		@ sp needed
  40 0006 5DF8047B 		ldr	r7, [sp], #4
  41 000a 7047     		bx	lr
  42              		.cfi_endproc
  43              	.LFE229:
  44              		.size	osalInit, .-osalInit
  45 000c AFF30080 		.section	.text.halInit,"ax",%progbits
  46              		.align	2
  47              		.p2align 4,,15
  48              		.global	halInit
  49              		.thumb
  50              		.thumb_func
  51              		.type	halInit, %function
  52              	halInit:
  53              	.LFB260:
  54              		.file 2 "../../ChibiOS/os/hal/src/hal.c"
  55              		.loc 2 56 0
  56              		.cfi_startproc
  57              		@ args = 0, pretend = 0, frame = 0
ARM GAS  C:\Users\Luis\AppData\Local\Temp\ccKqeMRx.s 			page 2


  58              		@ frame_needed = 1, uses_anonymous_args = 0
  59 0000 80B5     		push	{r7, lr}
  60              		.cfi_def_cfa_offset 8
  61              		.cfi_offset 7, -8
  62              		.cfi_offset 14, -4
  63 0002 00AF     		add	r7, sp, #0
  64              		.cfi_def_cfa_register 7
  65              		.loc 2 59 0
  66 0004 FFF7FEFF 		bl	osalInit
  67              		.loc 2 62 0
  68 0008 FFF7FEFF 		bl	hal_lld_init
  69              		.loc 2 65 0
  70 000c 0948     		ldr	r0, .L3
  71 000e FFF7FEFF 		bl	_pal_lld_init
  72              		.loc 2 68 0
  73 0012 FFF7FEFF 		bl	adcInit
  74              		.loc 2 92 0
  75 0016 FFF7FEFF 		bl	macInit
  76              		.loc 2 98 0
  77 001a FFF7FEFF 		bl	sdInit
  78              		.loc 2 101 0
  79 001e FFF7FEFF 		bl	sdcInit
  80              		.loc 2 104 0
  81 0022 FFF7FEFF 		bl	spiInit
  82              		.loc 2 110 0
  83 0026 FFF7FEFF 		bl	usbInit
  84              		.loc 2 130 0
  85 002a FFF7FEFF 		bl	boardInit
  86              		.loc 2 137 0
  87 002e FFF7FEFF 		bl	stInit
  88              		.loc 2 139 0
  89 0032 80BD     		pop	{r7, pc}
  90              	.L4:
  91              		.align	2
  92              	.L3:
  93 0034 00000000 		.word	pal_default_config
  94              		.cfi_endproc
  95              	.LFE260:
  96              		.size	halInit, .-halInit
  97 0038 AFF30080 		.text
  97      AFF30080 
  98              	.Letext0:
  99              		.file 3 "c:\\emtechesdk\\gcc\\arm-none-eabi\\include\\stdint.h"
 100              		.file 4 "../../ChibiOS/os/rt/ports/ARMCMx/compilers/GCC/chtypes.h"
 101              		.file 5 "../../ChibiOS/os/rt/include/chsystypes.h"
 102              		.file 6 "../../ChibiOS/os/rt/include/chschd.h"
 103              		.file 7 "../../ChibiOS/os/rt/ports/ARMCMx/chcore.h"
 104              		.file 8 "../../ChibiOS/os/rt/ports/ARMCMx/chcore_v7m.h"
 105              		.file 9 "../../ChibiOS/os/rt/include/chdebug.h"
 106              		.file 10 "../../ChibiOS/os/rt/include/chtm.h"
 107              		.file 11 "../../ChibiOS/os/rt/include/chstats.h"
 108              		.file 12 "../../ChibiOS/os/rt/include/chsem.h"
 109              		.file 13 "../../ChibiOS/os/rt/include/chmtx.h"
 110              		.file 14 "../../ChibiOS/os/hal/ports/STM32/LLD/GPIOv2/pal_lld.h"
 111              		.file 15 "../../ChibiOS/os/ext/CMSIS/include/core_cm4.h"
 112              		.section	.debug_info,"",%progbits
 113              	.Ldebug_info0:
ARM GAS  C:\Users\Luis\AppData\Local\Temp\ccKqeMRx.s 			page 3


 114 0000 C6080000 		.4byte	0x8c6
 115 0004 0400     		.2byte	0x4
 116 0006 00000000 		.4byte	.Ldebug_abbrev0
 117 000a 04       		.byte	0x4
 118 000b 01       		.uleb128 0x1
 119 000c 00050000 		.4byte	.LASF145
 120 0010 01       		.byte	0x1
 121 0011 7E010000 		.4byte	.LASF146
 122 0015 C5010000 		.4byte	.LASF147
 123 0019 00000000 		.4byte	.Ldebug_ranges0+0
 124 001d 00000000 		.4byte	0
 125 0021 00000000 		.4byte	.Ldebug_line0
 126 0025 02       		.uleb128 0x2
 127 0026 04       		.byte	0x4
 128 0027 05       		.byte	0x5
 129 0028 696E7400 		.ascii	"int\000"
 130 002c 03       		.uleb128 0x3
 131 002d 04       		.byte	0x4
 132 002e 07       		.byte	0x7
 133 002f 50020000 		.4byte	.LASF0
 134 0033 03       		.uleb128 0x3
 135 0034 01       		.byte	0x1
 136 0035 06       		.byte	0x6
 137 0036 2B010000 		.4byte	.LASF1
 138 003a 04       		.uleb128 0x4
 139 003b 65060000 		.4byte	.LASF5
 140 003f 03       		.byte	0x3
 141 0040 2A       		.byte	0x2a
 142 0041 45000000 		.4byte	0x45
 143 0045 03       		.uleb128 0x3
 144 0046 01       		.byte	0x1
 145 0047 08       		.byte	0x8
 146 0048 27040000 		.4byte	.LASF2
 147 004c 03       		.uleb128 0x3
 148 004d 02       		.byte	0x2
 149 004e 05       		.byte	0x5
 150 004f 4A040000 		.4byte	.LASF3
 151 0053 03       		.uleb128 0x3
 152 0054 02       		.byte	0x2
 153 0055 07       		.byte	0x7
 154 0056 A5020000 		.4byte	.LASF4
 155 005a 04       		.uleb128 0x4
 156 005b 1F040000 		.4byte	.LASF6
 157 005f 03       		.byte	0x3
 158 0060 4F       		.byte	0x4f
 159 0061 65000000 		.4byte	0x65
 160 0065 03       		.uleb128 0x3
 161 0066 04       		.byte	0x4
 162 0067 05       		.byte	0x5
 163 0068 57010000 		.4byte	.LASF7
 164 006c 04       		.uleb128 0x4
 165 006d B8040000 		.4byte	.LASF8
 166 0071 03       		.byte	0x3
 167 0072 50       		.byte	0x50
 168 0073 77000000 		.4byte	0x77
 169 0077 03       		.uleb128 0x3
 170 0078 04       		.byte	0x4
ARM GAS  C:\Users\Luis\AppData\Local\Temp\ccKqeMRx.s 			page 4


 171 0079 07       		.byte	0x7
 172 007a E9040000 		.4byte	.LASF9
 173 007e 03       		.uleb128 0x3
 174 007f 08       		.byte	0x8
 175 0080 05       		.byte	0x5
 176 0081 1D010000 		.4byte	.LASF10
 177 0085 04       		.uleb128 0x4
 178 0086 3C000000 		.4byte	.LASF11
 179 008a 03       		.byte	0x3
 180 008b 78       		.byte	0x78
 181 008c 90000000 		.4byte	0x90
 182 0090 03       		.uleb128 0x3
 183 0091 08       		.byte	0x8
 184 0092 07       		.byte	0x7
 185 0093 9E000000 		.4byte	.LASF12
 186 0097 05       		.uleb128 0x5
 187 0098 5A000000 		.4byte	0x5a
 188 009c 04       		.uleb128 0x4
 189 009d 15060000 		.4byte	.LASF13
 190 00a1 04       		.byte	0x4
 191 00a2 45       		.byte	0x45
 192 00a3 6C000000 		.4byte	0x6c
 193 00a7 04       		.uleb128 0x4
 194 00a8 0D010000 		.4byte	.LASF14
 195 00ac 04       		.byte	0x4
 196 00ad 46       		.byte	0x46
 197 00ae 85000000 		.4byte	0x85
 198 00b2 04       		.uleb128 0x4
 199 00b3 EF020000 		.4byte	.LASF15
 200 00b7 04       		.byte	0x4
 201 00b8 48       		.byte	0x48
 202 00b9 3A000000 		.4byte	0x3a
 203 00bd 04       		.uleb128 0x4
 204 00be 67010000 		.4byte	.LASF16
 205 00c2 04       		.byte	0x4
 206 00c3 49       		.byte	0x49
 207 00c4 3A000000 		.4byte	0x3a
 208 00c8 04       		.uleb128 0x4
 209 00c9 D6030000 		.4byte	.LASF17
 210 00cd 04       		.byte	0x4
 211 00ce 4A       		.byte	0x4a
 212 00cf 3A000000 		.4byte	0x3a
 213 00d3 04       		.uleb128 0x4
 214 00d4 08040000 		.4byte	.LASF18
 215 00d8 04       		.byte	0x4
 216 00d9 4C       		.byte	0x4c
 217 00da 6C000000 		.4byte	0x6c
 218 00de 04       		.uleb128 0x4
 219 00df D1020000 		.4byte	.LASF19
 220 00e3 04       		.byte	0x4
 221 00e4 4D       		.byte	0x4d
 222 00e5 5A000000 		.4byte	0x5a
 223 00e9 04       		.uleb128 0x4
 224 00ea 10030000 		.4byte	.LASF20
 225 00ee 04       		.byte	0x4
 226 00ef 4F       		.byte	0x4f
 227 00f0 6C000000 		.4byte	0x6c
ARM GAS  C:\Users\Luis\AppData\Local\Temp\ccKqeMRx.s 			page 5


 228 00f4 04       		.uleb128 0x4
 229 00f5 3F020000 		.4byte	.LASF21
 230 00f9 04       		.byte	0x4
 231 00fa 51       		.byte	0x51
 232 00fb 5A000000 		.4byte	0x5a
 233 00ff 04       		.uleb128 0x4
 234 0100 DC020000 		.4byte	.LASF22
 235 0104 04       		.byte	0x4
 236 0105 52       		.byte	0x52
 237 0106 6C000000 		.4byte	0x6c
 238 010a 04       		.uleb128 0x4
 239 010b DE050000 		.4byte	.LASF23
 240 010f 05       		.byte	0x5
 241 0110 33       		.byte	0x33
 242 0111 6C000000 		.4byte	0x6c
 243 0115 04       		.uleb128 0x4
 244 0116 56060000 		.4byte	.LASF24
 245 011a 05       		.byte	0x5
 246 011b 3F       		.byte	0x3f
 247 011c 20010000 		.4byte	0x120
 248 0120 06       		.uleb128 0x6
 249 0121 C7020000 		.4byte	.LASF47
 250 0125 68       		.byte	0x68
 251 0126 06       		.byte	0x6
 252 0127 C2       		.byte	0xc2
 253 0128 33020000 		.4byte	0x233
 254 012c 07       		.uleb128 0x7
 255 012d 71040000 		.4byte	.LASF25
 256 0131 06       		.byte	0x6
 257 0132 C3       		.byte	0xc3
 258 0133 3E020000 		.4byte	0x23e
 259 0137 00       		.byte	0
 260 0138 07       		.uleb128 0x7
 261 0139 F8030000 		.4byte	.LASF26
 262 013d 06       		.byte	0x6
 263 013e C5       		.byte	0xc5
 264 013f 3E020000 		.4byte	0x23e
 265 0143 04       		.byte	0x4
 266 0144 07       		.uleb128 0x7
 267 0145 16010000 		.4byte	.LASF27
 268 0149 06       		.byte	0x6
 269 014a C7       		.byte	0xc7
 270 014b D3000000 		.4byte	0xd3
 271 014f 08       		.byte	0x8
 272 0150 07       		.uleb128 0x7
 273 0151 D1060000 		.4byte	.LASF28
 274 0155 06       		.byte	0x6
 275 0156 C8       		.byte	0xc8
 276 0157 A7040000 		.4byte	0x4a7
 277 015b 0C       		.byte	0xc
 278 015c 07       		.uleb128 0x7
 279 015d 76010000 		.4byte	.LASF29
 280 0161 06       		.byte	0x6
 281 0162 CA       		.byte	0xca
 282 0163 3E020000 		.4byte	0x23e
 283 0167 10       		.byte	0x10
 284 0168 07       		.uleb128 0x7
ARM GAS  C:\Users\Luis\AppData\Local\Temp\ccKqeMRx.s 			page 6


 285 0169 8E030000 		.4byte	.LASF30
 286 016d 06       		.byte	0x6
 287 016e CB       		.byte	0xcb
 288 016f 3E020000 		.4byte	0x23e
 289 0173 14       		.byte	0x14
 290 0174 07       		.uleb128 0x7
 291 0175 74060000 		.4byte	.LASF31
 292 0179 06       		.byte	0x6
 293 017a D2       		.byte	0xd2
 294 017b 4B070000 		.4byte	0x74b
 295 017f 18       		.byte	0x18
 296 0180 07       		.uleb128 0x7
 297 0181 45020000 		.4byte	.LASF32
 298 0185 06       		.byte	0x6
 299 0186 D8       		.byte	0xd8
 300 0187 5D070000 		.4byte	0x75d
 301 018b 1C       		.byte	0x1c
 302 018c 07       		.uleb128 0x7
 303 018d 54040000 		.4byte	.LASF33
 304 0191 06       		.byte	0x6
 305 0192 DD       		.byte	0xdd
 306 0193 BD000000 		.4byte	0xbd
 307 0197 20       		.byte	0x20
 308 0198 07       		.uleb128 0x7
 309 0199 78040000 		.4byte	.LASF34
 310 019d 06       		.byte	0x6
 311 019e E1       		.byte	0xe1
 312 019f B2000000 		.4byte	0xb2
 313 01a3 21       		.byte	0x21
 314 01a4 07       		.uleb128 0x7
 315 01a5 47060000 		.4byte	.LASF35
 316 01a9 06       		.byte	0x6
 317 01aa E6       		.byte	0xe6
 318 01ab C8000000 		.4byte	0xc8
 319 01af 22       		.byte	0x22
 320 01b0 08       		.uleb128 0x8
 321 01b1 705F7500 		.ascii	"p_u\000"
 322 01b5 06       		.byte	0x6
 323 01b6 3101     		.2byte	0x131
 324 01b8 86060000 		.4byte	0x686
 325 01bc 24       		.byte	0x24
 326 01bd 09       		.uleb128 0x9
 327 01be 36030000 		.4byte	.LASF36
 328 01c2 06       		.byte	0x6
 329 01c3 3601     		.2byte	0x136
 330 01c5 44020000 		.4byte	0x244
 331 01c9 28       		.byte	0x28
 332 01ca 09       		.uleb128 0x9
 333 01cb 6C020000 		.4byte	.LASF37
 334 01cf 06       		.byte	0x6
 335 01d0 3C01     		.2byte	0x13c
 336 01d2 68020000 		.4byte	0x268
 337 01d6 2C       		.byte	0x2c
 338 01d7 09       		.uleb128 0x9
 339 01d8 9E060000 		.4byte	.LASF38
 340 01dc 06       		.byte	0x6
 341 01dd 4001     		.2byte	0x140
ARM GAS  C:\Users\Luis\AppData\Local\Temp\ccKqeMRx.s 			page 7


 342 01df DE000000 		.4byte	0xde
 343 01e3 34       		.byte	0x34
 344 01e4 09       		.uleb128 0x9
 345 01e5 AD040000 		.4byte	.LASF39
 346 01e9 06       		.byte	0x6
 347 01ea 4601     		.2byte	0x146
 348 01ec E9000000 		.4byte	0xe9
 349 01f0 38       		.byte	0x38
 350 01f1 09       		.uleb128 0x9
 351 01f2 40040000 		.4byte	.LASF40
 352 01f6 06       		.byte	0x6
 353 01f7 4D01     		.2byte	0x14d
 354 01f9 45070000 		.4byte	0x745
 355 01fd 3C       		.byte	0x3c
 356 01fe 09       		.uleb128 0x9
 357 01ff E8050000 		.4byte	.LASF41
 358 0203 06       		.byte	0x6
 359 0204 5101     		.2byte	0x151
 360 0206 D3000000 		.4byte	0xd3
 361 020a 40       		.byte	0x40
 362 020b 09       		.uleb128 0x9
 363 020c 37010000 		.4byte	.LASF42
 364 0210 06       		.byte	0x6
 365 0211 5801     		.2byte	0x158
 366 0213 1B030000 		.4byte	0x31b
 367 0217 44       		.byte	0x44
 368 0218 09       		.uleb128 0x9
 369 0219 80040000 		.4byte	.LASF43
 370 021d 06       		.byte	0x6
 371 021e 5E01     		.2byte	0x15e
 372 0220 37060000 		.4byte	0x637
 373 0224 48       		.byte	0x48
 374 0225 09       		.uleb128 0x9
 375 0226 7F020000 		.4byte	.LASF44
 376 022a 06       		.byte	0x6
 377 022b 6201     		.2byte	0x162
 378 022d 1B030000 		.4byte	0x31b
 379 0231 60       		.byte	0x60
 380 0232 00       		.byte	0
 381 0233 04       		.uleb128 0x4
 382 0234 49030000 		.4byte	.LASF45
 383 0238 05       		.byte	0x5
 384 0239 44       		.byte	0x44
 385 023a 3E020000 		.4byte	0x23e
 386 023e 0A       		.uleb128 0xa
 387 023f 04       		.byte	0x4
 388 0240 15010000 		.4byte	0x115
 389 0244 04       		.uleb128 0x4
 390 0245 82060000 		.4byte	.LASF46
 391 0249 05       		.byte	0x5
 392 024a 49       		.byte	0x49
 393 024b 4F020000 		.4byte	0x24f
 394 024f 06       		.uleb128 0x6
 395 0250 D9040000 		.4byte	.LASF48
 396 0254 04       		.byte	0x4
 397 0255 06       		.byte	0x6
 398 0256 B0       		.byte	0xb0
ARM GAS  C:\Users\Luis\AppData\Local\Temp\ccKqeMRx.s 			page 8


 399 0257 68020000 		.4byte	0x268
 400 025b 07       		.uleb128 0x7
 401 025c 71040000 		.4byte	.LASF25
 402 0260 06       		.byte	0x6
 403 0261 B1       		.byte	0xb1
 404 0262 3E020000 		.4byte	0x23e
 405 0266 00       		.byte	0
 406 0267 00       		.byte	0
 407 0268 04       		.uleb128 0x4
 408 0269 2E060000 		.4byte	.LASF49
 409 026d 05       		.byte	0x5
 410 026e 50       		.byte	0x50
 411 026f 73020000 		.4byte	0x273
 412 0273 06       		.uleb128 0x6
 413 0274 5E000000 		.4byte	.LASF50
 414 0278 08       		.byte	0x8
 415 0279 06       		.byte	0x6
 416 027a B7       		.byte	0xb7
 417 027b 98020000 		.4byte	0x298
 418 027f 07       		.uleb128 0x7
 419 0280 71040000 		.4byte	.LASF25
 420 0284 06       		.byte	0x6
 421 0285 B8       		.byte	0xb8
 422 0286 3E020000 		.4byte	0x23e
 423 028a 00       		.byte	0
 424 028b 07       		.uleb128 0x7
 425 028c F8030000 		.4byte	.LASF26
 426 0290 06       		.byte	0x6
 427 0291 B9       		.byte	0xb9
 428 0292 3E020000 		.4byte	0x23e
 429 0296 04       		.byte	0x4
 430 0297 00       		.byte	0
 431 0298 04       		.uleb128 0x4
 432 0299 1A000000 		.4byte	.LASF51
 433 029d 05       		.byte	0x5
 434 029e 57       		.byte	0x57
 435 029f A3020000 		.4byte	0x2a3
 436 02a3 0B       		.uleb128 0xb
 437 02a4 02030000 		.4byte	.LASF52
 438 02a8 1C       		.byte	0x1c
 439 02a9 06       		.byte	0x6
 440 02aa 9001     		.2byte	0x190
 441 02ac FF020000 		.4byte	0x2ff
 442 02b0 09       		.uleb128 0x9
 443 02b1 C8040000 		.4byte	.LASF53
 444 02b5 06       		.byte	0x6
 445 02b6 9101     		.2byte	0x191
 446 02b8 68020000 		.4byte	0x268
 447 02bc 00       		.byte	0
 448 02bd 09       		.uleb128 0x9
 449 02be 5C040000 		.4byte	.LASF54
 450 02c2 06       		.byte	0x6
 451 02c3 9201     		.2byte	0x192
 452 02c5 D3000000 		.4byte	0xd3
 453 02c9 08       		.byte	0x8
 454 02ca 09       		.uleb128 0x9
 455 02cb 96030000 		.4byte	.LASF55
ARM GAS  C:\Users\Luis\AppData\Local\Temp\ccKqeMRx.s 			page 9


 456 02cf 06       		.byte	0x6
 457 02d0 9401     		.2byte	0x194
 458 02d2 A7040000 		.4byte	0x4a7
 459 02d6 0C       		.byte	0xc
 460 02d7 09       		.uleb128 0x9
 461 02d8 A5010000 		.4byte	.LASF56
 462 02dc 06       		.byte	0x6
 463 02dd 9701     		.2byte	0x197
 464 02df 3E020000 		.4byte	0x23e
 465 02e3 10       		.byte	0x10
 466 02e4 09       		.uleb128 0x9
 467 02e5 C3030000 		.4byte	.LASF57
 468 02e9 06       		.byte	0x6
 469 02ea 9801     		.2byte	0x198
 470 02ec 3E020000 		.4byte	0x23e
 471 02f0 14       		.byte	0x14
 472 02f1 09       		.uleb128 0x9
 473 02f2 B9030000 		.4byte	.LASF58
 474 02f6 06       		.byte	0x6
 475 02f7 9B01     		.2byte	0x19b
 476 02f9 3E020000 		.4byte	0x23e
 477 02fd 18       		.byte	0x18
 478 02fe 00       		.byte	0
 479 02ff 04       		.uleb128 0x4
 480 0300 F3050000 		.4byte	.LASF59
 481 0304 05       		.byte	0x5
 482 0305 5C       		.byte	0x5c
 483 0306 0A030000 		.4byte	0x30a
 484 030a 0A       		.uleb128 0xa
 485 030b 04       		.byte	0x4
 486 030c 10030000 		.4byte	0x310
 487 0310 0C       		.uleb128 0xc
 488 0311 1B030000 		.4byte	0x31b
 489 0315 0D       		.uleb128 0xd
 490 0316 1B030000 		.4byte	0x31b
 491 031a 00       		.byte	0
 492 031b 0E       		.uleb128 0xe
 493 031c 04       		.byte	0x4
 494 031d 04       		.uleb128 0x4
 495 031e E8030000 		.4byte	.LASF60
 496 0322 05       		.byte	0x5
 497 0323 61       		.byte	0x61
 498 0324 28030000 		.4byte	0x328
 499 0328 0B       		.uleb128 0xb
 500 0329 8F040000 		.4byte	.LASF61
 501 032d 14       		.byte	0x14
 502 032e 06       		.byte	0x6
 503 032f 6B01     		.2byte	0x16b
 504 0331 77030000 		.4byte	0x377
 505 0335 09       		.uleb128 0x9
 506 0336 5D020000 		.4byte	.LASF62
 507 033a 06       		.byte	0x6
 508 033b 6C01     		.2byte	0x16c
 509 033d 63070000 		.4byte	0x763
 510 0341 00       		.byte	0
 511 0342 09       		.uleb128 0x9
 512 0343 B6010000 		.4byte	.LASF63
ARM GAS  C:\Users\Luis\AppData\Local\Temp\ccKqeMRx.s 			page 10


 513 0347 06       		.byte	0x6
 514 0348 6D01     		.2byte	0x16d
 515 034a 63070000 		.4byte	0x763
 516 034e 04       		.byte	0x4
 517 034f 09       		.uleb128 0x9
 518 0350 D0040000 		.4byte	.LASF64
 519 0354 06       		.byte	0x6
 520 0355 6E01     		.2byte	0x16e
 521 0357 0A010000 		.4byte	0x10a
 522 035b 08       		.byte	0x8
 523 035c 09       		.uleb128 0x9
 524 035d D7060000 		.4byte	.LASF65
 525 0361 06       		.byte	0x6
 526 0362 6F01     		.2byte	0x16f
 527 0364 FF020000 		.4byte	0x2ff
 528 0368 0C       		.byte	0xc
 529 0369 09       		.uleb128 0x9
 530 036a 1D060000 		.4byte	.LASF66
 531 036e 06       		.byte	0x6
 532 036f 7101     		.2byte	0x171
 533 0371 1B030000 		.4byte	0x31b
 534 0375 10       		.byte	0x10
 535 0376 00       		.byte	0
 536 0377 04       		.uleb128 0x4
 537 0378 EA000000 		.4byte	.LASF67
 538 037c 05       		.byte	0x5
 539 037d 66       		.byte	0x66
 540 037e 82030000 		.4byte	0x382
 541 0382 0B       		.uleb128 0xb
 542 0383 5C030000 		.4byte	.LASF68
 543 0387 10       		.byte	0x10
 544 0388 06       		.byte	0x6
 545 0389 7B01     		.2byte	0x17b
 546 038b C4030000 		.4byte	0x3c4
 547 038f 09       		.uleb128 0x9
 548 0390 5D020000 		.4byte	.LASF62
 549 0394 06       		.byte	0x6
 550 0395 7C01     		.2byte	0x17c
 551 0397 63070000 		.4byte	0x763
 552 039b 00       		.byte	0
 553 039c 09       		.uleb128 0x9
 554 039d B6010000 		.4byte	.LASF63
 555 03a1 06       		.byte	0x6
 556 03a2 7E01     		.2byte	0x17e
 557 03a4 63070000 		.4byte	0x763
 558 03a8 04       		.byte	0x4
 559 03a9 09       		.uleb128 0x9
 560 03aa D0040000 		.4byte	.LASF64
 561 03ae 06       		.byte	0x6
 562 03af 8001     		.2byte	0x180
 563 03b1 0A010000 		.4byte	0x10a
 564 03b5 08       		.byte	0x8
 565 03b6 09       		.uleb128 0x9
 566 03b7 82030000 		.4byte	.LASF69
 567 03bb 06       		.byte	0x6
 568 03bc 8801     		.2byte	0x188
 569 03be 0A010000 		.4byte	0x10a
ARM GAS  C:\Users\Luis\AppData\Local\Temp\ccKqeMRx.s 			page 11


 570 03c2 0C       		.byte	0xc
 571 03c3 00       		.byte	0
 572 03c4 04       		.uleb128 0x4
 573 03c5 6F000000 		.4byte	.LASF70
 574 03c9 05       		.byte	0x5
 575 03ca 6B       		.byte	0x6b
 576 03cb CF030000 		.4byte	0x3cf
 577 03cf 0F       		.uleb128 0xf
 578 03d0 08020000 		.4byte	.LASF71
 579 03d4 1404     		.2byte	0x414
 580 03d6 06       		.byte	0x6
 581 03d7 A201     		.2byte	0x1a2
 582 03d9 12040000 		.4byte	0x412
 583 03dd 09       		.uleb128 0x9
 584 03de FC050000 		.4byte	.LASF72
 585 03e2 06       		.byte	0x6
 586 03e3 AA01     		.2byte	0x1aa
 587 03e5 69070000 		.4byte	0x769
 588 03e9 00       		.byte	0
 589 03ea 09       		.uleb128 0x9
 590 03eb 4E060000 		.4byte	.LASF73
 591 03ef 06       		.byte	0x6
 592 03f0 AF01     		.2byte	0x1af
 593 03f2 F4000000 		.4byte	0xf4
 594 03f6 04       		.byte	0x4
 595 03f7 09       		.uleb128 0x9
 596 03f8 27020000 		.4byte	.LASF74
 597 03fc 06       		.byte	0x6
 598 03fd B301     		.2byte	0x1b3
 599 03ff F4000000 		.4byte	0xf4
 600 0403 08       		.byte	0x8
 601 0404 09       		.uleb128 0x9
 602 0405 91060000 		.4byte	.LASF75
 603 0409 06       		.byte	0x6
 604 040a B901     		.2byte	0x1b9
 605 040c C9050000 		.4byte	0x5c9
 606 0410 0C       		.byte	0xc
 607 0411 00       		.byte	0
 608 0412 04       		.uleb128 0x4
 609 0413 E3020000 		.4byte	.LASF76
 610 0417 05       		.byte	0x5
 611 0418 70       		.byte	0x70
 612 0419 1D040000 		.4byte	0x41d
 613 041d 0F       		.uleb128 0xf
 614 041e 4D010000 		.4byte	.LASF77
 615 0422 E805     		.2byte	0x5e8
 616 0424 06       		.byte	0x6
 617 0425 C201     		.2byte	0x1c2
 618 0427 8A040000 		.4byte	0x48a
 619 042b 09       		.uleb128 0x9
 620 042c 5F060000 		.4byte	.LASF78
 621 0430 06       		.byte	0x6
 622 0431 C601     		.2byte	0x1c6
 623 0433 98020000 		.4byte	0x298
 624 0437 00       		.byte	0
 625 0438 09       		.uleb128 0x9
 626 0439 BE010000 		.4byte	.LASF79
ARM GAS  C:\Users\Luis\AppData\Local\Temp\ccKqeMRx.s 			page 12


 627 043d 06       		.byte	0x6
 628 043e CA01     		.2byte	0x1ca
 629 0440 77030000 		.4byte	0x377
 630 0444 1C       		.byte	0x1c
 631 0445 08       		.uleb128 0x8
 632 0446 64626700 		.ascii	"dbg\000"
 633 044a 06       		.byte	0x6
 634 044b CE01     		.2byte	0x1ce
 635 044d C4030000 		.4byte	0x3c4
 636 0451 2C       		.byte	0x2c
 637 0452 10       		.uleb128 0x10
 638 0453 DF000000 		.4byte	.LASF80
 639 0457 06       		.byte	0x6
 640 0458 D201     		.2byte	0x1d2
 641 045a 15010000 		.4byte	0x115
 642 045e 4004     		.2byte	0x440
 643 0460 11       		.uleb128 0x11
 644 0461 746D00   		.ascii	"tm\000"
 645 0464 06       		.byte	0x6
 646 0465 D701     		.2byte	0x1d7
 647 0467 E9050000 		.4byte	0x5e9
 648 046b A804     		.2byte	0x4a8
 649 046d 10       		.uleb128 0x10
 650 046e 45000000 		.4byte	.LASF81
 651 0472 06       		.byte	0x6
 652 0473 DD01     		.2byte	0x1dd
 653 0475 7B060000 		.4byte	0x67b
 654 0479 B004     		.2byte	0x4b0
 655 047b 10       		.uleb128 0x10
 656 047c 30020000 		.4byte	.LASF82
 657 0480 06       		.byte	0x6
 658 0481 E301     		.2byte	0x1e3
 659 0483 6E070000 		.4byte	0x76e
 660 0487 E804     		.2byte	0x4e8
 661 0489 00       		.byte	0
 662 048a 03       		.uleb128 0x3
 663 048b 04       		.byte	0x4
 664 048c 07       		.byte	0x7
 665 048d 40030000 		.4byte	.LASF83
 666 0491 04       		.uleb128 0x4
 667 0492 AD010000 		.4byte	.LASF84
 668 0496 07       		.byte	0x7
 669 0497 65       		.byte	0x65
 670 0498 1B030000 		.4byte	0x31b
 671 049c 04       		.uleb128 0x4
 672 049d 23030000 		.4byte	.LASF85
 673 04a1 07       		.byte	0x7
 674 04a2 6D       		.byte	0x6d
 675 04a3 85000000 		.4byte	0x85
 676 04a7 06       		.uleb128 0x6
 677 04a8 0D060000 		.4byte	.LASF86
 678 04ac 04       		.byte	0x4
 679 04ad 07       		.byte	0x7
 680 04ae 89       		.byte	0x89
 681 04af C0040000 		.4byte	0x4c0
 682 04b3 12       		.uleb128 0x12
 683 04b4 72313300 		.ascii	"r13\000"
ARM GAS  C:\Users\Luis\AppData\Local\Temp\ccKqeMRx.s 			page 13


 684 04b8 07       		.byte	0x7
 685 04b9 8A       		.byte	0x8a
 686 04ba 3B050000 		.4byte	0x53b
 687 04be 00       		.byte	0
 688 04bf 00       		.byte	0
 689 04c0 06       		.uleb128 0x6
 690 04c1 52000000 		.4byte	.LASF87
 691 04c5 24       		.byte	0x24
 692 04c6 08       		.byte	0x8
 693 04c7 F4       		.byte	0xf4
 694 04c8 3B050000 		.4byte	0x53b
 695 04cc 08       		.uleb128 0x8
 696 04cd 723400   		.ascii	"r4\000"
 697 04d0 08       		.byte	0x8
 698 04d1 0701     		.2byte	0x107
 699 04d3 91040000 		.4byte	0x491
 700 04d7 00       		.byte	0
 701 04d8 08       		.uleb128 0x8
 702 04d9 723500   		.ascii	"r5\000"
 703 04dc 08       		.byte	0x8
 704 04dd 0801     		.2byte	0x108
 705 04df 91040000 		.4byte	0x491
 706 04e3 04       		.byte	0x4
 707 04e4 08       		.uleb128 0x8
 708 04e5 723600   		.ascii	"r6\000"
 709 04e8 08       		.byte	0x8
 710 04e9 0901     		.2byte	0x109
 711 04eb 91040000 		.4byte	0x491
 712 04ef 08       		.byte	0x8
 713 04f0 08       		.uleb128 0x8
 714 04f1 723700   		.ascii	"r7\000"
 715 04f4 08       		.byte	0x8
 716 04f5 0A01     		.2byte	0x10a
 717 04f7 91040000 		.4byte	0x491
 718 04fb 0C       		.byte	0xc
 719 04fc 08       		.uleb128 0x8
 720 04fd 723800   		.ascii	"r8\000"
 721 0500 08       		.byte	0x8
 722 0501 0B01     		.2byte	0x10b
 723 0503 91040000 		.4byte	0x491
 724 0507 10       		.byte	0x10
 725 0508 08       		.uleb128 0x8
 726 0509 723900   		.ascii	"r9\000"
 727 050c 08       		.byte	0x8
 728 050d 0C01     		.2byte	0x10c
 729 050f 91040000 		.4byte	0x491
 730 0513 14       		.byte	0x14
 731 0514 08       		.uleb128 0x8
 732 0515 72313000 		.ascii	"r10\000"
 733 0519 08       		.byte	0x8
 734 051a 0D01     		.2byte	0x10d
 735 051c 91040000 		.4byte	0x491
 736 0520 18       		.byte	0x18
 737 0521 08       		.uleb128 0x8
 738 0522 72313100 		.ascii	"r11\000"
 739 0526 08       		.byte	0x8
 740 0527 0E01     		.2byte	0x10e
ARM GAS  C:\Users\Luis\AppData\Local\Temp\ccKqeMRx.s 			page 14


 741 0529 91040000 		.4byte	0x491
 742 052d 1C       		.byte	0x1c
 743 052e 08       		.uleb128 0x8
 744 052f 6C7200   		.ascii	"lr\000"
 745 0532 08       		.byte	0x8
 746 0533 0F01     		.2byte	0x10f
 747 0535 91040000 		.4byte	0x491
 748 0539 20       		.byte	0x20
 749 053a 00       		.byte	0
 750 053b 0A       		.uleb128 0xa
 751 053c 04       		.byte	0x4
 752 053d C0040000 		.4byte	0x4c0
 753 0541 13       		.uleb128 0x13
 754 0542 10       		.byte	0x10
 755 0543 09       		.byte	0x9
 756 0544 51       		.byte	0x51
 757 0545 7A050000 		.4byte	0x57a
 758 0549 07       		.uleb128 0x7
 759 054a 27000000 		.4byte	.LASF88
 760 054e 09       		.byte	0x9
 761 054f 55       		.byte	0x55
 762 0550 0A010000 		.4byte	0x10a
 763 0554 00       		.byte	0
 764 0555 07       		.uleb128 0x7
 765 0556 70010000 		.4byte	.LASF89
 766 055a 09       		.byte	0x9
 767 055b 59       		.byte	0x59
 768 055c 3E020000 		.4byte	0x23e
 769 0560 04       		.byte	0x4
 770 0561 07       		.uleb128 0x7
 771 0562 94020000 		.4byte	.LASF90
 772 0566 09       		.byte	0x9
 773 0567 5D       		.byte	0x5d
 774 0568 1B030000 		.4byte	0x31b
 775 056c 08       		.byte	0x8
 776 056d 07       		.uleb128 0x7
 777 056e C7000000 		.4byte	.LASF91
 778 0572 09       		.byte	0x9
 779 0573 61       		.byte	0x61
 780 0574 3A000000 		.4byte	0x3a
 781 0578 0C       		.byte	0xc
 782 0579 00       		.byte	0
 783 057a 04       		.uleb128 0x4
 784 057b 73030000 		.4byte	.LASF92
 785 057f 09       		.byte	0x9
 786 0580 62       		.byte	0x62
 787 0581 41050000 		.4byte	0x541
 788 0585 14       		.uleb128 0x14
 789 0586 0804     		.2byte	0x408
 790 0588 09       		.byte	0x9
 791 0589 67       		.byte	0x67
 792 058a B3050000 		.4byte	0x5b3
 793 058e 07       		.uleb128 0x7
 794 058f 9D010000 		.4byte	.LASF93
 795 0593 09       		.byte	0x9
 796 0594 6B       		.byte	0x6b
 797 0595 2C000000 		.4byte	0x2c
ARM GAS  C:\Users\Luis\AppData\Local\Temp\ccKqeMRx.s 			page 15


 798 0599 00       		.byte	0
 799 059a 07       		.uleb128 0x7
 800 059b 13000000 		.4byte	.LASF94
 801 059f 09       		.byte	0x9
 802 05a0 6F       		.byte	0x6f
 803 05a1 B3050000 		.4byte	0x5b3
 804 05a5 04       		.byte	0x4
 805 05a6 07       		.uleb128 0x7
 806 05a7 DE030000 		.4byte	.LASF95
 807 05ab 09       		.byte	0x9
 808 05ac 73       		.byte	0x73
 809 05ad B9050000 		.4byte	0x5b9
 810 05b1 08       		.byte	0x8
 811 05b2 00       		.byte	0
 812 05b3 0A       		.uleb128 0xa
 813 05b4 04       		.byte	0x4
 814 05b5 7A050000 		.4byte	0x57a
 815 05b9 15       		.uleb128 0x15
 816 05ba 7A050000 		.4byte	0x57a
 817 05be C9050000 		.4byte	0x5c9
 818 05c2 16       		.uleb128 0x16
 819 05c3 8A040000 		.4byte	0x48a
 820 05c7 3F       		.byte	0x3f
 821 05c8 00       		.byte	0
 822 05c9 04       		.uleb128 0x4
 823 05ca B5000000 		.4byte	.LASF96
 824 05ce 09       		.byte	0x9
 825 05cf 74       		.byte	0x74
 826 05d0 85050000 		.4byte	0x585
 827 05d4 13       		.uleb128 0x13
 828 05d5 04       		.byte	0x4
 829 05d6 0A       		.byte	0xa
 830 05d7 38       		.byte	0x38
 831 05d8 E9050000 		.4byte	0x5e9
 832 05dc 07       		.uleb128 0x7
 833 05dd 06060000 		.4byte	.LASF97
 834 05e1 0A       		.byte	0xa
 835 05e2 3C       		.byte	0x3c
 836 05e3 9C000000 		.4byte	0x9c
 837 05e7 00       		.byte	0
 838 05e8 00       		.byte	0
 839 05e9 04       		.uleb128 0x4
 840 05ea 9C030000 		.4byte	.LASF98
 841 05ee 0A       		.byte	0xa
 842 05ef 3D       		.byte	0x3d
 843 05f0 D4050000 		.4byte	0x5d4
 844 05f4 13       		.uleb128 0x13
 845 05f5 18       		.byte	0x18
 846 05f6 0A       		.byte	0xa
 847 05f7 48       		.byte	0x48
 848 05f8 37060000 		.4byte	0x637
 849 05fc 07       		.uleb128 0x7
 850 05fd D2050000 		.4byte	.LASF99
 851 0601 0A       		.byte	0xa
 852 0602 49       		.byte	0x49
 853 0603 9C000000 		.4byte	0x9c
 854 0607 00       		.byte	0
ARM GAS  C:\Users\Luis\AppData\Local\Temp\ccKqeMRx.s 			page 16


 855 0608 07       		.uleb128 0x7
 856 0609 7E000000 		.4byte	.LASF100
 857 060d 0A       		.byte	0xa
 858 060e 4A       		.byte	0x4a
 859 060f 9C000000 		.4byte	0x9c
 860 0613 04       		.byte	0x4
 861 0614 07       		.uleb128 0x7
 862 0615 D7020000 		.4byte	.LASF101
 863 0619 0A       		.byte	0xa
 864 061a 4B       		.byte	0x4b
 865 061b 9C000000 		.4byte	0x9c
 866 061f 08       		.byte	0x8
 867 0620 12       		.uleb128 0x12
 868 0621 6E00     		.ascii	"n\000"
 869 0623 0A       		.byte	0xa
 870 0624 4C       		.byte	0x4c
 871 0625 FF000000 		.4byte	0xff
 872 0629 0C       		.byte	0xc
 873 062a 07       		.uleb128 0x7
 874 062b CB030000 		.4byte	.LASF102
 875 062f 0A       		.byte	0xa
 876 0630 4D       		.byte	0x4d
 877 0631 A7000000 		.4byte	0xa7
 878 0635 10       		.byte	0x10
 879 0636 00       		.byte	0
 880 0637 04       		.uleb128 0x4
 881 0638 8B000000 		.4byte	.LASF103
 882 063c 0A       		.byte	0xa
 883 063d 4E       		.byte	0x4e
 884 063e F4050000 		.4byte	0x5f4
 885 0642 13       		.uleb128 0x13
 886 0643 38       		.byte	0x38
 887 0644 0B       		.byte	0xb
 888 0645 38       		.byte	0x38
 889 0646 7B060000 		.4byte	0x67b
 890 064a 07       		.uleb128 0x7
 891 064b 8E020000 		.4byte	.LASF104
 892 064f 0B       		.byte	0xb
 893 0650 39       		.byte	0x39
 894 0651 FF000000 		.4byte	0xff
 895 0655 00       		.byte	0
 896 0656 07       		.uleb128 0x7
 897 0657 10040000 		.4byte	.LASF105
 898 065b 0B       		.byte	0xb
 899 065c 3A       		.byte	0x3a
 900 065d FF000000 		.4byte	0xff
 901 0661 04       		.byte	0x4
 902 0662 07       		.uleb128 0x7
 903 0663 AB060000 		.4byte	.LASF106
 904 0667 0B       		.byte	0xb
 905 0668 3B       		.byte	0x3b
 906 0669 37060000 		.4byte	0x637
 907 066d 08       		.byte	0x8
 908 066e 07       		.uleb128 0x7
 909 066f F7020000 		.4byte	.LASF107
 910 0673 0B       		.byte	0xb
 911 0674 3D       		.byte	0x3d
ARM GAS  C:\Users\Luis\AppData\Local\Temp\ccKqeMRx.s 			page 17


 912 0675 37060000 		.4byte	0x637
 913 0679 20       		.byte	0x20
 914 067a 00       		.byte	0
 915 067b 04       		.uleb128 0x4
 916 067c B8020000 		.4byte	.LASF108
 917 0680 0B       		.byte	0xb
 918 0681 3F       		.byte	0x3f
 919 0682 42060000 		.4byte	0x642
 920 0686 17       		.uleb128 0x17
 921 0687 04       		.byte	0x4
 922 0688 06       		.byte	0x6
 923 0689 FA       		.byte	0xfa
 924 068a E3060000 		.4byte	0x6e3
 925 068e 18       		.uleb128 0x18
 926 068f 35000000 		.4byte	.LASF109
 927 0693 06       		.byte	0x6
 928 0694 0101     		.2byte	0x101
 929 0696 DE000000 		.4byte	0xde
 930 069a 18       		.uleb128 0x18
 931 069b D6000000 		.4byte	.LASF110
 932 069f 06       		.byte	0x6
 933 06a0 0801     		.2byte	0x108
 934 06a2 DE000000 		.4byte	0xde
 935 06a6 18       		.uleb128 0x18
 936 06a7 6D060000 		.4byte	.LASF111
 937 06ab 06       		.byte	0x6
 938 06ac 0F01     		.2byte	0x10f
 939 06ae 1B030000 		.4byte	0x31b
 940 06b2 18       		.uleb128 0x18
 941 06b3 2F000000 		.4byte	.LASF112
 942 06b7 06       		.byte	0x6
 943 06b8 1601     		.2byte	0x116
 944 06ba E3060000 		.4byte	0x6e3
 945 06be 18       		.uleb128 0x18
 946 06bf 65020000 		.4byte	.LASF113
 947 06c3 06       		.byte	0x6
 948 06c4 1E01     		.2byte	0x11e
 949 06c6 0E070000 		.4byte	0x70e
 950 06ca 18       		.uleb128 0x18
 951 06cb C1040000 		.4byte	.LASF114
 952 06cf 06       		.byte	0x6
 953 06d0 2701     		.2byte	0x127
 954 06d2 45070000 		.4byte	0x745
 955 06d6 18       		.uleb128 0x18
 956 06d7 6A040000 		.4byte	.LASF115
 957 06db 06       		.byte	0x6
 958 06dc 2F01     		.2byte	0x12f
 959 06de E9000000 		.4byte	0xe9
 960 06e2 00       		.byte	0
 961 06e3 0A       		.uleb128 0xa
 962 06e4 04       		.byte	0x4
 963 06e5 33020000 		.4byte	0x233
 964 06e9 06       		.uleb128 0x6
 965 06ea A0040000 		.4byte	.LASF116
 966 06ee 0C       		.byte	0xc
 967 06ef 0C       		.byte	0xc
 968 06f0 34       		.byte	0x34
ARM GAS  C:\Users\Luis\AppData\Local\Temp\ccKqeMRx.s 			page 18


 969 06f1 0E070000 		.4byte	0x70e
 970 06f5 07       		.uleb128 0x7
 971 06f6 2E030000 		.4byte	.LASF117
 972 06fa 0C       		.byte	0xc
 973 06fb 35       		.byte	0x35
 974 06fc 68020000 		.4byte	0x268
 975 0700 00       		.byte	0
 976 0701 07       		.uleb128 0x7
 977 0702 3A040000 		.4byte	.LASF118
 978 0706 0C       		.byte	0xc
 979 0707 37       		.byte	0x37
 980 0708 F4000000 		.4byte	0xf4
 981 070c 08       		.byte	0x8
 982 070d 00       		.byte	0
 983 070e 0A       		.uleb128 0xa
 984 070f 04       		.byte	0x4
 985 0710 E9060000 		.4byte	0x6e9
 986 0714 06       		.uleb128 0x6
 987 0715 3E060000 		.4byte	.LASF119
 988 0719 10       		.byte	0x10
 989 071a 0D       		.byte	0xd
 990 071b 39       		.byte	0x39
 991 071c 45070000 		.4byte	0x745
 992 0720 07       		.uleb128 0x7
 993 0721 3F010000 		.4byte	.LASF120
 994 0725 0D       		.byte	0xd
 995 0726 3A       		.byte	0x3a
 996 0727 68020000 		.4byte	0x268
 997 072b 00       		.byte	0
 998 072c 07       		.uleb128 0x7
 999 072d B6060000 		.4byte	.LASF121
 1000 0731 0D       		.byte	0xd
 1001 0732 3C       		.byte	0x3c
 1002 0733 3E020000 		.4byte	0x23e
 1003 0737 08       		.byte	0x8
 1004 0738 07       		.uleb128 0x7
 1005 0739 D7050000 		.4byte	.LASF122
 1006 073d 0D       		.byte	0xd
 1007 073e 3E       		.byte	0x3e
 1008 073f 89070000 		.4byte	0x789
 1009 0743 0C       		.byte	0xc
 1010 0744 00       		.byte	0
 1011 0745 0A       		.uleb128 0xa
 1012 0746 04       		.byte	0x4
 1013 0747 14070000 		.4byte	0x714
 1014 074b 0A       		.uleb128 0xa
 1015 074c 04       		.byte	0x4
 1016 074d 51070000 		.4byte	0x751
 1017 0751 19       		.uleb128 0x19
 1018 0752 56070000 		.4byte	0x756
 1019 0756 03       		.uleb128 0x3
 1020 0757 01       		.byte	0x1
 1021 0758 08       		.byte	0x8
 1022 0759 FB040000 		.4byte	.LASF123
 1023 075d 0A       		.uleb128 0xa
 1024 075e 04       		.byte	0x4
 1025 075f 9C040000 		.4byte	0x49c
ARM GAS  C:\Users\Luis\AppData\Local\Temp\ccKqeMRx.s 			page 19


 1026 0763 0A       		.uleb128 0xa
 1027 0764 04       		.byte	0x4
 1028 0765 1D030000 		.4byte	0x31d
 1029 0769 05       		.uleb128 0x5
 1030 076a 4B070000 		.4byte	0x74b
 1031 076e 15       		.uleb128 0x15
 1032 076f 9C040000 		.4byte	0x49c
 1033 0773 7E070000 		.4byte	0x77e
 1034 0777 16       		.uleb128 0x16
 1035 0778 8A040000 		.4byte	0x48a
 1036 077c 1F       		.byte	0x1f
 1037 077d 00       		.byte	0
 1038 077e 04       		.uleb128 0x4
 1039 077f 18020000 		.4byte	.LASF124
 1040 0783 0D       		.byte	0xd
 1041 0784 34       		.byte	0x34
 1042 0785 14070000 		.4byte	0x714
 1043 0789 0A       		.uleb128 0xa
 1044 078a 04       		.byte	0x4
 1045 078b 7E070000 		.4byte	0x77e
 1046 078f 03       		.uleb128 0x3
 1047 0790 01       		.byte	0x1
 1048 0791 02       		.byte	0x2
 1049 0792 19040000 		.4byte	.LASF125
 1050 0796 13       		.uleb128 0x13
 1051 0797 1C       		.byte	0x1c
 1052 0798 0E       		.byte	0xe
 1053 0799 C1       		.byte	0xc1
 1054 079a F3070000 		.4byte	0x7f3
 1055 079e 07       		.uleb128 0x7
 1056 079f 47010000 		.4byte	.LASF126
 1057 07a3 0E       		.byte	0xe
 1058 07a4 C3       		.byte	0xc3
 1059 07a5 6C000000 		.4byte	0x6c
 1060 07a9 00       		.byte	0
 1061 07aa 07       		.uleb128 0x7
 1062 07ab 9E020000 		.4byte	.LASF127
 1063 07af 0E       		.byte	0xe
 1064 07b0 C5       		.byte	0xc5
 1065 07b1 6C000000 		.4byte	0x6c
 1066 07b5 04       		.byte	0x4
 1067 07b6 07       		.uleb128 0x7
 1068 07b7 86020000 		.4byte	.LASF128
 1069 07bb 0E       		.byte	0xe
 1070 07bc C7       		.byte	0xc7
 1071 07bd 6C000000 		.4byte	0x6c
 1072 07c1 08       		.byte	0x8
 1073 07c2 07       		.uleb128 0x7
 1074 07c3 D0000000 		.4byte	.LASF129
 1075 07c7 0E       		.byte	0xe
 1076 07c8 C9       		.byte	0xc9
 1077 07c9 6C000000 		.4byte	0x6c
 1078 07cd 0C       		.byte	0xc
 1079 07ce 12       		.uleb128 0x12
 1080 07cf 6F647200 		.ascii	"odr\000"
 1081 07d3 0E       		.byte	0xe
 1082 07d4 CB       		.byte	0xcb
ARM GAS  C:\Users\Luis\AppData\Local\Temp\ccKqeMRx.s 			page 20


 1083 07d5 6C000000 		.4byte	0x6c
 1084 07d9 10       		.byte	0x10
 1085 07da 07       		.uleb128 0x7
 1086 07db 35040000 		.4byte	.LASF130
 1087 07df 0E       		.byte	0xe
 1088 07e0 CD       		.byte	0xcd
 1089 07e1 6C000000 		.4byte	0x6c
 1090 07e5 14       		.byte	0x14
 1091 07e6 07       		.uleb128 0x7
 1092 07e7 AD030000 		.4byte	.LASF131
 1093 07eb 0E       		.byte	0xe
 1094 07ec CF       		.byte	0xcf
 1095 07ed 6C000000 		.4byte	0x6c
 1096 07f1 18       		.byte	0x18
 1097 07f2 00       		.byte	0
 1098 07f3 04       		.uleb128 0x4
 1099 07f4 00000000 		.4byte	.LASF132
 1100 07f8 0E       		.byte	0xe
 1101 07f9 D0       		.byte	0xd0
 1102 07fa 96070000 		.4byte	0x796
 1103 07fe 13       		.uleb128 0x13
 1104 07ff FC       		.byte	0xfc
 1105 0800 0E       		.byte	0xe
 1106 0801 D9       		.byte	0xd9
 1107 0802 73080000 		.4byte	0x873
 1108 0806 07       		.uleb128 0x7
 1109 0807 63040000 		.4byte	.LASF133
 1110 080b 0E       		.byte	0xe
 1111 080c DC       		.byte	0xdc
 1112 080d F3070000 		.4byte	0x7f3
 1113 0811 00       		.byte	0
 1114 0812 07       		.uleb128 0x7
 1115 0813 20020000 		.4byte	.LASF134
 1116 0817 0E       		.byte	0xe
 1117 0818 E0       		.byte	0xe0
 1118 0819 F3070000 		.4byte	0x7f3
 1119 081d 1C       		.byte	0x1c
 1120 081e 07       		.uleb128 0x7
 1121 081f 7B060000 		.4byte	.LASF135
 1122 0823 0E       		.byte	0xe
 1123 0824 E4       		.byte	0xe4
 1124 0825 F3070000 		.4byte	0x7f3
 1125 0829 38       		.byte	0x38
 1126 082a 07       		.uleb128 0x7
 1127 082b B2030000 		.4byte	.LASF136
 1128 082f 0E       		.byte	0xe
 1129 0830 E8       		.byte	0xe8
 1130 0831 F3070000 		.4byte	0x7f3
 1131 0835 54       		.byte	0x54
 1132 0836 07       		.uleb128 0x7
 1133 0837 60010000 		.4byte	.LASF137
 1134 083b 0E       		.byte	0xe
 1135 083c EC       		.byte	0xec
 1136 083d F3070000 		.4byte	0x7f3
 1137 0841 70       		.byte	0x70
 1138 0842 07       		.uleb128 0x7
 1139 0843 A4060000 		.4byte	.LASF138
ARM GAS  C:\Users\Luis\AppData\Local\Temp\ccKqeMRx.s 			page 21


 1140 0847 0E       		.byte	0xe
 1141 0848 F0       		.byte	0xf0
 1142 0849 F3070000 		.4byte	0x7f3
 1143 084d 8C       		.byte	0x8c
 1144 084e 07       		.uleb128 0x7
 1145 084f 1C030000 		.4byte	.LASF139
 1146 0853 0E       		.byte	0xe
 1147 0854 F4       		.byte	0xf4
 1148 0855 F3070000 		.4byte	0x7f3
 1149 0859 A8       		.byte	0xa8
 1150 085a 07       		.uleb128 0x7
 1151 085b 84000000 		.4byte	.LASF140
 1152 085f 0E       		.byte	0xe
 1153 0860 F8       		.byte	0xf8
 1154 0861 F3070000 		.4byte	0x7f3
 1155 0865 C4       		.byte	0xc4
 1156 0866 07       		.uleb128 0x7
 1157 0867 88040000 		.4byte	.LASF141
 1158 086b 0E       		.byte	0xe
 1159 086c FC       		.byte	0xfc
 1160 086d F3070000 		.4byte	0x7f3
 1161 0871 E0       		.byte	0xe0
 1162 0872 00       		.byte	0
 1163 0873 04       		.uleb128 0x4
 1164 0874 24060000 		.4byte	.LASF142
 1165 0878 0E       		.byte	0xe
 1166 0879 FE       		.byte	0xfe
 1167 087a FE070000 		.4byte	0x7fe
 1168 087e 1A       		.uleb128 0x1a
 1169 087f FF030000 		.4byte	.LASF148
 1170 0883 01       		.byte	0x1
 1171 0884 C101     		.2byte	0x1c1
 1172 0886 00000000 		.4byte	.LFB229
 1173 088a 0C000000 		.4byte	.LFE229-.LFB229
 1174 088e 01       		.uleb128 0x1
 1175 088f 9C       		.byte	0x9c
 1176 0890 1B       		.uleb128 0x1b
 1177 0891 77020000 		.4byte	.LASF149
 1178 0895 02       		.byte	0x2
 1179 0896 38       		.byte	0x38
 1180 0897 00000000 		.4byte	.LFB260
 1181 089b 38000000 		.4byte	.LFE260-.LFB260
 1182 089f 01       		.uleb128 0x1
 1183 08a0 9C       		.byte	0x9c
 1184 08a1 1C       		.uleb128 0x1c
 1185 08a2 00010000 		.4byte	.LASF143
 1186 08a6 0F       		.byte	0xf
 1187 08a7 A706     		.2byte	0x6a7
 1188 08a9 97000000 		.4byte	0x97
 1189 08ad 1D       		.uleb128 0x1d
 1190 08ae 636800   		.ascii	"ch\000"
 1191 08b1 06       		.byte	0x6
 1192 08b2 0902     		.2byte	0x209
 1193 08b4 12040000 		.4byte	0x412
 1194 08b8 1C       		.uleb128 0x1c
 1195 08b9 BE060000 		.4byte	.LASF144
 1196 08bd 0E       		.byte	0xe
ARM GAS  C:\Users\Luis\AppData\Local\Temp\ccKqeMRx.s 			page 22


 1197 08be DA01     		.2byte	0x1da
 1198 08c0 C4080000 		.4byte	0x8c4
 1199 08c4 19       		.uleb128 0x19
 1200 08c5 73080000 		.4byte	0x873
 1201 08c9 00       		.byte	0
 1202              		.section	.debug_abbrev,"",%progbits
 1203              	.Ldebug_abbrev0:
 1204 0000 01       		.uleb128 0x1
 1205 0001 11       		.uleb128 0x11
 1206 0002 01       		.byte	0x1
 1207 0003 25       		.uleb128 0x25
 1208 0004 0E       		.uleb128 0xe
 1209 0005 13       		.uleb128 0x13
 1210 0006 0B       		.uleb128 0xb
 1211 0007 03       		.uleb128 0x3
 1212 0008 0E       		.uleb128 0xe
 1213 0009 1B       		.uleb128 0x1b
 1214 000a 0E       		.uleb128 0xe
 1215 000b 55       		.uleb128 0x55
 1216 000c 17       		.uleb128 0x17
 1217 000d 11       		.uleb128 0x11
 1218 000e 01       		.uleb128 0x1
 1219 000f 10       		.uleb128 0x10
 1220 0010 17       		.uleb128 0x17
 1221 0011 00       		.byte	0
 1222 0012 00       		.byte	0
 1223 0013 02       		.uleb128 0x2
 1224 0014 24       		.uleb128 0x24
 1225 0015 00       		.byte	0
 1226 0016 0B       		.uleb128 0xb
 1227 0017 0B       		.uleb128 0xb
 1228 0018 3E       		.uleb128 0x3e
 1229 0019 0B       		.uleb128 0xb
 1230 001a 03       		.uleb128 0x3
 1231 001b 08       		.uleb128 0x8
 1232 001c 00       		.byte	0
 1233 001d 00       		.byte	0
 1234 001e 03       		.uleb128 0x3
 1235 001f 24       		.uleb128 0x24
 1236 0020 00       		.byte	0
 1237 0021 0B       		.uleb128 0xb
 1238 0022 0B       		.uleb128 0xb
 1239 0023 3E       		.uleb128 0x3e
 1240 0024 0B       		.uleb128 0xb
 1241 0025 03       		.uleb128 0x3
 1242 0026 0E       		.uleb128 0xe
 1243 0027 00       		.byte	0
 1244 0028 00       		.byte	0
 1245 0029 04       		.uleb128 0x4
 1246 002a 16       		.uleb128 0x16
 1247 002b 00       		.byte	0
 1248 002c 03       		.uleb128 0x3
 1249 002d 0E       		.uleb128 0xe
 1250 002e 3A       		.uleb128 0x3a
 1251 002f 0B       		.uleb128 0xb
 1252 0030 3B       		.uleb128 0x3b
 1253 0031 0B       		.uleb128 0xb
ARM GAS  C:\Users\Luis\AppData\Local\Temp\ccKqeMRx.s 			page 23


 1254 0032 49       		.uleb128 0x49
 1255 0033 13       		.uleb128 0x13
 1256 0034 00       		.byte	0
 1257 0035 00       		.byte	0
 1258 0036 05       		.uleb128 0x5
 1259 0037 35       		.uleb128 0x35
 1260 0038 00       		.byte	0
 1261 0039 49       		.uleb128 0x49
 1262 003a 13       		.uleb128 0x13
 1263 003b 00       		.byte	0
 1264 003c 00       		.byte	0
 1265 003d 06       		.uleb128 0x6
 1266 003e 13       		.uleb128 0x13
 1267 003f 01       		.byte	0x1
 1268 0040 03       		.uleb128 0x3
 1269 0041 0E       		.uleb128 0xe
 1270 0042 0B       		.uleb128 0xb
 1271 0043 0B       		.uleb128 0xb
 1272 0044 3A       		.uleb128 0x3a
 1273 0045 0B       		.uleb128 0xb
 1274 0046 3B       		.uleb128 0x3b
 1275 0047 0B       		.uleb128 0xb
 1276 0048 01       		.uleb128 0x1
 1277 0049 13       		.uleb128 0x13
 1278 004a 00       		.byte	0
 1279 004b 00       		.byte	0
 1280 004c 07       		.uleb128 0x7
 1281 004d 0D       		.uleb128 0xd
 1282 004e 00       		.byte	0
 1283 004f 03       		.uleb128 0x3
 1284 0050 0E       		.uleb128 0xe
 1285 0051 3A       		.uleb128 0x3a
 1286 0052 0B       		.uleb128 0xb
 1287 0053 3B       		.uleb128 0x3b
 1288 0054 0B       		.uleb128 0xb
 1289 0055 49       		.uleb128 0x49
 1290 0056 13       		.uleb128 0x13
 1291 0057 38       		.uleb128 0x38
 1292 0058 0B       		.uleb128 0xb
 1293 0059 00       		.byte	0
 1294 005a 00       		.byte	0
 1295 005b 08       		.uleb128 0x8
 1296 005c 0D       		.uleb128 0xd
 1297 005d 00       		.byte	0
 1298 005e 03       		.uleb128 0x3
 1299 005f 08       		.uleb128 0x8
 1300 0060 3A       		.uleb128 0x3a
 1301 0061 0B       		.uleb128 0xb
 1302 0062 3B       		.uleb128 0x3b
 1303 0063 05       		.uleb128 0x5
 1304 0064 49       		.uleb128 0x49
 1305 0065 13       		.uleb128 0x13
 1306 0066 38       		.uleb128 0x38
 1307 0067 0B       		.uleb128 0xb
 1308 0068 00       		.byte	0
 1309 0069 00       		.byte	0
 1310 006a 09       		.uleb128 0x9
ARM GAS  C:\Users\Luis\AppData\Local\Temp\ccKqeMRx.s 			page 24


 1311 006b 0D       		.uleb128 0xd
 1312 006c 00       		.byte	0
 1313 006d 03       		.uleb128 0x3
 1314 006e 0E       		.uleb128 0xe
 1315 006f 3A       		.uleb128 0x3a
 1316 0070 0B       		.uleb128 0xb
 1317 0071 3B       		.uleb128 0x3b
 1318 0072 05       		.uleb128 0x5
 1319 0073 49       		.uleb128 0x49
 1320 0074 13       		.uleb128 0x13
 1321 0075 38       		.uleb128 0x38
 1322 0076 0B       		.uleb128 0xb
 1323 0077 00       		.byte	0
 1324 0078 00       		.byte	0
 1325 0079 0A       		.uleb128 0xa
 1326 007a 0F       		.uleb128 0xf
 1327 007b 00       		.byte	0
 1328 007c 0B       		.uleb128 0xb
 1329 007d 0B       		.uleb128 0xb
 1330 007e 49       		.uleb128 0x49
 1331 007f 13       		.uleb128 0x13
 1332 0080 00       		.byte	0
 1333 0081 00       		.byte	0
 1334 0082 0B       		.uleb128 0xb
 1335 0083 13       		.uleb128 0x13
 1336 0084 01       		.byte	0x1
 1337 0085 03       		.uleb128 0x3
 1338 0086 0E       		.uleb128 0xe
 1339 0087 0B       		.uleb128 0xb
 1340 0088 0B       		.uleb128 0xb
 1341 0089 3A       		.uleb128 0x3a
 1342 008a 0B       		.uleb128 0xb
 1343 008b 3B       		.uleb128 0x3b
 1344 008c 05       		.uleb128 0x5
 1345 008d 01       		.uleb128 0x1
 1346 008e 13       		.uleb128 0x13
 1347 008f 00       		.byte	0
 1348 0090 00       		.byte	0
 1349 0091 0C       		.uleb128 0xc
 1350 0092 15       		.uleb128 0x15
 1351 0093 01       		.byte	0x1
 1352 0094 27       		.uleb128 0x27
 1353 0095 19       		.uleb128 0x19
 1354 0096 01       		.uleb128 0x1
 1355 0097 13       		.uleb128 0x13
 1356 0098 00       		.byte	0
 1357 0099 00       		.byte	0
 1358 009a 0D       		.uleb128 0xd
 1359 009b 05       		.uleb128 0x5
 1360 009c 00       		.byte	0
 1361 009d 49       		.uleb128 0x49
 1362 009e 13       		.uleb128 0x13
 1363 009f 00       		.byte	0
 1364 00a0 00       		.byte	0
 1365 00a1 0E       		.uleb128 0xe
 1366 00a2 0F       		.uleb128 0xf
 1367 00a3 00       		.byte	0
ARM GAS  C:\Users\Luis\AppData\Local\Temp\ccKqeMRx.s 			page 25


 1368 00a4 0B       		.uleb128 0xb
 1369 00a5 0B       		.uleb128 0xb
 1370 00a6 00       		.byte	0
 1371 00a7 00       		.byte	0
 1372 00a8 0F       		.uleb128 0xf
 1373 00a9 13       		.uleb128 0x13
 1374 00aa 01       		.byte	0x1
 1375 00ab 03       		.uleb128 0x3
 1376 00ac 0E       		.uleb128 0xe
 1377 00ad 0B       		.uleb128 0xb
 1378 00ae 05       		.uleb128 0x5
 1379 00af 3A       		.uleb128 0x3a
 1380 00b0 0B       		.uleb128 0xb
 1381 00b1 3B       		.uleb128 0x3b
 1382 00b2 05       		.uleb128 0x5
 1383 00b3 01       		.uleb128 0x1
 1384 00b4 13       		.uleb128 0x13
 1385 00b5 00       		.byte	0
 1386 00b6 00       		.byte	0
 1387 00b7 10       		.uleb128 0x10
 1388 00b8 0D       		.uleb128 0xd
 1389 00b9 00       		.byte	0
 1390 00ba 03       		.uleb128 0x3
 1391 00bb 0E       		.uleb128 0xe
 1392 00bc 3A       		.uleb128 0x3a
 1393 00bd 0B       		.uleb128 0xb
 1394 00be 3B       		.uleb128 0x3b
 1395 00bf 05       		.uleb128 0x5
 1396 00c0 49       		.uleb128 0x49
 1397 00c1 13       		.uleb128 0x13
 1398 00c2 38       		.uleb128 0x38
 1399 00c3 05       		.uleb128 0x5
 1400 00c4 00       		.byte	0
 1401 00c5 00       		.byte	0
 1402 00c6 11       		.uleb128 0x11
 1403 00c7 0D       		.uleb128 0xd
 1404 00c8 00       		.byte	0
 1405 00c9 03       		.uleb128 0x3
 1406 00ca 08       		.uleb128 0x8
 1407 00cb 3A       		.uleb128 0x3a
 1408 00cc 0B       		.uleb128 0xb
 1409 00cd 3B       		.uleb128 0x3b
 1410 00ce 05       		.uleb128 0x5
 1411 00cf 49       		.uleb128 0x49
 1412 00d0 13       		.uleb128 0x13
 1413 00d1 38       		.uleb128 0x38
 1414 00d2 05       		.uleb128 0x5
 1415 00d3 00       		.byte	0
 1416 00d4 00       		.byte	0
 1417 00d5 12       		.uleb128 0x12
 1418 00d6 0D       		.uleb128 0xd
 1419 00d7 00       		.byte	0
 1420 00d8 03       		.uleb128 0x3
 1421 00d9 08       		.uleb128 0x8
 1422 00da 3A       		.uleb128 0x3a
 1423 00db 0B       		.uleb128 0xb
 1424 00dc 3B       		.uleb128 0x3b
ARM GAS  C:\Users\Luis\AppData\Local\Temp\ccKqeMRx.s 			page 26


 1425 00dd 0B       		.uleb128 0xb
 1426 00de 49       		.uleb128 0x49
 1427 00df 13       		.uleb128 0x13
 1428 00e0 38       		.uleb128 0x38
 1429 00e1 0B       		.uleb128 0xb
 1430 00e2 00       		.byte	0
 1431 00e3 00       		.byte	0
 1432 00e4 13       		.uleb128 0x13
 1433 00e5 13       		.uleb128 0x13
 1434 00e6 01       		.byte	0x1
 1435 00e7 0B       		.uleb128 0xb
 1436 00e8 0B       		.uleb128 0xb
 1437 00e9 3A       		.uleb128 0x3a
 1438 00ea 0B       		.uleb128 0xb
 1439 00eb 3B       		.uleb128 0x3b
 1440 00ec 0B       		.uleb128 0xb
 1441 00ed 01       		.uleb128 0x1
 1442 00ee 13       		.uleb128 0x13
 1443 00ef 00       		.byte	0
 1444 00f0 00       		.byte	0
 1445 00f1 14       		.uleb128 0x14
 1446 00f2 13       		.uleb128 0x13
 1447 00f3 01       		.byte	0x1
 1448 00f4 0B       		.uleb128 0xb
 1449 00f5 05       		.uleb128 0x5
 1450 00f6 3A       		.uleb128 0x3a
 1451 00f7 0B       		.uleb128 0xb
 1452 00f8 3B       		.uleb128 0x3b
 1453 00f9 0B       		.uleb128 0xb
 1454 00fa 01       		.uleb128 0x1
 1455 00fb 13       		.uleb128 0x13
 1456 00fc 00       		.byte	0
 1457 00fd 00       		.byte	0
 1458 00fe 15       		.uleb128 0x15
 1459 00ff 01       		.uleb128 0x1
 1460 0100 01       		.byte	0x1
 1461 0101 49       		.uleb128 0x49
 1462 0102 13       		.uleb128 0x13
 1463 0103 01       		.uleb128 0x1
 1464 0104 13       		.uleb128 0x13
 1465 0105 00       		.byte	0
 1466 0106 00       		.byte	0
 1467 0107 16       		.uleb128 0x16
 1468 0108 21       		.uleb128 0x21
 1469 0109 00       		.byte	0
 1470 010a 49       		.uleb128 0x49
 1471 010b 13       		.uleb128 0x13
 1472 010c 2F       		.uleb128 0x2f
 1473 010d 0B       		.uleb128 0xb
 1474 010e 00       		.byte	0
 1475 010f 00       		.byte	0
 1476 0110 17       		.uleb128 0x17
 1477 0111 17       		.uleb128 0x17
 1478 0112 01       		.byte	0x1
 1479 0113 0B       		.uleb128 0xb
 1480 0114 0B       		.uleb128 0xb
 1481 0115 3A       		.uleb128 0x3a
ARM GAS  C:\Users\Luis\AppData\Local\Temp\ccKqeMRx.s 			page 27


 1482 0116 0B       		.uleb128 0xb
 1483 0117 3B       		.uleb128 0x3b
 1484 0118 0B       		.uleb128 0xb
 1485 0119 01       		.uleb128 0x1
 1486 011a 13       		.uleb128 0x13
 1487 011b 00       		.byte	0
 1488 011c 00       		.byte	0
 1489 011d 18       		.uleb128 0x18
 1490 011e 0D       		.uleb128 0xd
 1491 011f 00       		.byte	0
 1492 0120 03       		.uleb128 0x3
 1493 0121 0E       		.uleb128 0xe
 1494 0122 3A       		.uleb128 0x3a
 1495 0123 0B       		.uleb128 0xb
 1496 0124 3B       		.uleb128 0x3b
 1497 0125 05       		.uleb128 0x5
 1498 0126 49       		.uleb128 0x49
 1499 0127 13       		.uleb128 0x13
 1500 0128 00       		.byte	0
 1501 0129 00       		.byte	0
 1502 012a 19       		.uleb128 0x19
 1503 012b 26       		.uleb128 0x26
 1504 012c 00       		.byte	0
 1505 012d 49       		.uleb128 0x49
 1506 012e 13       		.uleb128 0x13
 1507 012f 00       		.byte	0
 1508 0130 00       		.byte	0
 1509 0131 1A       		.uleb128 0x1a
 1510 0132 2E       		.uleb128 0x2e
 1511 0133 00       		.byte	0
 1512 0134 03       		.uleb128 0x3
 1513 0135 0E       		.uleb128 0xe
 1514 0136 3A       		.uleb128 0x3a
 1515 0137 0B       		.uleb128 0xb
 1516 0138 3B       		.uleb128 0x3b
 1517 0139 05       		.uleb128 0x5
 1518 013a 27       		.uleb128 0x27
 1519 013b 19       		.uleb128 0x19
 1520 013c 11       		.uleb128 0x11
 1521 013d 01       		.uleb128 0x1
 1522 013e 12       		.uleb128 0x12
 1523 013f 06       		.uleb128 0x6
 1524 0140 40       		.uleb128 0x40
 1525 0141 18       		.uleb128 0x18
 1526 0142 9742     		.uleb128 0x2117
 1527 0144 19       		.uleb128 0x19
 1528 0145 00       		.byte	0
 1529 0146 00       		.byte	0
 1530 0147 1B       		.uleb128 0x1b
 1531 0148 2E       		.uleb128 0x2e
 1532 0149 00       		.byte	0
 1533 014a 3F       		.uleb128 0x3f
 1534 014b 19       		.uleb128 0x19
 1535 014c 03       		.uleb128 0x3
 1536 014d 0E       		.uleb128 0xe
 1537 014e 3A       		.uleb128 0x3a
 1538 014f 0B       		.uleb128 0xb
ARM GAS  C:\Users\Luis\AppData\Local\Temp\ccKqeMRx.s 			page 28


 1539 0150 3B       		.uleb128 0x3b
 1540 0151 0B       		.uleb128 0xb
 1541 0152 27       		.uleb128 0x27
 1542 0153 19       		.uleb128 0x19
 1543 0154 11       		.uleb128 0x11
 1544 0155 01       		.uleb128 0x1
 1545 0156 12       		.uleb128 0x12
 1546 0157 06       		.uleb128 0x6
 1547 0158 40       		.uleb128 0x40
 1548 0159 18       		.uleb128 0x18
 1549 015a 9642     		.uleb128 0x2116
 1550 015c 19       		.uleb128 0x19
 1551 015d 00       		.byte	0
 1552 015e 00       		.byte	0
 1553 015f 1C       		.uleb128 0x1c
 1554 0160 34       		.uleb128 0x34
 1555 0161 00       		.byte	0
 1556 0162 03       		.uleb128 0x3
 1557 0163 0E       		.uleb128 0xe
 1558 0164 3A       		.uleb128 0x3a
 1559 0165 0B       		.uleb128 0xb
 1560 0166 3B       		.uleb128 0x3b
 1561 0167 05       		.uleb128 0x5
 1562 0168 49       		.uleb128 0x49
 1563 0169 13       		.uleb128 0x13
 1564 016a 3F       		.uleb128 0x3f
 1565 016b 19       		.uleb128 0x19
 1566 016c 3C       		.uleb128 0x3c
 1567 016d 19       		.uleb128 0x19
 1568 016e 00       		.byte	0
 1569 016f 00       		.byte	0
 1570 0170 1D       		.uleb128 0x1d
 1571 0171 34       		.uleb128 0x34
 1572 0172 00       		.byte	0
 1573 0173 03       		.uleb128 0x3
 1574 0174 08       		.uleb128 0x8
 1575 0175 3A       		.uleb128 0x3a
 1576 0176 0B       		.uleb128 0xb
 1577 0177 3B       		.uleb128 0x3b
 1578 0178 05       		.uleb128 0x5
 1579 0179 49       		.uleb128 0x49
 1580 017a 13       		.uleb128 0x13
 1581 017b 3F       		.uleb128 0x3f
 1582 017c 19       		.uleb128 0x19
 1583 017d 3C       		.uleb128 0x3c
 1584 017e 19       		.uleb128 0x19
 1585 017f 00       		.byte	0
 1586 0180 00       		.byte	0
 1587 0181 00       		.byte	0
 1588              		.section	.debug_aranges,"",%progbits
 1589 0000 24000000 		.4byte	0x24
 1590 0004 0200     		.2byte	0x2
 1591 0006 00000000 		.4byte	.Ldebug_info0
 1592 000a 04       		.byte	0x4
 1593 000b 00       		.byte	0
 1594 000c 0000     		.2byte	0
 1595 000e 0000     		.2byte	0
ARM GAS  C:\Users\Luis\AppData\Local\Temp\ccKqeMRx.s 			page 29


 1596 0010 00000000 		.4byte	.LFB229
 1597 0014 0C000000 		.4byte	.LFE229-.LFB229
 1598 0018 00000000 		.4byte	.LFB260
 1599 001c 38000000 		.4byte	.LFE260-.LFB260
 1600 0020 00000000 		.4byte	0
 1601 0024 00000000 		.4byte	0
 1602              		.section	.debug_ranges,"",%progbits
 1603              	.Ldebug_ranges0:
 1604 0000 00000000 		.4byte	.LFB229
 1605 0004 0C000000 		.4byte	.LFE229
 1606 0008 00000000 		.4byte	.LFB260
 1607 000c 38000000 		.4byte	.LFE260
 1608 0010 00000000 		.4byte	0
 1609 0014 00000000 		.4byte	0
 1610              		.section	.debug_line,"",%progbits
 1611              	.Ldebug_line0:
 1612 0000 1D020000 		.section	.debug_str,"MS",%progbits,1
 1612      0200E501 
 1612      00000201 
 1612      FB0E0D00 
 1612      01010101 
 1613              	.LASF132:
 1614 0000 73746D33 		.ascii	"stm32_gpio_setup_t\000"
 1614      325F6770 
 1614      696F5F73 
 1614      65747570 
 1614      5F7400
 1615              	.LASF94:
 1616 0013 74625F70 		.ascii	"tb_ptr\000"
 1616      747200
 1617              	.LASF51:
 1618 001a 72656164 		.ascii	"ready_list_t\000"
 1618      795F6C69 
 1618      73745F74 
 1618      00
 1619              	.LASF88:
 1620 0027 73655F74 		.ascii	"se_time\000"
 1620      696D6500 
 1621              	.LASF112:
 1622 002f 77747472 		.ascii	"wttrp\000"
 1622      7000
 1623              	.LASF109:
 1624 0035 7264796D 		.ascii	"rdymsg\000"
 1624      736700
 1625              	.LASF11:
 1626 003c 75696E74 		.ascii	"uint64_t\000"
 1626      36345F74 
 1626      00
 1627              	.LASF81:
 1628 0045 6B65726E 		.ascii	"kernel_stats\000"
 1628      656C5F73 
 1628      74617473 
 1628      00
 1629              	.LASF87:
 1630 0052 706F7274 		.ascii	"port_intctx\000"
 1630      5F696E74 
 1630      63747800 
ARM GAS  C:\Users\Luis\AppData\Local\Temp\ccKqeMRx.s 			page 30


 1631              	.LASF50:
 1632 005e 63685F74 		.ascii	"ch_threads_queue\000"
 1632      68726561 
 1632      64735F71 
 1632      75657565 
 1632      00
 1633              	.LASF70:
 1634 006f 73797374 		.ascii	"system_debug_t\000"
 1634      656D5F64 
 1634      65627567 
 1634      5F7400
 1635              	.LASF100:
 1636 007e 776F7273 		.ascii	"worst\000"
 1636      7400
 1637              	.LASF140:
 1638 0084 50484461 		.ascii	"PHData\000"
 1638      746100
 1639              	.LASF103:
 1640 008b 74696D65 		.ascii	"time_measurement_t\000"
 1640      5F6D6561 
 1640      73757265 
 1640      6D656E74 
 1640      5F7400
 1641              	.LASF12:
 1642 009e 6C6F6E67 		.ascii	"long long unsigned int\000"
 1642      206C6F6E 
 1642      6720756E 
 1642      7369676E 
 1642      65642069 
 1643              	.LASF96:
 1644 00b5 63685F74 		.ascii	"ch_trace_buffer_t\000"
 1644      72616365 
 1644      5F627566 
 1644      6665725F 
 1644      7400
 1645              	.LASF91:
 1646 00c7 73655F73 		.ascii	"se_state\000"
 1646      74617465 
 1646      00
 1647              	.LASF129:
 1648 00d0 70757064 		.ascii	"pupdr\000"
 1648      7200
 1649              	.LASF110:
 1650 00d6 65786974 		.ascii	"exitcode\000"
 1650      636F6465 
 1650      00
 1651              	.LASF80:
 1652 00df 6D61696E 		.ascii	"mainthread\000"
 1652      74687265 
 1652      616400
 1653              	.LASF67:
 1654 00ea 76697274 		.ascii	"virtual_timers_list_t\000"
 1654      75616C5F 
 1654      74696D65 
 1654      72735F6C 
 1654      6973745F 
 1655              	.LASF143:
ARM GAS  C:\Users\Luis\AppData\Local\Temp\ccKqeMRx.s 			page 31


 1656 0100 49544D5F 		.ascii	"ITM_RxBuffer\000"
 1656      52784275 
 1656      66666572 
 1656      00
 1657              	.LASF14:
 1658 010d 72747469 		.ascii	"rttime_t\000"
 1658      6D655F74 
 1658      00
 1659              	.LASF27:
 1660 0116 705F7072 		.ascii	"p_prio\000"
 1660      696F00
 1661              	.LASF10:
 1662 011d 6C6F6E67 		.ascii	"long long int\000"
 1662      206C6F6E 
 1662      6720696E 
 1662      7400
 1663              	.LASF1:
 1664 012b 7369676E 		.ascii	"signed char\000"
 1664      65642063 
 1664      68617200 
 1665              	.LASF42:
 1666 0137 705F6D70 		.ascii	"p_mpool\000"
 1666      6F6F6C00 
 1667              	.LASF120:
 1668 013f 6D5F7175 		.ascii	"m_queue\000"
 1668      65756500 
 1669              	.LASF126:
 1670 0147 6D6F6465 		.ascii	"moder\000"
 1670      7200
 1671              	.LASF77:
 1672 014d 63685F73 		.ascii	"ch_system\000"
 1672      79737465 
 1672      6D00
 1673              	.LASF7:
 1674 0157 6C6F6E67 		.ascii	"long int\000"
 1674      20696E74 
 1674      00
 1675              	.LASF137:
 1676 0160 50454461 		.ascii	"PEData\000"
 1676      746100
 1677              	.LASF16:
 1678 0167 74737461 		.ascii	"tstate_t\000"
 1678      74655F74 
 1678      00
 1679              	.LASF89:
 1680 0170 73655F74 		.ascii	"se_tp\000"
 1680      7000
 1681              	.LASF29:
 1682 0176 705F6E65 		.ascii	"p_newer\000"
 1682      77657200 
 1683              	.LASF146:
 1684 017e 2E2E2F2E 		.ascii	"../../ChibiOS/os/hal/src/hal.c\000"
 1684      2E2F4368 
 1684      6962694F 
 1684      532F6F73 
 1684      2F68616C 
 1685              	.LASF93:
ARM GAS  C:\Users\Luis\AppData\Local\Temp\ccKqeMRx.s 			page 32


 1686 019d 74625F73 		.ascii	"tb_size\000"
 1686      697A6500 
 1687              	.LASF56:
 1688 01a5 725F6E65 		.ascii	"r_newer\000"
 1688      77657200 
 1689              	.LASF84:
 1690 01ad 72656761 		.ascii	"regarm_t\000"
 1690      726D5F74 
 1690      00
 1691              	.LASF63:
 1692 01b6 76745F70 		.ascii	"vt_prev\000"
 1692      72657600 
 1693              	.LASF79:
 1694 01be 76746C69 		.ascii	"vtlist\000"
 1694      737400
 1695              	.LASF147:
 1696 01c5 433A5C55 		.ascii	"C:\\Users\\Luis\\git\\DSP-Library-Lanin\\examples\\"
 1696      73657273 
 1696      5C4C7569 
 1696      735C6769 
 1696      745C4453 
 1697 01f2 53544D33 		.ascii	"STM32F407_EMTECH-LWIP\000"
 1697      32463430 
 1697      375F454D 
 1697      54454348 
 1697      2D4C5749 
 1698              	.LASF71:
 1699 0208 63685F73 		.ascii	"ch_system_debug\000"
 1699      79737465 
 1699      6D5F6465 
 1699      62756700 
 1700              	.LASF124:
 1701 0218 6D757465 		.ascii	"mutex_t\000"
 1701      785F7400 
 1702              	.LASF134:
 1703 0220 50424461 		.ascii	"PBData\000"
 1703      746100
 1704              	.LASF74:
 1705 0227 6C6F636B 		.ascii	"lock_cnt\000"
 1705      5F636E74 
 1705      00
 1706              	.LASF82:
 1707 0230 69646C65 		.ascii	"idle_thread_wa\000"
 1707      5F746872 
 1707      6561645F 
 1707      776100
 1708              	.LASF21:
 1709 023f 636E745F 		.ascii	"cnt_t\000"
 1709      7400
 1710              	.LASF32:
 1711 0245 705F7374 		.ascii	"p_stklimit\000"
 1711      6B6C696D 
 1711      697400
 1712              	.LASF0:
 1713 0250 756E7369 		.ascii	"unsigned int\000"
 1713      676E6564 
 1713      20696E74 
ARM GAS  C:\Users\Luis\AppData\Local\Temp\ccKqeMRx.s 			page 33


 1713      00
 1714              	.LASF62:
 1715 025d 76745F6E 		.ascii	"vt_next\000"
 1715      65787400 
 1716              	.LASF113:
 1717 0265 77747365 		.ascii	"wtsemp\000"
 1717      6D7000
 1718              	.LASF37:
 1719 026c 705F6D73 		.ascii	"p_msgqueue\000"
 1719      67717565 
 1719      756500
 1720              	.LASF149:
 1721 0277 68616C49 		.ascii	"halInit\000"
 1721      6E697400 
 1722              	.LASF44:
 1723 027f 746C7350 		.ascii	"tlsPtr\000"
 1723      747200
 1724              	.LASF128:
 1725 0286 6F737065 		.ascii	"ospeedr\000"
 1725      65647200 
 1726              	.LASF104:
 1727 028e 6E5F6972 		.ascii	"n_irq\000"
 1727      7100
 1728              	.LASF90:
 1729 0294 73655F77 		.ascii	"se_wtobjp\000"
 1729      746F626A 
 1729      7000
 1730              	.LASF127:
 1731 029e 6F747970 		.ascii	"otyper\000"
 1731      657200
 1732              	.LASF4:
 1733 02a5 73686F72 		.ascii	"short unsigned int\000"
 1733      7420756E 
 1733      7369676E 
 1733      65642069 
 1733      6E7400
 1734              	.LASF108:
 1735 02b8 6B65726E 		.ascii	"kernel_stats_t\000"
 1735      656C5F73 
 1735      74617473 
 1735      5F7400
 1736              	.LASF47:
 1737 02c7 63685F74 		.ascii	"ch_thread\000"
 1737      68726561 
 1737      6400
 1738              	.LASF19:
 1739 02d1 6D73675F 		.ascii	"msg_t\000"
 1739      7400
 1740              	.LASF101:
 1741 02d7 6C617374 		.ascii	"last\000"
 1741      00
 1742              	.LASF22:
 1743 02dc 75636E74 		.ascii	"ucnt_t\000"
 1743      5F7400
 1744              	.LASF76:
 1745 02e3 63685F73 		.ascii	"ch_system_t\000"
 1745      79737465 
ARM GAS  C:\Users\Luis\AppData\Local\Temp\ccKqeMRx.s 			page 34


 1745      6D5F7400 
 1746              	.LASF15:
 1747 02ef 746D6F64 		.ascii	"tmode_t\000"
 1747      655F7400 
 1748              	.LASF107:
 1749 02f7 6D5F6372 		.ascii	"m_crit_isr\000"
 1749      69745F69 
 1749      737200
 1750              	.LASF52:
 1751 0302 63685F72 		.ascii	"ch_ready_list\000"
 1751      65616479 
 1751      5F6C6973 
 1751      7400
 1752              	.LASF20:
 1753 0310 6576656E 		.ascii	"eventmask_t\000"
 1753      746D6173 
 1753      6B5F7400 
 1754              	.LASF139:
 1755 031c 50474461 		.ascii	"PGData\000"
 1755      746100
 1756              	.LASF85:
 1757 0323 73746B61 		.ascii	"stkalign_t\000"
 1757      6C69676E 
 1757      5F7400
 1758              	.LASF117:
 1759 032e 735F7175 		.ascii	"s_queue\000"
 1759      65756500 
 1760              	.LASF36:
 1761 0336 705F7761 		.ascii	"p_waiting\000"
 1761      6974696E 
 1761      6700
 1762              	.LASF83:
 1763 0340 73697A65 		.ascii	"sizetype\000"
 1763      74797065 
 1763      00
 1764              	.LASF45:
 1765 0349 74687265 		.ascii	"thread_reference_t\000"
 1765      61645F72 
 1765      65666572 
 1765      656E6365 
 1765      5F7400
 1766              	.LASF68:
 1767 035c 63685F76 		.ascii	"ch_virtual_timers_list\000"
 1767      69727475 
 1767      616C5F74 
 1767      696D6572 
 1767      735F6C69 
 1768              	.LASF92:
 1769 0373 63685F73 		.ascii	"ch_swc_event_t\000"
 1769      77635F65 
 1769      76656E74 
 1769      5F7400
 1770              	.LASF69:
 1771 0382 76745F6C 		.ascii	"vt_lasttime\000"
 1771      61737474 
 1771      696D6500 
 1772              	.LASF30:
ARM GAS  C:\Users\Luis\AppData\Local\Temp\ccKqeMRx.s 			page 35


 1773 038e 705F6F6C 		.ascii	"p_older\000"
 1773      64657200 
 1774              	.LASF55:
 1775 0396 725F6374 		.ascii	"r_ctx\000"
 1775      7800
 1776              	.LASF98:
 1777 039c 746D5F63 		.ascii	"tm_calibration_t\000"
 1777      616C6962 
 1777      72617469 
 1777      6F6E5F74 
 1777      00
 1778              	.LASF131:
 1779 03ad 61667268 		.ascii	"afrh\000"
 1779      00
 1780              	.LASF136:
 1781 03b2 50444461 		.ascii	"PDData\000"
 1781      746100
 1782              	.LASF58:
 1783 03b9 725F6375 		.ascii	"r_current\000"
 1783      7272656E 
 1783      7400
 1784              	.LASF57:
 1785 03c3 725F6F6C 		.ascii	"r_older\000"
 1785      64657200 
 1786              	.LASF102:
 1787 03cb 63756D75 		.ascii	"cumulative\000"
 1787      6C617469 
 1787      766500
 1788              	.LASF17:
 1789 03d6 74726566 		.ascii	"trefs_t\000"
 1789      735F7400 
 1790              	.LASF95:
 1791 03de 74625F62 		.ascii	"tb_buffer\000"
 1791      75666665 
 1791      7200
 1792              	.LASF60:
 1793 03e8 76697274 		.ascii	"virtual_timer_t\000"
 1793      75616C5F 
 1793      74696D65 
 1793      725F7400 
 1794              	.LASF26:
 1795 03f8 705F7072 		.ascii	"p_prev\000"
 1795      657600
 1796              	.LASF148:
 1797 03ff 6F73616C 		.ascii	"osalInit\000"
 1797      496E6974 
 1797      00
 1798              	.LASF18:
 1799 0408 74707269 		.ascii	"tprio_t\000"
 1799      6F5F7400 
 1800              	.LASF105:
 1801 0410 6E5F6374 		.ascii	"n_ctxswc\000"
 1801      78737763 
 1801      00
 1802              	.LASF125:
 1803 0419 5F426F6F 		.ascii	"_Bool\000"
 1803      6C00
ARM GAS  C:\Users\Luis\AppData\Local\Temp\ccKqeMRx.s 			page 36


 1804              	.LASF6:
 1805 041f 696E7433 		.ascii	"int32_t\000"
 1805      325F7400 
 1806              	.LASF2:
 1807 0427 756E7369 		.ascii	"unsigned char\000"
 1807      676E6564 
 1807      20636861 
 1807      7200
 1808              	.LASF130:
 1809 0435 6166726C 		.ascii	"afrl\000"
 1809      00
 1810              	.LASF118:
 1811 043a 735F636E 		.ascii	"s_cnt\000"
 1811      7400
 1812              	.LASF40:
 1813 0440 705F6D74 		.ascii	"p_mtxlist\000"
 1813      786C6973 
 1813      7400
 1814              	.LASF3:
 1815 044a 73686F72 		.ascii	"short int\000"
 1815      7420696E 
 1815      7400
 1816              	.LASF33:
 1817 0454 705F7374 		.ascii	"p_state\000"
 1817      61746500 
 1818              	.LASF54:
 1819 045c 725F7072 		.ascii	"r_prio\000"
 1819      696F00
 1820              	.LASF133:
 1821 0463 50414461 		.ascii	"PAData\000"
 1821      746100
 1822              	.LASF115:
 1823 046a 65776D61 		.ascii	"ewmask\000"
 1823      736B00
 1824              	.LASF25:
 1825 0471 705F6E65 		.ascii	"p_next\000"
 1825      787400
 1826              	.LASF34:
 1827 0478 705F666C 		.ascii	"p_flags\000"
 1827      61677300 
 1828              	.LASF43:
 1829 0480 705F7374 		.ascii	"p_stats\000"
 1829      61747300 
 1830              	.LASF141:
 1831 0488 50494461 		.ascii	"PIData\000"
 1831      746100
 1832              	.LASF61:
 1833 048f 63685F76 		.ascii	"ch_virtual_timer\000"
 1833      69727475 
 1833      616C5F74 
 1833      696D6572 
 1833      00
 1834              	.LASF116:
 1835 04a0 63685F73 		.ascii	"ch_semaphore\000"
 1835      656D6170 
 1835      686F7265 
 1835      00
ARM GAS  C:\Users\Luis\AppData\Local\Temp\ccKqeMRx.s 			page 37


 1836              	.LASF39:
 1837 04ad 705F6570 		.ascii	"p_epending\000"
 1837      656E6469 
 1837      6E6700
 1838              	.LASF8:
 1839 04b8 75696E74 		.ascii	"uint32_t\000"
 1839      33325F74 
 1839      00
 1840              	.LASF114:
 1841 04c1 77746D74 		.ascii	"wtmtxp\000"
 1841      787000
 1842              	.LASF53:
 1843 04c8 725F7175 		.ascii	"r_queue\000"
 1843      65756500 
 1844              	.LASF64:
 1845 04d0 76745F64 		.ascii	"vt_delta\000"
 1845      656C7461 
 1845      00
 1846              	.LASF48:
 1847 04d9 63685F74 		.ascii	"ch_threads_list\000"
 1847      68726561 
 1847      64735F6C 
 1847      69737400 
 1848              	.LASF9:
 1849 04e9 6C6F6E67 		.ascii	"long unsigned int\000"
 1849      20756E73 
 1849      69676E65 
 1849      6420696E 
 1849      7400
 1850              	.LASF123:
 1851 04fb 63686172 		.ascii	"char\000"
 1851      00
 1852              	.LASF145:
 1853 0500 474E5520 		.ascii	"GNU C 4.8.3 20131129 (release) [ARM/embedded-4_8-br"
 1853      4320342E 
 1853      382E3320 
 1853      32303133 
 1853      31313239 
 1854 0533 616E6368 		.ascii	"anch revision 205641] -mcpu=cortex-m4 -mapcs-frame "
 1854      20726576 
 1854      6973696F 
 1854      6E203230 
 1854      35363431 
 1855 0566 2D6D6E6F 		.ascii	"-mno-thumb-interwork -mthumb -ggdb -O0 -falign-func"
 1855      2D746875 
 1855      6D622D69 
 1855      6E746572 
 1855      776F726B 
 1856 0599 74696F6E 		.ascii	"tions=16 -ffunction-sections -fdata-sections -fno-c"
 1856      733D3136 
 1856      202D6666 
 1856      756E6374 
 1856      696F6E2D 
 1857 05cc 6F6D6D6F 		.ascii	"ommon\000"
 1857      6E00
 1858              	.LASF99:
 1859 05d2 62657374 		.ascii	"best\000"
ARM GAS  C:\Users\Luis\AppData\Local\Temp\ccKqeMRx.s 			page 38


 1859      00
 1860              	.LASF122:
 1861 05d7 6D5F6E65 		.ascii	"m_next\000"
 1861      787400
 1862              	.LASF23:
 1863 05de 73797374 		.ascii	"systime_t\000"
 1863      696D655F 
 1863      7400
 1864              	.LASF41:
 1865 05e8 705F7265 		.ascii	"p_realprio\000"
 1865      616C7072 
 1865      696F00
 1866              	.LASF59:
 1867 05f3 76746675 		.ascii	"vtfunc_t\000"
 1867      6E635F74 
 1867      00
 1868              	.LASF72:
 1869 05fc 70616E69 		.ascii	"panic_msg\000"
 1869      635F6D73 
 1869      6700
 1870              	.LASF97:
 1871 0606 6F666673 		.ascii	"offset\000"
 1871      657400
 1872              	.LASF86:
 1873 060d 636F6E74 		.ascii	"context\000"
 1873      65787400 
 1874              	.LASF13:
 1875 0615 7274636E 		.ascii	"rtcnt_t\000"
 1875      745F7400 
 1876              	.LASF66:
 1877 061d 76745F70 		.ascii	"vt_par\000"
 1877      617200
 1878              	.LASF142:
 1879 0624 50414C43 		.ascii	"PALConfig\000"
 1879      6F6E6669 
 1879      6700
 1880              	.LASF49:
 1881 062e 74687265 		.ascii	"threads_queue_t\000"
 1881      6164735F 
 1881      71756575 
 1881      655F7400 
 1882              	.LASF119:
 1883 063e 63685F6D 		.ascii	"ch_mutex\000"
 1883      75746578 
 1883      00
 1884              	.LASF35:
 1885 0647 705F7265 		.ascii	"p_refs\000"
 1885      667300
 1886              	.LASF73:
 1887 064e 6973725F 		.ascii	"isr_cnt\000"
 1887      636E7400 
 1888              	.LASF24:
 1889 0656 74687265 		.ascii	"thread_t\000"
 1889      61645F74 
 1889      00
 1890              	.LASF78:
 1891 065f 726C6973 		.ascii	"rlist\000"
ARM GAS  C:\Users\Luis\AppData\Local\Temp\ccKqeMRx.s 			page 39


 1891      7400
 1892              	.LASF5:
 1893 0665 75696E74 		.ascii	"uint8_t\000"
 1893      385F7400 
 1894              	.LASF111:
 1895 066d 77746F62 		.ascii	"wtobjp\000"
 1895      6A7000
 1896              	.LASF31:
 1897 0674 705F6E61 		.ascii	"p_name\000"
 1897      6D6500
 1898              	.LASF135:
 1899 067b 50434461 		.ascii	"PCData\000"
 1899      746100
 1900              	.LASF46:
 1901 0682 74687265 		.ascii	"threads_list_t\000"
 1901      6164735F 
 1901      6C697374 
 1901      5F7400
 1902              	.LASF75:
 1903 0691 74726163 		.ascii	"trace_buffer\000"
 1903      655F6275 
 1903      66666572 
 1903      00
 1904              	.LASF38:
 1905 069e 705F6D73 		.ascii	"p_msg\000"
 1905      6700
 1906              	.LASF138:
 1907 06a4 50464461 		.ascii	"PFData\000"
 1907      746100
 1908              	.LASF106:
 1909 06ab 6D5F6372 		.ascii	"m_crit_thd\000"
 1909      69745F74 
 1909      686400
 1910              	.LASF121:
 1911 06b6 6D5F6F77 		.ascii	"m_owner\000"
 1911      6E657200 
 1912              	.LASF144:
 1913 06be 70616C5F 		.ascii	"pal_default_config\000"
 1913      64656661 
 1913      756C745F 
 1913      636F6E66 
 1913      696700
 1914              	.LASF28:
 1915 06d1 705F6374 		.ascii	"p_ctx\000"
 1915      7800
 1916              	.LASF65:
 1917 06d7 76745F66 		.ascii	"vt_func\000"
 1917      756E6300 
 1918              		.ident	"GCC: (GNU Tools for ARM Embedded Processors) 4.8.3 20131129 (release) [ARM/embedded-4_8-br
ARM GAS  C:\Users\Luis\AppData\Local\Temp\ccKqeMRx.s 			page 40


DEFINED SYMBOLS
                            *ABS*:00000000 hal.c
C:\Users\Luis\AppData\Local\Temp\ccKqeMRx.s:19     .text.osalInit:00000000 $t
C:\Users\Luis\AppData\Local\Temp\ccKqeMRx.s:24     .text.osalInit:00000000 osalInit
C:\Users\Luis\AppData\Local\Temp\ccKqeMRx.s:46     .text.halInit:00000000 $t
C:\Users\Luis\AppData\Local\Temp\ccKqeMRx.s:52     .text.halInit:00000000 halInit
C:\Users\Luis\AppData\Local\Temp\ccKqeMRx.s:93     .text.halInit:00000034 $d
                     .debug_frame:00000010 $d
C:\Users\Luis\AppData\Local\Temp\ccKqeMRx.s:97     .text.halInit:00000038 $t

UNDEFINED SYMBOLS
hal_lld_init
_pal_lld_init
adcInit
macInit
sdInit
sdcInit
spiInit
usbInit
boardInit
stInit
pal_default_config
