ARM GAS  C:\Users\Luis\AppData\Local\Temp\ccLXG1Ff.s 			page 1


   1              		.syntax unified
   2              		.cpu cortex-m4
   3              		.fpu softvfp
   4              		.eabi_attribute 20, 1
   5              		.eabi_attribute 21, 1
   6              		.eabi_attribute 23, 3
   7              		.eabi_attribute 24, 1
   8              		.eabi_attribute 25, 1
   9              		.eabi_attribute 26, 1
  10              		.eabi_attribute 30, 6
  11              		.eabi_attribute 34, 1
  12              		.eabi_attribute 18, 4
  13              		.thumb
  14              		.file	"init.c"
  15              		.text
  16              	.Ltext0:
  17              		.cfi_sections	.debug_frame
  18              		.section	.text.lwip_init,"ax",%progbits
  19              		.align	2
  20              		.p2align 4,,15
  21              		.global	lwip_init
  22              		.thumb
  23              		.thumb_func
  24              		.type	lwip_init, %function
  25              	lwip_init:
  26              	.LFB260:
  27              		.file 1 "../../ChibiOS/ext/lwip/src/core/init.c"
  28              		.loc 1 290 0
  29              		.cfi_startproc
  30              		@ args = 0, pretend = 0, frame = 0
  31              		@ frame_needed = 1, uses_anonymous_args = 0
  32 0000 80B5     		push	{r7, lr}
  33              		.cfi_def_cfa_offset 8
  34              		.cfi_offset 7, -8
  35              		.cfi_offset 14, -4
  36 0002 00AF     		add	r7, sp, #0
  37              		.cfi_def_cfa_register 7
  38              		.loc 1 292 0
  39 0004 FFF7FEFF 		bl	stats_init
  40              		.loc 1 294 0
  41 0008 FFF7FEFF 		bl	sys_init
  42              		.loc 1 296 0
  43 000c FFF7FEFF 		bl	mem_init
  44              		.loc 1 297 0
  45 0010 FFF7FEFF 		bl	memp_init
  46              		.loc 1 299 0
  47 0014 FFF7FEFF 		bl	netif_init
  48              		.loc 1 301 0
  49 0018 FFF7FEFF 		bl	lwip_socket_init
  50              		.loc 1 311 0
  51 001c FFF7FEFF 		bl	udp_init
  52              		.loc 1 314 0
  53 0020 FFF7FEFF 		bl	tcp_init
  54              		.loc 1 330 0
  55 0024 FFF7FEFF 		bl	sys_timeouts_init
  56              		.loc 1 332 0
  57 0028 80BD     		pop	{r7, pc}
ARM GAS  C:\Users\Luis\AppData\Local\Temp\ccLXG1Ff.s 			page 2


  58              		.cfi_endproc
  59              	.LFE260:
  60              		.size	lwip_init, .-lwip_init
  61 002a 00BFAFF3 		.text
  61      0080
  62              	.Letext0:
  63              		.file 2 "c:\\emtechesdk\\gcc\\arm-none-eabi\\include\\stdint.h"
  64              		.file 3 "../../ChibiOS/os/rt/ports/ARMCMx/compilers/GCC/chtypes.h"
  65              		.file 4 "../../ChibiOS/os/rt/include/chsystypes.h"
  66              		.file 5 "../../ChibiOS/os/rt/include/chschd.h"
  67              		.file 6 "../../ChibiOS/os/rt/ports/ARMCMx/chcore.h"
  68              		.file 7 "../../ChibiOS/os/rt/ports/ARMCMx/chcore_v7m.h"
  69              		.file 8 "../../ChibiOS/os/rt/include/chdebug.h"
  70              		.file 9 "../../ChibiOS/os/rt/include/chtm.h"
  71              		.file 10 "../../ChibiOS/os/rt/include/chstats.h"
  72              		.file 11 "../../ChibiOS/os/rt/include/chsem.h"
  73              		.file 12 "../../ChibiOS/os/rt/include/chmtx.h"
  74              		.file 13 "../../ChibiOS/os/ext/CMSIS/include/core_cm4.h"
  75              		.section	.debug_info,"",%progbits
  76              	.Ldebug_info0:
  77 0000 BC070000 		.4byte	0x7bc
  78 0004 0400     		.2byte	0x4
  79 0006 00000000 		.4byte	.Ldebug_abbrev0
  80 000a 04       		.byte	0x4
  81 000b 01       		.uleb128 0x1
  82 000c C7040000 		.4byte	.LASF127
  83 0010 01       		.byte	0x1
  84 0011 73040000 		.4byte	.LASF128
  85 0015 60010000 		.4byte	.LASF129
  86 0019 00000000 		.4byte	.Ldebug_ranges0+0
  87 001d 00000000 		.4byte	0
  88 0021 00000000 		.4byte	.Ldebug_line0
  89 0025 02       		.uleb128 0x2
  90 0026 04       		.byte	0x4
  91 0027 05       		.byte	0x5
  92 0028 696E7400 		.ascii	"int\000"
  93 002c 03       		.uleb128 0x3
  94 002d 04       		.byte	0x4
  95 002e 07       		.byte	0x7
  96 002f DD010000 		.4byte	.LASF0
  97 0033 03       		.uleb128 0x3
  98 0034 01       		.byte	0x1
  99 0035 06       		.byte	0x6
 100 0036 E2000000 		.4byte	.LASF1
 101 003a 04       		.uleb128 0x4
 102 003b D0050000 		.4byte	.LASF5
 103 003f 02       		.byte	0x2
 104 0040 2A       		.byte	0x2a
 105 0041 45000000 		.4byte	0x45
 106 0045 03       		.uleb128 0x3
 107 0046 01       		.byte	0x1
 108 0047 08       		.byte	0x8
 109 0048 B3040000 		.4byte	.LASF2
 110 004c 03       		.uleb128 0x3
 111 004d 02       		.byte	0x2
 112 004e 05       		.byte	0x5
 113 004f 99030000 		.4byte	.LASF3
ARM GAS  C:\Users\Luis\AppData\Local\Temp\ccLXG1Ff.s 			page 3


 114 0053 03       		.uleb128 0x3
 115 0054 02       		.byte	0x2
 116 0055 07       		.byte	0x7
 117 0056 1B020000 		.4byte	.LASF4
 118 005a 04       		.uleb128 0x4
 119 005b 75030000 		.4byte	.LASF6
 120 005f 02       		.byte	0x2
 121 0060 4F       		.byte	0x4f
 122 0061 65000000 		.4byte	0x65
 123 0065 03       		.uleb128 0x3
 124 0066 04       		.byte	0x4
 125 0067 05       		.byte	0x5
 126 0068 0F010000 		.4byte	.LASF7
 127 006c 04       		.uleb128 0x4
 128 006d F8030000 		.4byte	.LASF8
 129 0071 02       		.byte	0x2
 130 0072 50       		.byte	0x50
 131 0073 77000000 		.4byte	0x77
 132 0077 03       		.uleb128 0x3
 133 0078 04       		.byte	0x4
 134 0079 07       		.byte	0x7
 135 007a 29040000 		.4byte	.LASF9
 136 007e 03       		.uleb128 0x3
 137 007f 08       		.byte	0x8
 138 0080 05       		.byte	0x5
 139 0081 D4000000 		.4byte	.LASF10
 140 0085 04       		.uleb128 0x4
 141 0086 23000000 		.4byte	.LASF11
 142 008a 02       		.byte	0x2
 143 008b 78       		.byte	0x78
 144 008c 90000000 		.4byte	0x90
 145 0090 03       		.uleb128 0x3
 146 0091 08       		.byte	0x8
 147 0092 07       		.byte	0x7
 148 0093 65000000 		.4byte	.LASF12
 149 0097 05       		.uleb128 0x5
 150 0098 5A000000 		.4byte	0x5a
 151 009c 04       		.uleb128 0x4
 152 009d A4020000 		.4byte	.LASF13
 153 00a1 03       		.byte	0x3
 154 00a2 45       		.byte	0x45
 155 00a3 6C000000 		.4byte	0x6c
 156 00a7 04       		.uleb128 0x4
 157 00a8 00000000 		.4byte	.LASF14
 158 00ac 03       		.byte	0x3
 159 00ad 46       		.byte	0x46
 160 00ae 85000000 		.4byte	0x85
 161 00b2 04       		.uleb128 0x4
 162 00b3 65020000 		.4byte	.LASF15
 163 00b7 03       		.byte	0x3
 164 00b8 48       		.byte	0x48
 165 00b9 3A000000 		.4byte	0x3a
 166 00bd 04       		.uleb128 0x4
 167 00be 18010000 		.4byte	.LASF16
 168 00c2 03       		.byte	0x3
 169 00c3 49       		.byte	0x49
 170 00c4 3A000000 		.4byte	0x3a
ARM GAS  C:\Users\Luis\AppData\Local\Temp\ccLXG1Ff.s 			page 4


 171 00c8 04       		.uleb128 0x4
 172 00c9 35030000 		.4byte	.LASF17
 173 00cd 03       		.byte	0x3
 174 00ce 4A       		.byte	0x4a
 175 00cf 3A000000 		.4byte	0x3a
 176 00d3 04       		.uleb128 0x4
 177 00d4 5E030000 		.4byte	.LASF18
 178 00d8 03       		.byte	0x3
 179 00d9 4C       		.byte	0x4c
 180 00da 6C000000 		.4byte	0x6c
 181 00de 04       		.uleb128 0x4
 182 00df 47020000 		.4byte	.LASF19
 183 00e3 03       		.byte	0x3
 184 00e4 4D       		.byte	0x4d
 185 00e5 5A000000 		.4byte	0x5a
 186 00e9 04       		.uleb128 0x4
 187 00ea 86020000 		.4byte	.LASF20
 188 00ee 03       		.byte	0x3
 189 00ef 4F       		.byte	0x4f
 190 00f0 6C000000 		.4byte	0x6c
 191 00f4 04       		.uleb128 0x4
 192 00f5 CC010000 		.4byte	.LASF21
 193 00f9 03       		.byte	0x3
 194 00fa 51       		.byte	0x51
 195 00fb 5A000000 		.4byte	0x5a
 196 00ff 04       		.uleb128 0x4
 197 0100 52020000 		.4byte	.LASF22
 198 0104 03       		.byte	0x3
 199 0105 52       		.byte	0x52
 200 0106 6C000000 		.4byte	0x6c
 201 010a 04       		.uleb128 0x4
 202 010b 55040000 		.4byte	.LASF23
 203 010f 04       		.byte	0x4
 204 0110 33       		.byte	0x33
 205 0111 6C000000 		.4byte	0x6c
 206 0115 04       		.uleb128 0x4
 207 0116 40040000 		.4byte	.LASF24
 208 011a 04       		.byte	0x4
 209 011b 3F       		.byte	0x3f
 210 011c 20010000 		.4byte	0x120
 211 0120 06       		.uleb128 0x6
 212 0121 3D020000 		.4byte	.LASF47
 213 0125 68       		.byte	0x68
 214 0126 05       		.byte	0x5
 215 0127 C2       		.byte	0xc2
 216 0128 33020000 		.4byte	0x233
 217 012c 07       		.uleb128 0x7
 218 012d B9030000 		.4byte	.LASF25
 219 0131 05       		.byte	0x5
 220 0132 C3       		.byte	0xc3
 221 0133 3E020000 		.4byte	0x23e
 222 0137 00       		.byte	0
 223 0138 07       		.uleb128 0x7
 224 0139 57030000 		.4byte	.LASF26
 225 013d 05       		.byte	0x5
 226 013e C5       		.byte	0xc5
 227 013f 3E020000 		.4byte	0x23e
ARM GAS  C:\Users\Luis\AppData\Local\Temp\ccLXG1Ff.s 			page 5


 228 0143 04       		.byte	0x4
 229 0144 07       		.uleb128 0x7
 230 0145 CD000000 		.4byte	.LASF27
 231 0149 05       		.byte	0x5
 232 014a C7       		.byte	0xc7
 233 014b D3000000 		.4byte	0xd3
 234 014f 08       		.byte	0x8
 235 0150 07       		.uleb128 0x7
 236 0151 3C060000 		.4byte	.LASF28
 237 0155 05       		.byte	0x5
 238 0156 C8       		.byte	0xc8
 239 0157 A7040000 		.4byte	0x4a7
 240 015b 0C       		.byte	0xc
 241 015c 07       		.uleb128 0x7
 242 015d 2F010000 		.4byte	.LASF29
 243 0161 05       		.byte	0x5
 244 0162 CA       		.byte	0xca
 245 0163 3E020000 		.4byte	0x23e
 246 0167 10       		.byte	0x10
 247 0168 07       		.uleb128 0x7
 248 0169 F9020000 		.4byte	.LASF30
 249 016d 05       		.byte	0x5
 250 016e CB       		.byte	0xcb
 251 016f 3E020000 		.4byte	0x23e
 252 0173 14       		.byte	0x14
 253 0174 07       		.uleb128 0x7
 254 0175 EA050000 		.4byte	.LASF31
 255 0179 05       		.byte	0x5
 256 017a D2       		.byte	0xd2
 257 017b 4B070000 		.4byte	0x74b
 258 017f 18       		.byte	0x18
 259 0180 07       		.uleb128 0x7
 260 0181 D2010000 		.4byte	.LASF32
 261 0185 05       		.byte	0x5
 262 0186 D8       		.byte	0xd8
 263 0187 5D070000 		.4byte	0x75d
 264 018b 1C       		.byte	0x1c
 265 018c 07       		.uleb128 0x7
 266 018d A3030000 		.4byte	.LASF33
 267 0191 05       		.byte	0x5
 268 0192 DD       		.byte	0xdd
 269 0193 BD000000 		.4byte	0xbd
 270 0197 20       		.byte	0x20
 271 0198 07       		.uleb128 0x7
 272 0199 0D060000 		.4byte	.LASF34
 273 019d 05       		.byte	0x5
 274 019e E1       		.byte	0xe1
 275 019f B2000000 		.4byte	0xb2
 276 01a3 21       		.byte	0x21
 277 01a4 07       		.uleb128 0x7
 278 01a5 BB050000 		.4byte	.LASF35
 279 01a9 05       		.byte	0x5
 280 01aa E6       		.byte	0xe6
 281 01ab C8000000 		.4byte	0xc8
 282 01af 22       		.byte	0x22
 283 01b0 08       		.uleb128 0x8
 284 01b1 705F7500 		.ascii	"p_u\000"
ARM GAS  C:\Users\Luis\AppData\Local\Temp\ccLXG1Ff.s 			page 6


 285 01b5 05       		.byte	0x5
 286 01b6 3101     		.2byte	0x131
 287 01b8 86060000 		.4byte	0x686
 288 01bc 24       		.byte	0x24
 289 01bd 09       		.uleb128 0x9
 290 01be 42060000 		.4byte	.LASF36
 291 01c2 05       		.byte	0x5
 292 01c3 3601     		.2byte	0x136
 293 01c5 44020000 		.4byte	0x244
 294 01c9 28       		.byte	0x28
 295 01ca 09       		.uleb128 0x9
 296 01cb 99050000 		.4byte	.LASF37
 297 01cf 05       		.byte	0x5
 298 01d0 3C01     		.2byte	0x13c
 299 01d2 68020000 		.4byte	0x268
 300 01d6 2C       		.byte	0x2c
 301 01d7 09       		.uleb128 0x9
 302 01d8 C1040000 		.4byte	.LASF38
 303 01dc 05       		.byte	0x5
 304 01dd 4001     		.2byte	0x140
 305 01df DE000000 		.4byte	0xde
 306 01e3 34       		.byte	0x34
 307 01e4 09       		.uleb128 0x9
 308 01e5 ED030000 		.4byte	.LASF39
 309 01e9 05       		.byte	0x5
 310 01ea 4601     		.2byte	0x146
 311 01ec E9000000 		.4byte	0xe9
 312 01f0 38       		.byte	0x38
 313 01f1 09       		.uleb128 0x9
 314 01f2 8F030000 		.4byte	.LASF40
 315 01f6 05       		.byte	0x5
 316 01f7 4D01     		.2byte	0x14d
 317 01f9 45070000 		.4byte	0x745
 318 01fd 3C       		.byte	0x3c
 319 01fe 09       		.uleb128 0x9
 320 01ff 5F040000 		.4byte	.LASF41
 321 0203 05       		.byte	0x5
 322 0204 5101     		.2byte	0x151
 323 0206 D3000000 		.4byte	0xd3
 324 020a 40       		.byte	0x40
 325 020b 09       		.uleb128 0x9
 326 020c EE000000 		.4byte	.LASF42
 327 0210 05       		.byte	0x5
 328 0211 5801     		.2byte	0x158
 329 0213 1B030000 		.4byte	0x31b
 330 0217 44       		.byte	0x44
 331 0218 09       		.uleb128 0x9
 332 0219 21010000 		.4byte	.LASF43
 333 021d 05       		.byte	0x5
 334 021e 5E01     		.2byte	0x15e
 335 0220 37060000 		.4byte	0x637
 336 0224 48       		.byte	0x48
 337 0225 09       		.uleb128 0x9
 338 0226 08020000 		.4byte	.LASF44
 339 022a 05       		.byte	0x5
 340 022b 6201     		.2byte	0x162
 341 022d 1B030000 		.4byte	0x31b
ARM GAS  C:\Users\Luis\AppData\Local\Temp\ccLXG1Ff.s 			page 7


 342 0231 60       		.byte	0x60
 343 0232 00       		.byte	0
 344 0233 04       		.uleb128 0x4
 345 0234 AC020000 		.4byte	.LASF45
 346 0238 04       		.byte	0x4
 347 0239 44       		.byte	0x44
 348 023a 3E020000 		.4byte	0x23e
 349 023e 0A       		.uleb128 0xa
 350 023f 04       		.byte	0x4
 351 0240 15010000 		.4byte	0x115
 352 0244 04       		.uleb128 0x4
 353 0245 F1050000 		.4byte	.LASF46
 354 0249 04       		.byte	0x4
 355 024a 49       		.byte	0x49
 356 024b 4F020000 		.4byte	0x24f
 357 024f 06       		.uleb128 0x6
 358 0250 19040000 		.4byte	.LASF48
 359 0254 04       		.byte	0x4
 360 0255 05       		.byte	0x5
 361 0256 B0       		.byte	0xb0
 362 0257 68020000 		.4byte	0x268
 363 025b 07       		.uleb128 0x7
 364 025c B9030000 		.4byte	.LASF25
 365 0260 05       		.byte	0x5
 366 0261 B1       		.byte	0xb1
 367 0262 3E020000 		.4byte	0x23e
 368 0266 00       		.byte	0
 369 0267 00       		.byte	0
 370 0268 04       		.uleb128 0x4
 371 0269 AB050000 		.4byte	.LASF49
 372 026d 04       		.byte	0x4
 373 026e 50       		.byte	0x50
 374 026f 73020000 		.4byte	0x273
 375 0273 06       		.uleb128 0x6
 376 0274 BC000000 		.4byte	.LASF50
 377 0278 08       		.byte	0x8
 378 0279 05       		.byte	0x5
 379 027a B7       		.byte	0xb7
 380 027b 98020000 		.4byte	0x298
 381 027f 07       		.uleb128 0x7
 382 0280 B9030000 		.4byte	.LASF25
 383 0284 05       		.byte	0x5
 384 0285 B8       		.byte	0xb8
 385 0286 3E020000 		.4byte	0x23e
 386 028a 00       		.byte	0
 387 028b 07       		.uleb128 0x7
 388 028c 57030000 		.4byte	.LASF26
 389 0290 05       		.byte	0x5
 390 0291 B9       		.byte	0xb9
 391 0292 3E020000 		.4byte	0x23e
 392 0296 04       		.byte	0x4
 393 0297 00       		.byte	0
 394 0298 04       		.uleb128 0x4
 395 0299 09000000 		.4byte	.LASF51
 396 029d 04       		.byte	0x4
 397 029e 57       		.byte	0x57
 398 029f A3020000 		.4byte	0x2a3
ARM GAS  C:\Users\Luis\AppData\Local\Temp\ccLXG1Ff.s 			page 8


 399 02a3 0B       		.uleb128 0xb
 400 02a4 78020000 		.4byte	.LASF52
 401 02a8 1C       		.byte	0x1c
 402 02a9 05       		.byte	0x5
 403 02aa 9001     		.2byte	0x190
 404 02ac FF020000 		.4byte	0x2ff
 405 02b0 09       		.uleb128 0x9
 406 02b1 08040000 		.4byte	.LASF53
 407 02b5 05       		.byte	0x5
 408 02b6 9101     		.2byte	0x191
 409 02b8 68020000 		.4byte	0x268
 410 02bc 00       		.byte	0
 411 02bd 09       		.uleb128 0x9
 412 02be AB030000 		.4byte	.LASF54
 413 02c2 05       		.byte	0x5
 414 02c3 9201     		.2byte	0x192
 415 02c5 D3000000 		.4byte	0xd3
 416 02c9 08       		.byte	0x8
 417 02ca 09       		.uleb128 0x9
 418 02cb 01030000 		.4byte	.LASF55
 419 02cf 05       		.byte	0x5
 420 02d0 9401     		.2byte	0x194
 421 02d2 A7040000 		.4byte	0x4a7
 422 02d6 0C       		.byte	0xc
 423 02d7 09       		.uleb128 0x9
 424 02d8 47010000 		.4byte	.LASF56
 425 02dc 05       		.byte	0x5
 426 02dd 9701     		.2byte	0x197
 427 02df 3E020000 		.4byte	0x23e
 428 02e3 10       		.byte	0x10
 429 02e4 09       		.uleb128 0x9
 430 02e5 22030000 		.4byte	.LASF57
 431 02e9 05       		.byte	0x5
 432 02ea 9801     		.2byte	0x198
 433 02ec 3E020000 		.4byte	0x23e
 434 02f0 14       		.byte	0x14
 435 02f1 09       		.uleb128 0x9
 436 02f2 18030000 		.4byte	.LASF58
 437 02f6 05       		.byte	0x5
 438 02f7 9B01     		.2byte	0x19b
 439 02f9 3E020000 		.4byte	0x23e
 440 02fd 18       		.byte	0x18
 441 02fe 00       		.byte	0
 442 02ff 04       		.uleb128 0x4
 443 0300 6A040000 		.4byte	.LASF59
 444 0304 04       		.byte	0x4
 445 0305 5C       		.byte	0x5c
 446 0306 0A030000 		.4byte	0x30a
 447 030a 0A       		.uleb128 0xa
 448 030b 04       		.byte	0x4
 449 030c 10030000 		.4byte	0x310
 450 0310 0C       		.uleb128 0xc
 451 0311 1B030000 		.4byte	0x31b
 452 0315 0D       		.uleb128 0xd
 453 0316 1B030000 		.4byte	0x31b
 454 031a 00       		.byte	0
 455 031b 0E       		.uleb128 0xe
ARM GAS  C:\Users\Luis\AppData\Local\Temp\ccLXG1Ff.s 			page 9


 456 031c 04       		.byte	0x4
 457 031d 04       		.uleb128 0x4
 458 031e 47030000 		.4byte	.LASF60
 459 0322 04       		.byte	0x4
 460 0323 61       		.byte	0x61
 461 0324 28030000 		.4byte	0x328
 462 0328 0B       		.uleb128 0xb
 463 0329 CF030000 		.4byte	.LASF61
 464 032d 14       		.byte	0x14
 465 032e 05       		.byte	0x5
 466 032f 6B01     		.2byte	0x16b
 467 0331 77030000 		.4byte	0x377
 468 0335 09       		.uleb128 0x9
 469 0336 00020000 		.4byte	.LASF62
 470 033a 05       		.byte	0x5
 471 033b 6C01     		.2byte	0x16c
 472 033d 63070000 		.4byte	0x763
 473 0341 00       		.byte	0
 474 0342 09       		.uleb128 0x9
 475 0343 58010000 		.4byte	.LASF63
 476 0347 05       		.byte	0x5
 477 0348 6D01     		.2byte	0x16d
 478 034a 63070000 		.4byte	0x763
 479 034e 04       		.byte	0x4
 480 034f 09       		.uleb128 0x9
 481 0350 10040000 		.4byte	.LASF64
 482 0354 05       		.byte	0x5
 483 0355 6E01     		.2byte	0x16e
 484 0357 0A010000 		.4byte	0x10a
 485 035b 08       		.byte	0x8
 486 035c 09       		.uleb128 0x9
 487 035d D6020000 		.4byte	.LASF65
 488 0361 05       		.byte	0x5
 489 0362 6F01     		.2byte	0x16f
 490 0364 FF020000 		.4byte	0x2ff
 491 0368 0C       		.byte	0xc
 492 0369 09       		.uleb128 0x9
 493 036a A4050000 		.4byte	.LASF66
 494 036e 05       		.byte	0x5
 495 036f 7101     		.2byte	0x171
 496 0371 1B030000 		.4byte	0x31b
 497 0375 10       		.byte	0x10
 498 0376 00       		.byte	0
 499 0377 04       		.uleb128 0x4
 500 0378 99000000 		.4byte	.LASF67
 501 037c 04       		.byte	0x4
 502 037d 66       		.byte	0x66
 503 037e 82030000 		.4byte	0x382
 504 0382 0B       		.uleb128 0xb
 505 0383 BF020000 		.4byte	.LASF68
 506 0387 10       		.byte	0x10
 507 0388 05       		.byte	0x5
 508 0389 7B01     		.2byte	0x17b
 509 038b C4030000 		.4byte	0x3c4
 510 038f 09       		.uleb128 0x9
 511 0390 00020000 		.4byte	.LASF62
 512 0394 05       		.byte	0x5
ARM GAS  C:\Users\Luis\AppData\Local\Temp\ccLXG1Ff.s 			page 10


 513 0395 7C01     		.2byte	0x17c
 514 0397 63070000 		.4byte	0x763
 515 039b 00       		.byte	0
 516 039c 09       		.uleb128 0x9
 517 039d 58010000 		.4byte	.LASF63
 518 03a1 05       		.byte	0x5
 519 03a2 7E01     		.2byte	0x17e
 520 03a4 63070000 		.4byte	0x763
 521 03a8 04       		.byte	0x4
 522 03a9 09       		.uleb128 0x9
 523 03aa 10040000 		.4byte	.LASF64
 524 03ae 05       		.byte	0x5
 525 03af 8001     		.2byte	0x180
 526 03b1 0A010000 		.4byte	0x10a
 527 03b5 08       		.byte	0x8
 528 03b6 09       		.uleb128 0x9
 529 03b7 ED020000 		.4byte	.LASF69
 530 03bb 05       		.byte	0x5
 531 03bc 8801     		.2byte	0x188
 532 03be 0A010000 		.4byte	0x10a
 533 03c2 0C       		.byte	0xc
 534 03c3 00       		.byte	0
 535 03c4 04       		.uleb128 0x4
 536 03c5 F1010000 		.4byte	.LASF70
 537 03c9 04       		.byte	0x4
 538 03ca 6B       		.byte	0x6b
 539 03cb CF030000 		.4byte	0x3cf
 540 03cf 0F       		.uleb128 0xf
 541 03d0 A3010000 		.4byte	.LASF71
 542 03d4 1404     		.2byte	0x414
 543 03d6 05       		.byte	0x5
 544 03d7 A201     		.2byte	0x1a2
 545 03d9 12040000 		.4byte	0x412
 546 03dd 09       		.uleb128 0x9
 547 03de 9A040000 		.4byte	.LASF72
 548 03e2 05       		.byte	0x5
 549 03e3 AA01     		.2byte	0x1aa
 550 03e5 69070000 		.4byte	0x769
 551 03e9 00       		.byte	0
 552 03ea 09       		.uleb128 0x9
 553 03eb C2050000 		.4byte	.LASF73
 554 03ef 05       		.byte	0x5
 555 03f0 AF01     		.2byte	0x1af
 556 03f2 F4000000 		.4byte	0xf4
 557 03f6 04       		.byte	0x4
 558 03f7 09       		.uleb128 0x9
 559 03f8 BB010000 		.4byte	.LASF74
 560 03fc 05       		.byte	0x5
 561 03fd B301     		.2byte	0x1b3
 562 03ff F4000000 		.4byte	0xf4
 563 0403 08       		.byte	0x8
 564 0404 09       		.uleb128 0x9
 565 0405 00060000 		.4byte	.LASF75
 566 0409 05       		.byte	0x5
 567 040a B901     		.2byte	0x1b9
 568 040c C9050000 		.4byte	0x5c9
 569 0410 0C       		.byte	0xc
ARM GAS  C:\Users\Luis\AppData\Local\Temp\ccLXG1Ff.s 			page 11


 570 0411 00       		.byte	0
 571 0412 04       		.uleb128 0x4
 572 0413 59020000 		.4byte	.LASF76
 573 0417 04       		.byte	0x4
 574 0418 70       		.byte	0x70
 575 0419 1D040000 		.4byte	0x41d
 576 041d 0F       		.uleb128 0xf
 577 041e 05010000 		.4byte	.LASF77
 578 0422 E805     		.2byte	0x5e8
 579 0424 05       		.byte	0x5
 580 0425 C201     		.2byte	0x1c2
 581 0427 8A040000 		.4byte	0x48a
 582 042b 09       		.uleb128 0x9
 583 042c CA050000 		.4byte	.LASF78
 584 0430 05       		.byte	0x5
 585 0431 C601     		.2byte	0x1c6
 586 0433 98020000 		.4byte	0x298
 587 0437 00       		.byte	0
 588 0438 09       		.uleb128 0x9
 589 0439 45000000 		.4byte	.LASF79
 590 043d 05       		.byte	0x5
 591 043e CA01     		.2byte	0x1ca
 592 0440 77030000 		.4byte	0x377
 593 0444 1C       		.byte	0x1c
 594 0445 08       		.uleb128 0x8
 595 0446 64626700 		.ascii	"dbg\000"
 596 044a 05       		.byte	0x5
 597 044b CE01     		.2byte	0x1ce
 598 044d C4030000 		.4byte	0x3c4
 599 0451 2C       		.byte	0x2c
 600 0452 10       		.uleb128 0x10
 601 0453 8E000000 		.4byte	.LASF80
 602 0457 05       		.byte	0x5
 603 0458 D201     		.2byte	0x1d2
 604 045a 15010000 		.4byte	0x115
 605 045e 4004     		.2byte	0x440
 606 0460 11       		.uleb128 0x11
 607 0461 746D00   		.ascii	"tm\000"
 608 0464 05       		.byte	0x5
 609 0465 D701     		.2byte	0x1d7
 610 0467 E9050000 		.4byte	0x5e9
 611 046b A804     		.2byte	0x4a8
 612 046d 10       		.uleb128 0x10
 613 046e 2C000000 		.4byte	.LASF81
 614 0472 05       		.byte	0x5
 615 0473 DD01     		.2byte	0x1dd
 616 0475 7B060000 		.4byte	0x67b
 617 0479 B004     		.2byte	0x4b0
 618 047b 10       		.uleb128 0x10
 619 047c C0030000 		.4byte	.LASF82
 620 0480 05       		.byte	0x5
 621 0481 E301     		.2byte	0x1e3
 622 0483 6E070000 		.4byte	0x76e
 623 0487 E804     		.2byte	0x4e8
 624 0489 00       		.byte	0
 625 048a 03       		.uleb128 0x3
 626 048b 04       		.byte	0x4
ARM GAS  C:\Users\Luis\AppData\Local\Temp\ccLXG1Ff.s 			page 12


 627 048c 07       		.byte	0x7
 628 048d D8050000 		.4byte	.LASF83
 629 0491 04       		.uleb128 0x4
 630 0492 4F010000 		.4byte	.LASF84
 631 0496 06       		.byte	0x6
 632 0497 65       		.byte	0x65
 633 0498 1B030000 		.4byte	0x31b
 634 049c 04       		.uleb128 0x4
 635 049d 92020000 		.4byte	.LASF85
 636 04a1 06       		.byte	0x6
 637 04a2 6D       		.byte	0x6d
 638 04a3 85000000 		.4byte	0x85
 639 04a7 06       		.uleb128 0x6
 640 04a8 AB040000 		.4byte	.LASF86
 641 04ac 04       		.byte	0x4
 642 04ad 06       		.byte	0x6
 643 04ae 89       		.byte	0x89
 644 04af C0040000 		.4byte	0x4c0
 645 04b3 12       		.uleb128 0x12
 646 04b4 72313300 		.ascii	"r13\000"
 647 04b8 06       		.byte	0x6
 648 04b9 8A       		.byte	0x8a
 649 04ba 3B050000 		.4byte	0x53b
 650 04be 00       		.byte	0
 651 04bf 00       		.byte	0
 652 04c0 06       		.uleb128 0x6
 653 04c1 39000000 		.4byte	.LASF87
 654 04c5 24       		.byte	0x24
 655 04c6 07       		.byte	0x7
 656 04c7 F4       		.byte	0xf4
 657 04c8 3B050000 		.4byte	0x53b
 658 04cc 08       		.uleb128 0x8
 659 04cd 723400   		.ascii	"r4\000"
 660 04d0 07       		.byte	0x7
 661 04d1 0701     		.2byte	0x107
 662 04d3 91040000 		.4byte	0x491
 663 04d7 00       		.byte	0
 664 04d8 08       		.uleb128 0x8
 665 04d9 723500   		.ascii	"r5\000"
 666 04dc 07       		.byte	0x7
 667 04dd 0801     		.2byte	0x108
 668 04df 91040000 		.4byte	0x491
 669 04e3 04       		.byte	0x4
 670 04e4 08       		.uleb128 0x8
 671 04e5 723600   		.ascii	"r6\000"
 672 04e8 07       		.byte	0x7
 673 04e9 0901     		.2byte	0x109
 674 04eb 91040000 		.4byte	0x491
 675 04ef 08       		.byte	0x8
 676 04f0 08       		.uleb128 0x8
 677 04f1 723700   		.ascii	"r7\000"
 678 04f4 07       		.byte	0x7
 679 04f5 0A01     		.2byte	0x10a
 680 04f7 91040000 		.4byte	0x491
 681 04fb 0C       		.byte	0xc
 682 04fc 08       		.uleb128 0x8
 683 04fd 723800   		.ascii	"r8\000"
ARM GAS  C:\Users\Luis\AppData\Local\Temp\ccLXG1Ff.s 			page 13


 684 0500 07       		.byte	0x7
 685 0501 0B01     		.2byte	0x10b
 686 0503 91040000 		.4byte	0x491
 687 0507 10       		.byte	0x10
 688 0508 08       		.uleb128 0x8
 689 0509 723900   		.ascii	"r9\000"
 690 050c 07       		.byte	0x7
 691 050d 0C01     		.2byte	0x10c
 692 050f 91040000 		.4byte	0x491
 693 0513 14       		.byte	0x14
 694 0514 08       		.uleb128 0x8
 695 0515 72313000 		.ascii	"r10\000"
 696 0519 07       		.byte	0x7
 697 051a 0D01     		.2byte	0x10d
 698 051c 91040000 		.4byte	0x491
 699 0520 18       		.byte	0x18
 700 0521 08       		.uleb128 0x8
 701 0522 72313100 		.ascii	"r11\000"
 702 0526 07       		.byte	0x7
 703 0527 0E01     		.2byte	0x10e
 704 0529 91040000 		.4byte	0x491
 705 052d 1C       		.byte	0x1c
 706 052e 08       		.uleb128 0x8
 707 052f 6C7200   		.ascii	"lr\000"
 708 0532 07       		.byte	0x7
 709 0533 0F01     		.2byte	0x10f
 710 0535 91040000 		.4byte	0x491
 711 0539 20       		.byte	0x20
 712 053a 00       		.byte	0
 713 053b 0A       		.uleb128 0xa
 714 053c 04       		.byte	0x4
 715 053d C0040000 		.4byte	0x4c0
 716 0541 13       		.uleb128 0x13
 717 0542 10       		.byte	0x10
 718 0543 08       		.byte	0x8
 719 0544 51       		.byte	0x51
 720 0545 7A050000 		.4byte	0x57a
 721 0549 07       		.uleb128 0x7
 722 054a C4010000 		.4byte	.LASF88
 723 054e 08       		.byte	0x8
 724 054f 55       		.byte	0x55
 725 0550 0A010000 		.4byte	0x10a
 726 0554 00       		.byte	0
 727 0555 07       		.uleb128 0x7
 728 0556 29010000 		.4byte	.LASF89
 729 055a 08       		.byte	0x8
 730 055b 59       		.byte	0x59
 731 055c 3E020000 		.4byte	0x23e
 732 0560 04       		.byte	0x4
 733 0561 07       		.uleb128 0x7
 734 0562 32060000 		.4byte	.LASF90
 735 0566 08       		.byte	0x8
 736 0567 5D       		.byte	0x5d
 737 0568 1B030000 		.4byte	0x31b
 738 056c 08       		.byte	0x8
 739 056d 07       		.uleb128 0x7
 740 056e 7C000000 		.4byte	.LASF91
ARM GAS  C:\Users\Luis\AppData\Local\Temp\ccLXG1Ff.s 			page 14


 741 0572 08       		.byte	0x8
 742 0573 61       		.byte	0x61
 743 0574 3A000000 		.4byte	0x3a
 744 0578 0C       		.byte	0xc
 745 0579 00       		.byte	0
 746 057a 04       		.uleb128 0x4
 747 057b DE020000 		.4byte	.LASF92
 748 057f 08       		.byte	0x8
 749 0580 62       		.byte	0x62
 750 0581 41050000 		.4byte	0x541
 751 0585 14       		.uleb128 0x14
 752 0586 0804     		.2byte	0x408
 753 0588 08       		.byte	0x8
 754 0589 67       		.byte	0x67
 755 058a B3050000 		.4byte	0x5b3
 756 058e 07       		.uleb128 0x7
 757 058f 3F010000 		.4byte	.LASF93
 758 0593 08       		.byte	0x8
 759 0594 6B       		.byte	0x6b
 760 0595 2C000000 		.4byte	0x2c
 761 0599 00       		.byte	0
 762 059a 07       		.uleb128 0x7
 763 059b 9D020000 		.4byte	.LASF94
 764 059f 08       		.byte	0x8
 765 05a0 6F       		.byte	0x6f
 766 05a1 B3050000 		.4byte	0x5b3
 767 05a5 04       		.byte	0x4
 768 05a6 07       		.uleb128 0x7
 769 05a7 3D030000 		.4byte	.LASF95
 770 05ab 08       		.byte	0x8
 771 05ac 73       		.byte	0x73
 772 05ad B9050000 		.4byte	0x5b9
 773 05b1 08       		.byte	0x8
 774 05b2 00       		.byte	0
 775 05b3 0A       		.uleb128 0xa
 776 05b4 04       		.byte	0x4
 777 05b5 7A050000 		.4byte	0x57a
 778 05b9 15       		.uleb128 0x15
 779 05ba 7A050000 		.4byte	0x57a
 780 05be C9050000 		.4byte	0x5c9
 781 05c2 16       		.uleb128 0x16
 782 05c3 8A040000 		.4byte	0x48a
 783 05c7 3F       		.byte	0x3f
 784 05c8 00       		.byte	0
 785 05c9 04       		.uleb128 0x4
 786 05ca 7D030000 		.4byte	.LASF96
 787 05ce 08       		.byte	0x8
 788 05cf 74       		.byte	0x74
 789 05d0 85050000 		.4byte	0x585
 790 05d4 13       		.uleb128 0x13
 791 05d5 04       		.byte	0x4
 792 05d6 09       		.byte	0x9
 793 05d7 38       		.byte	0x38
 794 05d8 E9050000 		.4byte	0x5e9
 795 05dc 07       		.uleb128 0x7
 796 05dd A4040000 		.4byte	.LASF97
 797 05e1 09       		.byte	0x9
ARM GAS  C:\Users\Luis\AppData\Local\Temp\ccLXG1Ff.s 			page 15


 798 05e2 3C       		.byte	0x3c
 799 05e3 9C000000 		.4byte	0x9c
 800 05e7 00       		.byte	0
 801 05e8 00       		.byte	0
 802 05e9 04       		.uleb128 0x4
 803 05ea 07030000 		.4byte	.LASF98
 804 05ee 09       		.byte	0x9
 805 05ef 3D       		.byte	0x3d
 806 05f0 D4050000 		.4byte	0x5d4
 807 05f4 13       		.uleb128 0x13
 808 05f5 18       		.byte	0x18
 809 05f6 09       		.byte	0x9
 810 05f7 48       		.byte	0x48
 811 05f8 37060000 		.4byte	0x637
 812 05fc 07       		.uleb128 0x7
 813 05fd 49040000 		.4byte	.LASF99
 814 0601 09       		.byte	0x9
 815 0602 49       		.byte	0x49
 816 0603 9C000000 		.4byte	0x9c
 817 0607 00       		.byte	0
 818 0608 07       		.uleb128 0x7
 819 0609 4C000000 		.4byte	.LASF100
 820 060d 09       		.byte	0x9
 821 060e 4A       		.byte	0x4a
 822 060f 9C000000 		.4byte	0x9c
 823 0613 04       		.byte	0x4
 824 0614 07       		.uleb128 0x7
 825 0615 4D020000 		.4byte	.LASF101
 826 0619 09       		.byte	0x9
 827 061a 4B       		.byte	0x4b
 828 061b 9C000000 		.4byte	0x9c
 829 061f 08       		.byte	0x8
 830 0620 12       		.uleb128 0x12
 831 0621 6E00     		.ascii	"n\000"
 832 0623 09       		.byte	0x9
 833 0624 4C       		.byte	0x4c
 834 0625 FF000000 		.4byte	0xff
 835 0629 0C       		.byte	0xc
 836 062a 07       		.uleb128 0x7
 837 062b 2A030000 		.4byte	.LASF102
 838 062f 09       		.byte	0x9
 839 0630 4D       		.byte	0x4d
 840 0631 A7000000 		.4byte	0xa7
 841 0635 10       		.byte	0x10
 842 0636 00       		.byte	0
 843 0637 04       		.uleb128 0x4
 844 0638 52000000 		.4byte	.LASF103
 845 063c 09       		.byte	0x9
 846 063d 4E       		.byte	0x4e
 847 063e F4050000 		.4byte	0x5f4
 848 0642 13       		.uleb128 0x13
 849 0643 38       		.byte	0x38
 850 0644 0A       		.byte	0xa
 851 0645 38       		.byte	0x38
 852 0646 7B060000 		.4byte	0x67b
 853 064a 07       		.uleb128 0x7
 854 064b 0F020000 		.4byte	.LASF104
ARM GAS  C:\Users\Luis\AppData\Local\Temp\ccLXG1Ff.s 			page 16


 855 064f 0A       		.byte	0xa
 856 0650 39       		.byte	0x39
 857 0651 FF000000 		.4byte	0xff
 858 0655 00       		.byte	0
 859 0656 07       		.uleb128 0x7
 860 0657 66030000 		.4byte	.LASF105
 861 065b 0A       		.byte	0xa
 862 065c 3A       		.byte	0x3a
 863 065d FF000000 		.4byte	0xff
 864 0661 04       		.byte	0x4
 865 0662 07       		.uleb128 0x7
 866 0663 1F060000 		.4byte	.LASF106
 867 0667 0A       		.byte	0xa
 868 0668 3B       		.byte	0x3b
 869 0669 37060000 		.4byte	0x637
 870 066d 08       		.byte	0x8
 871 066e 07       		.uleb128 0x7
 872 066f 6D020000 		.4byte	.LASF107
 873 0673 0A       		.byte	0xa
 874 0674 3D       		.byte	0x3d
 875 0675 37060000 		.4byte	0x637
 876 0679 20       		.byte	0x20
 877 067a 00       		.byte	0
 878 067b 04       		.uleb128 0x4
 879 067c 2E020000 		.4byte	.LASF108
 880 0680 0A       		.byte	0xa
 881 0681 3F       		.byte	0x3f
 882 0682 42060000 		.4byte	0x642
 883 0686 17       		.uleb128 0x17
 884 0687 04       		.byte	0x4
 885 0688 05       		.byte	0x5
 886 0689 FA       		.byte	0xfa
 887 068a E3060000 		.4byte	0x6e3
 888 068e 18       		.uleb128 0x18
 889 068f 1C000000 		.4byte	.LASF109
 890 0693 05       		.byte	0x5
 891 0694 0101     		.2byte	0x101
 892 0696 DE000000 		.4byte	0xde
 893 069a 18       		.uleb128 0x18
 894 069b 85000000 		.4byte	.LASF110
 895 069f 05       		.byte	0x5
 896 06a0 0801     		.2byte	0x108
 897 06a2 DE000000 		.4byte	0xde
 898 06a6 18       		.uleb128 0x18
 899 06a7 FE000000 		.4byte	.LASF111
 900 06ab 05       		.byte	0x5
 901 06ac 0F01     		.2byte	0x10f
 902 06ae 1B030000 		.4byte	0x31b
 903 06b2 18       		.uleb128 0x18
 904 06b3 16000000 		.4byte	.LASF112
 905 06b7 05       		.byte	0x5
 906 06b8 1601     		.2byte	0x116
 907 06ba E3060000 		.4byte	0x6e3
 908 06be 18       		.uleb128 0x18
 909 06bf EA010000 		.4byte	.LASF113
 910 06c3 05       		.byte	0x5
 911 06c4 1E01     		.2byte	0x11e
ARM GAS  C:\Users\Luis\AppData\Local\Temp\ccLXG1Ff.s 			page 17


 912 06c6 0E070000 		.4byte	0x70e
 913 06ca 18       		.uleb128 0x18
 914 06cb 01040000 		.4byte	.LASF114
 915 06cf 05       		.byte	0x5
 916 06d0 2701     		.2byte	0x127
 917 06d2 45070000 		.4byte	0x745
 918 06d6 18       		.uleb128 0x18
 919 06d7 B2030000 		.4byte	.LASF115
 920 06db 05       		.byte	0x5
 921 06dc 2F01     		.2byte	0x12f
 922 06de E9000000 		.4byte	0xe9
 923 06e2 00       		.byte	0
 924 06e3 0A       		.uleb128 0xa
 925 06e4 04       		.byte	0x4
 926 06e5 33020000 		.4byte	0x233
 927 06e9 06       		.uleb128 0x6
 928 06ea E0030000 		.4byte	.LASF116
 929 06ee 0C       		.byte	0xc
 930 06ef 0B       		.byte	0xb
 931 06f0 34       		.byte	0x34
 932 06f1 0E070000 		.4byte	0x70e
 933 06f5 07       		.uleb128 0x7
 934 06f6 37010000 		.4byte	.LASF117
 935 06fa 0B       		.byte	0xb
 936 06fb 35       		.byte	0x35
 937 06fc 68020000 		.4byte	0x268
 938 0700 00       		.byte	0
 939 0701 07       		.uleb128 0x7
 940 0702 15020000 		.4byte	.LASF118
 941 0706 0B       		.byte	0xb
 942 0707 37       		.byte	0x37
 943 0708 F4000000 		.4byte	0xf4
 944 070c 08       		.byte	0x8
 945 070d 00       		.byte	0
 946 070e 0A       		.uleb128 0xa
 947 070f 04       		.byte	0x4
 948 0710 E9060000 		.4byte	0x6e9
 949 0714 06       		.uleb128 0x6
 950 0715 E1050000 		.4byte	.LASF119
 951 0719 10       		.byte	0x10
 952 071a 0C       		.byte	0xc
 953 071b 39       		.byte	0x39
 954 071c 45070000 		.4byte	0x745
 955 0720 07       		.uleb128 0x7
 956 0721 F6000000 		.4byte	.LASF120
 957 0725 0C       		.byte	0xc
 958 0726 3A       		.byte	0x3a
 959 0727 68020000 		.4byte	0x268
 960 072b 00       		.byte	0
 961 072c 07       		.uleb128 0x7
 962 072d 2A060000 		.4byte	.LASF121
 963 0731 0C       		.byte	0xc
 964 0732 3C       		.byte	0x3c
 965 0733 3E020000 		.4byte	0x23e
 966 0737 08       		.byte	0x8
 967 0738 07       		.uleb128 0x7
 968 0739 4E040000 		.4byte	.LASF122
ARM GAS  C:\Users\Luis\AppData\Local\Temp\ccLXG1Ff.s 			page 18


 969 073d 0C       		.byte	0xc
 970 073e 3E       		.byte	0x3e
 971 073f 89070000 		.4byte	0x789
 972 0743 0C       		.byte	0xc
 973 0744 00       		.byte	0
 974 0745 0A       		.uleb128 0xa
 975 0746 04       		.byte	0x4
 976 0747 14070000 		.4byte	0x714
 977 074b 0A       		.uleb128 0xa
 978 074c 04       		.byte	0x4
 979 074d 51070000 		.4byte	0x751
 980 0751 19       		.uleb128 0x19
 981 0752 56070000 		.4byte	0x756
 982 0756 03       		.uleb128 0x3
 983 0757 01       		.byte	0x1
 984 0758 08       		.byte	0x8
 985 0759 3B040000 		.4byte	.LASF123
 986 075d 0A       		.uleb128 0xa
 987 075e 04       		.byte	0x4
 988 075f 9C040000 		.4byte	0x49c
 989 0763 0A       		.uleb128 0xa
 990 0764 04       		.byte	0x4
 991 0765 1D030000 		.4byte	0x31d
 992 0769 05       		.uleb128 0x5
 993 076a 4B070000 		.4byte	0x74b
 994 076e 15       		.uleb128 0x15
 995 076f 9C040000 		.4byte	0x49c
 996 0773 7E070000 		.4byte	0x77e
 997 0777 16       		.uleb128 0x16
 998 0778 8A040000 		.4byte	0x48a
 999 077c 1F       		.byte	0x1f
 1000 077d 00       		.byte	0
 1001 077e 04       		.uleb128 0x4
 1002 077f B3010000 		.4byte	.LASF124
 1003 0783 0C       		.byte	0xc
 1004 0784 34       		.byte	0x34
 1005 0785 14070000 		.4byte	0x714
 1006 0789 0A       		.uleb128 0xa
 1007 078a 04       		.byte	0x4
 1008 078b 7E070000 		.4byte	0x77e
 1009 078f 03       		.uleb128 0x3
 1010 0790 01       		.byte	0x1
 1011 0791 02       		.byte	0x2
 1012 0792 6F030000 		.4byte	.LASF125
 1013 0796 1A       		.uleb128 0x1a
 1014 0797 15060000 		.4byte	.LASF130
 1015 079b 01       		.byte	0x1
 1016 079c 2101     		.2byte	0x121
 1017 079e 00000000 		.4byte	.LFB260
 1018 07a2 2A000000 		.4byte	.LFE260-.LFB260
 1019 07a6 01       		.uleb128 0x1
 1020 07a7 9C       		.byte	0x9c
 1021 07a8 1B       		.uleb128 0x1b
 1022 07a9 AF000000 		.4byte	.LASF126
 1023 07ad 0D       		.byte	0xd
 1024 07ae A706     		.2byte	0x6a7
 1025 07b0 97000000 		.4byte	0x97
ARM GAS  C:\Users\Luis\AppData\Local\Temp\ccLXG1Ff.s 			page 19


 1026 07b4 1C       		.uleb128 0x1c
 1027 07b5 636800   		.ascii	"ch\000"
 1028 07b8 05       		.byte	0x5
 1029 07b9 0902     		.2byte	0x209
 1030 07bb 12040000 		.4byte	0x412
 1031 07bf 00       		.byte	0
 1032              		.section	.debug_abbrev,"",%progbits
 1033              	.Ldebug_abbrev0:
 1034 0000 01       		.uleb128 0x1
 1035 0001 11       		.uleb128 0x11
 1036 0002 01       		.byte	0x1
 1037 0003 25       		.uleb128 0x25
 1038 0004 0E       		.uleb128 0xe
 1039 0005 13       		.uleb128 0x13
 1040 0006 0B       		.uleb128 0xb
 1041 0007 03       		.uleb128 0x3
 1042 0008 0E       		.uleb128 0xe
 1043 0009 1B       		.uleb128 0x1b
 1044 000a 0E       		.uleb128 0xe
 1045 000b 55       		.uleb128 0x55
 1046 000c 17       		.uleb128 0x17
 1047 000d 11       		.uleb128 0x11
 1048 000e 01       		.uleb128 0x1
 1049 000f 10       		.uleb128 0x10
 1050 0010 17       		.uleb128 0x17
 1051 0011 00       		.byte	0
 1052 0012 00       		.byte	0
 1053 0013 02       		.uleb128 0x2
 1054 0014 24       		.uleb128 0x24
 1055 0015 00       		.byte	0
 1056 0016 0B       		.uleb128 0xb
 1057 0017 0B       		.uleb128 0xb
 1058 0018 3E       		.uleb128 0x3e
 1059 0019 0B       		.uleb128 0xb
 1060 001a 03       		.uleb128 0x3
 1061 001b 08       		.uleb128 0x8
 1062 001c 00       		.byte	0
 1063 001d 00       		.byte	0
 1064 001e 03       		.uleb128 0x3
 1065 001f 24       		.uleb128 0x24
 1066 0020 00       		.byte	0
 1067 0021 0B       		.uleb128 0xb
 1068 0022 0B       		.uleb128 0xb
 1069 0023 3E       		.uleb128 0x3e
 1070 0024 0B       		.uleb128 0xb
 1071 0025 03       		.uleb128 0x3
 1072 0026 0E       		.uleb128 0xe
 1073 0027 00       		.byte	0
 1074 0028 00       		.byte	0
 1075 0029 04       		.uleb128 0x4
 1076 002a 16       		.uleb128 0x16
 1077 002b 00       		.byte	0
 1078 002c 03       		.uleb128 0x3
 1079 002d 0E       		.uleb128 0xe
 1080 002e 3A       		.uleb128 0x3a
 1081 002f 0B       		.uleb128 0xb
 1082 0030 3B       		.uleb128 0x3b
ARM GAS  C:\Users\Luis\AppData\Local\Temp\ccLXG1Ff.s 			page 20


 1083 0031 0B       		.uleb128 0xb
 1084 0032 49       		.uleb128 0x49
 1085 0033 13       		.uleb128 0x13
 1086 0034 00       		.byte	0
 1087 0035 00       		.byte	0
 1088 0036 05       		.uleb128 0x5
 1089 0037 35       		.uleb128 0x35
 1090 0038 00       		.byte	0
 1091 0039 49       		.uleb128 0x49
 1092 003a 13       		.uleb128 0x13
 1093 003b 00       		.byte	0
 1094 003c 00       		.byte	0
 1095 003d 06       		.uleb128 0x6
 1096 003e 13       		.uleb128 0x13
 1097 003f 01       		.byte	0x1
 1098 0040 03       		.uleb128 0x3
 1099 0041 0E       		.uleb128 0xe
 1100 0042 0B       		.uleb128 0xb
 1101 0043 0B       		.uleb128 0xb
 1102 0044 3A       		.uleb128 0x3a
 1103 0045 0B       		.uleb128 0xb
 1104 0046 3B       		.uleb128 0x3b
 1105 0047 0B       		.uleb128 0xb
 1106 0048 01       		.uleb128 0x1
 1107 0049 13       		.uleb128 0x13
 1108 004a 00       		.byte	0
 1109 004b 00       		.byte	0
 1110 004c 07       		.uleb128 0x7
 1111 004d 0D       		.uleb128 0xd
 1112 004e 00       		.byte	0
 1113 004f 03       		.uleb128 0x3
 1114 0050 0E       		.uleb128 0xe
 1115 0051 3A       		.uleb128 0x3a
 1116 0052 0B       		.uleb128 0xb
 1117 0053 3B       		.uleb128 0x3b
 1118 0054 0B       		.uleb128 0xb
 1119 0055 49       		.uleb128 0x49
 1120 0056 13       		.uleb128 0x13
 1121 0057 38       		.uleb128 0x38
 1122 0058 0B       		.uleb128 0xb
 1123 0059 00       		.byte	0
 1124 005a 00       		.byte	0
 1125 005b 08       		.uleb128 0x8
 1126 005c 0D       		.uleb128 0xd
 1127 005d 00       		.byte	0
 1128 005e 03       		.uleb128 0x3
 1129 005f 08       		.uleb128 0x8
 1130 0060 3A       		.uleb128 0x3a
 1131 0061 0B       		.uleb128 0xb
 1132 0062 3B       		.uleb128 0x3b
 1133 0063 05       		.uleb128 0x5
 1134 0064 49       		.uleb128 0x49
 1135 0065 13       		.uleb128 0x13
 1136 0066 38       		.uleb128 0x38
 1137 0067 0B       		.uleb128 0xb
 1138 0068 00       		.byte	0
 1139 0069 00       		.byte	0
ARM GAS  C:\Users\Luis\AppData\Local\Temp\ccLXG1Ff.s 			page 21


 1140 006a 09       		.uleb128 0x9
 1141 006b 0D       		.uleb128 0xd
 1142 006c 00       		.byte	0
 1143 006d 03       		.uleb128 0x3
 1144 006e 0E       		.uleb128 0xe
 1145 006f 3A       		.uleb128 0x3a
 1146 0070 0B       		.uleb128 0xb
 1147 0071 3B       		.uleb128 0x3b
 1148 0072 05       		.uleb128 0x5
 1149 0073 49       		.uleb128 0x49
 1150 0074 13       		.uleb128 0x13
 1151 0075 38       		.uleb128 0x38
 1152 0076 0B       		.uleb128 0xb
 1153 0077 00       		.byte	0
 1154 0078 00       		.byte	0
 1155 0079 0A       		.uleb128 0xa
 1156 007a 0F       		.uleb128 0xf
 1157 007b 00       		.byte	0
 1158 007c 0B       		.uleb128 0xb
 1159 007d 0B       		.uleb128 0xb
 1160 007e 49       		.uleb128 0x49
 1161 007f 13       		.uleb128 0x13
 1162 0080 00       		.byte	0
 1163 0081 00       		.byte	0
 1164 0082 0B       		.uleb128 0xb
 1165 0083 13       		.uleb128 0x13
 1166 0084 01       		.byte	0x1
 1167 0085 03       		.uleb128 0x3
 1168 0086 0E       		.uleb128 0xe
 1169 0087 0B       		.uleb128 0xb
 1170 0088 0B       		.uleb128 0xb
 1171 0089 3A       		.uleb128 0x3a
 1172 008a 0B       		.uleb128 0xb
 1173 008b 3B       		.uleb128 0x3b
 1174 008c 05       		.uleb128 0x5
 1175 008d 01       		.uleb128 0x1
 1176 008e 13       		.uleb128 0x13
 1177 008f 00       		.byte	0
 1178 0090 00       		.byte	0
 1179 0091 0C       		.uleb128 0xc
 1180 0092 15       		.uleb128 0x15
 1181 0093 01       		.byte	0x1
 1182 0094 27       		.uleb128 0x27
 1183 0095 19       		.uleb128 0x19
 1184 0096 01       		.uleb128 0x1
 1185 0097 13       		.uleb128 0x13
 1186 0098 00       		.byte	0
 1187 0099 00       		.byte	0
 1188 009a 0D       		.uleb128 0xd
 1189 009b 05       		.uleb128 0x5
 1190 009c 00       		.byte	0
 1191 009d 49       		.uleb128 0x49
 1192 009e 13       		.uleb128 0x13
 1193 009f 00       		.byte	0
 1194 00a0 00       		.byte	0
 1195 00a1 0E       		.uleb128 0xe
 1196 00a2 0F       		.uleb128 0xf
ARM GAS  C:\Users\Luis\AppData\Local\Temp\ccLXG1Ff.s 			page 22


 1197 00a3 00       		.byte	0
 1198 00a4 0B       		.uleb128 0xb
 1199 00a5 0B       		.uleb128 0xb
 1200 00a6 00       		.byte	0
 1201 00a7 00       		.byte	0
 1202 00a8 0F       		.uleb128 0xf
 1203 00a9 13       		.uleb128 0x13
 1204 00aa 01       		.byte	0x1
 1205 00ab 03       		.uleb128 0x3
 1206 00ac 0E       		.uleb128 0xe
 1207 00ad 0B       		.uleb128 0xb
 1208 00ae 05       		.uleb128 0x5
 1209 00af 3A       		.uleb128 0x3a
 1210 00b0 0B       		.uleb128 0xb
 1211 00b1 3B       		.uleb128 0x3b
 1212 00b2 05       		.uleb128 0x5
 1213 00b3 01       		.uleb128 0x1
 1214 00b4 13       		.uleb128 0x13
 1215 00b5 00       		.byte	0
 1216 00b6 00       		.byte	0
 1217 00b7 10       		.uleb128 0x10
 1218 00b8 0D       		.uleb128 0xd
 1219 00b9 00       		.byte	0
 1220 00ba 03       		.uleb128 0x3
 1221 00bb 0E       		.uleb128 0xe
 1222 00bc 3A       		.uleb128 0x3a
 1223 00bd 0B       		.uleb128 0xb
 1224 00be 3B       		.uleb128 0x3b
 1225 00bf 05       		.uleb128 0x5
 1226 00c0 49       		.uleb128 0x49
 1227 00c1 13       		.uleb128 0x13
 1228 00c2 38       		.uleb128 0x38
 1229 00c3 05       		.uleb128 0x5
 1230 00c4 00       		.byte	0
 1231 00c5 00       		.byte	0
 1232 00c6 11       		.uleb128 0x11
 1233 00c7 0D       		.uleb128 0xd
 1234 00c8 00       		.byte	0
 1235 00c9 03       		.uleb128 0x3
 1236 00ca 08       		.uleb128 0x8
 1237 00cb 3A       		.uleb128 0x3a
 1238 00cc 0B       		.uleb128 0xb
 1239 00cd 3B       		.uleb128 0x3b
 1240 00ce 05       		.uleb128 0x5
 1241 00cf 49       		.uleb128 0x49
 1242 00d0 13       		.uleb128 0x13
 1243 00d1 38       		.uleb128 0x38
 1244 00d2 05       		.uleb128 0x5
 1245 00d3 00       		.byte	0
 1246 00d4 00       		.byte	0
 1247 00d5 12       		.uleb128 0x12
 1248 00d6 0D       		.uleb128 0xd
 1249 00d7 00       		.byte	0
 1250 00d8 03       		.uleb128 0x3
 1251 00d9 08       		.uleb128 0x8
 1252 00da 3A       		.uleb128 0x3a
 1253 00db 0B       		.uleb128 0xb
ARM GAS  C:\Users\Luis\AppData\Local\Temp\ccLXG1Ff.s 			page 23


 1254 00dc 3B       		.uleb128 0x3b
 1255 00dd 0B       		.uleb128 0xb
 1256 00de 49       		.uleb128 0x49
 1257 00df 13       		.uleb128 0x13
 1258 00e0 38       		.uleb128 0x38
 1259 00e1 0B       		.uleb128 0xb
 1260 00e2 00       		.byte	0
 1261 00e3 00       		.byte	0
 1262 00e4 13       		.uleb128 0x13
 1263 00e5 13       		.uleb128 0x13
 1264 00e6 01       		.byte	0x1
 1265 00e7 0B       		.uleb128 0xb
 1266 00e8 0B       		.uleb128 0xb
 1267 00e9 3A       		.uleb128 0x3a
 1268 00ea 0B       		.uleb128 0xb
 1269 00eb 3B       		.uleb128 0x3b
 1270 00ec 0B       		.uleb128 0xb
 1271 00ed 01       		.uleb128 0x1
 1272 00ee 13       		.uleb128 0x13
 1273 00ef 00       		.byte	0
 1274 00f0 00       		.byte	0
 1275 00f1 14       		.uleb128 0x14
 1276 00f2 13       		.uleb128 0x13
 1277 00f3 01       		.byte	0x1
 1278 00f4 0B       		.uleb128 0xb
 1279 00f5 05       		.uleb128 0x5
 1280 00f6 3A       		.uleb128 0x3a
 1281 00f7 0B       		.uleb128 0xb
 1282 00f8 3B       		.uleb128 0x3b
 1283 00f9 0B       		.uleb128 0xb
 1284 00fa 01       		.uleb128 0x1
 1285 00fb 13       		.uleb128 0x13
 1286 00fc 00       		.byte	0
 1287 00fd 00       		.byte	0
 1288 00fe 15       		.uleb128 0x15
 1289 00ff 01       		.uleb128 0x1
 1290 0100 01       		.byte	0x1
 1291 0101 49       		.uleb128 0x49
 1292 0102 13       		.uleb128 0x13
 1293 0103 01       		.uleb128 0x1
 1294 0104 13       		.uleb128 0x13
 1295 0105 00       		.byte	0
 1296 0106 00       		.byte	0
 1297 0107 16       		.uleb128 0x16
 1298 0108 21       		.uleb128 0x21
 1299 0109 00       		.byte	0
 1300 010a 49       		.uleb128 0x49
 1301 010b 13       		.uleb128 0x13
 1302 010c 2F       		.uleb128 0x2f
 1303 010d 0B       		.uleb128 0xb
 1304 010e 00       		.byte	0
 1305 010f 00       		.byte	0
 1306 0110 17       		.uleb128 0x17
 1307 0111 17       		.uleb128 0x17
 1308 0112 01       		.byte	0x1
 1309 0113 0B       		.uleb128 0xb
 1310 0114 0B       		.uleb128 0xb
ARM GAS  C:\Users\Luis\AppData\Local\Temp\ccLXG1Ff.s 			page 24


 1311 0115 3A       		.uleb128 0x3a
 1312 0116 0B       		.uleb128 0xb
 1313 0117 3B       		.uleb128 0x3b
 1314 0118 0B       		.uleb128 0xb
 1315 0119 01       		.uleb128 0x1
 1316 011a 13       		.uleb128 0x13
 1317 011b 00       		.byte	0
 1318 011c 00       		.byte	0
 1319 011d 18       		.uleb128 0x18
 1320 011e 0D       		.uleb128 0xd
 1321 011f 00       		.byte	0
 1322 0120 03       		.uleb128 0x3
 1323 0121 0E       		.uleb128 0xe
 1324 0122 3A       		.uleb128 0x3a
 1325 0123 0B       		.uleb128 0xb
 1326 0124 3B       		.uleb128 0x3b
 1327 0125 05       		.uleb128 0x5
 1328 0126 49       		.uleb128 0x49
 1329 0127 13       		.uleb128 0x13
 1330 0128 00       		.byte	0
 1331 0129 00       		.byte	0
 1332 012a 19       		.uleb128 0x19
 1333 012b 26       		.uleb128 0x26
 1334 012c 00       		.byte	0
 1335 012d 49       		.uleb128 0x49
 1336 012e 13       		.uleb128 0x13
 1337 012f 00       		.byte	0
 1338 0130 00       		.byte	0
 1339 0131 1A       		.uleb128 0x1a
 1340 0132 2E       		.uleb128 0x2e
 1341 0133 00       		.byte	0
 1342 0134 3F       		.uleb128 0x3f
 1343 0135 19       		.uleb128 0x19
 1344 0136 03       		.uleb128 0x3
 1345 0137 0E       		.uleb128 0xe
 1346 0138 3A       		.uleb128 0x3a
 1347 0139 0B       		.uleb128 0xb
 1348 013a 3B       		.uleb128 0x3b
 1349 013b 05       		.uleb128 0x5
 1350 013c 27       		.uleb128 0x27
 1351 013d 19       		.uleb128 0x19
 1352 013e 11       		.uleb128 0x11
 1353 013f 01       		.uleb128 0x1
 1354 0140 12       		.uleb128 0x12
 1355 0141 06       		.uleb128 0x6
 1356 0142 40       		.uleb128 0x40
 1357 0143 18       		.uleb128 0x18
 1358 0144 9642     		.uleb128 0x2116
 1359 0146 19       		.uleb128 0x19
 1360 0147 00       		.byte	0
 1361 0148 00       		.byte	0
 1362 0149 1B       		.uleb128 0x1b
 1363 014a 34       		.uleb128 0x34
 1364 014b 00       		.byte	0
 1365 014c 03       		.uleb128 0x3
 1366 014d 0E       		.uleb128 0xe
 1367 014e 3A       		.uleb128 0x3a
ARM GAS  C:\Users\Luis\AppData\Local\Temp\ccLXG1Ff.s 			page 25


 1368 014f 0B       		.uleb128 0xb
 1369 0150 3B       		.uleb128 0x3b
 1370 0151 05       		.uleb128 0x5
 1371 0152 49       		.uleb128 0x49
 1372 0153 13       		.uleb128 0x13
 1373 0154 3F       		.uleb128 0x3f
 1374 0155 19       		.uleb128 0x19
 1375 0156 3C       		.uleb128 0x3c
 1376 0157 19       		.uleb128 0x19
 1377 0158 00       		.byte	0
 1378 0159 00       		.byte	0
 1379 015a 1C       		.uleb128 0x1c
 1380 015b 34       		.uleb128 0x34
 1381 015c 00       		.byte	0
 1382 015d 03       		.uleb128 0x3
 1383 015e 08       		.uleb128 0x8
 1384 015f 3A       		.uleb128 0x3a
 1385 0160 0B       		.uleb128 0xb
 1386 0161 3B       		.uleb128 0x3b
 1387 0162 05       		.uleb128 0x5
 1388 0163 49       		.uleb128 0x49
 1389 0164 13       		.uleb128 0x13
 1390 0165 3F       		.uleb128 0x3f
 1391 0166 19       		.uleb128 0x19
 1392 0167 3C       		.uleb128 0x3c
 1393 0168 19       		.uleb128 0x19
 1394 0169 00       		.byte	0
 1395 016a 00       		.byte	0
 1396 016b 00       		.byte	0
 1397              		.section	.debug_aranges,"",%progbits
 1398 0000 1C000000 		.4byte	0x1c
 1399 0004 0200     		.2byte	0x2
 1400 0006 00000000 		.4byte	.Ldebug_info0
 1401 000a 04       		.byte	0x4
 1402 000b 00       		.byte	0
 1403 000c 0000     		.2byte	0
 1404 000e 0000     		.2byte	0
 1405 0010 00000000 		.4byte	.LFB260
 1406 0014 2A000000 		.4byte	.LFE260-.LFB260
 1407 0018 00000000 		.4byte	0
 1408 001c 00000000 		.4byte	0
 1409              		.section	.debug_ranges,"",%progbits
 1410              	.Ldebug_ranges0:
 1411 0000 00000000 		.4byte	.LFB260
 1412 0004 2A000000 		.4byte	.LFE260
 1413 0008 00000000 		.4byte	0
 1414 000c 00000000 		.4byte	0
 1415              		.section	.debug_line,"",%progbits
 1416              	.Ldebug_line0:
 1417 0000 B1010000 		.section	.debug_str,"MS",%progbits,1
 1417      02008D01 
 1417      00000201 
 1417      FB0E0D00 
 1417      01010101 
 1418              	.LASF14:
 1419 0000 72747469 		.ascii	"rttime_t\000"
 1419      6D655F74 
ARM GAS  C:\Users\Luis\AppData\Local\Temp\ccLXG1Ff.s 			page 26


 1419      00
 1420              	.LASF51:
 1421 0009 72656164 		.ascii	"ready_list_t\000"
 1421      795F6C69 
 1421      73745F74 
 1421      00
 1422              	.LASF112:
 1423 0016 77747472 		.ascii	"wttrp\000"
 1423      7000
 1424              	.LASF109:
 1425 001c 7264796D 		.ascii	"rdymsg\000"
 1425      736700
 1426              	.LASF11:
 1427 0023 75696E74 		.ascii	"uint64_t\000"
 1427      36345F74 
 1427      00
 1428              	.LASF81:
 1429 002c 6B65726E 		.ascii	"kernel_stats\000"
 1429      656C5F73 
 1429      74617473 
 1429      00
 1430              	.LASF87:
 1431 0039 706F7274 		.ascii	"port_intctx\000"
 1431      5F696E74 
 1431      63747800 
 1432              	.LASF79:
 1433 0045 76746C69 		.ascii	"vtlist\000"
 1433      737400
 1434              	.LASF100:
 1435 004c 776F7273 		.ascii	"worst\000"
 1435      7400
 1436              	.LASF103:
 1437 0052 74696D65 		.ascii	"time_measurement_t\000"
 1437      5F6D6561 
 1437      73757265 
 1437      6D656E74 
 1437      5F7400
 1438              	.LASF12:
 1439 0065 6C6F6E67 		.ascii	"long long unsigned int\000"
 1439      206C6F6E 
 1439      6720756E 
 1439      7369676E 
 1439      65642069 
 1440              	.LASF91:
 1441 007c 73655F73 		.ascii	"se_state\000"
 1441      74617465 
 1441      00
 1442              	.LASF110:
 1443 0085 65786974 		.ascii	"exitcode\000"
 1443      636F6465 
 1443      00
 1444              	.LASF80:
 1445 008e 6D61696E 		.ascii	"mainthread\000"
 1445      74687265 
 1445      616400
 1446              	.LASF67:
 1447 0099 76697274 		.ascii	"virtual_timers_list_t\000"
ARM GAS  C:\Users\Luis\AppData\Local\Temp\ccLXG1Ff.s 			page 27


 1447      75616C5F 
 1447      74696D65 
 1447      72735F6C 
 1447      6973745F 
 1448              	.LASF126:
 1449 00af 49544D5F 		.ascii	"ITM_RxBuffer\000"
 1449      52784275 
 1449      66666572 
 1449      00
 1450              	.LASF50:
 1451 00bc 63685F74 		.ascii	"ch_threads_queue\000"
 1451      68726561 
 1451      64735F71 
 1451      75657565 
 1451      00
 1452              	.LASF27:
 1453 00cd 705F7072 		.ascii	"p_prio\000"
 1453      696F00
 1454              	.LASF10:
 1455 00d4 6C6F6E67 		.ascii	"long long int\000"
 1455      206C6F6E 
 1455      6720696E 
 1455      7400
 1456              	.LASF1:
 1457 00e2 7369676E 		.ascii	"signed char\000"
 1457      65642063 
 1457      68617200 
 1458              	.LASF42:
 1459 00ee 705F6D70 		.ascii	"p_mpool\000"
 1459      6F6F6C00 
 1460              	.LASF120:
 1461 00f6 6D5F7175 		.ascii	"m_queue\000"
 1461      65756500 
 1462              	.LASF111:
 1463 00fe 77746F62 		.ascii	"wtobjp\000"
 1463      6A7000
 1464              	.LASF77:
 1465 0105 63685F73 		.ascii	"ch_system\000"
 1465      79737465 
 1465      6D00
 1466              	.LASF7:
 1467 010f 6C6F6E67 		.ascii	"long int\000"
 1467      20696E74 
 1467      00
 1468              	.LASF16:
 1469 0118 74737461 		.ascii	"tstate_t\000"
 1469      74655F74 
 1469      00
 1470              	.LASF43:
 1471 0121 705F7374 		.ascii	"p_stats\000"
 1471      61747300 
 1472              	.LASF89:
 1473 0129 73655F74 		.ascii	"se_tp\000"
 1473      7000
 1474              	.LASF29:
 1475 012f 705F6E65 		.ascii	"p_newer\000"
 1475      77657200 
ARM GAS  C:\Users\Luis\AppData\Local\Temp\ccLXG1Ff.s 			page 28


 1476              	.LASF117:
 1477 0137 735F7175 		.ascii	"s_queue\000"
 1477      65756500 
 1478              	.LASF93:
 1479 013f 74625F73 		.ascii	"tb_size\000"
 1479      697A6500 
 1480              	.LASF56:
 1481 0147 725F6E65 		.ascii	"r_newer\000"
 1481      77657200 
 1482              	.LASF84:
 1483 014f 72656761 		.ascii	"regarm_t\000"
 1483      726D5F74 
 1483      00
 1484              	.LASF63:
 1485 0158 76745F70 		.ascii	"vt_prev\000"
 1485      72657600 
 1486              	.LASF129:
 1487 0160 433A5C55 		.ascii	"C:\\Users\\Luis\\git\\DSP-Library-Lanin\\examples\\"
 1487      73657273 
 1487      5C4C7569 
 1487      735C6769 
 1487      745C4453 
 1488 018d 53544D33 		.ascii	"STM32F407_EMTECH-LWIP\000"
 1488      32463430 
 1488      375F454D 
 1488      54454348 
 1488      2D4C5749 
 1489              	.LASF71:
 1490 01a3 63685F73 		.ascii	"ch_system_debug\000"
 1490      79737465 
 1490      6D5F6465 
 1490      62756700 
 1491              	.LASF124:
 1492 01b3 6D757465 		.ascii	"mutex_t\000"
 1492      785F7400 
 1493              	.LASF74:
 1494 01bb 6C6F636B 		.ascii	"lock_cnt\000"
 1494      5F636E74 
 1494      00
 1495              	.LASF88:
 1496 01c4 73655F74 		.ascii	"se_time\000"
 1496      696D6500 
 1497              	.LASF21:
 1498 01cc 636E745F 		.ascii	"cnt_t\000"
 1498      7400
 1499              	.LASF32:
 1500 01d2 705F7374 		.ascii	"p_stklimit\000"
 1500      6B6C696D 
 1500      697400
 1501              	.LASF0:
 1502 01dd 756E7369 		.ascii	"unsigned int\000"
 1502      676E6564 
 1502      20696E74 
 1502      00
 1503              	.LASF113:
 1504 01ea 77747365 		.ascii	"wtsemp\000"
 1504      6D7000
ARM GAS  C:\Users\Luis\AppData\Local\Temp\ccLXG1Ff.s 			page 29


 1505              	.LASF70:
 1506 01f1 73797374 		.ascii	"system_debug_t\000"
 1506      656D5F64 
 1506      65627567 
 1506      5F7400
 1507              	.LASF62:
 1508 0200 76745F6E 		.ascii	"vt_next\000"
 1508      65787400 
 1509              	.LASF44:
 1510 0208 746C7350 		.ascii	"tlsPtr\000"
 1510      747200
 1511              	.LASF104:
 1512 020f 6E5F6972 		.ascii	"n_irq\000"
 1512      7100
 1513              	.LASF118:
 1514 0215 735F636E 		.ascii	"s_cnt\000"
 1514      7400
 1515              	.LASF4:
 1516 021b 73686F72 		.ascii	"short unsigned int\000"
 1516      7420756E 
 1516      7369676E 
 1516      65642069 
 1516      6E7400
 1517              	.LASF108:
 1518 022e 6B65726E 		.ascii	"kernel_stats_t\000"
 1518      656C5F73 
 1518      74617473 
 1518      5F7400
 1519              	.LASF47:
 1520 023d 63685F74 		.ascii	"ch_thread\000"
 1520      68726561 
 1520      6400
 1521              	.LASF19:
 1522 0247 6D73675F 		.ascii	"msg_t\000"
 1522      7400
 1523              	.LASF101:
 1524 024d 6C617374 		.ascii	"last\000"
 1524      00
 1525              	.LASF22:
 1526 0252 75636E74 		.ascii	"ucnt_t\000"
 1526      5F7400
 1527              	.LASF76:
 1528 0259 63685F73 		.ascii	"ch_system_t\000"
 1528      79737465 
 1528      6D5F7400 
 1529              	.LASF15:
 1530 0265 746D6F64 		.ascii	"tmode_t\000"
 1530      655F7400 
 1531              	.LASF107:
 1532 026d 6D5F6372 		.ascii	"m_crit_isr\000"
 1532      69745F69 
 1532      737200
 1533              	.LASF52:
 1534 0278 63685F72 		.ascii	"ch_ready_list\000"
 1534      65616479 
 1534      5F6C6973 
 1534      7400
ARM GAS  C:\Users\Luis\AppData\Local\Temp\ccLXG1Ff.s 			page 30


 1535              	.LASF20:
 1536 0286 6576656E 		.ascii	"eventmask_t\000"
 1536      746D6173 
 1536      6B5F7400 
 1537              	.LASF85:
 1538 0292 73746B61 		.ascii	"stkalign_t\000"
 1538      6C69676E 
 1538      5F7400
 1539              	.LASF94:
 1540 029d 74625F70 		.ascii	"tb_ptr\000"
 1540      747200
 1541              	.LASF13:
 1542 02a4 7274636E 		.ascii	"rtcnt_t\000"
 1542      745F7400 
 1543              	.LASF45:
 1544 02ac 74687265 		.ascii	"thread_reference_t\000"
 1544      61645F72 
 1544      65666572 
 1544      656E6365 
 1544      5F7400
 1545              	.LASF68:
 1546 02bf 63685F76 		.ascii	"ch_virtual_timers_list\000"
 1546      69727475 
 1546      616C5F74 
 1546      696D6572 
 1546      735F6C69 
 1547              	.LASF65:
 1548 02d6 76745F66 		.ascii	"vt_func\000"
 1548      756E6300 
 1549              	.LASF92:
 1550 02de 63685F73 		.ascii	"ch_swc_event_t\000"
 1550      77635F65 
 1550      76656E74 
 1550      5F7400
 1551              	.LASF69:
 1552 02ed 76745F6C 		.ascii	"vt_lasttime\000"
 1552      61737474 
 1552      696D6500 
 1553              	.LASF30:
 1554 02f9 705F6F6C 		.ascii	"p_older\000"
 1554      64657200 
 1555              	.LASF55:
 1556 0301 725F6374 		.ascii	"r_ctx\000"
 1556      7800
 1557              	.LASF98:
 1558 0307 746D5F63 		.ascii	"tm_calibration_t\000"
 1558      616C6962 
 1558      72617469 
 1558      6F6E5F74 
 1558      00
 1559              	.LASF58:
 1560 0318 725F6375 		.ascii	"r_current\000"
 1560      7272656E 
 1560      7400
 1561              	.LASF57:
 1562 0322 725F6F6C 		.ascii	"r_older\000"
 1562      64657200 
ARM GAS  C:\Users\Luis\AppData\Local\Temp\ccLXG1Ff.s 			page 31


 1563              	.LASF102:
 1564 032a 63756D75 		.ascii	"cumulative\000"
 1564      6C617469 
 1564      766500
 1565              	.LASF17:
 1566 0335 74726566 		.ascii	"trefs_t\000"
 1566      735F7400 
 1567              	.LASF95:
 1568 033d 74625F62 		.ascii	"tb_buffer\000"
 1568      75666665 
 1568      7200
 1569              	.LASF60:
 1570 0347 76697274 		.ascii	"virtual_timer_t\000"
 1570      75616C5F 
 1570      74696D65 
 1570      725F7400 
 1571              	.LASF26:
 1572 0357 705F7072 		.ascii	"p_prev\000"
 1572      657600
 1573              	.LASF18:
 1574 035e 74707269 		.ascii	"tprio_t\000"
 1574      6F5F7400 
 1575              	.LASF105:
 1576 0366 6E5F6374 		.ascii	"n_ctxswc\000"
 1576      78737763 
 1576      00
 1577              	.LASF125:
 1578 036f 5F426F6F 		.ascii	"_Bool\000"
 1578      6C00
 1579              	.LASF6:
 1580 0375 696E7433 		.ascii	"int32_t\000"
 1580      325F7400 
 1581              	.LASF96:
 1582 037d 63685F74 		.ascii	"ch_trace_buffer_t\000"
 1582      72616365 
 1582      5F627566 
 1582      6665725F 
 1582      7400
 1583              	.LASF40:
 1584 038f 705F6D74 		.ascii	"p_mtxlist\000"
 1584      786C6973 
 1584      7400
 1585              	.LASF3:
 1586 0399 73686F72 		.ascii	"short int\000"
 1586      7420696E 
 1586      7400
 1587              	.LASF33:
 1588 03a3 705F7374 		.ascii	"p_state\000"
 1588      61746500 
 1589              	.LASF54:
 1590 03ab 725F7072 		.ascii	"r_prio\000"
 1590      696F00
 1591              	.LASF115:
 1592 03b2 65776D61 		.ascii	"ewmask\000"
 1592      736B00
 1593              	.LASF25:
 1594 03b9 705F6E65 		.ascii	"p_next\000"
ARM GAS  C:\Users\Luis\AppData\Local\Temp\ccLXG1Ff.s 			page 32


 1594      787400
 1595              	.LASF82:
 1596 03c0 69646C65 		.ascii	"idle_thread_wa\000"
 1596      5F746872 
 1596      6561645F 
 1596      776100
 1597              	.LASF61:
 1598 03cf 63685F76 		.ascii	"ch_virtual_timer\000"
 1598      69727475 
 1598      616C5F74 
 1598      696D6572 
 1598      00
 1599              	.LASF116:
 1600 03e0 63685F73 		.ascii	"ch_semaphore\000"
 1600      656D6170 
 1600      686F7265 
 1600      00
 1601              	.LASF39:
 1602 03ed 705F6570 		.ascii	"p_epending\000"
 1602      656E6469 
 1602      6E6700
 1603              	.LASF8:
 1604 03f8 75696E74 		.ascii	"uint32_t\000"
 1604      33325F74 
 1604      00
 1605              	.LASF114:
 1606 0401 77746D74 		.ascii	"wtmtxp\000"
 1606      787000
 1607              	.LASF53:
 1608 0408 725F7175 		.ascii	"r_queue\000"
 1608      65756500 
 1609              	.LASF64:
 1610 0410 76745F64 		.ascii	"vt_delta\000"
 1610      656C7461 
 1610      00
 1611              	.LASF48:
 1612 0419 63685F74 		.ascii	"ch_threads_list\000"
 1612      68726561 
 1612      64735F6C 
 1612      69737400 
 1613              	.LASF9:
 1614 0429 6C6F6E67 		.ascii	"long unsigned int\000"
 1614      20756E73 
 1614      69676E65 
 1614      6420696E 
 1614      7400
 1615              	.LASF123:
 1616 043b 63686172 		.ascii	"char\000"
 1616      00
 1617              	.LASF24:
 1618 0440 74687265 		.ascii	"thread_t\000"
 1618      61645F74 
 1618      00
 1619              	.LASF99:
 1620 0449 62657374 		.ascii	"best\000"
 1620      00
 1621              	.LASF122:
ARM GAS  C:\Users\Luis\AppData\Local\Temp\ccLXG1Ff.s 			page 33


 1622 044e 6D5F6E65 		.ascii	"m_next\000"
 1622      787400
 1623              	.LASF23:
 1624 0455 73797374 		.ascii	"systime_t\000"
 1624      696D655F 
 1624      7400
 1625              	.LASF41:
 1626 045f 705F7265 		.ascii	"p_realprio\000"
 1626      616C7072 
 1626      696F00
 1627              	.LASF59:
 1628 046a 76746675 		.ascii	"vtfunc_t\000"
 1628      6E635F74 
 1628      00
 1629              	.LASF128:
 1630 0473 2E2E2F2E 		.ascii	"../../ChibiOS/ext/lwip/src/core/init.c\000"
 1630      2E2F4368 
 1630      6962694F 
 1630      532F6578 
 1630      742F6C77 
 1631              	.LASF72:
 1632 049a 70616E69 		.ascii	"panic_msg\000"
 1632      635F6D73 
 1632      6700
 1633              	.LASF97:
 1634 04a4 6F666673 		.ascii	"offset\000"
 1634      657400
 1635              	.LASF86:
 1636 04ab 636F6E74 		.ascii	"context\000"
 1636      65787400 
 1637              	.LASF2:
 1638 04b3 756E7369 		.ascii	"unsigned char\000"
 1638      676E6564 
 1638      20636861 
 1638      7200
 1639              	.LASF38:
 1640 04c1 705F6D73 		.ascii	"p_msg\000"
 1640      6700
 1641              	.LASF127:
 1642 04c7 474E5520 		.ascii	"GNU C 4.8.3 20131129 (release) [ARM/embedded-4_8-br"
 1642      4320342E 
 1642      382E3320 
 1642      32303133 
 1642      31313239 
 1643 04fa 616E6368 		.ascii	"anch revision 205641] -mcpu=cortex-m4 -mapcs-frame "
 1643      20726576 
 1643      6973696F 
 1643      6E203230 
 1643      35363431 
 1644 052d 2D6D6E6F 		.ascii	"-mno-thumb-interwork -mthumb -ggdb -O0 -falign-func"
 1644      2D746875 
 1644      6D622D69 
 1644      6E746572 
 1644      776F726B 
 1645 0560 74696F6E 		.ascii	"tions=16 -ffunction-sections -fdata-sections -fno-c"
 1645      733D3136 
 1645      202D6666 
ARM GAS  C:\Users\Luis\AppData\Local\Temp\ccLXG1Ff.s 			page 34


 1645      756E6374 
 1645      696F6E2D 
 1646 0593 6F6D6D6F 		.ascii	"ommon\000"
 1646      6E00
 1647              	.LASF37:
 1648 0599 705F6D73 		.ascii	"p_msgqueue\000"
 1648      67717565 
 1648      756500
 1649              	.LASF66:
 1650 05a4 76745F70 		.ascii	"vt_par\000"
 1650      617200
 1651              	.LASF49:
 1652 05ab 74687265 		.ascii	"threads_queue_t\000"
 1652      6164735F 
 1652      71756575 
 1652      655F7400 
 1653              	.LASF35:
 1654 05bb 705F7265 		.ascii	"p_refs\000"
 1654      667300
 1655              	.LASF73:
 1656 05c2 6973725F 		.ascii	"isr_cnt\000"
 1656      636E7400 
 1657              	.LASF78:
 1658 05ca 726C6973 		.ascii	"rlist\000"
 1658      7400
 1659              	.LASF5:
 1660 05d0 75696E74 		.ascii	"uint8_t\000"
 1660      385F7400 
 1661              	.LASF83:
 1662 05d8 73697A65 		.ascii	"sizetype\000"
 1662      74797065 
 1662      00
 1663              	.LASF119:
 1664 05e1 63685F6D 		.ascii	"ch_mutex\000"
 1664      75746578 
 1664      00
 1665              	.LASF31:
 1666 05ea 705F6E61 		.ascii	"p_name\000"
 1666      6D6500
 1667              	.LASF46:
 1668 05f1 74687265 		.ascii	"threads_list_t\000"
 1668      6164735F 
 1668      6C697374 
 1668      5F7400
 1669              	.LASF75:
 1670 0600 74726163 		.ascii	"trace_buffer\000"
 1670      655F6275 
 1670      66666572 
 1670      00
 1671              	.LASF34:
 1672 060d 705F666C 		.ascii	"p_flags\000"
 1672      61677300 
 1673              	.LASF130:
 1674 0615 6C776970 		.ascii	"lwip_init\000"
 1674      5F696E69 
 1674      7400
 1675              	.LASF106:
ARM GAS  C:\Users\Luis\AppData\Local\Temp\ccLXG1Ff.s 			page 35


 1676 061f 6D5F6372 		.ascii	"m_crit_thd\000"
 1676      69745F74 
 1676      686400
 1677              	.LASF121:
 1678 062a 6D5F6F77 		.ascii	"m_owner\000"
 1678      6E657200 
 1679              	.LASF90:
 1680 0632 73655F77 		.ascii	"se_wtobjp\000"
 1680      746F626A 
 1680      7000
 1681              	.LASF28:
 1682 063c 705F6374 		.ascii	"p_ctx\000"
 1682      7800
 1683              	.LASF36:
 1684 0642 705F7761 		.ascii	"p_waiting\000"
 1684      6974696E 
 1684      6700
 1685              		.ident	"GCC: (GNU Tools for ARM Embedded Processors) 4.8.3 20131129 (release) [ARM/embedded-4_8-br
ARM GAS  C:\Users\Luis\AppData\Local\Temp\ccLXG1Ff.s 			page 36


DEFINED SYMBOLS
                            *ABS*:00000000 init.c
C:\Users\Luis\AppData\Local\Temp\ccLXG1Ff.s:19     .text.lwip_init:00000000 $t
C:\Users\Luis\AppData\Local\Temp\ccLXG1Ff.s:25     .text.lwip_init:00000000 lwip_init
                     .debug_frame:00000010 $d

UNDEFINED SYMBOLS
stats_init
sys_init
mem_init
memp_init
netif_init
lwip_socket_init
udp_init
tcp_init
sys_timeouts_init
