ARM GAS  C:\Users\Luis\AppData\Local\Temp\ccokiG0D.s 			page 1


   1              		.syntax unified
   2              		.cpu cortex-m4
   3              		.fpu softvfp
   4              		.eabi_attribute 20, 1
   5              		.eabi_attribute 21, 1
   6              		.eabi_attribute 23, 3
   7              		.eabi_attribute 24, 1
   8              		.eabi_attribute 25, 1
   9              		.eabi_attribute 26, 1
  10              		.eabi_attribute 30, 6
  11              		.eabi_attribute 34, 1
  12              		.eabi_attribute 18, 4
  13              		.thumb
  14              		.file	"stats.c"
  15              		.text
  16              	.Ltext0:
  17              		.cfi_sections	.debug_frame
  18              		.global	lwip_stats
  19              		.section	.bss.lwip_stats,"aw",%nobits
  20              		.align	2
  21              		.type	lwip_stats, %object
  22              		.size	lwip_stats, 336
  23              	lwip_stats:
  24 0000 00000000 		.space	336
  24      00000000 
  24      00000000 
  24      00000000 
  24      00000000 
  25              		.section	.text.stats_init,"ax",%progbits
  26              		.align	2
  27              		.p2align 4,,15
  28              		.global	stats_init
  29              		.thumb
  30              		.thumb_func
  31              		.type	stats_init, %function
  32              	stats_init:
  33              	.LFB260:
  34              		.file 1 "../../ChibiOS/ext/lwip/src/core/stats.c"
  35              		.loc 1 52 0
  36              		.cfi_startproc
  37              		@ args = 0, pretend = 0, frame = 0
  38              		@ frame_needed = 1, uses_anonymous_args = 0
  39              		@ link register save eliminated.
  40 0000 80B4     		push	{r7}
  41              		.cfi_def_cfa_offset 4
  42              		.cfi_offset 7, -4
  43 0002 00AF     		add	r7, sp, #0
  44              		.cfi_def_cfa_register 7
  45              		.loc 1 68 0
  46 0004 BD46     		mov	sp, r7
  47              		@ sp needed
  48 0006 5DF8047B 		ldr	r7, [sp], #4
  49 000a 7047     		bx	lr
  50              		.cfi_endproc
  51              	.LFE260:
  52              		.size	stats_init, .-stats_init
  53 000c AFF30080 		.text
ARM GAS  C:\Users\Luis\AppData\Local\Temp\ccokiG0D.s 			page 2


  54              	.Letext0:
  55              		.file 2 "c:\\emtechesdk\\gcc\\lib\\gcc\\arm-none-eabi\\4.8.3\\include\\stddef.h"
  56              		.file 3 "c:\\emtechesdk\\gcc\\arm-none-eabi\\include\\stdint.h"
  57              		.file 4 "../../ChibiOS/os/rt/ports/ARMCMx/compilers/GCC/chtypes.h"
  58              		.file 5 "../../ChibiOS/os/rt/include/chsystypes.h"
  59              		.file 6 "../../ChibiOS/os/rt/include/chschd.h"
  60              		.file 7 "../../ChibiOS/os/rt/ports/ARMCMx/chcore.h"
  61              		.file 8 "../../ChibiOS/os/rt/ports/ARMCMx/chcore_v7m.h"
  62              		.file 9 "../../ChibiOS/os/rt/include/chdebug.h"
  63              		.file 10 "../../ChibiOS/os/rt/include/chtm.h"
  64              		.file 11 "../../ChibiOS/os/rt/include/chstats.h"
  65              		.file 12 "../../ChibiOS/os/rt/include/chsem.h"
  66              		.file 13 "../../ChibiOS/os/rt/include/chmtx.h"
  67              		.file 14 "../../ChibiOS/os/various/lwip_bindings/arch/cc.h"
  68              		.file 15 "../../ChibiOS/ext/lwip/src/include/lwip/mem.h"
  69              		.file 16 "../../ChibiOS/ext/lwip/src/include/lwip/stats.h"
  70              		.file 17 "../../ChibiOS/os/ext/CMSIS/include/core_cm4.h"
  71              		.file 18 "../../ChibiOS/ext/lwip/src/include/lwip/memp.h"
  72              		.section	.debug_info,"",%progbits
  73              	.Ldebug_info0:
  74 0000 380A0000 		.4byte	0xa38
  75 0004 0400     		.2byte	0x4
  76 0006 00000000 		.4byte	.Ldebug_abbrev0
  77 000a 04       		.byte	0x4
  78 000b 01       		.uleb128 0x1
  79 000c EE050000 		.4byte	.LASF172
  80 0010 01       		.byte	0x1
  81 0011 12070000 		.4byte	.LASF173
  82 0015 11020000 		.4byte	.LASF174
  83 0019 00000000 		.4byte	.Ldebug_ranges0+0
  84 001d 00000000 		.4byte	0
  85 0021 00000000 		.4byte	.Ldebug_line0
  86 0025 02       		.uleb128 0x2
  87 0026 04       		.byte	0x4
  88 0027 05       		.byte	0x5
  89 0028 696E7400 		.ascii	"int\000"
  90 002c 03       		.uleb128 0x3
  91 002d 1C000000 		.4byte	.LASF2
  92 0031 02       		.byte	0x2
  93 0032 D4       		.byte	0xd4
  94 0033 37000000 		.4byte	0x37
  95 0037 04       		.uleb128 0x4
  96 0038 04       		.byte	0x4
  97 0039 07       		.byte	0x7
  98 003a A3020000 		.4byte	.LASF0
  99 003e 04       		.uleb128 0x4
 100 003f 01       		.byte	0x1
 101 0040 06       		.byte	0x6
 102 0041 22010000 		.4byte	.LASF1
 103 0045 03       		.uleb128 0x3
 104 0046 8D070000 		.4byte	.LASF3
 105 004a 03       		.byte	0x3
 106 004b 2A       		.byte	0x2a
 107 004c 50000000 		.4byte	0x50
 108 0050 04       		.uleb128 0x4
 109 0051 01       		.byte	0x1
 110 0052 08       		.byte	0x8
ARM GAS  C:\Users\Luis\AppData\Local\Temp\ccokiG0D.s 			page 3


 111 0053 C7040000 		.4byte	.LASF4
 112 0057 04       		.uleb128 0x4
 113 0058 02       		.byte	0x2
 114 0059 05       		.byte	0x5
 115 005a EC040000 		.4byte	.LASF5
 116 005e 03       		.uleb128 0x3
 117 005f A9010000 		.4byte	.LASF6
 118 0063 03       		.byte	0x3
 119 0064 36       		.byte	0x36
 120 0065 69000000 		.4byte	0x69
 121 0069 04       		.uleb128 0x4
 122 006a 02       		.byte	0x2
 123 006b 07       		.byte	0x7
 124 006c F9020000 		.4byte	.LASF7
 125 0070 03       		.uleb128 0x3
 126 0071 BF040000 		.4byte	.LASF8
 127 0075 03       		.byte	0x3
 128 0076 4F       		.byte	0x4f
 129 0077 7B000000 		.4byte	0x7b
 130 007b 04       		.uleb128 0x4
 131 007c 04       		.byte	0x4
 132 007d 05       		.byte	0x5
 133 007e 76010000 		.4byte	.LASF9
 134 0082 03       		.uleb128 0x3
 135 0083 87050000 		.4byte	.LASF10
 136 0087 03       		.byte	0x3
 137 0088 50       		.byte	0x50
 138 0089 8D000000 		.4byte	0x8d
 139 008d 04       		.uleb128 0x4
 140 008e 04       		.byte	0x4
 141 008f 07       		.byte	0x7
 142 0090 2E010000 		.4byte	.LASF11
 143 0094 04       		.uleb128 0x4
 144 0095 08       		.byte	0x8
 145 0096 05       		.byte	0x5
 146 0097 14010000 		.4byte	.LASF12
 147 009b 03       		.uleb128 0x3
 148 009c 2A000000 		.4byte	.LASF13
 149 00a0 03       		.byte	0x3
 150 00a1 78       		.byte	0x78
 151 00a2 A6000000 		.4byte	0xa6
 152 00a6 04       		.uleb128 0x4
 153 00a7 08       		.byte	0x8
 154 00a8 07       		.byte	0x7
 155 00a9 87000000 		.4byte	.LASF14
 156 00ad 05       		.uleb128 0x5
 157 00ae 70000000 		.4byte	0x70
 158 00b2 03       		.uleb128 0x3
 159 00b3 0A070000 		.4byte	.LASF15
 160 00b7 04       		.byte	0x4
 161 00b8 45       		.byte	0x45
 162 00b9 82000000 		.4byte	0x82
 163 00bd 03       		.uleb128 0x3
 164 00be 04010000 		.4byte	.LASF16
 165 00c2 04       		.byte	0x4
 166 00c3 46       		.byte	0x46
 167 00c4 9B000000 		.4byte	0x9b
ARM GAS  C:\Users\Luis\AppData\Local\Temp\ccokiG0D.s 			page 4


 168 00c8 03       		.uleb128 0x3
 169 00c9 58030000 		.4byte	.LASF17
 170 00cd 04       		.byte	0x4
 171 00ce 48       		.byte	0x48
 172 00cf 45000000 		.4byte	0x45
 173 00d3 03       		.uleb128 0x3
 174 00d4 8C010000 		.4byte	.LASF18
 175 00d8 04       		.byte	0x4
 176 00d9 49       		.byte	0x49
 177 00da 45000000 		.4byte	0x45
 178 00de 03       		.uleb128 0x3
 179 00df 79040000 		.4byte	.LASF19
 180 00e3 04       		.byte	0x4
 181 00e4 4A       		.byte	0x4a
 182 00e5 45000000 		.4byte	0x45
 183 00e9 03       		.uleb128 0x3
 184 00ea A2040000 		.4byte	.LASF20
 185 00ee 04       		.byte	0x4
 186 00ef 4C       		.byte	0x4c
 187 00f0 82000000 		.4byte	0x82
 188 00f4 03       		.uleb128 0x3
 189 00f5 3A030000 		.4byte	.LASF21
 190 00f9 04       		.byte	0x4
 191 00fa 4D       		.byte	0x4d
 192 00fb 70000000 		.4byte	0x70
 193 00ff 03       		.uleb128 0x3
 194 0100 79030000 		.4byte	.LASF22
 195 0104 04       		.byte	0x4
 196 0105 4F       		.byte	0x4f
 197 0106 82000000 		.4byte	0x82
 198 010a 03       		.uleb128 0x3
 199 010b 8A020000 		.4byte	.LASF23
 200 010f 04       		.byte	0x4
 201 0110 51       		.byte	0x51
 202 0111 70000000 		.4byte	0x70
 203 0115 03       		.uleb128 0x3
 204 0116 45030000 		.4byte	.LASF24
 205 011a 04       		.byte	0x4
 206 011b 52       		.byte	0x52
 207 011c 82000000 		.4byte	0x82
 208 0120 03       		.uleb128 0x3
 209 0121 CC060000 		.4byte	.LASF25
 210 0125 05       		.byte	0x5
 211 0126 33       		.byte	0x33
 212 0127 82000000 		.4byte	0x82
 213 012b 03       		.uleb128 0x3
 214 012c 7A070000 		.4byte	.LASF26
 215 0130 05       		.byte	0x5
 216 0131 3F       		.byte	0x3f
 217 0132 36010000 		.4byte	0x136
 218 0136 06       		.uleb128 0x6
 219 0137 1B030000 		.4byte	.LASF49
 220 013b 68       		.byte	0x68
 221 013c 06       		.byte	0x6
 222 013d C2       		.byte	0xc2
 223 013e 49020000 		.4byte	0x249
 224 0142 07       		.uleb128 0x7
ARM GAS  C:\Users\Luis\AppData\Local\Temp\ccokiG0D.s 			page 5


 225 0143 11050000 		.4byte	.LASF27
 226 0147 06       		.byte	0x6
 227 0148 C3       		.byte	0xc3
 228 0149 54020000 		.4byte	0x254
 229 014d 00       		.byte	0
 230 014e 07       		.uleb128 0x7
 231 014f 9B040000 		.4byte	.LASF28
 232 0153 06       		.byte	0x6
 233 0154 C5       		.byte	0xc5
 234 0155 54020000 		.4byte	0x254
 235 0159 04       		.byte	0x4
 236 015a 07       		.uleb128 0x7
 237 015b 0D010000 		.4byte	.LASF29
 238 015f 06       		.byte	0x6
 239 0160 C7       		.byte	0xc7
 240 0161 E9000000 		.4byte	0xe9
 241 0165 08       		.byte	0x8
 242 0166 07       		.uleb128 0x7
 243 0167 F9070000 		.4byte	.LASF30
 244 016b 06       		.byte	0x6
 245 016c C8       		.byte	0xc8
 246 016d BD040000 		.4byte	0x4bd
 247 0171 0C       		.byte	0xc
 248 0172 07       		.uleb128 0x7
 249 0173 C7010000 		.4byte	.LASF31
 250 0177 06       		.byte	0x6
 251 0178 CA       		.byte	0xca
 252 0179 54020000 		.4byte	0x254
 253 017d 10       		.byte	0x10
 254 017e 07       		.uleb128 0x7
 255 017f 06040000 		.4byte	.LASF32
 256 0183 06       		.byte	0x6
 257 0184 CB       		.byte	0xcb
 258 0185 54020000 		.4byte	0x254
 259 0189 14       		.byte	0x14
 260 018a 07       		.uleb128 0x7
 261 018b A7070000 		.4byte	.LASF33
 262 018f 06       		.byte	0x6
 263 0190 D2       		.byte	0xd2
 264 0191 61070000 		.4byte	0x761
 265 0195 18       		.byte	0x18
 266 0196 07       		.uleb128 0x7
 267 0197 98020000 		.4byte	.LASF34
 268 019b 06       		.byte	0x6
 269 019c D8       		.byte	0xd8
 270 019d 73070000 		.4byte	0x773
 271 01a1 1C       		.byte	0x1c
 272 01a2 07       		.uleb128 0x7
 273 01a3 F6040000 		.4byte	.LASF35
 274 01a7 06       		.byte	0x6
 275 01a8 DD       		.byte	0xdd
 276 01a9 D3000000 		.4byte	0xd3
 277 01ad 20       		.byte	0x20
 278 01ae 07       		.uleb128 0x7
 279 01af 23050000 		.4byte	.LASF36
 280 01b3 06       		.byte	0x6
 281 01b4 E1       		.byte	0xe1
ARM GAS  C:\Users\Luis\AppData\Local\Temp\ccokiG0D.s 			page 6


 282 01b5 C8000000 		.4byte	0xc8
 283 01b9 21       		.byte	0x21
 284 01ba 07       		.uleb128 0x7
 285 01bb 95010000 		.4byte	.LASF37
 286 01bf 06       		.byte	0x6
 287 01c0 E6       		.byte	0xe6
 288 01c1 DE000000 		.4byte	0xde
 289 01c5 22       		.byte	0x22
 290 01c6 08       		.uleb128 0x8
 291 01c7 705F7500 		.ascii	"p_u\000"
 292 01cb 06       		.byte	0x6
 293 01cc 3101     		.2byte	0x131
 294 01ce 9C060000 		.4byte	0x69c
 295 01d2 24       		.byte	0x24
 296 01d3 09       		.uleb128 0x9
 297 01d4 A3030000 		.4byte	.LASF38
 298 01d8 06       		.byte	0x6
 299 01d9 3601     		.2byte	0x136
 300 01db 5A020000 		.4byte	0x25a
 301 01df 28       		.byte	0x28
 302 01e0 09       		.uleb128 0x9
 303 01e1 C9020000 		.4byte	.LASF39
 304 01e5 06       		.byte	0x6
 305 01e6 3C01     		.2byte	0x13c
 306 01e8 7E020000 		.4byte	0x27e
 307 01ec 2C       		.byte	0x2c
 308 01ed 09       		.uleb128 0x9
 309 01ee D6070000 		.4byte	.LASF40
 310 01f2 06       		.byte	0x6
 311 01f3 4001     		.2byte	0x140
 312 01f5 F4000000 		.4byte	0xf4
 313 01f9 34       		.byte	0x34
 314 01fa 09       		.uleb128 0x9
 315 01fb 6B050000 		.4byte	.LASF41
 316 01ff 06       		.byte	0x6
 317 0200 4601     		.2byte	0x146
 318 0202 FF000000 		.4byte	0xff
 319 0206 38       		.byte	0x38
 320 0207 09       		.uleb128 0x9
 321 0208 E2040000 		.4byte	.LASF42
 322 020c 06       		.byte	0x6
 323 020d 4D01     		.2byte	0x14d
 324 020f 5B070000 		.4byte	0x75b
 325 0213 3C       		.byte	0x3c
 326 0214 09       		.uleb128 0x9
 327 0215 D6060000 		.4byte	.LASF43
 328 0219 06       		.byte	0x6
 329 021a 5101     		.2byte	0x151
 330 021c E9000000 		.4byte	0xe9
 331 0220 40       		.byte	0x40
 332 0221 09       		.uleb128 0x9
 333 0222 40010000 		.4byte	.LASF44
 334 0226 06       		.byte	0x6
 335 0227 5801     		.2byte	0x158
 336 0229 31030000 		.4byte	0x331
 337 022d 44       		.byte	0x44
 338 022e 09       		.uleb128 0x9
ARM GAS  C:\Users\Luis\AppData\Local\Temp\ccokiG0D.s 			page 7


 339 022f 2B050000 		.4byte	.LASF45
 340 0233 06       		.byte	0x6
 341 0234 5E01     		.2byte	0x15e
 342 0236 4D060000 		.4byte	0x64d
 343 023a 48       		.byte	0x48
 344 023b 09       		.uleb128 0x9
 345 023c D9020000 		.4byte	.LASF46
 346 0240 06       		.byte	0x6
 347 0241 6201     		.2byte	0x162
 348 0243 31030000 		.4byte	0x331
 349 0247 60       		.byte	0x60
 350 0248 00       		.byte	0
 351 0249 03       		.uleb128 0x3
 352 024a B6030000 		.4byte	.LASF47
 353 024e 05       		.byte	0x5
 354 024f 44       		.byte	0x44
 355 0250 54020000 		.4byte	0x254
 356 0254 0A       		.uleb128 0xa
 357 0255 04       		.byte	0x4
 358 0256 2B010000 		.4byte	0x12b
 359 025a 03       		.uleb128 0x3
 360 025b AE070000 		.4byte	.LASF48
 361 025f 05       		.byte	0x5
 362 0260 49       		.byte	0x49
 363 0261 65020000 		.4byte	0x265
 364 0265 06       		.uleb128 0x6
 365 0266 A8050000 		.4byte	.LASF50
 366 026a 04       		.byte	0x4
 367 026b 06       		.byte	0x6
 368 026c B0       		.byte	0xb0
 369 026d 7E020000 		.4byte	0x27e
 370 0271 07       		.uleb128 0x7
 371 0272 11050000 		.4byte	.LASF27
 372 0276 06       		.byte	0x6
 373 0277 B1       		.byte	0xb1
 374 0278 54020000 		.4byte	0x254
 375 027c 00       		.byte	0
 376 027d 00       		.byte	0
 377 027e 03       		.uleb128 0x3
 378 027f 52070000 		.4byte	.LASF51
 379 0283 05       		.byte	0x5
 380 0284 50       		.byte	0x50
 381 0285 89020000 		.4byte	0x289
 382 0289 06       		.uleb128 0x6
 383 028a 47000000 		.4byte	.LASF52
 384 028e 08       		.byte	0x8
 385 028f 06       		.byte	0x6
 386 0290 B7       		.byte	0xb7
 387 0291 AE020000 		.4byte	0x2ae
 388 0295 07       		.uleb128 0x7
 389 0296 11050000 		.4byte	.LASF27
 390 029a 06       		.byte	0x6
 391 029b B8       		.byte	0xb8
 392 029c 54020000 		.4byte	0x254
 393 02a0 00       		.byte	0
 394 02a1 07       		.uleb128 0x7
 395 02a2 9B040000 		.4byte	.LASF28
ARM GAS  C:\Users\Luis\AppData\Local\Temp\ccokiG0D.s 			page 8


 396 02a6 06       		.byte	0x6
 397 02a7 B9       		.byte	0xb9
 398 02a8 54020000 		.4byte	0x254
 399 02ac 04       		.byte	0x4
 400 02ad 00       		.byte	0
 401 02ae 03       		.uleb128 0x3
 402 02af 07000000 		.4byte	.LASF53
 403 02b3 05       		.byte	0x5
 404 02b4 57       		.byte	0x57
 405 02b5 B9020000 		.4byte	0x2b9
 406 02b9 0B       		.uleb128 0xb
 407 02ba 6B030000 		.4byte	.LASF54
 408 02be 1C       		.byte	0x1c
 409 02bf 06       		.byte	0x6
 410 02c0 9001     		.2byte	0x190
 411 02c2 15030000 		.4byte	0x315
 412 02c6 09       		.uleb128 0x9
 413 02c7 97050000 		.4byte	.LASF55
 414 02cb 06       		.byte	0x6
 415 02cc 9101     		.2byte	0x191
 416 02ce 7E020000 		.4byte	0x27e
 417 02d2 00       		.byte	0
 418 02d3 09       		.uleb128 0x9
 419 02d4 FE040000 		.4byte	.LASF56
 420 02d8 06       		.byte	0x6
 421 02d9 9201     		.2byte	0x192
 422 02db E9000000 		.4byte	0xe9
 423 02df 08       		.byte	0x8
 424 02e0 09       		.uleb128 0x9
 425 02e1 0E040000 		.4byte	.LASF57
 426 02e5 06       		.byte	0x6
 427 02e6 9401     		.2byte	0x194
 428 02e8 BD040000 		.4byte	0x4bd
 429 02ec 0C       		.byte	0xc
 430 02ed 09       		.uleb128 0x9
 431 02ee DF010000 		.4byte	.LASF58
 432 02f2 06       		.byte	0x6
 433 02f3 9701     		.2byte	0x197
 434 02f5 54020000 		.4byte	0x254
 435 02f9 10       		.byte	0x10
 436 02fa 09       		.uleb128 0x9
 437 02fb 3D040000 		.4byte	.LASF59
 438 02ff 06       		.byte	0x6
 439 0300 9801     		.2byte	0x198
 440 0302 54020000 		.4byte	0x254
 441 0306 14       		.byte	0x14
 442 0307 09       		.uleb128 0x9
 443 0308 33040000 		.4byte	.LASF60
 444 030c 06       		.byte	0x6
 445 030d 9B01     		.2byte	0x19b
 446 030f 54020000 		.4byte	0x254
 447 0313 18       		.byte	0x18
 448 0314 00       		.byte	0
 449 0315 03       		.uleb128 0x3
 450 0316 E1060000 		.4byte	.LASF61
 451 031a 05       		.byte	0x5
 452 031b 5C       		.byte	0x5c
ARM GAS  C:\Users\Luis\AppData\Local\Temp\ccokiG0D.s 			page 9


 453 031c 20030000 		.4byte	0x320
 454 0320 0A       		.uleb128 0xa
 455 0321 04       		.byte	0x4
 456 0322 26030000 		.4byte	0x326
 457 0326 0C       		.uleb128 0xc
 458 0327 31030000 		.4byte	0x331
 459 032b 0D       		.uleb128 0xd
 460 032c 31030000 		.4byte	0x331
 461 0330 00       		.byte	0
 462 0331 0E       		.uleb128 0xe
 463 0332 04       		.byte	0x4
 464 0333 03       		.uleb128 0x3
 465 0334 8B040000 		.4byte	.LASF62
 466 0338 05       		.byte	0x5
 467 0339 61       		.byte	0x61
 468 033a 3E030000 		.4byte	0x33e
 469 033e 0B       		.uleb128 0xb
 470 033f 3E050000 		.4byte	.LASF63
 471 0343 14       		.byte	0x14
 472 0344 06       		.byte	0x6
 473 0345 6B01     		.2byte	0x16b
 474 0347 8D030000 		.4byte	0x38d
 475 034b 09       		.uleb128 0x9
 476 034c B0020000 		.4byte	.LASF64
 477 0350 06       		.byte	0x6
 478 0351 6C01     		.2byte	0x16c
 479 0353 79070000 		.4byte	0x779
 480 0357 00       		.byte	0
 481 0358 09       		.uleb128 0x9
 482 0359 04020000 		.4byte	.LASF65
 483 035d 06       		.byte	0x6
 484 035e 6D01     		.2byte	0x16d
 485 0360 79070000 		.4byte	0x779
 486 0364 04       		.byte	0x4
 487 0365 09       		.uleb128 0x9
 488 0366 9F050000 		.4byte	.LASF66
 489 036a 06       		.byte	0x6
 490 036b 6E01     		.2byte	0x16e
 491 036d 20010000 		.4byte	0x120
 492 0371 08       		.byte	0x8
 493 0372 09       		.uleb128 0x9
 494 0373 FF070000 		.4byte	.LASF67
 495 0377 06       		.byte	0x6
 496 0378 6F01     		.2byte	0x16f
 497 037a 15030000 		.4byte	0x315
 498 037e 0C       		.byte	0xc
 499 037f 09       		.uleb128 0x9
 500 0380 3A070000 		.4byte	.LASF68
 501 0384 06       		.byte	0x6
 502 0385 7101     		.2byte	0x171
 503 0387 31030000 		.4byte	0x331
 504 038b 10       		.byte	0x10
 505 038c 00       		.byte	0
 506 038d 03       		.uleb128 0x3
 507 038e E5000000 		.4byte	.LASF69
 508 0392 05       		.byte	0x5
 509 0393 66       		.byte	0x66
ARM GAS  C:\Users\Luis\AppData\Local\Temp\ccokiG0D.s 			page 10


 510 0394 98030000 		.4byte	0x398
 511 0398 0B       		.uleb128 0xb
 512 0399 C9030000 		.4byte	.LASF70
 513 039d 10       		.byte	0x10
 514 039e 06       		.byte	0x6
 515 039f 7B01     		.2byte	0x17b
 516 03a1 DA030000 		.4byte	0x3da
 517 03a5 09       		.uleb128 0x9
 518 03a6 B0020000 		.4byte	.LASF64
 519 03aa 06       		.byte	0x6
 520 03ab 7C01     		.2byte	0x17c
 521 03ad 79070000 		.4byte	0x779
 522 03b1 00       		.byte	0
 523 03b2 09       		.uleb128 0x9
 524 03b3 04020000 		.4byte	.LASF65
 525 03b7 06       		.byte	0x6
 526 03b8 7E01     		.2byte	0x17e
 527 03ba 79070000 		.4byte	0x779
 528 03be 04       		.byte	0x4
 529 03bf 09       		.uleb128 0x9
 530 03c0 9F050000 		.4byte	.LASF66
 531 03c4 06       		.byte	0x6
 532 03c5 8001     		.2byte	0x180
 533 03c7 20010000 		.4byte	0x120
 534 03cb 08       		.byte	0x8
 535 03cc 09       		.uleb128 0x9
 536 03cd EF030000 		.4byte	.LASF71
 537 03d1 06       		.byte	0x6
 538 03d2 8801     		.2byte	0x188
 539 03d4 20010000 		.4byte	0x120
 540 03d8 0C       		.byte	0xc
 541 03d9 00       		.byte	0
 542 03da 03       		.uleb128 0x3
 543 03db 58000000 		.4byte	.LASF72
 544 03df 05       		.byte	0x5
 545 03e0 6B       		.byte	0x6b
 546 03e1 E5030000 		.4byte	0x3e5
 547 03e5 0F       		.uleb128 0xf
 548 03e6 54020000 		.4byte	.LASF73
 549 03ea 1404     		.2byte	0x414
 550 03ec 06       		.byte	0x6
 551 03ed A201     		.2byte	0x1a2
 552 03ef 28040000 		.4byte	0x428
 553 03f3 09       		.uleb128 0x9
 554 03f4 F1060000 		.4byte	.LASF74
 555 03f8 06       		.byte	0x6
 556 03f9 AA01     		.2byte	0x1aa
 557 03fb 7F070000 		.4byte	0x77f
 558 03ff 00       		.byte	0
 559 0400 09       		.uleb128 0x9
 560 0401 72070000 		.4byte	.LASF75
 561 0405 06       		.byte	0x6
 562 0406 AF01     		.2byte	0x1af
 563 0408 0A010000 		.4byte	0x10a
 564 040c 04       		.byte	0x4
 565 040d 09       		.uleb128 0x9
 566 040e 72020000 		.4byte	.LASF76
ARM GAS  C:\Users\Luis\AppData\Local\Temp\ccokiG0D.s 			page 11


 567 0412 06       		.byte	0x6
 568 0413 B301     		.2byte	0x1b3
 569 0415 0A010000 		.4byte	0x10a
 570 0419 08       		.byte	0x8
 571 041a 09       		.uleb128 0x9
 572 041b BD070000 		.4byte	.LASF77
 573 041f 06       		.byte	0x6
 574 0420 B901     		.2byte	0x1b9
 575 0422 DF050000 		.4byte	0x5df
 576 0426 0C       		.byte	0xc
 577 0427 00       		.byte	0
 578 0428 03       		.uleb128 0x3
 579 0429 4C030000 		.4byte	.LASF78
 580 042d 05       		.byte	0x5
 581 042e 70       		.byte	0x70
 582 042f 33040000 		.4byte	0x433
 583 0433 0F       		.uleb128 0xf
 584 0434 6C010000 		.4byte	.LASF79
 585 0438 E805     		.2byte	0x5e8
 586 043a 06       		.byte	0x6
 587 043b C201     		.2byte	0x1c2
 588 043d A0040000 		.4byte	0x4a0
 589 0441 09       		.uleb128 0x9
 590 0442 64020000 		.4byte	.LASF80
 591 0446 06       		.byte	0x6
 592 0447 C601     		.2byte	0x1c6
 593 0449 AE020000 		.4byte	0x2ae
 594 044d 00       		.byte	0
 595 044e 09       		.uleb128 0x9
 596 044f 50010000 		.4byte	.LASF81
 597 0453 06       		.byte	0x6
 598 0454 CA01     		.2byte	0x1ca
 599 0456 8D030000 		.4byte	0x38d
 600 045a 1C       		.byte	0x1c
 601 045b 08       		.uleb128 0x8
 602 045c 64626700 		.ascii	"dbg\000"
 603 0460 06       		.byte	0x6
 604 0461 CE01     		.2byte	0x1ce
 605 0463 DA030000 		.4byte	0x3da
 606 0467 2C       		.byte	0x2c
 607 0468 10       		.uleb128 0x10
 608 0469 33050000 		.4byte	.LASF82
 609 046d 06       		.byte	0x6
 610 046e D201     		.2byte	0x1d2
 611 0470 2B010000 		.4byte	0x12b
 612 0474 4004     		.2byte	0x440
 613 0476 11       		.uleb128 0x11
 614 0477 746D00   		.ascii	"tm\000"
 615 047a 06       		.byte	0x6
 616 047b D701     		.2byte	0x1d7
 617 047d FF050000 		.4byte	0x5ff
 618 0481 A804     		.2byte	0x4a8
 619 0483 10       		.uleb128 0x10
 620 0484 6C040000 		.4byte	.LASF83
 621 0488 06       		.byte	0x6
 622 0489 DD01     		.2byte	0x1dd
 623 048b 91060000 		.4byte	0x691
ARM GAS  C:\Users\Luis\AppData\Local\Temp\ccokiG0D.s 			page 12


 624 048f B004     		.2byte	0x4b0
 625 0491 10       		.uleb128 0x10
 626 0492 7B020000 		.4byte	.LASF84
 627 0496 06       		.byte	0x6
 628 0497 E301     		.2byte	0x1e3
 629 0499 84070000 		.4byte	0x784
 630 049d E804     		.2byte	0x4e8
 631 049f 00       		.byte	0
 632 04a0 04       		.uleb128 0x4
 633 04a1 04       		.byte	0x4
 634 04a2 07       		.byte	0x7
 635 04a3 AD030000 		.4byte	.LASF85
 636 04a7 03       		.uleb128 0x3
 637 04a8 FB010000 		.4byte	.LASF86
 638 04ac 07       		.byte	0x7
 639 04ad 65       		.byte	0x65
 640 04ae 31030000 		.4byte	0x331
 641 04b2 03       		.uleb128 0x3
 642 04b3 8F030000 		.4byte	.LASF87
 643 04b7 07       		.byte	0x7
 644 04b8 6D       		.byte	0x6d
 645 04b9 9B000000 		.4byte	0x9b
 646 04bd 06       		.uleb128 0x6
 647 04be 02070000 		.4byte	.LASF88
 648 04c2 04       		.byte	0x4
 649 04c3 07       		.byte	0x7
 650 04c4 89       		.byte	0x89
 651 04c5 D6040000 		.4byte	0x4d6
 652 04c9 12       		.uleb128 0x12
 653 04ca 72313300 		.ascii	"r13\000"
 654 04ce 07       		.byte	0x7
 655 04cf 8A       		.byte	0x8a
 656 04d0 51050000 		.4byte	0x551
 657 04d4 00       		.byte	0
 658 04d5 00       		.byte	0
 659 04d6 06       		.uleb128 0x6
 660 04d7 3B000000 		.4byte	.LASF89
 661 04db 24       		.byte	0x24
 662 04dc 08       		.byte	0x8
 663 04dd F4       		.byte	0xf4
 664 04de 51050000 		.4byte	0x551
 665 04e2 08       		.uleb128 0x8
 666 04e3 723400   		.ascii	"r4\000"
 667 04e6 08       		.byte	0x8
 668 04e7 0701     		.2byte	0x107
 669 04e9 A7040000 		.4byte	0x4a7
 670 04ed 00       		.byte	0
 671 04ee 08       		.uleb128 0x8
 672 04ef 723500   		.ascii	"r5\000"
 673 04f2 08       		.byte	0x8
 674 04f3 0801     		.2byte	0x108
 675 04f5 A7040000 		.4byte	0x4a7
 676 04f9 04       		.byte	0x4
 677 04fa 08       		.uleb128 0x8
 678 04fb 723600   		.ascii	"r6\000"
 679 04fe 08       		.byte	0x8
 680 04ff 0901     		.2byte	0x109
ARM GAS  C:\Users\Luis\AppData\Local\Temp\ccokiG0D.s 			page 13


 681 0501 A7040000 		.4byte	0x4a7
 682 0505 08       		.byte	0x8
 683 0506 08       		.uleb128 0x8
 684 0507 723700   		.ascii	"r7\000"
 685 050a 08       		.byte	0x8
 686 050b 0A01     		.2byte	0x10a
 687 050d A7040000 		.4byte	0x4a7
 688 0511 0C       		.byte	0xc
 689 0512 08       		.uleb128 0x8
 690 0513 723800   		.ascii	"r8\000"
 691 0516 08       		.byte	0x8
 692 0517 0B01     		.2byte	0x10b
 693 0519 A7040000 		.4byte	0x4a7
 694 051d 10       		.byte	0x10
 695 051e 08       		.uleb128 0x8
 696 051f 723900   		.ascii	"r9\000"
 697 0522 08       		.byte	0x8
 698 0523 0C01     		.2byte	0x10c
 699 0525 A7040000 		.4byte	0x4a7
 700 0529 14       		.byte	0x14
 701 052a 08       		.uleb128 0x8
 702 052b 72313000 		.ascii	"r10\000"
 703 052f 08       		.byte	0x8
 704 0530 0D01     		.2byte	0x10d
 705 0532 A7040000 		.4byte	0x4a7
 706 0536 18       		.byte	0x18
 707 0537 08       		.uleb128 0x8
 708 0538 72313100 		.ascii	"r11\000"
 709 053c 08       		.byte	0x8
 710 053d 0E01     		.2byte	0x10e
 711 053f A7040000 		.4byte	0x4a7
 712 0543 1C       		.byte	0x1c
 713 0544 08       		.uleb128 0x8
 714 0545 6C7200   		.ascii	"lr\000"
 715 0548 08       		.byte	0x8
 716 0549 0F01     		.2byte	0x10f
 717 054b A7040000 		.4byte	0x4a7
 718 054f 20       		.byte	0x20
 719 0550 00       		.byte	0
 720 0551 0A       		.uleb128 0xa
 721 0552 04       		.byte	0x4
 722 0553 D6040000 		.4byte	0x4d6
 723 0557 13       		.uleb128 0x13
 724 0558 10       		.byte	0x10
 725 0559 09       		.byte	0x9
 726 055a 51       		.byte	0x51
 727 055b 90050000 		.4byte	0x590
 728 055f 07       		.uleb128 0x7
 729 0560 14000000 		.4byte	.LASF90
 730 0564 09       		.byte	0x9
 731 0565 55       		.byte	0x55
 732 0566 20010000 		.4byte	0x120
 733 056a 00       		.byte	0
 734 056b 07       		.uleb128 0x7
 735 056c 9C010000 		.4byte	.LASF91
 736 0570 09       		.byte	0x9
 737 0571 59       		.byte	0x59
ARM GAS  C:\Users\Luis\AppData\Local\Temp\ccokiG0D.s 			page 14


 738 0572 54020000 		.4byte	0x254
 739 0576 04       		.byte	0x4
 740 0577 07       		.uleb128 0x7
 741 0578 EF070000 		.4byte	.LASF92
 742 057c 09       		.byte	0x9
 743 057d 5D       		.byte	0x5d
 744 057e 31030000 		.4byte	0x331
 745 0582 08       		.byte	0x8
 746 0583 07       		.uleb128 0x7
 747 0584 B0000000 		.4byte	.LASF93
 748 0588 09       		.byte	0x9
 749 0589 61       		.byte	0x61
 750 058a 45000000 		.4byte	0x45
 751 058e 0C       		.byte	0xc
 752 058f 00       		.byte	0
 753 0590 03       		.uleb128 0x3
 754 0591 E0030000 		.4byte	.LASF94
 755 0595 09       		.byte	0x9
 756 0596 62       		.byte	0x62
 757 0597 57050000 		.4byte	0x557
 758 059b 14       		.uleb128 0x14
 759 059c 0804     		.2byte	0x408
 760 059e 09       		.byte	0x9
 761 059f 67       		.byte	0x67
 762 05a0 C9050000 		.4byte	0x5c9
 763 05a4 07       		.uleb128 0x7
 764 05a5 D7010000 		.4byte	.LASF95
 765 05a9 09       		.byte	0x9
 766 05aa 6B       		.byte	0x6b
 767 05ab 37000000 		.4byte	0x37
 768 05af 00       		.byte	0
 769 05b0 07       		.uleb128 0x7
 770 05b1 00000000 		.4byte	.LASF96
 771 05b5 09       		.byte	0x9
 772 05b6 6F       		.byte	0x6f
 773 05b7 C9050000 		.4byte	0x5c9
 774 05bb 04       		.byte	0x4
 775 05bc 07       		.uleb128 0x7
 776 05bd 81040000 		.4byte	.LASF97
 777 05c1 09       		.byte	0x9
 778 05c2 73       		.byte	0x73
 779 05c3 CF050000 		.4byte	0x5cf
 780 05c7 08       		.byte	0x8
 781 05c8 00       		.byte	0
 782 05c9 0A       		.uleb128 0xa
 783 05ca 04       		.byte	0x4
 784 05cb 90050000 		.4byte	0x590
 785 05cf 15       		.uleb128 0x15
 786 05d0 90050000 		.4byte	0x590
 787 05d4 DF050000 		.4byte	0x5df
 788 05d8 16       		.uleb128 0x16
 789 05d9 A0040000 		.4byte	0x4a0
 790 05dd 3F       		.byte	0x3f
 791 05de 00       		.byte	0
 792 05df 03       		.uleb128 0x3
 793 05e0 9E000000 		.4byte	.LASF98
 794 05e4 09       		.byte	0x9
ARM GAS  C:\Users\Luis\AppData\Local\Temp\ccokiG0D.s 			page 15


 795 05e5 74       		.byte	0x74
 796 05e6 9B050000 		.4byte	0x59b
 797 05ea 13       		.uleb128 0x13
 798 05eb 04       		.byte	0x4
 799 05ec 0A       		.byte	0xa
 800 05ed 38       		.byte	0x38
 801 05ee FF050000 		.4byte	0x5ff
 802 05f2 07       		.uleb128 0x7
 803 05f3 FB060000 		.4byte	.LASF99
 804 05f7 0A       		.byte	0xa
 805 05f8 3C       		.byte	0x3c
 806 05f9 B2000000 		.4byte	0xb2
 807 05fd 00       		.byte	0
 808 05fe 00       		.byte	0
 809 05ff 03       		.uleb128 0x3
 810 0600 14040000 		.4byte	.LASF100
 811 0604 0A       		.byte	0xa
 812 0605 3D       		.byte	0x3d
 813 0606 EA050000 		.4byte	0x5ea
 814 060a 13       		.uleb128 0x13
 815 060b 18       		.byte	0x18
 816 060c 0A       		.byte	0xa
 817 060d 48       		.byte	0x48
 818 060e 4D060000 		.4byte	0x64d
 819 0612 07       		.uleb128 0x7
 820 0613 C0060000 		.4byte	.LASF101
 821 0617 0A       		.byte	0xa
 822 0618 49       		.byte	0x49
 823 0619 B2000000 		.4byte	0xb2
 824 061d 00       		.byte	0
 825 061e 07       		.uleb128 0x7
 826 061f 67000000 		.4byte	.LASF102
 827 0623 0A       		.byte	0xa
 828 0624 4A       		.byte	0x4a
 829 0625 B2000000 		.4byte	0xb2
 830 0629 04       		.byte	0x4
 831 062a 07       		.uleb128 0x7
 832 062b 40030000 		.4byte	.LASF103
 833 062f 0A       		.byte	0xa
 834 0630 4B       		.byte	0x4b
 835 0631 B2000000 		.4byte	0xb2
 836 0635 08       		.byte	0x8
 837 0636 12       		.uleb128 0x12
 838 0637 6E00     		.ascii	"n\000"
 839 0639 0A       		.byte	0xa
 840 063a 4C       		.byte	0x4c
 841 063b 15010000 		.4byte	0x115
 842 063f 0C       		.byte	0xc
 843 0640 07       		.uleb128 0x7
 844 0641 51040000 		.4byte	.LASF104
 845 0645 0A       		.byte	0xa
 846 0646 4D       		.byte	0x4d
 847 0647 BD000000 		.4byte	0xbd
 848 064b 10       		.byte	0x10
 849 064c 00       		.byte	0
 850 064d 03       		.uleb128 0x3
 851 064e 6D000000 		.4byte	.LASF105
ARM GAS  C:\Users\Luis\AppData\Local\Temp\ccokiG0D.s 			page 16


 852 0652 0A       		.byte	0xa
 853 0653 4E       		.byte	0x4e
 854 0654 0A060000 		.4byte	0x60a
 855 0658 13       		.uleb128 0x13
 856 0659 38       		.byte	0x38
 857 065a 0B       		.byte	0xb
 858 065b 38       		.byte	0x38
 859 065c 91060000 		.4byte	0x691
 860 0660 07       		.uleb128 0x7
 861 0661 E0020000 		.4byte	.LASF106
 862 0665 0B       		.byte	0xb
 863 0666 39       		.byte	0x39
 864 0667 15010000 		.4byte	0x115
 865 066b 00       		.byte	0
 866 066c 07       		.uleb128 0x7
 867 066d B0040000 		.4byte	.LASF107
 868 0671 0B       		.byte	0xb
 869 0672 3A       		.byte	0x3a
 870 0673 15010000 		.4byte	0x115
 871 0677 04       		.byte	0x4
 872 0678 07       		.uleb128 0x7
 873 0679 DC070000 		.4byte	.LASF108
 874 067d 0B       		.byte	0xb
 875 067e 3B       		.byte	0x3b
 876 067f 4D060000 		.4byte	0x64d
 877 0683 08       		.byte	0x8
 878 0684 07       		.uleb128 0x7
 879 0685 60030000 		.4byte	.LASF109
 880 0689 0B       		.byte	0xb
 881 068a 3D       		.byte	0x3d
 882 068b 4D060000 		.4byte	0x64d
 883 068f 20       		.byte	0x20
 884 0690 00       		.byte	0
 885 0691 03       		.uleb128 0x3
 886 0692 0C030000 		.4byte	.LASF110
 887 0696 0B       		.byte	0xb
 888 0697 3F       		.byte	0x3f
 889 0698 58060000 		.4byte	0x658
 890 069c 17       		.uleb128 0x17
 891 069d 04       		.byte	0x4
 892 069e 06       		.byte	0x6
 893 069f FA       		.byte	0xfa
 894 06a0 F9060000 		.4byte	0x6f9
 895 06a4 18       		.uleb128 0x18
 896 06a5 23000000 		.4byte	.LASF111
 897 06a9 06       		.byte	0x6
 898 06aa 0101     		.2byte	0x101
 899 06ac F4000000 		.4byte	0xf4
 900 06b0 18       		.uleb128 0x18
 901 06b1 B9000000 		.4byte	.LASF112
 902 06b5 06       		.byte	0x6
 903 06b6 0801     		.2byte	0x108
 904 06b8 F4000000 		.4byte	0xf4
 905 06bc 18       		.uleb128 0x18
 906 06bd A0070000 		.4byte	.LASF113
 907 06c1 06       		.byte	0x6
 908 06c2 0F01     		.2byte	0x10f
ARM GAS  C:\Users\Luis\AppData\Local\Temp\ccokiG0D.s 			page 17


 909 06c4 31030000 		.4byte	0x331
 910 06c8 18       		.uleb128 0x18
 911 06c9 66010000 		.4byte	.LASF114
 912 06cd 06       		.byte	0x6
 913 06ce 1601     		.2byte	0x116
 914 06d0 F9060000 		.4byte	0x6f9
 915 06d4 18       		.uleb128 0x18
 916 06d5 B8020000 		.4byte	.LASF115
 917 06d9 06       		.byte	0x6
 918 06da 1E01     		.2byte	0x11e
 919 06dc 24070000 		.4byte	0x724
 920 06e0 18       		.uleb128 0x18
 921 06e1 90050000 		.4byte	.LASF116
 922 06e5 06       		.byte	0x6
 923 06e6 2701     		.2byte	0x127
 924 06e8 5B070000 		.4byte	0x75b
 925 06ec 18       		.uleb128 0x18
 926 06ed 0A050000 		.4byte	.LASF117
 927 06f1 06       		.byte	0x6
 928 06f2 2F01     		.2byte	0x12f
 929 06f4 FF000000 		.4byte	0xff
 930 06f8 00       		.byte	0
 931 06f9 0A       		.uleb128 0xa
 932 06fa 04       		.byte	0x4
 933 06fb 49020000 		.4byte	0x249
 934 06ff 06       		.uleb128 0x6
 935 0700 5E050000 		.4byte	.LASF118
 936 0704 0C       		.byte	0xc
 937 0705 0C       		.byte	0xc
 938 0706 34       		.byte	0x34
 939 0707 24070000 		.4byte	0x724
 940 070b 07       		.uleb128 0x7
 941 070c CF010000 		.4byte	.LASF119
 942 0710 0C       		.byte	0xc
 943 0711 35       		.byte	0x35
 944 0712 7E020000 		.4byte	0x27e
 945 0716 00       		.byte	0
 946 0717 07       		.uleb128 0x7
 947 0718 F3020000 		.4byte	.LASF120
 948 071c 0C       		.byte	0xc
 949 071d 37       		.byte	0x37
 950 071e 0A010000 		.4byte	0x10a
 951 0722 08       		.byte	0x8
 952 0723 00       		.byte	0
 953 0724 0A       		.uleb128 0xa
 954 0725 04       		.byte	0x4
 955 0726 FF060000 		.4byte	0x6ff
 956 072a 06       		.uleb128 0x6
 957 072b 62070000 		.4byte	.LASF121
 958 072f 10       		.byte	0x10
 959 0730 0D       		.byte	0xd
 960 0731 39       		.byte	0x39
 961 0732 5B070000 		.4byte	0x75b
 962 0736 07       		.uleb128 0x7
 963 0737 48010000 		.4byte	.LASF122
 964 073b 0D       		.byte	0xd
 965 073c 3A       		.byte	0x3a
ARM GAS  C:\Users\Luis\AppData\Local\Temp\ccokiG0D.s 			page 18


 966 073d 7E020000 		.4byte	0x27e
 967 0741 00       		.byte	0
 968 0742 07       		.uleb128 0x7
 969 0743 E7070000 		.4byte	.LASF123
 970 0747 0D       		.byte	0xd
 971 0748 3C       		.byte	0x3c
 972 0749 54020000 		.4byte	0x254
 973 074d 08       		.byte	0x8
 974 074e 07       		.uleb128 0x7
 975 074f C5060000 		.4byte	.LASF124
 976 0753 0D       		.byte	0xd
 977 0754 3E       		.byte	0x3e
 978 0755 9F070000 		.4byte	0x79f
 979 0759 0C       		.byte	0xc
 980 075a 00       		.byte	0
 981 075b 0A       		.uleb128 0xa
 982 075c 04       		.byte	0x4
 983 075d 2A070000 		.4byte	0x72a
 984 0761 0A       		.uleb128 0xa
 985 0762 04       		.byte	0x4
 986 0763 67070000 		.4byte	0x767
 987 0767 19       		.uleb128 0x19
 988 0768 6C070000 		.4byte	0x76c
 989 076c 04       		.uleb128 0x4
 990 076d 01       		.byte	0x1
 991 076e 08       		.byte	0x8
 992 076f CB050000 		.4byte	.LASF125
 993 0773 0A       		.uleb128 0xa
 994 0774 04       		.byte	0x4
 995 0775 B2040000 		.4byte	0x4b2
 996 0779 0A       		.uleb128 0xa
 997 077a 04       		.byte	0x4
 998 077b 33030000 		.4byte	0x333
 999 077f 05       		.uleb128 0x5
 1000 0780 61070000 		.4byte	0x761
 1001 0784 15       		.uleb128 0x15
 1002 0785 B2040000 		.4byte	0x4b2
 1003 0789 94070000 		.4byte	0x794
 1004 078d 16       		.uleb128 0x16
 1005 078e A0040000 		.4byte	0x4a0
 1006 0792 1F       		.byte	0x1f
 1007 0793 00       		.byte	0
 1008 0794 03       		.uleb128 0x3
 1009 0795 6A020000 		.4byte	.LASF126
 1010 0799 0D       		.byte	0xd
 1011 079a 34       		.byte	0x34
 1012 079b 2A070000 		.4byte	0x72a
 1013 079f 0A       		.uleb128 0xa
 1014 07a0 04       		.byte	0x4
 1015 07a1 94070000 		.4byte	0x794
 1016 07a5 04       		.uleb128 0x4
 1017 07a6 01       		.byte	0x1
 1018 07a7 02       		.byte	0x2
 1019 07a8 B9040000 		.4byte	.LASF127
 1020 07ac 03       		.uleb128 0x3
 1021 07ad 41070000 		.4byte	.LASF128
 1022 07b1 0E       		.byte	0xe
ARM GAS  C:\Users\Luis\AppData\Local\Temp\ccokiG0D.s 			page 19


 1023 07b2 3A       		.byte	0x3a
 1024 07b3 5E000000 		.4byte	0x5e
 1025 07b7 03       		.uleb128 0x3
 1026 07b8 47070000 		.4byte	.LASF129
 1027 07bc 0F       		.byte	0xf
 1028 07bd 4C       		.byte	0x4c
 1029 07be AC070000 		.4byte	0x7ac
 1030 07c2 1A       		.uleb128 0x1a
 1031 07c3 01       		.byte	0x1
 1032 07c4 12       		.byte	0x12
 1033 07c5 2B       		.byte	0x2b
 1034 07c6 25080000 		.4byte	0x825
 1035 07ca 1B       		.uleb128 0x1b
 1036 07cb 7F010000 		.4byte	.LASF130
 1037 07cf 00       		.sleb128 0
 1038 07d0 1B       		.uleb128 0x1b
 1039 07d1 BA010000 		.4byte	.LASF131
 1040 07d5 01       		.sleb128 1
 1041 07d6 1B       		.uleb128 0x1b
 1042 07d7 E6020000 		.4byte	.LASF132
 1043 07db 02       		.sleb128 2
 1044 07dc 1B       		.uleb128 0x1b
 1045 07dd E7010000 		.4byte	.LASF133
 1046 07e1 03       		.sleb128 3
 1047 07e2 1B       		.uleb128 0x1b
 1048 07e3 D8000000 		.4byte	.LASF134
 1049 07e7 04       		.sleb128 4
 1050 07e8 1B       		.uleb128 0x1b
 1051 07e9 57010000 		.4byte	.LASF135
 1052 07ed 05       		.sleb128 5
 1053 07ee 1B       		.uleb128 0x1b
 1054 07ef 4F050000 		.4byte	.LASF136
 1055 07f3 06       		.sleb128 6
 1056 07f4 1B       		.uleb128 0x1b
 1057 07f5 D0050000 		.4byte	.LASF137
 1058 07f9 07       		.sleb128 7
 1059 07fa 1B       		.uleb128 0x1b
 1060 07fb E1050000 		.4byte	.LASF138
 1061 07ff 08       		.sleb128 8
 1062 0800 1B       		.uleb128 0x1b
 1063 0801 B8050000 		.4byte	.LASF139
 1064 0805 09       		.sleb128 9
 1065 0806 1B       		.uleb128 0x1b
 1066 0807 25030000 		.4byte	.LASF140
 1067 080b 0A       		.sleb128 10
 1068 080c 1B       		.uleb128 0x1b
 1069 080d 76050000 		.4byte	.LASF141
 1070 0811 0B       		.sleb128 11
 1071 0812 1B       		.uleb128 0x1b
 1072 0813 BF020000 		.4byte	.LASF142
 1073 0817 0C       		.sleb128 12
 1074 0818 1B       		.uleb128 0x1b
 1075 0819 C2000000 		.4byte	.LASF143
 1076 081d 0D       		.sleb128 13
 1077 081e 1B       		.uleb128 0x1b
 1078 081f 9A030000 		.4byte	.LASF144
 1079 0823 0E       		.sleb128 14
ARM GAS  C:\Users\Luis\AppData\Local\Temp\ccokiG0D.s 			page 20


 1080 0824 00       		.byte	0
 1081 0825 06       		.uleb128 0x6
 1082 0826 CA070000 		.4byte	.LASF145
 1083 082a 18       		.byte	0x18
 1084 082b 10       		.byte	0x10
 1085 082c 3A       		.byte	0x3a
 1086 082d C1080000 		.4byte	0x8c1
 1087 0831 07       		.uleb128 0x7
 1088 0832 95070000 		.4byte	.LASF146
 1089 0836 10       		.byte	0x10
 1090 0837 3B       		.byte	0x3b
 1091 0838 AC070000 		.4byte	0x7ac
 1092 083c 00       		.byte	0
 1093 083d 07       		.uleb128 0x7
 1094 083e D4020000 		.4byte	.LASF147
 1095 0842 10       		.byte	0x10
 1096 0843 3C       		.byte	0x3c
 1097 0844 AC070000 		.4byte	0x7ac
 1098 0848 02       		.byte	0x2
 1099 0849 12       		.uleb128 0x12
 1100 084a 667700   		.ascii	"fw\000"
 1101 084d 10       		.byte	0x10
 1102 084e 3D       		.byte	0x3d
 1103 084f AC070000 		.4byte	0x7ac
 1104 0853 04       		.byte	0x4
 1105 0854 07       		.uleb128 0x7
 1106 0855 05050000 		.4byte	.LASF148
 1107 0859 10       		.byte	0x10
 1108 085a 3E       		.byte	0x3e
 1109 085b AC070000 		.4byte	0x7ac
 1110 085f 06       		.byte	0x6
 1111 0860 07       		.uleb128 0x7
 1112 0861 80000000 		.4byte	.LASF149
 1113 0865 10       		.byte	0x10
 1114 0866 3F       		.byte	0x3f
 1115 0867 AC070000 		.4byte	0x7ac
 1116 086b 08       		.byte	0x8
 1117 086c 07       		.uleb128 0x7
 1118 086d 6B070000 		.4byte	.LASF150
 1119 0871 10       		.byte	0x10
 1120 0872 40       		.byte	0x40
 1121 0873 AC070000 		.4byte	0x7ac
 1122 0877 0A       		.byte	0xa
 1123 0878 07       		.uleb128 0x7
 1124 0879 D1000000 		.4byte	.LASF151
 1125 087d 10       		.byte	0x10
 1126 087e 41       		.byte	0x41
 1127 087f AC070000 		.4byte	0x7ac
 1128 0883 0C       		.byte	0xc
 1129 0884 07       		.uleb128 0x7
 1130 0885 66040000 		.4byte	.LASF152
 1131 0889 10       		.byte	0x10
 1132 088a 42       		.byte	0x42
 1133 088b AC070000 		.4byte	0x7ac
 1134 088f 0E       		.byte	0xe
 1135 0890 07       		.uleb128 0x7
 1136 0891 90020000 		.4byte	.LASF153
ARM GAS  C:\Users\Luis\AppData\Local\Temp\ccokiG0D.s 			page 21


 1137 0895 10       		.byte	0x10
 1138 0896 43       		.byte	0x43
 1139 0897 AC070000 		.4byte	0x7ac
 1140 089b 10       		.byte	0x10
 1141 089c 07       		.uleb128 0x7
 1142 089d EA060000 		.4byte	.LASF154
 1143 08a1 10       		.byte	0x10
 1144 08a2 44       		.byte	0x44
 1145 08a3 AC070000 		.4byte	0x7ac
 1146 08a7 12       		.byte	0x12
 1147 08a8 12       		.uleb128 0x12
 1148 08a9 65727200 		.ascii	"err\000"
 1149 08ad 10       		.byte	0x10
 1150 08ae 45       		.byte	0x45
 1151 08af AC070000 		.4byte	0x7ac
 1152 08b3 14       		.byte	0x14
 1153 08b4 07       		.uleb128 0x7
 1154 08b5 FB000000 		.4byte	.LASF155
 1155 08b9 10       		.byte	0x10
 1156 08ba 46       		.byte	0x46
 1157 08bb AC070000 		.4byte	0x7ac
 1158 08bf 16       		.byte	0x16
 1159 08c0 00       		.byte	0
 1160 08c1 06       		.uleb128 0x6
 1161 08c2 83070000 		.4byte	.LASF156
 1162 08c6 0A       		.byte	0xa
 1163 08c7 10       		.byte	0x10
 1164 08c8 5A       		.byte	0x5a
 1165 08c9 0A090000 		.4byte	0x90a
 1166 08cd 07       		.uleb128 0x7
 1167 08ce 9A070000 		.4byte	.LASF157
 1168 08d2 10       		.byte	0x10
 1169 08d3 5E       		.byte	0x5e
 1170 08d4 B7070000 		.4byte	0x7b7
 1171 08d8 00       		.byte	0
 1172 08d9 07       		.uleb128 0x7
 1173 08da 5C040000 		.4byte	.LASF158
 1174 08de 10       		.byte	0x10
 1175 08df 5F       		.byte	0x5f
 1176 08e0 B7070000 		.4byte	0x7b7
 1177 08e4 02       		.byte	0x2
 1178 08e5 12       		.uleb128 0x12
 1179 08e6 6D617800 		.ascii	"max\000"
 1180 08ea 10       		.byte	0x10
 1181 08eb 60       		.byte	0x60
 1182 08ec B7070000 		.4byte	0x7b7
 1183 08f0 04       		.byte	0x4
 1184 08f1 12       		.uleb128 0x12
 1185 08f2 65727200 		.ascii	"err\000"
 1186 08f6 10       		.byte	0x10
 1187 08f7 61       		.byte	0x61
 1188 08f8 AC070000 		.4byte	0x7ac
 1189 08fc 06       		.byte	0x6
 1190 08fd 07       		.uleb128 0x7
 1191 08fe B2010000 		.4byte	.LASF159
 1192 0902 10       		.byte	0x10
 1193 0903 62       		.byte	0x62
ARM GAS  C:\Users\Luis\AppData\Local\Temp\ccokiG0D.s 			page 22


 1194 0904 AC070000 		.4byte	0x7ac
 1195 0908 08       		.byte	0x8
 1196 0909 00       		.byte	0
 1197 090a 06       		.uleb128 0x6
 1198 090b 25040000 		.4byte	.LASF160
 1199 090f 06       		.byte	0x6
 1200 0910 10       		.byte	0x10
 1201 0911 65       		.byte	0x65
 1202 0912 3B090000 		.4byte	0x93b
 1203 0916 07       		.uleb128 0x7
 1204 0917 5C040000 		.4byte	.LASF158
 1205 091b 10       		.byte	0x10
 1206 091c 66       		.byte	0x66
 1207 091d AC070000 		.4byte	0x7ac
 1208 0921 00       		.byte	0
 1209 0922 12       		.uleb128 0x12
 1210 0923 6D617800 		.ascii	"max\000"
 1211 0927 10       		.byte	0x10
 1212 0928 67       		.byte	0x67
 1213 0929 AC070000 		.4byte	0x7ac
 1214 092d 02       		.byte	0x2
 1215 092e 12       		.uleb128 0x12
 1216 092f 65727200 		.ascii	"err\000"
 1217 0933 10       		.byte	0x10
 1218 0934 68       		.byte	0x68
 1219 0935 AC070000 		.4byte	0x7ac
 1220 0939 04       		.byte	0x4
 1221 093a 00       		.byte	0
 1222 093b 06       		.uleb128 0x6
 1223 093c 85030000 		.4byte	.LASF161
 1224 0940 12       		.byte	0x12
 1225 0941 10       		.byte	0x10
 1226 0942 6B       		.byte	0x6b
 1227 0943 6C090000 		.4byte	0x96c
 1228 0947 12       		.uleb128 0x12
 1229 0948 73656D00 		.ascii	"sem\000"
 1230 094c 10       		.byte	0x10
 1231 094d 6C       		.byte	0x6c
 1232 094e 0A090000 		.4byte	0x90a
 1233 0952 00       		.byte	0
 1234 0953 07       		.uleb128 0x7
 1235 0954 AA040000 		.4byte	.LASF162
 1236 0958 10       		.byte	0x10
 1237 0959 6D       		.byte	0x6d
 1238 095a 0A090000 		.4byte	0x90a
 1239 095e 06       		.byte	0x6
 1240 095f 07       		.uleb128 0x7
 1241 0960 61040000 		.4byte	.LASF163
 1242 0964 10       		.byte	0x10
 1243 0965 6E       		.byte	0x6e
 1244 0966 0A090000 		.4byte	0x90a
 1245 096a 0C       		.byte	0xc
 1246 096b 00       		.byte	0
 1247 096c 1C       		.uleb128 0x1c
 1248 096d 45040000 		.4byte	.LASF164
 1249 0971 5001     		.2byte	0x150
 1250 0973 10       		.byte	0x10
ARM GAS  C:\Users\Luis\AppData\Local\Temp\ccokiG0D.s 			page 23


 1251 0974 71       		.byte	0x71
 1252 0975 F2090000 		.4byte	0x9f2
 1253 0979 07       		.uleb128 0x7
 1254 097a 0C020000 		.4byte	.LASF165
 1255 097e 10       		.byte	0x10
 1256 097f 73       		.byte	0x73
 1257 0980 25080000 		.4byte	0x825
 1258 0984 00       		.byte	0
 1259 0985 07       		.uleb128 0x7
 1260 0986 A2010000 		.4byte	.LASF166
 1261 098a 10       		.byte	0x10
 1262 098b 76       		.byte	0x76
 1263 098c 25080000 		.4byte	0x825
 1264 0990 18       		.byte	0x18
 1265 0991 07       		.uleb128 0x7
 1266 0992 33000000 		.4byte	.LASF167
 1267 0996 10       		.byte	0x10
 1268 0997 79       		.byte	0x79
 1269 0998 25080000 		.4byte	0x825
 1270 099c 30       		.byte	0x30
 1271 099d 12       		.uleb128 0x12
 1272 099e 697000   		.ascii	"ip\000"
 1273 09a1 10       		.byte	0x10
 1274 09a2 7C       		.byte	0x7c
 1275 09a3 25080000 		.4byte	0x825
 1276 09a7 48       		.byte	0x48
 1277 09a8 07       		.uleb128 0x7
 1278 09a9 4C040000 		.4byte	.LASF168
 1279 09ad 10       		.byte	0x10
 1280 09ae 7F       		.byte	0x7f
 1281 09af 25080000 		.4byte	0x825
 1282 09b3 60       		.byte	0x60
 1283 09b4 12       		.uleb128 0x12
 1284 09b5 75647000 		.ascii	"udp\000"
 1285 09b9 10       		.byte	0x10
 1286 09ba 85       		.byte	0x85
 1287 09bb 25080000 		.4byte	0x825
 1288 09bf 78       		.byte	0x78
 1289 09c0 12       		.uleb128 0x12
 1290 09c1 74637000 		.ascii	"tcp\000"
 1291 09c5 10       		.byte	0x10
 1292 09c6 88       		.byte	0x88
 1293 09c7 25080000 		.4byte	0x825
 1294 09cb 90       		.byte	0x90
 1295 09cc 12       		.uleb128 0x12
 1296 09cd 6D656D00 		.ascii	"mem\000"
 1297 09d1 10       		.byte	0x10
 1298 09d2 8B       		.byte	0x8b
 1299 09d3 C1080000 		.4byte	0x8c1
 1300 09d7 A8       		.byte	0xa8
 1301 09d8 07       		.uleb128 0x7
 1302 09d9 DC050000 		.4byte	.LASF169
 1303 09dd 10       		.byte	0x10
 1304 09de 8E       		.byte	0x8e
 1305 09df F2090000 		.4byte	0x9f2
 1306 09e3 B2       		.byte	0xb2
 1307 09e4 1D       		.uleb128 0x1d
ARM GAS  C:\Users\Luis\AppData\Local\Temp\ccokiG0D.s 			page 24


 1308 09e5 73797300 		.ascii	"sys\000"
 1309 09e9 10       		.byte	0x10
 1310 09ea 91       		.byte	0x91
 1311 09eb 3B090000 		.4byte	0x93b
 1312 09ef 3E01     		.2byte	0x13e
 1313 09f1 00       		.byte	0
 1314 09f2 15       		.uleb128 0x15
 1315 09f3 C1080000 		.4byte	0x8c1
 1316 09f7 020A0000 		.4byte	0xa02
 1317 09fb 16       		.uleb128 0x16
 1318 09fc A0040000 		.4byte	0x4a0
 1319 0a00 0D       		.byte	0xd
 1320 0a01 00       		.byte	0
 1321 0a02 1E       		.uleb128 0x1e
 1322 0a03 FB030000 		.4byte	.LASF175
 1323 0a07 01       		.byte	0x1
 1324 0a08 33       		.byte	0x33
 1325 0a09 00000000 		.4byte	.LFB260
 1326 0a0d 0C000000 		.4byte	.LFE260-.LFB260
 1327 0a11 01       		.uleb128 0x1
 1328 0a12 9C       		.byte	0x9c
 1329 0a13 1F       		.uleb128 0x1f
 1330 0a14 D5040000 		.4byte	.LASF170
 1331 0a18 11       		.byte	0x11
 1332 0a19 A706     		.2byte	0x6a7
 1333 0a1b AD000000 		.4byte	0xad
 1334 0a1f 20       		.uleb128 0x20
 1335 0a20 636800   		.ascii	"ch\000"
 1336 0a23 06       		.byte	0x6
 1337 0a24 0902     		.2byte	0x209
 1338 0a26 28040000 		.4byte	0x428
 1339 0a2a 21       		.uleb128 0x21
 1340 0a2b 18050000 		.4byte	.LASF171
 1341 0a2f 01       		.byte	0x1
 1342 0a30 31       		.byte	0x31
 1343 0a31 6C090000 		.4byte	0x96c
 1344 0a35 05       		.uleb128 0x5
 1345 0a36 03       		.byte	0x3
 1346 0a37 00000000 		.4byte	lwip_stats
 1347 0a3b 00       		.byte	0
 1348              		.section	.debug_abbrev,"",%progbits
 1349              	.Ldebug_abbrev0:
 1350 0000 01       		.uleb128 0x1
 1351 0001 11       		.uleb128 0x11
 1352 0002 01       		.byte	0x1
 1353 0003 25       		.uleb128 0x25
 1354 0004 0E       		.uleb128 0xe
 1355 0005 13       		.uleb128 0x13
 1356 0006 0B       		.uleb128 0xb
 1357 0007 03       		.uleb128 0x3
 1358 0008 0E       		.uleb128 0xe
 1359 0009 1B       		.uleb128 0x1b
 1360 000a 0E       		.uleb128 0xe
 1361 000b 55       		.uleb128 0x55
 1362 000c 17       		.uleb128 0x17
 1363 000d 11       		.uleb128 0x11
 1364 000e 01       		.uleb128 0x1
ARM GAS  C:\Users\Luis\AppData\Local\Temp\ccokiG0D.s 			page 25


 1365 000f 10       		.uleb128 0x10
 1366 0010 17       		.uleb128 0x17
 1367 0011 00       		.byte	0
 1368 0012 00       		.byte	0
 1369 0013 02       		.uleb128 0x2
 1370 0014 24       		.uleb128 0x24
 1371 0015 00       		.byte	0
 1372 0016 0B       		.uleb128 0xb
 1373 0017 0B       		.uleb128 0xb
 1374 0018 3E       		.uleb128 0x3e
 1375 0019 0B       		.uleb128 0xb
 1376 001a 03       		.uleb128 0x3
 1377 001b 08       		.uleb128 0x8
 1378 001c 00       		.byte	0
 1379 001d 00       		.byte	0
 1380 001e 03       		.uleb128 0x3
 1381 001f 16       		.uleb128 0x16
 1382 0020 00       		.byte	0
 1383 0021 03       		.uleb128 0x3
 1384 0022 0E       		.uleb128 0xe
 1385 0023 3A       		.uleb128 0x3a
 1386 0024 0B       		.uleb128 0xb
 1387 0025 3B       		.uleb128 0x3b
 1388 0026 0B       		.uleb128 0xb
 1389 0027 49       		.uleb128 0x49
 1390 0028 13       		.uleb128 0x13
 1391 0029 00       		.byte	0
 1392 002a 00       		.byte	0
 1393 002b 04       		.uleb128 0x4
 1394 002c 24       		.uleb128 0x24
 1395 002d 00       		.byte	0
 1396 002e 0B       		.uleb128 0xb
 1397 002f 0B       		.uleb128 0xb
 1398 0030 3E       		.uleb128 0x3e
 1399 0031 0B       		.uleb128 0xb
 1400 0032 03       		.uleb128 0x3
 1401 0033 0E       		.uleb128 0xe
 1402 0034 00       		.byte	0
 1403 0035 00       		.byte	0
 1404 0036 05       		.uleb128 0x5
 1405 0037 35       		.uleb128 0x35
 1406 0038 00       		.byte	0
 1407 0039 49       		.uleb128 0x49
 1408 003a 13       		.uleb128 0x13
 1409 003b 00       		.byte	0
 1410 003c 00       		.byte	0
 1411 003d 06       		.uleb128 0x6
 1412 003e 13       		.uleb128 0x13
 1413 003f 01       		.byte	0x1
 1414 0040 03       		.uleb128 0x3
 1415 0041 0E       		.uleb128 0xe
 1416 0042 0B       		.uleb128 0xb
 1417 0043 0B       		.uleb128 0xb
 1418 0044 3A       		.uleb128 0x3a
 1419 0045 0B       		.uleb128 0xb
 1420 0046 3B       		.uleb128 0x3b
 1421 0047 0B       		.uleb128 0xb
ARM GAS  C:\Users\Luis\AppData\Local\Temp\ccokiG0D.s 			page 26


 1422 0048 01       		.uleb128 0x1
 1423 0049 13       		.uleb128 0x13
 1424 004a 00       		.byte	0
 1425 004b 00       		.byte	0
 1426 004c 07       		.uleb128 0x7
 1427 004d 0D       		.uleb128 0xd
 1428 004e 00       		.byte	0
 1429 004f 03       		.uleb128 0x3
 1430 0050 0E       		.uleb128 0xe
 1431 0051 3A       		.uleb128 0x3a
 1432 0052 0B       		.uleb128 0xb
 1433 0053 3B       		.uleb128 0x3b
 1434 0054 0B       		.uleb128 0xb
 1435 0055 49       		.uleb128 0x49
 1436 0056 13       		.uleb128 0x13
 1437 0057 38       		.uleb128 0x38
 1438 0058 0B       		.uleb128 0xb
 1439 0059 00       		.byte	0
 1440 005a 00       		.byte	0
 1441 005b 08       		.uleb128 0x8
 1442 005c 0D       		.uleb128 0xd
 1443 005d 00       		.byte	0
 1444 005e 03       		.uleb128 0x3
 1445 005f 08       		.uleb128 0x8
 1446 0060 3A       		.uleb128 0x3a
 1447 0061 0B       		.uleb128 0xb
 1448 0062 3B       		.uleb128 0x3b
 1449 0063 05       		.uleb128 0x5
 1450 0064 49       		.uleb128 0x49
 1451 0065 13       		.uleb128 0x13
 1452 0066 38       		.uleb128 0x38
 1453 0067 0B       		.uleb128 0xb
 1454 0068 00       		.byte	0
 1455 0069 00       		.byte	0
 1456 006a 09       		.uleb128 0x9
 1457 006b 0D       		.uleb128 0xd
 1458 006c 00       		.byte	0
 1459 006d 03       		.uleb128 0x3
 1460 006e 0E       		.uleb128 0xe
 1461 006f 3A       		.uleb128 0x3a
 1462 0070 0B       		.uleb128 0xb
 1463 0071 3B       		.uleb128 0x3b
 1464 0072 05       		.uleb128 0x5
 1465 0073 49       		.uleb128 0x49
 1466 0074 13       		.uleb128 0x13
 1467 0075 38       		.uleb128 0x38
 1468 0076 0B       		.uleb128 0xb
 1469 0077 00       		.byte	0
 1470 0078 00       		.byte	0
 1471 0079 0A       		.uleb128 0xa
 1472 007a 0F       		.uleb128 0xf
 1473 007b 00       		.byte	0
 1474 007c 0B       		.uleb128 0xb
 1475 007d 0B       		.uleb128 0xb
 1476 007e 49       		.uleb128 0x49
 1477 007f 13       		.uleb128 0x13
 1478 0080 00       		.byte	0
ARM GAS  C:\Users\Luis\AppData\Local\Temp\ccokiG0D.s 			page 27


 1479 0081 00       		.byte	0
 1480 0082 0B       		.uleb128 0xb
 1481 0083 13       		.uleb128 0x13
 1482 0084 01       		.byte	0x1
 1483 0085 03       		.uleb128 0x3
 1484 0086 0E       		.uleb128 0xe
 1485 0087 0B       		.uleb128 0xb
 1486 0088 0B       		.uleb128 0xb
 1487 0089 3A       		.uleb128 0x3a
 1488 008a 0B       		.uleb128 0xb
 1489 008b 3B       		.uleb128 0x3b
 1490 008c 05       		.uleb128 0x5
 1491 008d 01       		.uleb128 0x1
 1492 008e 13       		.uleb128 0x13
 1493 008f 00       		.byte	0
 1494 0090 00       		.byte	0
 1495 0091 0C       		.uleb128 0xc
 1496 0092 15       		.uleb128 0x15
 1497 0093 01       		.byte	0x1
 1498 0094 27       		.uleb128 0x27
 1499 0095 19       		.uleb128 0x19
 1500 0096 01       		.uleb128 0x1
 1501 0097 13       		.uleb128 0x13
 1502 0098 00       		.byte	0
 1503 0099 00       		.byte	0
 1504 009a 0D       		.uleb128 0xd
 1505 009b 05       		.uleb128 0x5
 1506 009c 00       		.byte	0
 1507 009d 49       		.uleb128 0x49
 1508 009e 13       		.uleb128 0x13
 1509 009f 00       		.byte	0
 1510 00a0 00       		.byte	0
 1511 00a1 0E       		.uleb128 0xe
 1512 00a2 0F       		.uleb128 0xf
 1513 00a3 00       		.byte	0
 1514 00a4 0B       		.uleb128 0xb
 1515 00a5 0B       		.uleb128 0xb
 1516 00a6 00       		.byte	0
 1517 00a7 00       		.byte	0
 1518 00a8 0F       		.uleb128 0xf
 1519 00a9 13       		.uleb128 0x13
 1520 00aa 01       		.byte	0x1
 1521 00ab 03       		.uleb128 0x3
 1522 00ac 0E       		.uleb128 0xe
 1523 00ad 0B       		.uleb128 0xb
 1524 00ae 05       		.uleb128 0x5
 1525 00af 3A       		.uleb128 0x3a
 1526 00b0 0B       		.uleb128 0xb
 1527 00b1 3B       		.uleb128 0x3b
 1528 00b2 05       		.uleb128 0x5
 1529 00b3 01       		.uleb128 0x1
 1530 00b4 13       		.uleb128 0x13
 1531 00b5 00       		.byte	0
 1532 00b6 00       		.byte	0
 1533 00b7 10       		.uleb128 0x10
 1534 00b8 0D       		.uleb128 0xd
 1535 00b9 00       		.byte	0
ARM GAS  C:\Users\Luis\AppData\Local\Temp\ccokiG0D.s 			page 28


 1536 00ba 03       		.uleb128 0x3
 1537 00bb 0E       		.uleb128 0xe
 1538 00bc 3A       		.uleb128 0x3a
 1539 00bd 0B       		.uleb128 0xb
 1540 00be 3B       		.uleb128 0x3b
 1541 00bf 05       		.uleb128 0x5
 1542 00c0 49       		.uleb128 0x49
 1543 00c1 13       		.uleb128 0x13
 1544 00c2 38       		.uleb128 0x38
 1545 00c3 05       		.uleb128 0x5
 1546 00c4 00       		.byte	0
 1547 00c5 00       		.byte	0
 1548 00c6 11       		.uleb128 0x11
 1549 00c7 0D       		.uleb128 0xd
 1550 00c8 00       		.byte	0
 1551 00c9 03       		.uleb128 0x3
 1552 00ca 08       		.uleb128 0x8
 1553 00cb 3A       		.uleb128 0x3a
 1554 00cc 0B       		.uleb128 0xb
 1555 00cd 3B       		.uleb128 0x3b
 1556 00ce 05       		.uleb128 0x5
 1557 00cf 49       		.uleb128 0x49
 1558 00d0 13       		.uleb128 0x13
 1559 00d1 38       		.uleb128 0x38
 1560 00d2 05       		.uleb128 0x5
 1561 00d3 00       		.byte	0
 1562 00d4 00       		.byte	0
 1563 00d5 12       		.uleb128 0x12
 1564 00d6 0D       		.uleb128 0xd
 1565 00d7 00       		.byte	0
 1566 00d8 03       		.uleb128 0x3
 1567 00d9 08       		.uleb128 0x8
 1568 00da 3A       		.uleb128 0x3a
 1569 00db 0B       		.uleb128 0xb
 1570 00dc 3B       		.uleb128 0x3b
 1571 00dd 0B       		.uleb128 0xb
 1572 00de 49       		.uleb128 0x49
 1573 00df 13       		.uleb128 0x13
 1574 00e0 38       		.uleb128 0x38
 1575 00e1 0B       		.uleb128 0xb
 1576 00e2 00       		.byte	0
 1577 00e3 00       		.byte	0
 1578 00e4 13       		.uleb128 0x13
 1579 00e5 13       		.uleb128 0x13
 1580 00e6 01       		.byte	0x1
 1581 00e7 0B       		.uleb128 0xb
 1582 00e8 0B       		.uleb128 0xb
 1583 00e9 3A       		.uleb128 0x3a
 1584 00ea 0B       		.uleb128 0xb
 1585 00eb 3B       		.uleb128 0x3b
 1586 00ec 0B       		.uleb128 0xb
 1587 00ed 01       		.uleb128 0x1
 1588 00ee 13       		.uleb128 0x13
 1589 00ef 00       		.byte	0
 1590 00f0 00       		.byte	0
 1591 00f1 14       		.uleb128 0x14
 1592 00f2 13       		.uleb128 0x13
ARM GAS  C:\Users\Luis\AppData\Local\Temp\ccokiG0D.s 			page 29


 1593 00f3 01       		.byte	0x1
 1594 00f4 0B       		.uleb128 0xb
 1595 00f5 05       		.uleb128 0x5
 1596 00f6 3A       		.uleb128 0x3a
 1597 00f7 0B       		.uleb128 0xb
 1598 00f8 3B       		.uleb128 0x3b
 1599 00f9 0B       		.uleb128 0xb
 1600 00fa 01       		.uleb128 0x1
 1601 00fb 13       		.uleb128 0x13
 1602 00fc 00       		.byte	0
 1603 00fd 00       		.byte	0
 1604 00fe 15       		.uleb128 0x15
 1605 00ff 01       		.uleb128 0x1
 1606 0100 01       		.byte	0x1
 1607 0101 49       		.uleb128 0x49
 1608 0102 13       		.uleb128 0x13
 1609 0103 01       		.uleb128 0x1
 1610 0104 13       		.uleb128 0x13
 1611 0105 00       		.byte	0
 1612 0106 00       		.byte	0
 1613 0107 16       		.uleb128 0x16
 1614 0108 21       		.uleb128 0x21
 1615 0109 00       		.byte	0
 1616 010a 49       		.uleb128 0x49
 1617 010b 13       		.uleb128 0x13
 1618 010c 2F       		.uleb128 0x2f
 1619 010d 0B       		.uleb128 0xb
 1620 010e 00       		.byte	0
 1621 010f 00       		.byte	0
 1622 0110 17       		.uleb128 0x17
 1623 0111 17       		.uleb128 0x17
 1624 0112 01       		.byte	0x1
 1625 0113 0B       		.uleb128 0xb
 1626 0114 0B       		.uleb128 0xb
 1627 0115 3A       		.uleb128 0x3a
 1628 0116 0B       		.uleb128 0xb
 1629 0117 3B       		.uleb128 0x3b
 1630 0118 0B       		.uleb128 0xb
 1631 0119 01       		.uleb128 0x1
 1632 011a 13       		.uleb128 0x13
 1633 011b 00       		.byte	0
 1634 011c 00       		.byte	0
 1635 011d 18       		.uleb128 0x18
 1636 011e 0D       		.uleb128 0xd
 1637 011f 00       		.byte	0
 1638 0120 03       		.uleb128 0x3
 1639 0121 0E       		.uleb128 0xe
 1640 0122 3A       		.uleb128 0x3a
 1641 0123 0B       		.uleb128 0xb
 1642 0124 3B       		.uleb128 0x3b
 1643 0125 05       		.uleb128 0x5
 1644 0126 49       		.uleb128 0x49
 1645 0127 13       		.uleb128 0x13
 1646 0128 00       		.byte	0
 1647 0129 00       		.byte	0
 1648 012a 19       		.uleb128 0x19
 1649 012b 26       		.uleb128 0x26
ARM GAS  C:\Users\Luis\AppData\Local\Temp\ccokiG0D.s 			page 30


 1650 012c 00       		.byte	0
 1651 012d 49       		.uleb128 0x49
 1652 012e 13       		.uleb128 0x13
 1653 012f 00       		.byte	0
 1654 0130 00       		.byte	0
 1655 0131 1A       		.uleb128 0x1a
 1656 0132 04       		.uleb128 0x4
 1657 0133 01       		.byte	0x1
 1658 0134 0B       		.uleb128 0xb
 1659 0135 0B       		.uleb128 0xb
 1660 0136 3A       		.uleb128 0x3a
 1661 0137 0B       		.uleb128 0xb
 1662 0138 3B       		.uleb128 0x3b
 1663 0139 0B       		.uleb128 0xb
 1664 013a 01       		.uleb128 0x1
 1665 013b 13       		.uleb128 0x13
 1666 013c 00       		.byte	0
 1667 013d 00       		.byte	0
 1668 013e 1B       		.uleb128 0x1b
 1669 013f 28       		.uleb128 0x28
 1670 0140 00       		.byte	0
 1671 0141 03       		.uleb128 0x3
 1672 0142 0E       		.uleb128 0xe
 1673 0143 1C       		.uleb128 0x1c
 1674 0144 0D       		.uleb128 0xd
 1675 0145 00       		.byte	0
 1676 0146 00       		.byte	0
 1677 0147 1C       		.uleb128 0x1c
 1678 0148 13       		.uleb128 0x13
 1679 0149 01       		.byte	0x1
 1680 014a 03       		.uleb128 0x3
 1681 014b 0E       		.uleb128 0xe
 1682 014c 0B       		.uleb128 0xb
 1683 014d 05       		.uleb128 0x5
 1684 014e 3A       		.uleb128 0x3a
 1685 014f 0B       		.uleb128 0xb
 1686 0150 3B       		.uleb128 0x3b
 1687 0151 0B       		.uleb128 0xb
 1688 0152 01       		.uleb128 0x1
 1689 0153 13       		.uleb128 0x13
 1690 0154 00       		.byte	0
 1691 0155 00       		.byte	0
 1692 0156 1D       		.uleb128 0x1d
 1693 0157 0D       		.uleb128 0xd
 1694 0158 00       		.byte	0
 1695 0159 03       		.uleb128 0x3
 1696 015a 08       		.uleb128 0x8
 1697 015b 3A       		.uleb128 0x3a
 1698 015c 0B       		.uleb128 0xb
 1699 015d 3B       		.uleb128 0x3b
 1700 015e 0B       		.uleb128 0xb
 1701 015f 49       		.uleb128 0x49
 1702 0160 13       		.uleb128 0x13
 1703 0161 38       		.uleb128 0x38
 1704 0162 05       		.uleb128 0x5
 1705 0163 00       		.byte	0
 1706 0164 00       		.byte	0
ARM GAS  C:\Users\Luis\AppData\Local\Temp\ccokiG0D.s 			page 31


 1707 0165 1E       		.uleb128 0x1e
 1708 0166 2E       		.uleb128 0x2e
 1709 0167 00       		.byte	0
 1710 0168 3F       		.uleb128 0x3f
 1711 0169 19       		.uleb128 0x19
 1712 016a 03       		.uleb128 0x3
 1713 016b 0E       		.uleb128 0xe
 1714 016c 3A       		.uleb128 0x3a
 1715 016d 0B       		.uleb128 0xb
 1716 016e 3B       		.uleb128 0x3b
 1717 016f 0B       		.uleb128 0xb
 1718 0170 27       		.uleb128 0x27
 1719 0171 19       		.uleb128 0x19
 1720 0172 11       		.uleb128 0x11
 1721 0173 01       		.uleb128 0x1
 1722 0174 12       		.uleb128 0x12
 1723 0175 06       		.uleb128 0x6
 1724 0176 40       		.uleb128 0x40
 1725 0177 18       		.uleb128 0x18
 1726 0178 9742     		.uleb128 0x2117
 1727 017a 19       		.uleb128 0x19
 1728 017b 00       		.byte	0
 1729 017c 00       		.byte	0
 1730 017d 1F       		.uleb128 0x1f
 1731 017e 34       		.uleb128 0x34
 1732 017f 00       		.byte	0
 1733 0180 03       		.uleb128 0x3
 1734 0181 0E       		.uleb128 0xe
 1735 0182 3A       		.uleb128 0x3a
 1736 0183 0B       		.uleb128 0xb
 1737 0184 3B       		.uleb128 0x3b
 1738 0185 05       		.uleb128 0x5
 1739 0186 49       		.uleb128 0x49
 1740 0187 13       		.uleb128 0x13
 1741 0188 3F       		.uleb128 0x3f
 1742 0189 19       		.uleb128 0x19
 1743 018a 3C       		.uleb128 0x3c
 1744 018b 19       		.uleb128 0x19
 1745 018c 00       		.byte	0
 1746 018d 00       		.byte	0
 1747 018e 20       		.uleb128 0x20
 1748 018f 34       		.uleb128 0x34
 1749 0190 00       		.byte	0
 1750 0191 03       		.uleb128 0x3
 1751 0192 08       		.uleb128 0x8
 1752 0193 3A       		.uleb128 0x3a
 1753 0194 0B       		.uleb128 0xb
 1754 0195 3B       		.uleb128 0x3b
 1755 0196 05       		.uleb128 0x5
 1756 0197 49       		.uleb128 0x49
 1757 0198 13       		.uleb128 0x13
 1758 0199 3F       		.uleb128 0x3f
 1759 019a 19       		.uleb128 0x19
 1760 019b 3C       		.uleb128 0x3c
 1761 019c 19       		.uleb128 0x19
 1762 019d 00       		.byte	0
 1763 019e 00       		.byte	0
ARM GAS  C:\Users\Luis\AppData\Local\Temp\ccokiG0D.s 			page 32


 1764 019f 21       		.uleb128 0x21
 1765 01a0 34       		.uleb128 0x34
 1766 01a1 00       		.byte	0
 1767 01a2 03       		.uleb128 0x3
 1768 01a3 0E       		.uleb128 0xe
 1769 01a4 3A       		.uleb128 0x3a
 1770 01a5 0B       		.uleb128 0xb
 1771 01a6 3B       		.uleb128 0x3b
 1772 01a7 0B       		.uleb128 0xb
 1773 01a8 49       		.uleb128 0x49
 1774 01a9 13       		.uleb128 0x13
 1775 01aa 3F       		.uleb128 0x3f
 1776 01ab 19       		.uleb128 0x19
 1777 01ac 02       		.uleb128 0x2
 1778 01ad 18       		.uleb128 0x18
 1779 01ae 00       		.byte	0
 1780 01af 00       		.byte	0
 1781 01b0 00       		.byte	0
 1782              		.section	.debug_aranges,"",%progbits
 1783 0000 1C000000 		.4byte	0x1c
 1784 0004 0200     		.2byte	0x2
 1785 0006 00000000 		.4byte	.Ldebug_info0
 1786 000a 04       		.byte	0x4
 1787 000b 00       		.byte	0
 1788 000c 0000     		.2byte	0
 1789 000e 0000     		.2byte	0
 1790 0010 00000000 		.4byte	.LFB260
 1791 0014 0C000000 		.4byte	.LFE260-.LFB260
 1792 0018 00000000 		.4byte	0
 1793 001c 00000000 		.4byte	0
 1794              		.section	.debug_ranges,"",%progbits
 1795              	.Ldebug_ranges0:
 1796 0000 00000000 		.4byte	.LFB260
 1797 0004 0C000000 		.4byte	.LFE260
 1798 0008 00000000 		.4byte	0
 1799 000c 00000000 		.4byte	0
 1800              		.section	.debug_line,"",%progbits
 1801              	.Ldebug_line0:
 1802 0000 62020000 		.section	.debug_str,"MS",%progbits,1
 1802      02004A02 
 1802      00000201 
 1802      FB0E0D00 
 1802      01010101 
 1803              	.LASF96:
 1804 0000 74625F70 		.ascii	"tb_ptr\000"
 1804      747200
 1805              	.LASF53:
 1806 0007 72656164 		.ascii	"ready_list_t\000"
 1806      795F6C69 
 1806      73745F74 
 1806      00
 1807              	.LASF90:
 1808 0014 73655F74 		.ascii	"se_time\000"
 1808      696D6500 
 1809              	.LASF2:
 1810 001c 73697A65 		.ascii	"size_t\000"
 1810      5F7400
ARM GAS  C:\Users\Luis\AppData\Local\Temp\ccokiG0D.s 			page 33


 1811              	.LASF111:
 1812 0023 7264796D 		.ascii	"rdymsg\000"
 1812      736700
 1813              	.LASF13:
 1814 002a 75696E74 		.ascii	"uint64_t\000"
 1814      36345F74 
 1814      00
 1815              	.LASF167:
 1816 0033 69705F66 		.ascii	"ip_frag\000"
 1816      72616700 
 1817              	.LASF89:
 1818 003b 706F7274 		.ascii	"port_intctx\000"
 1818      5F696E74 
 1818      63747800 
 1819              	.LASF52:
 1820 0047 63685F74 		.ascii	"ch_threads_queue\000"
 1820      68726561 
 1820      64735F71 
 1820      75657565 
 1820      00
 1821              	.LASF72:
 1822 0058 73797374 		.ascii	"system_debug_t\000"
 1822      656D5F64 
 1822      65627567 
 1822      5F7400
 1823              	.LASF102:
 1824 0067 776F7273 		.ascii	"worst\000"
 1824      7400
 1825              	.LASF105:
 1826 006d 74696D65 		.ascii	"time_measurement_t\000"
 1826      5F6D6561 
 1826      73757265 
 1826      6D656E74 
 1826      5F7400
 1827              	.LASF149:
 1828 0080 63686B65 		.ascii	"chkerr\000"
 1828      727200
 1829              	.LASF14:
 1830 0087 6C6F6E67 		.ascii	"long long unsigned int\000"
 1830      206C6F6E 
 1830      6720756E 
 1830      7369676E 
 1830      65642069 
 1831              	.LASF98:
 1832 009e 63685F74 		.ascii	"ch_trace_buffer_t\000"
 1832      72616365 
 1832      5F627566 
 1832      6665725F 
 1832      7400
 1833              	.LASF93:
 1834 00b0 73655F73 		.ascii	"se_state\000"
 1834      74617465 
 1834      00
 1835              	.LASF112:
 1836 00b9 65786974 		.ascii	"exitcode\000"
 1836      636F6465 
 1836      00
ARM GAS  C:\Users\Luis\AppData\Local\Temp\ccokiG0D.s 			page 34


 1837              	.LASF143:
 1838 00c2 4D454D50 		.ascii	"MEMP_PBUF_POOL\000"
 1838      5F504255 
 1838      465F504F 
 1838      4F4C00
 1839              	.LASF151:
 1840 00d1 6D656D65 		.ascii	"memerr\000"
 1840      727200
 1841              	.LASF134:
 1842 00d8 4D454D50 		.ascii	"MEMP_TCP_SEG\000"
 1842      5F544350 
 1842      5F534547 
 1842      00
 1843              	.LASF69:
 1844 00e5 76697274 		.ascii	"virtual_timers_list_t\000"
 1844      75616C5F 
 1844      74696D65 
 1844      72735F6C 
 1844      6973745F 
 1845              	.LASF155:
 1846 00fb 63616368 		.ascii	"cachehit\000"
 1846      65686974 
 1846      00
 1847              	.LASF16:
 1848 0104 72747469 		.ascii	"rttime_t\000"
 1848      6D655F74 
 1848      00
 1849              	.LASF29:
 1850 010d 705F7072 		.ascii	"p_prio\000"
 1850      696F00
 1851              	.LASF12:
 1852 0114 6C6F6E67 		.ascii	"long long int\000"
 1852      206C6F6E 
 1852      6720696E 
 1852      7400
 1853              	.LASF1:
 1854 0122 7369676E 		.ascii	"signed char\000"
 1854      65642063 
 1854      68617200 
 1855              	.LASF11:
 1856 012e 6C6F6E67 		.ascii	"long unsigned int\000"
 1856      20756E73 
 1856      69676E65 
 1856      6420696E 
 1856      7400
 1857              	.LASF44:
 1858 0140 705F6D70 		.ascii	"p_mpool\000"
 1858      6F6F6C00 
 1859              	.LASF122:
 1860 0148 6D5F7175 		.ascii	"m_queue\000"
 1860      65756500 
 1861              	.LASF81:
 1862 0150 76746C69 		.ascii	"vtlist\000"
 1862      737400
 1863              	.LASF135:
 1864 0157 4D454D50 		.ascii	"MEMP_REASSDATA\000"
 1864      5F524541 
ARM GAS  C:\Users\Luis\AppData\Local\Temp\ccokiG0D.s 			page 35


 1864      53534441 
 1864      544100
 1865              	.LASF114:
 1866 0166 77747472 		.ascii	"wttrp\000"
 1866      7000
 1867              	.LASF79:
 1868 016c 63685F73 		.ascii	"ch_system\000"
 1868      79737465 
 1868      6D00
 1869              	.LASF9:
 1870 0176 6C6F6E67 		.ascii	"long int\000"
 1870      20696E74 
 1870      00
 1871              	.LASF130:
 1872 017f 4D454D50 		.ascii	"MEMP_RAW_PCB\000"
 1872      5F524157 
 1872      5F504342 
 1872      00
 1873              	.LASF18:
 1874 018c 74737461 		.ascii	"tstate_t\000"
 1874      74655F74 
 1874      00
 1875              	.LASF37:
 1876 0195 705F7265 		.ascii	"p_refs\000"
 1876      667300
 1877              	.LASF91:
 1878 019c 73655F74 		.ascii	"se_tp\000"
 1878      7000
 1879              	.LASF166:
 1880 01a2 65746861 		.ascii	"etharp\000"
 1880      727000
 1881              	.LASF6:
 1882 01a9 75696E74 		.ascii	"uint16_t\000"
 1882      31365F74 
 1882      00
 1883              	.LASF159:
 1884 01b2 696C6C65 		.ascii	"illegal\000"
 1884      67616C00 
 1885              	.LASF131:
 1886 01ba 4D454D50 		.ascii	"MEMP_UDP_PCB\000"
 1886      5F554450 
 1886      5F504342 
 1886      00
 1887              	.LASF31:
 1888 01c7 705F6E65 		.ascii	"p_newer\000"
 1888      77657200 
 1889              	.LASF119:
 1890 01cf 735F7175 		.ascii	"s_queue\000"
 1890      65756500 
 1891              	.LASF95:
 1892 01d7 74625F73 		.ascii	"tb_size\000"
 1892      697A6500 
 1893              	.LASF58:
 1894 01df 725F6E65 		.ascii	"r_newer\000"
 1894      77657200 
 1895              	.LASF133:
 1896 01e7 4D454D50 		.ascii	"MEMP_TCP_PCB_LISTEN\000"
ARM GAS  C:\Users\Luis\AppData\Local\Temp\ccokiG0D.s 			page 36


 1896      5F544350 
 1896      5F504342 
 1896      5F4C4953 
 1896      54454E00 
 1897              	.LASF86:
 1898 01fb 72656761 		.ascii	"regarm_t\000"
 1898      726D5F74 
 1898      00
 1899              	.LASF65:
 1900 0204 76745F70 		.ascii	"vt_prev\000"
 1900      72657600 
 1901              	.LASF165:
 1902 020c 6C696E6B 		.ascii	"link\000"
 1902      00
 1903              	.LASF174:
 1904 0211 433A5C55 		.ascii	"C:\\Users\\Luis\\git\\DSP-Library-Lanin\\examples\\"
 1904      73657273 
 1904      5C4C7569 
 1904      735C6769 
 1904      745C4453 
 1905 023e 53544D33 		.ascii	"STM32F407_EMTECH-LWIP\000"
 1905      32463430 
 1905      375F454D 
 1905      54454348 
 1905      2D4C5749 
 1906              	.LASF73:
 1907 0254 63685F73 		.ascii	"ch_system_debug\000"
 1907      79737465 
 1907      6D5F6465 
 1907      62756700 
 1908              	.LASF80:
 1909 0264 726C6973 		.ascii	"rlist\000"
 1909      7400
 1910              	.LASF126:
 1911 026a 6D757465 		.ascii	"mutex_t\000"
 1911      785F7400 
 1912              	.LASF76:
 1913 0272 6C6F636B 		.ascii	"lock_cnt\000"
 1913      5F636E74 
 1913      00
 1914              	.LASF84:
 1915 027b 69646C65 		.ascii	"idle_thread_wa\000"
 1915      5F746872 
 1915      6561645F 
 1915      776100
 1916              	.LASF23:
 1917 028a 636E745F 		.ascii	"cnt_t\000"
 1917      7400
 1918              	.LASF153:
 1919 0290 70726F74 		.ascii	"proterr\000"
 1919      65727200 
 1920              	.LASF34:
 1921 0298 705F7374 		.ascii	"p_stklimit\000"
 1921      6B6C696D 
 1921      697400
 1922              	.LASF0:
 1923 02a3 756E7369 		.ascii	"unsigned int\000"
ARM GAS  C:\Users\Luis\AppData\Local\Temp\ccokiG0D.s 			page 37


 1923      676E6564 
 1923      20696E74 
 1923      00
 1924              	.LASF64:
 1925 02b0 76745F6E 		.ascii	"vt_next\000"
 1925      65787400 
 1926              	.LASF115:
 1927 02b8 77747365 		.ascii	"wtsemp\000"
 1927      6D7000
 1928              	.LASF142:
 1929 02bf 4D454D50 		.ascii	"MEMP_PBUF\000"
 1929      5F504255 
 1929      4600
 1930              	.LASF39:
 1931 02c9 705F6D73 		.ascii	"p_msgqueue\000"
 1931      67717565 
 1931      756500
 1932              	.LASF147:
 1933 02d4 72656376 		.ascii	"recv\000"
 1933      00
 1934              	.LASF46:
 1935 02d9 746C7350 		.ascii	"tlsPtr\000"
 1935      747200
 1936              	.LASF106:
 1937 02e0 6E5F6972 		.ascii	"n_irq\000"
 1937      7100
 1938              	.LASF132:
 1939 02e6 4D454D50 		.ascii	"MEMP_TCP_PCB\000"
 1939      5F544350 
 1939      5F504342 
 1939      00
 1940              	.LASF120:
 1941 02f3 735F636E 		.ascii	"s_cnt\000"
 1941      7400
 1942              	.LASF7:
 1943 02f9 73686F72 		.ascii	"short unsigned int\000"
 1943      7420756E 
 1943      7369676E 
 1943      65642069 
 1943      6E7400
 1944              	.LASF110:
 1945 030c 6B65726E 		.ascii	"kernel_stats_t\000"
 1945      656C5F73 
 1945      74617473 
 1945      5F7400
 1946              	.LASF49:
 1947 031b 63685F74 		.ascii	"ch_thread\000"
 1947      68726561 
 1947      6400
 1948              	.LASF140:
 1949 0325 4D454D50 		.ascii	"MEMP_TCPIP_MSG_INPKT\000"
 1949      5F544350 
 1949      49505F4D 
 1949      53475F49 
 1949      4E504B54 
 1950              	.LASF21:
 1951 033a 6D73675F 		.ascii	"msg_t\000"
ARM GAS  C:\Users\Luis\AppData\Local\Temp\ccokiG0D.s 			page 38


 1951      7400
 1952              	.LASF103:
 1953 0340 6C617374 		.ascii	"last\000"
 1953      00
 1954              	.LASF24:
 1955 0345 75636E74 		.ascii	"ucnt_t\000"
 1955      5F7400
 1956              	.LASF78:
 1957 034c 63685F73 		.ascii	"ch_system_t\000"
 1957      79737465 
 1957      6D5F7400 
 1958              	.LASF17:
 1959 0358 746D6F64 		.ascii	"tmode_t\000"
 1959      655F7400 
 1960              	.LASF109:
 1961 0360 6D5F6372 		.ascii	"m_crit_isr\000"
 1961      69745F69 
 1961      737200
 1962              	.LASF54:
 1963 036b 63685F72 		.ascii	"ch_ready_list\000"
 1963      65616479 
 1963      5F6C6973 
 1963      7400
 1964              	.LASF22:
 1965 0379 6576656E 		.ascii	"eventmask_t\000"
 1965      746D6173 
 1965      6B5F7400 
 1966              	.LASF161:
 1967 0385 73746174 		.ascii	"stats_sys\000"
 1967      735F7379 
 1967      7300
 1968              	.LASF87:
 1969 038f 73746B61 		.ascii	"stkalign_t\000"
 1969      6C69676E 
 1969      5F7400
 1970              	.LASF144:
 1971 039a 4D454D50 		.ascii	"MEMP_MAX\000"
 1971      5F4D4158 
 1971      00
 1972              	.LASF38:
 1973 03a3 705F7761 		.ascii	"p_waiting\000"
 1973      6974696E 
 1973      6700
 1974              	.LASF85:
 1975 03ad 73697A65 		.ascii	"sizetype\000"
 1975      74797065 
 1975      00
 1976              	.LASF47:
 1977 03b6 74687265 		.ascii	"thread_reference_t\000"
 1977      61645F72 
 1977      65666572 
 1977      656E6365 
 1977      5F7400
 1978              	.LASF70:
 1979 03c9 63685F76 		.ascii	"ch_virtual_timers_list\000"
 1979      69727475 
 1979      616C5F74 
ARM GAS  C:\Users\Luis\AppData\Local\Temp\ccokiG0D.s 			page 39


 1979      696D6572 
 1979      735F6C69 
 1980              	.LASF94:
 1981 03e0 63685F73 		.ascii	"ch_swc_event_t\000"
 1981      77635F65 
 1981      76656E74 
 1981      5F7400
 1982              	.LASF71:
 1983 03ef 76745F6C 		.ascii	"vt_lasttime\000"
 1983      61737474 
 1983      696D6500 
 1984              	.LASF175:
 1985 03fb 73746174 		.ascii	"stats_init\000"
 1985      735F696E 
 1985      697400
 1986              	.LASF32:
 1987 0406 705F6F6C 		.ascii	"p_older\000"
 1987      64657200 
 1988              	.LASF57:
 1989 040e 725F6374 		.ascii	"r_ctx\000"
 1989      7800
 1990              	.LASF100:
 1991 0414 746D5F63 		.ascii	"tm_calibration_t\000"
 1991      616C6962 
 1991      72617469 
 1991      6F6E5F74 
 1991      00
 1992              	.LASF160:
 1993 0425 73746174 		.ascii	"stats_syselem\000"
 1993      735F7379 
 1993      73656C65 
 1993      6D00
 1994              	.LASF60:
 1995 0433 725F6375 		.ascii	"r_current\000"
 1995      7272656E 
 1995      7400
 1996              	.LASF59:
 1997 043d 725F6F6C 		.ascii	"r_older\000"
 1997      64657200 
 1998              	.LASF164:
 1999 0445 73746174 		.ascii	"stats_\000"
 1999      735F00
 2000              	.LASF168:
 2001 044c 69636D70 		.ascii	"icmp\000"
 2001      00
 2002              	.LASF104:
 2003 0451 63756D75 		.ascii	"cumulative\000"
 2003      6C617469 
 2003      766500
 2004              	.LASF158:
 2005 045c 75736564 		.ascii	"used\000"
 2005      00
 2006              	.LASF163:
 2007 0461 6D626F78 		.ascii	"mbox\000"
 2007      00
 2008              	.LASF152:
 2009 0466 72746572 		.ascii	"rterr\000"
ARM GAS  C:\Users\Luis\AppData\Local\Temp\ccokiG0D.s 			page 40


 2009      7200
 2010              	.LASF83:
 2011 046c 6B65726E 		.ascii	"kernel_stats\000"
 2011      656C5F73 
 2011      74617473 
 2011      00
 2012              	.LASF19:
 2013 0479 74726566 		.ascii	"trefs_t\000"
 2013      735F7400 
 2014              	.LASF97:
 2015 0481 74625F62 		.ascii	"tb_buffer\000"
 2015      75666665 
 2015      7200
 2016              	.LASF62:
 2017 048b 76697274 		.ascii	"virtual_timer_t\000"
 2017      75616C5F 
 2017      74696D65 
 2017      725F7400 
 2018              	.LASF28:
 2019 049b 705F7072 		.ascii	"p_prev\000"
 2019      657600
 2020              	.LASF20:
 2021 04a2 74707269 		.ascii	"tprio_t\000"
 2021      6F5F7400 
 2022              	.LASF162:
 2023 04aa 6D757465 		.ascii	"mutex\000"
 2023      7800
 2024              	.LASF107:
 2025 04b0 6E5F6374 		.ascii	"n_ctxswc\000"
 2025      78737763 
 2025      00
 2026              	.LASF127:
 2027 04b9 5F426F6F 		.ascii	"_Bool\000"
 2027      6C00
 2028              	.LASF8:
 2029 04bf 696E7433 		.ascii	"int32_t\000"
 2029      325F7400 
 2030              	.LASF4:
 2031 04c7 756E7369 		.ascii	"unsigned char\000"
 2031      676E6564 
 2031      20636861 
 2031      7200
 2032              	.LASF170:
 2033 04d5 49544D5F 		.ascii	"ITM_RxBuffer\000"
 2033      52784275 
 2033      66666572 
 2033      00
 2034              	.LASF42:
 2035 04e2 705F6D74 		.ascii	"p_mtxlist\000"
 2035      786C6973 
 2035      7400
 2036              	.LASF5:
 2037 04ec 73686F72 		.ascii	"short int\000"
 2037      7420696E 
 2037      7400
 2038              	.LASF35:
 2039 04f6 705F7374 		.ascii	"p_state\000"
ARM GAS  C:\Users\Luis\AppData\Local\Temp\ccokiG0D.s 			page 41


 2039      61746500 
 2040              	.LASF56:
 2041 04fe 725F7072 		.ascii	"r_prio\000"
 2041      696F00
 2042              	.LASF148:
 2043 0505 64726F70 		.ascii	"drop\000"
 2043      00
 2044              	.LASF117:
 2045 050a 65776D61 		.ascii	"ewmask\000"
 2045      736B00
 2046              	.LASF27:
 2047 0511 705F6E65 		.ascii	"p_next\000"
 2047      787400
 2048              	.LASF171:
 2049 0518 6C776970 		.ascii	"lwip_stats\000"
 2049      5F737461 
 2049      747300
 2050              	.LASF36:
 2051 0523 705F666C 		.ascii	"p_flags\000"
 2051      61677300 
 2052              	.LASF45:
 2053 052b 705F7374 		.ascii	"p_stats\000"
 2053      61747300 
 2054              	.LASF82:
 2055 0533 6D61696E 		.ascii	"mainthread\000"
 2055      74687265 
 2055      616400
 2056              	.LASF63:
 2057 053e 63685F76 		.ascii	"ch_virtual_timer\000"
 2057      69727475 
 2057      616C5F74 
 2057      696D6572 
 2057      00
 2058              	.LASF136:
 2059 054f 4D454D50 		.ascii	"MEMP_FRAG_PBUF\000"
 2059      5F465241 
 2059      475F5042 
 2059      554600
 2060              	.LASF118:
 2061 055e 63685F73 		.ascii	"ch_semaphore\000"
 2061      656D6170 
 2061      686F7265 
 2061      00
 2062              	.LASF41:
 2063 056b 705F6570 		.ascii	"p_epending\000"
 2063      656E6469 
 2063      6E6700
 2064              	.LASF141:
 2065 0576 4D454D50 		.ascii	"MEMP_SYS_TIMEOUT\000"
 2065      5F535953 
 2065      5F54494D 
 2065      454F5554 
 2065      00
 2066              	.LASF10:
 2067 0587 75696E74 		.ascii	"uint32_t\000"
 2067      33325F74 
 2067      00
ARM GAS  C:\Users\Luis\AppData\Local\Temp\ccokiG0D.s 			page 42


 2068              	.LASF116:
 2069 0590 77746D74 		.ascii	"wtmtxp\000"
 2069      787000
 2070              	.LASF55:
 2071 0597 725F7175 		.ascii	"r_queue\000"
 2071      65756500 
 2072              	.LASF66:
 2073 059f 76745F64 		.ascii	"vt_delta\000"
 2073      656C7461 
 2073      00
 2074              	.LASF50:
 2075 05a8 63685F74 		.ascii	"ch_threads_list\000"
 2075      68726561 
 2075      64735F6C 
 2075      69737400 
 2076              	.LASF139:
 2077 05b8 4D454D50 		.ascii	"MEMP_TCPIP_MSG_API\000"
 2077      5F544350 
 2077      49505F4D 
 2077      53475F41 
 2077      504900
 2078              	.LASF125:
 2079 05cb 63686172 		.ascii	"char\000"
 2079      00
 2080              	.LASF137:
 2081 05d0 4D454D50 		.ascii	"MEMP_NETBUF\000"
 2081      5F4E4554 
 2081      42554600 
 2082              	.LASF169:
 2083 05dc 6D656D70 		.ascii	"memp\000"
 2083      00
 2084              	.LASF138:
 2085 05e1 4D454D50 		.ascii	"MEMP_NETCONN\000"
 2085      5F4E4554 
 2085      434F4E4E 
 2085      00
 2086              	.LASF172:
 2087 05ee 474E5520 		.ascii	"GNU C 4.8.3 20131129 (release) [ARM/embedded-4_8-br"
 2087      4320342E 
 2087      382E3320 
 2087      32303133 
 2087      31313239 
 2088 0621 616E6368 		.ascii	"anch revision 205641] -mcpu=cortex-m4 -mapcs-frame "
 2088      20726576 
 2088      6973696F 
 2088      6E203230 
 2088      35363431 
 2089 0654 2D6D6E6F 		.ascii	"-mno-thumb-interwork -mthumb -ggdb -O0 -falign-func"
 2089      2D746875 
 2089      6D622D69 
 2089      6E746572 
 2089      776F726B 
 2090 0687 74696F6E 		.ascii	"tions=16 -ffunction-sections -fdata-sections -fno-c"
 2090      733D3136 
 2090      202D6666 
 2090      756E6374 
 2090      696F6E2D 
ARM GAS  C:\Users\Luis\AppData\Local\Temp\ccokiG0D.s 			page 43


 2091 06ba 6F6D6D6F 		.ascii	"ommon\000"
 2091      6E00
 2092              	.LASF101:
 2093 06c0 62657374 		.ascii	"best\000"
 2093      00
 2094              	.LASF124:
 2095 06c5 6D5F6E65 		.ascii	"m_next\000"
 2095      787400
 2096              	.LASF25:
 2097 06cc 73797374 		.ascii	"systime_t\000"
 2097      696D655F 
 2097      7400
 2098              	.LASF43:
 2099 06d6 705F7265 		.ascii	"p_realprio\000"
 2099      616C7072 
 2099      696F00
 2100              	.LASF61:
 2101 06e1 76746675 		.ascii	"vtfunc_t\000"
 2101      6E635F74 
 2101      00
 2102              	.LASF154:
 2103 06ea 6F707465 		.ascii	"opterr\000"
 2103      727200
 2104              	.LASF74:
 2105 06f1 70616E69 		.ascii	"panic_msg\000"
 2105      635F6D73 
 2105      6700
 2106              	.LASF99:
 2107 06fb 6F666673 		.ascii	"offset\000"
 2107      657400
 2108              	.LASF88:
 2109 0702 636F6E74 		.ascii	"context\000"
 2109      65787400 
 2110              	.LASF15:
 2111 070a 7274636E 		.ascii	"rtcnt_t\000"
 2111      745F7400 
 2112              	.LASF173:
 2113 0712 2E2E2F2E 		.ascii	"../../ChibiOS/ext/lwip/src/core/stats.c\000"
 2113      2E2F4368 
 2113      6962694F 
 2113      532F6578 
 2113      742F6C77 
 2114              	.LASF68:
 2115 073a 76745F70 		.ascii	"vt_par\000"
 2115      617200
 2116              	.LASF128:
 2117 0741 7531365F 		.ascii	"u16_t\000"
 2117      7400
 2118              	.LASF129:
 2119 0747 6D656D5F 		.ascii	"mem_size_t\000"
 2119      73697A65 
 2119      5F7400
 2120              	.LASF51:
 2121 0752 74687265 		.ascii	"threads_queue_t\000"
 2121      6164735F 
 2121      71756575 
 2121      655F7400 
ARM GAS  C:\Users\Luis\AppData\Local\Temp\ccokiG0D.s 			page 44


 2122              	.LASF121:
 2123 0762 63685F6D 		.ascii	"ch_mutex\000"
 2123      75746578 
 2123      00
 2124              	.LASF150:
 2125 076b 6C656E65 		.ascii	"lenerr\000"
 2125      727200
 2126              	.LASF75:
 2127 0772 6973725F 		.ascii	"isr_cnt\000"
 2127      636E7400 
 2128              	.LASF26:
 2129 077a 74687265 		.ascii	"thread_t\000"
 2129      61645F74 
 2129      00
 2130              	.LASF156:
 2131 0783 73746174 		.ascii	"stats_mem\000"
 2131      735F6D65 
 2131      6D00
 2132              	.LASF3:
 2133 078d 75696E74 		.ascii	"uint8_t\000"
 2133      385F7400 
 2134              	.LASF146:
 2135 0795 786D6974 		.ascii	"xmit\000"
 2135      00
 2136              	.LASF157:
 2137 079a 61766169 		.ascii	"avail\000"
 2137      6C00
 2138              	.LASF113:
 2139 07a0 77746F62 		.ascii	"wtobjp\000"
 2139      6A7000
 2140              	.LASF33:
 2141 07a7 705F6E61 		.ascii	"p_name\000"
 2141      6D6500
 2142              	.LASF48:
 2143 07ae 74687265 		.ascii	"threads_list_t\000"
 2143      6164735F 
 2143      6C697374 
 2143      5F7400
 2144              	.LASF77:
 2145 07bd 74726163 		.ascii	"trace_buffer\000"
 2145      655F6275 
 2145      66666572 
 2145      00
 2146              	.LASF145:
 2147 07ca 73746174 		.ascii	"stats_proto\000"
 2147      735F7072 
 2147      6F746F00 
 2148              	.LASF40:
 2149 07d6 705F6D73 		.ascii	"p_msg\000"
 2149      6700
 2150              	.LASF108:
 2151 07dc 6D5F6372 		.ascii	"m_crit_thd\000"
 2151      69745F74 
 2151      686400
 2152              	.LASF123:
 2153 07e7 6D5F6F77 		.ascii	"m_owner\000"
 2153      6E657200 
ARM GAS  C:\Users\Luis\AppData\Local\Temp\ccokiG0D.s 			page 45


 2154              	.LASF92:
 2155 07ef 73655F77 		.ascii	"se_wtobjp\000"
 2155      746F626A 
 2155      7000
 2156              	.LASF30:
 2157 07f9 705F6374 		.ascii	"p_ctx\000"
 2157      7800
 2158              	.LASF67:
 2159 07ff 76745F66 		.ascii	"vt_func\000"
 2159      756E6300 
 2160              		.ident	"GCC: (GNU Tools for ARM Embedded Processors) 4.8.3 20131129 (release) [ARM/embedded-4_8-br
ARM GAS  C:\Users\Luis\AppData\Local\Temp\ccokiG0D.s 			page 46


DEFINED SYMBOLS
                            *ABS*:00000000 stats.c
C:\Users\Luis\AppData\Local\Temp\ccokiG0D.s:23     .bss.lwip_stats:00000000 lwip_stats
C:\Users\Luis\AppData\Local\Temp\ccokiG0D.s:20     .bss.lwip_stats:00000000 $d
C:\Users\Luis\AppData\Local\Temp\ccokiG0D.s:26     .text.stats_init:00000000 $t
C:\Users\Luis\AppData\Local\Temp\ccokiG0D.s:32     .text.stats_init:00000000 stats_init
                     .debug_frame:00000010 $d

NO UNDEFINED SYMBOLS
