ARM GAS  C:\Users\Luis\AppData\Local\Temp\cc2W8q8U.s 			page 1


   1              		.syntax unified
   2              		.cpu cortex-m4
   3              		.fpu softvfp
   4              		.eabi_attribute 20, 1
   5              		.eabi_attribute 21, 1
   6              		.eabi_attribute 23, 3
   7              		.eabi_attribute 24, 1
   8              		.eabi_attribute 25, 1
   9              		.eabi_attribute 26, 1
  10              		.eabi_attribute 30, 6
  11              		.eabi_attribute 34, 1
  12              		.eabi_attribute 18, 4
  13              		.thumb
  14              		.file	"sys.c"
  15              		.text
  16              	.Ltext0:
  17              		.cfi_sections	.debug_frame
  18              		.section	.text.sys_msleep,"ax",%progbits
  19              		.align	2
  20              		.p2align 4,,15
  21              		.global	sys_msleep
  22              		.thumb
  23              		.thumb_func
  24              		.type	sys_msleep, %function
  25              	sys_msleep:
  26              	.LFB260:
  27              		.file 1 "../../ChibiOS/ext/lwip/src/core/sys.c"
  28              		.loc 1 56 0
  29              		.cfi_startproc
  30              		@ args = 0, pretend = 0, frame = 16
  31              		@ frame_needed = 1, uses_anonymous_args = 0
  32 0000 80B5     		push	{r7, lr}
  33              		.cfi_def_cfa_offset 8
  34              		.cfi_offset 7, -8
  35              		.cfi_offset 14, -4
  36 0002 84B0     		sub	sp, sp, #16
  37              		.cfi_def_cfa_offset 24
  38 0004 00AF     		add	r7, sp, #0
  39              		.cfi_def_cfa_register 7
  40 0006 7860     		str	r0, [r7, #4]
  41              		.loc 1 57 0
  42 0008 7B68     		ldr	r3, [r7, #4]
  43 000a 002B     		cmp	r3, #0
  44 000c 16D0     		beq	.L1
  45              	.LBB2:
  46              		.loc 1 59 0
  47 000e 07F10803 		add	r3, r7, #8
  48 0012 1846     		mov	r0, r3
  49 0014 0021     		movs	r1, #0
  50 0016 FFF7FEFF 		bl	sys_sem_new
  51 001a 0346     		mov	r3, r0
  52 001c FB73     		strb	r3, [r7, #15]
  53              		.loc 1 60 0
  54 001e 97F90F30 		ldrsb	r3, [r7, #15]
  55 0022 002B     		cmp	r3, #0
  56 0024 0AD1     		bne	.L1
  57              		.loc 1 61 0
ARM GAS  C:\Users\Luis\AppData\Local\Temp\cc2W8q8U.s 			page 2


  58 0026 07F10803 		add	r3, r7, #8
  59 002a 1846     		mov	r0, r3
  60 002c 7968     		ldr	r1, [r7, #4]
  61 002e FFF7FEFF 		bl	sys_arch_sem_wait
  62              		.loc 1 62 0
  63 0032 07F10803 		add	r3, r7, #8
  64 0036 1846     		mov	r0, r3
  65 0038 FFF7FEFF 		bl	sys_sem_free
  66              	.L1:
  67              	.LBE2:
  68              		.loc 1 65 0
  69 003c 1037     		adds	r7, r7, #16
  70 003e BD46     		mov	sp, r7
  71              		@ sp needed
  72 0040 80BD     		pop	{r7, pc}
  73              		.cfi_endproc
  74              	.LFE260:
  75              		.size	sys_msleep, .-sys_msleep
  76 0042 00BFAFF3 		.text
  76      0080AFF3 
  76      0080AFF3 
  76      0080
  77              	.Letext0:
  78              		.file 2 "c:\\emtechesdk\\gcc\\arm-none-eabi\\include\\stdint.h"
  79              		.file 3 "../../ChibiOS/os/rt/ports/ARMCMx/compilers/GCC/chtypes.h"
  80              		.file 4 "../../ChibiOS/os/rt/include/chsystypes.h"
  81              		.file 5 "../../ChibiOS/os/rt/include/chschd.h"
  82              		.file 6 "../../ChibiOS/os/rt/ports/ARMCMx/chcore.h"
  83              		.file 7 "../../ChibiOS/os/rt/ports/ARMCMx/chcore_v7m.h"
  84              		.file 8 "../../ChibiOS/os/rt/include/chdebug.h"
  85              		.file 9 "../../ChibiOS/os/rt/include/chtm.h"
  86              		.file 10 "../../ChibiOS/os/rt/include/chstats.h"
  87              		.file 11 "../../ChibiOS/os/rt/include/chsem.h"
  88              		.file 12 "../../ChibiOS/os/rt/include/chmtx.h"
  89              		.file 13 "../../ChibiOS/os/various/lwip_bindings/arch/cc.h"
  90              		.file 14 "../../ChibiOS/ext/lwip/src/include/lwip/err.h"
  91              		.file 15 "../../ChibiOS/os/various/lwip_bindings/arch/sys_arch.h"
  92              		.file 16 "../../ChibiOS/os/ext/CMSIS/include/core_cm4.h"
  93              		.section	.debug_info,"",%progbits
  94              	.Ldebug_info0:
  95 0000 3B080000 		.4byte	0x83b
  96 0004 0400     		.2byte	0x4
  97 0006 00000000 		.4byte	.Ldebug_abbrev0
  98 000a 04       		.byte	0x4
  99 000b 01       		.uleb128 0x1
 100 000c BE040000 		.4byte	.LASF134
 101 0010 01       		.byte	0x1
 102 0011 F6030000 		.4byte	.LASF135
 103 0015 99010000 		.4byte	.LASF136
 104 0019 00000000 		.4byte	.Ldebug_ranges0+0
 105 001d 00000000 		.4byte	0
 106 0021 00000000 		.4byte	.Ldebug_line0
 107 0025 02       		.uleb128 0x2
 108 0026 04       		.byte	0x4
 109 0027 05       		.byte	0x5
 110 0028 696E7400 		.ascii	"int\000"
 111 002c 03       		.uleb128 0x3
ARM GAS  C:\Users\Luis\AppData\Local\Temp\cc2W8q8U.s 			page 3


 112 002d 04       		.byte	0x4
 113 002e 07       		.byte	0x7
 114 002f 1D020000 		.4byte	.LASF0
 115 0033 04       		.uleb128 0x4
 116 0034 DB050000 		.4byte	.LASF2
 117 0038 02       		.byte	0x2
 118 0039 29       		.byte	0x29
 119 003a 3E000000 		.4byte	0x3e
 120 003e 03       		.uleb128 0x3
 121 003f 01       		.byte	0x1
 122 0040 06       		.byte	0x6
 123 0041 23010000 		.4byte	.LASF1
 124 0045 04       		.uleb128 0x4
 125 0046 20060000 		.4byte	.LASF3
 126 004a 02       		.byte	0x2
 127 004b 2A       		.byte	0x2a
 128 004c 50000000 		.4byte	0x50
 129 0050 03       		.uleb128 0x3
 130 0051 01       		.byte	0x1
 131 0052 08       		.byte	0x8
 132 0053 CC030000 		.4byte	.LASF4
 133 0057 03       		.uleb128 0x3
 134 0058 02       		.byte	0x2
 135 0059 05       		.byte	0x5
 136 005a E4030000 		.4byte	.LASF5
 137 005e 03       		.uleb128 0x3
 138 005f 02       		.byte	0x2
 139 0060 07       		.byte	0x7
 140 0061 68020000 		.4byte	.LASF6
 141 0065 04       		.uleb128 0x4
 142 0066 C4030000 		.4byte	.LASF7
 143 006a 02       		.byte	0x2
 144 006b 4F       		.byte	0x4f
 145 006c 70000000 		.4byte	0x70
 146 0070 03       		.uleb128 0x3
 147 0071 04       		.byte	0x4
 148 0072 05       		.byte	0x5
 149 0073 49010000 		.4byte	.LASF8
 150 0077 04       		.uleb128 0x4
 151 0078 76040000 		.4byte	.LASF9
 152 007c 02       		.byte	0x2
 153 007d 50       		.byte	0x50
 154 007e 82000000 		.4byte	0x82
 155 0082 03       		.uleb128 0x3
 156 0083 04       		.byte	0x4
 157 0084 07       		.byte	0x7
 158 0085 A7040000 		.4byte	.LASF10
 159 0089 03       		.uleb128 0x3
 160 008a 08       		.byte	0x8
 161 008b 05       		.byte	0x5
 162 008c 15010000 		.4byte	.LASF11
 163 0090 04       		.uleb128 0x4
 164 0091 29000000 		.4byte	.LASF12
 165 0095 02       		.byte	0x2
 166 0096 78       		.byte	0x78
 167 0097 9B000000 		.4byte	0x9b
 168 009b 03       		.uleb128 0x3
ARM GAS  C:\Users\Luis\AppData\Local\Temp\cc2W8q8U.s 			page 4


 169 009c 08       		.byte	0x8
 170 009d 07       		.byte	0x7
 171 009e 8D000000 		.4byte	.LASF13
 172 00a2 05       		.uleb128 0x5
 173 00a3 65000000 		.4byte	0x65
 174 00a7 04       		.uleb128 0x4
 175 00a8 D3050000 		.4byte	.LASF14
 176 00ac 03       		.byte	0x3
 177 00ad 45       		.byte	0x45
 178 00ae 77000000 		.4byte	0x77
 179 00b2 04       		.uleb128 0x4
 180 00b3 FB000000 		.4byte	.LASF15
 181 00b7 03       		.byte	0x3
 182 00b8 46       		.byte	0x46
 183 00b9 90000000 		.4byte	0x90
 184 00bd 04       		.uleb128 0x4
 185 00be B2020000 		.4byte	.LASF16
 186 00c2 03       		.byte	0x3
 187 00c3 48       		.byte	0x48
 188 00c4 45000000 		.4byte	0x45
 189 00c8 04       		.uleb128 0x4
 190 00c9 52010000 		.4byte	.LASF17
 191 00cd 03       		.byte	0x3
 192 00ce 49       		.byte	0x49
 193 00cf 45000000 		.4byte	0x45
 194 00d3 04       		.uleb128 0x4
 195 00d4 84030000 		.4byte	.LASF18
 196 00d8 03       		.byte	0x3
 197 00d9 4A       		.byte	0x4a
 198 00da 45000000 		.4byte	0x45
 199 00de 04       		.uleb128 0x4
 200 00df AD030000 		.4byte	.LASF19
 201 00e3 03       		.byte	0x3
 202 00e4 4C       		.byte	0x4c
 203 00e5 77000000 		.4byte	0x77
 204 00e9 04       		.uleb128 0x4
 205 00ea 94020000 		.4byte	.LASF20
 206 00ee 03       		.byte	0x3
 207 00ef 4D       		.byte	0x4d
 208 00f0 65000000 		.4byte	0x65
 209 00f4 04       		.uleb128 0x4
 210 00f5 D3020000 		.4byte	.LASF21
 211 00f9 03       		.byte	0x3
 212 00fa 4F       		.byte	0x4f
 213 00fb 77000000 		.4byte	0x77
 214 00ff 04       		.uleb128 0x4
 215 0100 0C020000 		.4byte	.LASF22
 216 0104 03       		.byte	0x3
 217 0105 51       		.byte	0x51
 218 0106 65000000 		.4byte	0x65
 219 010a 04       		.uleb128 0x4
 220 010b 9F020000 		.4byte	.LASF23
 221 010f 03       		.byte	0x3
 222 0110 52       		.byte	0x52
 223 0111 77000000 		.4byte	0x77
 224 0115 04       		.uleb128 0x4
 225 0116 9C050000 		.4byte	.LASF24
ARM GAS  C:\Users\Luis\AppData\Local\Temp\cc2W8q8U.s 			page 5


 226 011a 04       		.byte	0x4
 227 011b 33       		.byte	0x33
 228 011c 77000000 		.4byte	0x77
 229 0120 04       		.uleb128 0x4
 230 0121 11060000 		.4byte	.LASF25
 231 0125 04       		.byte	0x4
 232 0126 3F       		.byte	0x3f
 233 0127 2B010000 		.4byte	0x12b
 234 012b 06       		.uleb128 0x6
 235 012c 8A020000 		.4byte	.LASF48
 236 0130 68       		.byte	0x68
 237 0131 05       		.byte	0x5
 238 0132 C2       		.byte	0xc2
 239 0133 3E020000 		.4byte	0x23e
 240 0137 07       		.uleb128 0x7
 241 0138 2A040000 		.4byte	.LASF26
 242 013c 05       		.byte	0x5
 243 013d C3       		.byte	0xc3
 244 013e 49020000 		.4byte	0x249
 245 0142 00       		.byte	0
 246 0143 07       		.uleb128 0x7
 247 0144 A6030000 		.4byte	.LASF27
 248 0148 05       		.byte	0x5
 249 0149 C5       		.byte	0xc5
 250 014a 49020000 		.4byte	0x249
 251 014e 04       		.byte	0x4
 252 014f 07       		.uleb128 0x7
 253 0150 04010000 		.4byte	.LASF28
 254 0154 05       		.byte	0x5
 255 0155 C7       		.byte	0xc7
 256 0156 DE000000 		.4byte	0xde
 257 015a 08       		.byte	0x8
 258 015b 07       		.uleb128 0x7
 259 015c 75060000 		.4byte	.LASF29
 260 0160 05       		.byte	0x5
 261 0161 C8       		.byte	0xc8
 262 0162 B2040000 		.4byte	0x4b2
 263 0166 0C       		.byte	0xc
 264 0167 07       		.uleb128 0x7
 265 0168 61010000 		.4byte	.LASF30
 266 016c 05       		.byte	0x5
 267 016d CA       		.byte	0xca
 268 016e 49020000 		.4byte	0x249
 269 0172 10       		.byte	0x10
 270 0173 07       		.uleb128 0x7
 271 0174 48030000 		.4byte	.LASF31
 272 0178 05       		.byte	0x5
 273 0179 CB       		.byte	0xcb
 274 017a 49020000 		.4byte	0x249
 275 017e 14       		.byte	0x14
 276 017f 07       		.uleb128 0x7
 277 0180 2F060000 		.4byte	.LASF32
 278 0184 05       		.byte	0x5
 279 0185 D2       		.byte	0xd2
 280 0186 56070000 		.4byte	0x756
 281 018a 18       		.byte	0x18
 282 018b 07       		.uleb128 0x7
ARM GAS  C:\Users\Luis\AppData\Local\Temp\cc2W8q8U.s 			page 6


 283 018c 12020000 		.4byte	.LASF33
 284 0190 05       		.byte	0x5
 285 0191 D8       		.byte	0xd8
 286 0192 68070000 		.4byte	0x768
 287 0196 1C       		.byte	0x1c
 288 0197 07       		.uleb128 0x7
 289 0198 EE030000 		.4byte	.LASF34
 290 019c 05       		.byte	0x5
 291 019d DD       		.byte	0xdd
 292 019e C8000000 		.4byte	0xc8
 293 01a2 20       		.byte	0x20
 294 01a3 07       		.uleb128 0x7
 295 01a4 31040000 		.4byte	.LASF35
 296 01a8 05       		.byte	0x5
 297 01a9 E1       		.byte	0xe1
 298 01aa BD000000 		.4byte	0xbd
 299 01ae 21       		.byte	0x21
 300 01af 07       		.uleb128 0x7
 301 01b0 02060000 		.4byte	.LASF36
 302 01b4 05       		.byte	0x5
 303 01b5 E6       		.byte	0xe6
 304 01b6 D3000000 		.4byte	0xd3
 305 01ba 22       		.byte	0x22
 306 01bb 08       		.uleb128 0x8
 307 01bc 705F7500 		.ascii	"p_u\000"
 308 01c0 05       		.byte	0x5
 309 01c1 3101     		.2byte	0x131
 310 01c3 91060000 		.4byte	0x691
 311 01c7 24       		.byte	0x24
 312 01c8 09       		.uleb128 0x9
 313 01c9 EA020000 		.4byte	.LASF37
 314 01cd 05       		.byte	0x5
 315 01ce 3601     		.2byte	0x136
 316 01d0 4F020000 		.4byte	0x24f
 317 01d4 28       		.byte	0x28
 318 01d5 09       		.uleb128 0x9
 319 01d6 44020000 		.4byte	.LASF38
 320 01da 05       		.byte	0x5
 321 01db 3C01     		.2byte	0x13c
 322 01dd 73020000 		.4byte	0x273
 323 01e1 2C       		.byte	0x2c
 324 01e2 09       		.uleb128 0x9
 325 01e3 52060000 		.4byte	.LASF39
 326 01e7 05       		.byte	0x5
 327 01e8 4001     		.2byte	0x140
 328 01ea E9000000 		.4byte	0xe9
 329 01ee 34       		.byte	0x34
 330 01ef 09       		.uleb128 0x9
 331 01f0 6B040000 		.4byte	.LASF40
 332 01f4 05       		.byte	0x5
 333 01f5 4601     		.2byte	0x146
 334 01f7 F4000000 		.4byte	0xf4
 335 01fb 38       		.byte	0x38
 336 01fc 09       		.uleb128 0x9
 337 01fd DA030000 		.4byte	.LASF41
 338 0201 05       		.byte	0x5
 339 0202 4D01     		.2byte	0x14d
ARM GAS  C:\Users\Luis\AppData\Local\Temp\cc2W8q8U.s 			page 7


 340 0204 50070000 		.4byte	0x750
 341 0208 3C       		.byte	0x3c
 342 0209 09       		.uleb128 0x9
 343 020a A6050000 		.4byte	.LASF42
 344 020e 05       		.byte	0x5
 345 020f 5101     		.2byte	0x151
 346 0211 DE000000 		.4byte	0xde
 347 0215 40       		.byte	0x40
 348 0216 09       		.uleb128 0x9
 349 0217 2F010000 		.4byte	.LASF43
 350 021b 05       		.byte	0x5
 351 021c 5801     		.2byte	0x158
 352 021e 26030000 		.4byte	0x326
 353 0222 44       		.byte	0x44
 354 0223 09       		.uleb128 0x9
 355 0224 39040000 		.4byte	.LASF44
 356 0228 05       		.byte	0x5
 357 0229 5E01     		.2byte	0x15e
 358 022b 42060000 		.4byte	0x642
 359 022f 48       		.byte	0x48
 360 0230 09       		.uleb128 0x9
 361 0231 55020000 		.4byte	.LASF45
 362 0235 05       		.byte	0x5
 363 0236 6201     		.2byte	0x162
 364 0238 26030000 		.4byte	0x326
 365 023c 60       		.byte	0x60
 366 023d 00       		.byte	0
 367 023e 04       		.uleb128 0x4
 368 023f 03030000 		.4byte	.LASF46
 369 0243 04       		.byte	0x4
 370 0244 44       		.byte	0x44
 371 0245 49020000 		.4byte	0x249
 372 0249 0A       		.uleb128 0xa
 373 024a 04       		.byte	0x4
 374 024b 20010000 		.4byte	0x120
 375 024f 04       		.uleb128 0x4
 376 0250 36060000 		.4byte	.LASF47
 377 0254 04       		.byte	0x4
 378 0255 49       		.byte	0x49
 379 0256 5A020000 		.4byte	0x25a
 380 025a 06       		.uleb128 0x6
 381 025b 97040000 		.4byte	.LASF49
 382 025f 04       		.byte	0x4
 383 0260 05       		.byte	0x5
 384 0261 B0       		.byte	0xb0
 385 0262 73020000 		.4byte	0x273
 386 0266 07       		.uleb128 0x7
 387 0267 2A040000 		.4byte	.LASF26
 388 026b 05       		.byte	0x5
 389 026c B1       		.byte	0xb1
 390 026d 49020000 		.4byte	0x249
 391 0271 00       		.byte	0
 392 0272 00       		.byte	0
 393 0273 04       		.uleb128 0x4
 394 0274 E9050000 		.4byte	.LASF50
 395 0278 04       		.byte	0x4
 396 0279 50       		.byte	0x50
ARM GAS  C:\Users\Luis\AppData\Local\Temp\cc2W8q8U.s 			page 8


 397 027a 7E020000 		.4byte	0x27e
 398 027e 06       		.uleb128 0x6
 399 027f 54000000 		.4byte	.LASF51
 400 0283 08       		.byte	0x8
 401 0284 05       		.byte	0x5
 402 0285 B7       		.byte	0xb7
 403 0286 A3020000 		.4byte	0x2a3
 404 028a 07       		.uleb128 0x7
 405 028b 2A040000 		.4byte	.LASF26
 406 028f 05       		.byte	0x5
 407 0290 B8       		.byte	0xb8
 408 0291 49020000 		.4byte	0x249
 409 0295 00       		.byte	0
 410 0296 07       		.uleb128 0x7
 411 0297 A6030000 		.4byte	.LASF27
 412 029b 05       		.byte	0x5
 413 029c B9       		.byte	0xb9
 414 029d 49020000 		.4byte	0x249
 415 02a1 04       		.byte	0x4
 416 02a2 00       		.byte	0
 417 02a3 04       		.uleb128 0x4
 418 02a4 07000000 		.4byte	.LASF52
 419 02a8 04       		.byte	0x4
 420 02a9 57       		.byte	0x57
 421 02aa AE020000 		.4byte	0x2ae
 422 02ae 0B       		.uleb128 0xb
 423 02af C5020000 		.4byte	.LASF53
 424 02b3 1C       		.byte	0x1c
 425 02b4 05       		.byte	0x5
 426 02b5 9001     		.2byte	0x190
 427 02b7 0A030000 		.4byte	0x30a
 428 02bb 09       		.uleb128 0x9
 429 02bc 86040000 		.4byte	.LASF54
 430 02c0 05       		.byte	0x5
 431 02c1 9101     		.2byte	0x191
 432 02c3 73020000 		.4byte	0x273
 433 02c7 00       		.byte	0
 434 02c8 09       		.uleb128 0x9
 435 02c9 1C040000 		.4byte	.LASF55
 436 02cd 05       		.byte	0x5
 437 02ce 9201     		.2byte	0x192
 438 02d0 DE000000 		.4byte	0xde
 439 02d4 08       		.byte	0x8
 440 02d5 09       		.uleb128 0x9
 441 02d6 50030000 		.4byte	.LASF56
 442 02da 05       		.byte	0x5
 443 02db 9401     		.2byte	0x194
 444 02dd B2040000 		.4byte	0x4b2
 445 02e1 0C       		.byte	0xc
 446 02e2 09       		.uleb128 0x9
 447 02e3 79010000 		.4byte	.LASF57
 448 02e7 05       		.byte	0x5
 449 02e8 9701     		.2byte	0x197
 450 02ea 49020000 		.4byte	0x249
 451 02ee 10       		.byte	0x10
 452 02ef 09       		.uleb128 0x9
 453 02f0 71030000 		.4byte	.LASF58
ARM GAS  C:\Users\Luis\AppData\Local\Temp\cc2W8q8U.s 			page 9


 454 02f4 05       		.byte	0x5
 455 02f5 9801     		.2byte	0x198
 456 02f7 49020000 		.4byte	0x249
 457 02fb 14       		.byte	0x14
 458 02fc 09       		.uleb128 0x9
 459 02fd 67030000 		.4byte	.LASF59
 460 0301 05       		.byte	0x5
 461 0302 9B01     		.2byte	0x19b
 462 0304 49020000 		.4byte	0x249
 463 0308 18       		.byte	0x18
 464 0309 00       		.byte	0
 465 030a 04       		.uleb128 0x4
 466 030b B1050000 		.4byte	.LASF60
 467 030f 04       		.byte	0x4
 468 0310 5C       		.byte	0x5c
 469 0311 15030000 		.4byte	0x315
 470 0315 0A       		.uleb128 0xa
 471 0316 04       		.byte	0x4
 472 0317 1B030000 		.4byte	0x31b
 473 031b 0C       		.uleb128 0xc
 474 031c 26030000 		.4byte	0x326
 475 0320 0D       		.uleb128 0xd
 476 0321 26030000 		.4byte	0x326
 477 0325 00       		.byte	0
 478 0326 0E       		.uleb128 0xe
 479 0327 04       		.byte	0x4
 480 0328 04       		.uleb128 0x4
 481 0329 96030000 		.4byte	.LASF61
 482 032d 04       		.byte	0x4
 483 032e 61       		.byte	0x61
 484 032f 33030000 		.4byte	0x333
 485 0333 0B       		.uleb128 0xb
 486 0334 4D040000 		.4byte	.LASF62
 487 0338 14       		.byte	0x14
 488 0339 05       		.byte	0x5
 489 033a 6B01     		.2byte	0x16b
 490 033c 82030000 		.4byte	0x382
 491 0340 09       		.uleb128 0x9
 492 0341 2A020000 		.4byte	.LASF63
 493 0345 05       		.byte	0x5
 494 0346 6C01     		.2byte	0x16c
 495 0348 6E070000 		.4byte	0x76e
 496 034c 00       		.byte	0
 497 034d 09       		.uleb128 0x9
 498 034e 8A010000 		.4byte	.LASF64
 499 0352 05       		.byte	0x5
 500 0353 6D01     		.2byte	0x16d
 501 0355 6E070000 		.4byte	0x76e
 502 0359 04       		.byte	0x4
 503 035a 09       		.uleb128 0x9
 504 035b 8E040000 		.4byte	.LASF65
 505 035f 05       		.byte	0x5
 506 0360 6E01     		.2byte	0x16e
 507 0362 15010000 		.4byte	0x115
 508 0366 08       		.byte	0x8
 509 0367 09       		.uleb128 0x9
 510 0368 7B060000 		.4byte	.LASF66
ARM GAS  C:\Users\Luis\AppData\Local\Temp\cc2W8q8U.s 			page 10


 511 036c 05       		.byte	0x5
 512 036d 6F01     		.2byte	0x16f
 513 036f 0A030000 		.4byte	0x30a
 514 0373 0C       		.byte	0xc
 515 0374 09       		.uleb128 0x9
 516 0375 E2050000 		.4byte	.LASF67
 517 0379 05       		.byte	0x5
 518 037a 7101     		.2byte	0x171
 519 037c 26030000 		.4byte	0x326
 520 0380 10       		.byte	0x10
 521 0381 00       		.byte	0
 522 0382 04       		.uleb128 0x4
 523 0383 D8000000 		.4byte	.LASF68
 524 0387 04       		.byte	0x4
 525 0388 66       		.byte	0x66
 526 0389 8D030000 		.4byte	0x38d
 527 038d 0B       		.uleb128 0xb
 528 038e 16030000 		.4byte	.LASF69
 529 0392 10       		.byte	0x10
 530 0393 05       		.byte	0x5
 531 0394 7B01     		.2byte	0x17b
 532 0396 CF030000 		.4byte	0x3cf
 533 039a 09       		.uleb128 0x9
 534 039b 2A020000 		.4byte	.LASF63
 535 039f 05       		.byte	0x5
 536 03a0 7C01     		.2byte	0x17c
 537 03a2 6E070000 		.4byte	0x76e
 538 03a6 00       		.byte	0
 539 03a7 09       		.uleb128 0x9
 540 03a8 8A010000 		.4byte	.LASF64
 541 03ac 05       		.byte	0x5
 542 03ad 7E01     		.2byte	0x17e
 543 03af 6E070000 		.4byte	0x76e
 544 03b3 04       		.byte	0x4
 545 03b4 09       		.uleb128 0x9
 546 03b5 8E040000 		.4byte	.LASF65
 547 03b9 05       		.byte	0x5
 548 03ba 8001     		.2byte	0x180
 549 03bc 15010000 		.4byte	0x115
 550 03c0 08       		.byte	0x8
 551 03c1 09       		.uleb128 0x9
 552 03c2 3C030000 		.4byte	.LASF70
 553 03c6 05       		.byte	0x5
 554 03c7 8801     		.2byte	0x188
 555 03c9 15010000 		.4byte	0x115
 556 03cd 0C       		.byte	0xc
 557 03ce 00       		.byte	0
 558 03cf 04       		.uleb128 0x4
 559 03d0 65000000 		.4byte	.LASF71
 560 03d4 04       		.byte	0x4
 561 03d5 6B       		.byte	0x6b
 562 03d6 DA030000 		.4byte	0x3da
 563 03da 0F       		.uleb128 0xf
 564 03db DC010000 		.4byte	.LASF72
 565 03df 1404     		.2byte	0x414
 566 03e1 05       		.byte	0x5
 567 03e2 A201     		.2byte	0x1a2
ARM GAS  C:\Users\Luis\AppData\Local\Temp\cc2W8q8U.s 			page 11


 568 03e4 1D040000 		.4byte	0x41d
 569 03e8 09       		.uleb128 0x9
 570 03e9 BA050000 		.4byte	.LASF73
 571 03ed 05       		.byte	0x5
 572 03ee AA01     		.2byte	0x1aa
 573 03f0 74070000 		.4byte	0x774
 574 03f4 00       		.byte	0
 575 03f5 09       		.uleb128 0x9
 576 03f6 09060000 		.4byte	.LASF74
 577 03fa 05       		.byte	0x5
 578 03fb AF01     		.2byte	0x1af
 579 03fd FF000000 		.4byte	0xff
 580 0401 04       		.byte	0x4
 581 0402 09       		.uleb128 0x9
 582 0403 F4010000 		.4byte	.LASF75
 583 0407 05       		.byte	0x5
 584 0408 B301     		.2byte	0x1b3
 585 040a FF000000 		.4byte	0xff
 586 040e 08       		.byte	0x8
 587 040f 09       		.uleb128 0x9
 588 0410 45060000 		.4byte	.LASF76
 589 0414 05       		.byte	0x5
 590 0415 B901     		.2byte	0x1b9
 591 0417 D4050000 		.4byte	0x5d4
 592 041b 0C       		.byte	0xc
 593 041c 00       		.byte	0
 594 041d 04       		.uleb128 0x4
 595 041e A6020000 		.4byte	.LASF77
 596 0422 04       		.byte	0x4
 597 0423 70       		.byte	0x70
 598 0424 28040000 		.4byte	0x428
 599 0428 0F       		.uleb128 0xf
 600 0429 3F010000 		.4byte	.LASF78
 601 042d E805     		.2byte	0x5e8
 602 042f 05       		.byte	0x5
 603 0430 C201     		.2byte	0x1c2
 604 0432 95040000 		.4byte	0x495
 605 0436 09       		.uleb128 0x9
 606 0437 1A060000 		.4byte	.LASF79
 607 043b 05       		.byte	0x5
 608 043c C601     		.2byte	0x1c6
 609 043e A3020000 		.4byte	0x2a3
 610 0442 00       		.byte	0
 611 0443 09       		.uleb128 0x9
 612 0444 92010000 		.4byte	.LASF80
 613 0448 05       		.byte	0x5
 614 0449 CA01     		.2byte	0x1ca
 615 044b 82030000 		.4byte	0x382
 616 044f 1C       		.byte	0x1c
 617 0450 08       		.uleb128 0x8
 618 0451 64626700 		.ascii	"dbg\000"
 619 0455 05       		.byte	0x5
 620 0456 CE01     		.2byte	0x1ce
 621 0458 CF030000 		.4byte	0x3cf
 622 045c 2C       		.byte	0x2c
 623 045d 10       		.uleb128 0x10
 624 045e C8000000 		.4byte	.LASF81
ARM GAS  C:\Users\Luis\AppData\Local\Temp\cc2W8q8U.s 			page 12


 625 0462 05       		.byte	0x5
 626 0463 D201     		.2byte	0x1d2
 627 0465 20010000 		.4byte	0x120
 628 0469 4004     		.2byte	0x440
 629 046b 11       		.uleb128 0x11
 630 046c 746D00   		.ascii	"tm\000"
 631 046f 05       		.byte	0x5
 632 0470 D701     		.2byte	0x1d7
 633 0472 F4050000 		.4byte	0x5f4
 634 0476 A804     		.2byte	0x4a8
 635 0478 10       		.uleb128 0x10
 636 0479 32000000 		.4byte	.LASF82
 637 047d 05       		.byte	0x5
 638 047e DD01     		.2byte	0x1dd
 639 0480 86060000 		.4byte	0x686
 640 0484 B004     		.2byte	0x4b0
 641 0486 10       		.uleb128 0x10
 642 0487 FD010000 		.4byte	.LASF83
 643 048b 05       		.byte	0x5
 644 048c E301     		.2byte	0x1e3
 645 048e 79070000 		.4byte	0x779
 646 0492 E804     		.2byte	0x4e8
 647 0494 00       		.byte	0
 648 0495 03       		.uleb128 0x3
 649 0496 04       		.byte	0x4
 650 0497 07       		.byte	0x7
 651 0498 FA020000 		.4byte	.LASF84
 652 049c 04       		.uleb128 0x4
 653 049d 81010000 		.4byte	.LASF85
 654 04a1 06       		.byte	0x6
 655 04a2 65       		.byte	0x65
 656 04a3 26030000 		.4byte	0x326
 657 04a7 04       		.uleb128 0x4
 658 04a8 DF020000 		.4byte	.LASF86
 659 04ac 06       		.byte	0x6
 660 04ad 6D       		.byte	0x6d
 661 04ae 90000000 		.4byte	0x90
 662 04b2 06       		.uleb128 0x6
 663 04b3 CB050000 		.4byte	.LASF87
 664 04b7 04       		.byte	0x4
 665 04b8 06       		.byte	0x6
 666 04b9 89       		.byte	0x89
 667 04ba CB040000 		.4byte	0x4cb
 668 04be 12       		.uleb128 0x12
 669 04bf 72313300 		.ascii	"r13\000"
 670 04c3 06       		.byte	0x6
 671 04c4 8A       		.byte	0x8a
 672 04c5 46050000 		.4byte	0x546
 673 04c9 00       		.byte	0
 674 04ca 00       		.byte	0
 675 04cb 06       		.uleb128 0x6
 676 04cc 48000000 		.4byte	.LASF88
 677 04d0 24       		.byte	0x24
 678 04d1 07       		.byte	0x7
 679 04d2 F4       		.byte	0xf4
 680 04d3 46050000 		.4byte	0x546
 681 04d7 08       		.uleb128 0x8
ARM GAS  C:\Users\Luis\AppData\Local\Temp\cc2W8q8U.s 			page 13


 682 04d8 723400   		.ascii	"r4\000"
 683 04db 07       		.byte	0x7
 684 04dc 0701     		.2byte	0x107
 685 04de 9C040000 		.4byte	0x49c
 686 04e2 00       		.byte	0
 687 04e3 08       		.uleb128 0x8
 688 04e4 723500   		.ascii	"r5\000"
 689 04e7 07       		.byte	0x7
 690 04e8 0801     		.2byte	0x108
 691 04ea 9C040000 		.4byte	0x49c
 692 04ee 04       		.byte	0x4
 693 04ef 08       		.uleb128 0x8
 694 04f0 723600   		.ascii	"r6\000"
 695 04f3 07       		.byte	0x7
 696 04f4 0901     		.2byte	0x109
 697 04f6 9C040000 		.4byte	0x49c
 698 04fa 08       		.byte	0x8
 699 04fb 08       		.uleb128 0x8
 700 04fc 723700   		.ascii	"r7\000"
 701 04ff 07       		.byte	0x7
 702 0500 0A01     		.2byte	0x10a
 703 0502 9C040000 		.4byte	0x49c
 704 0506 0C       		.byte	0xc
 705 0507 08       		.uleb128 0x8
 706 0508 723800   		.ascii	"r8\000"
 707 050b 07       		.byte	0x7
 708 050c 0B01     		.2byte	0x10b
 709 050e 9C040000 		.4byte	0x49c
 710 0512 10       		.byte	0x10
 711 0513 08       		.uleb128 0x8
 712 0514 723900   		.ascii	"r9\000"
 713 0517 07       		.byte	0x7
 714 0518 0C01     		.2byte	0x10c
 715 051a 9C040000 		.4byte	0x49c
 716 051e 14       		.byte	0x14
 717 051f 08       		.uleb128 0x8
 718 0520 72313000 		.ascii	"r10\000"
 719 0524 07       		.byte	0x7
 720 0525 0D01     		.2byte	0x10d
 721 0527 9C040000 		.4byte	0x49c
 722 052b 18       		.byte	0x18
 723 052c 08       		.uleb128 0x8
 724 052d 72313100 		.ascii	"r11\000"
 725 0531 07       		.byte	0x7
 726 0532 0E01     		.2byte	0x10e
 727 0534 9C040000 		.4byte	0x49c
 728 0538 1C       		.byte	0x1c
 729 0539 08       		.uleb128 0x8
 730 053a 6C7200   		.ascii	"lr\000"
 731 053d 07       		.byte	0x7
 732 053e 0F01     		.2byte	0x10f
 733 0540 9C040000 		.4byte	0x49c
 734 0544 20       		.byte	0x20
 735 0545 00       		.byte	0
 736 0546 0A       		.uleb128 0xa
 737 0547 04       		.byte	0x4
 738 0548 CB040000 		.4byte	0x4cb
ARM GAS  C:\Users\Luis\AppData\Local\Temp\cc2W8q8U.s 			page 14


 739 054c 13       		.uleb128 0x13
 740 054d 10       		.byte	0x10
 741 054e 08       		.byte	0x8
 742 054f 51       		.byte	0x51
 743 0550 85050000 		.4byte	0x585
 744 0554 07       		.uleb128 0x7
 745 0555 14000000 		.4byte	.LASF89
 746 0559 08       		.byte	0x8
 747 055a 55       		.byte	0x55
 748 055b 15010000 		.4byte	0x115
 749 055f 00       		.byte	0
 750 0560 07       		.uleb128 0x7
 751 0561 5B010000 		.4byte	.LASF90
 752 0565 08       		.byte	0x8
 753 0566 59       		.byte	0x59
 754 0567 49020000 		.4byte	0x249
 755 056b 04       		.byte	0x4
 756 056c 07       		.uleb128 0x7
 757 056d 6B060000 		.4byte	.LASF91
 758 0571 08       		.byte	0x8
 759 0572 5D       		.byte	0x5d
 760 0573 26030000 		.4byte	0x326
 761 0577 08       		.byte	0x8
 762 0578 07       		.uleb128 0x7
 763 0579 B6000000 		.4byte	.LASF92
 764 057d 08       		.byte	0x8
 765 057e 61       		.byte	0x61
 766 057f 45000000 		.4byte	0x45
 767 0583 0C       		.byte	0xc
 768 0584 00       		.byte	0
 769 0585 04       		.uleb128 0x4
 770 0586 2D030000 		.4byte	.LASF93
 771 058a 08       		.byte	0x8
 772 058b 62       		.byte	0x62
 773 058c 4C050000 		.4byte	0x54c
 774 0590 14       		.uleb128 0x14
 775 0591 0804     		.2byte	0x408
 776 0593 08       		.byte	0x8
 777 0594 67       		.byte	0x67
 778 0595 BE050000 		.4byte	0x5be
 779 0599 07       		.uleb128 0x7
 780 059a 71010000 		.4byte	.LASF94
 781 059e 08       		.byte	0x8
 782 059f 6B       		.byte	0x6b
 783 05a0 2C000000 		.4byte	0x2c
 784 05a4 00       		.byte	0
 785 05a5 07       		.uleb128 0x7
 786 05a6 00000000 		.4byte	.LASF95
 787 05aa 08       		.byte	0x8
 788 05ab 6F       		.byte	0x6f
 789 05ac BE050000 		.4byte	0x5be
 790 05b0 04       		.byte	0x4
 791 05b1 07       		.uleb128 0x7
 792 05b2 8C030000 		.4byte	.LASF96
 793 05b6 08       		.byte	0x8
 794 05b7 73       		.byte	0x73
 795 05b8 C4050000 		.4byte	0x5c4
ARM GAS  C:\Users\Luis\AppData\Local\Temp\cc2W8q8U.s 			page 15


 796 05bc 08       		.byte	0x8
 797 05bd 00       		.byte	0
 798 05be 0A       		.uleb128 0xa
 799 05bf 04       		.byte	0x4
 800 05c0 85050000 		.4byte	0x585
 801 05c4 15       		.uleb128 0x15
 802 05c5 85050000 		.4byte	0x585
 803 05c9 D4050000 		.4byte	0x5d4
 804 05cd 16       		.uleb128 0x16
 805 05ce 95040000 		.4byte	0x495
 806 05d2 3F       		.byte	0x3f
 807 05d3 00       		.byte	0
 808 05d4 04       		.uleb128 0x4
 809 05d5 A4000000 		.4byte	.LASF97
 810 05d9 08       		.byte	0x8
 811 05da 74       		.byte	0x74
 812 05db 90050000 		.4byte	0x590
 813 05df 13       		.uleb128 0x13
 814 05e0 04       		.byte	0x4
 815 05e1 09       		.byte	0x9
 816 05e2 38       		.byte	0x38
 817 05e3 F4050000 		.4byte	0x5f4
 818 05e7 07       		.uleb128 0x7
 819 05e8 C4050000 		.4byte	.LASF98
 820 05ec 09       		.byte	0x9
 821 05ed 3C       		.byte	0x3c
 822 05ee A7000000 		.4byte	0xa7
 823 05f2 00       		.byte	0
 824 05f3 00       		.byte	0
 825 05f4 04       		.uleb128 0x4
 826 05f5 56030000 		.4byte	.LASF99
 827 05f9 09       		.byte	0x9
 828 05fa 3D       		.byte	0x3d
 829 05fb DF050000 		.4byte	0x5df
 830 05ff 13       		.uleb128 0x13
 831 0600 18       		.byte	0x18
 832 0601 09       		.byte	0x9
 833 0602 48       		.byte	0x48
 834 0603 42060000 		.4byte	0x642
 835 0607 07       		.uleb128 0x7
 836 0608 90050000 		.4byte	.LASF100
 837 060c 09       		.byte	0x9
 838 060d 49       		.byte	0x49
 839 060e A7000000 		.4byte	0xa7
 840 0612 00       		.byte	0
 841 0613 07       		.uleb128 0x7
 842 0614 74000000 		.4byte	.LASF101
 843 0618 09       		.byte	0x9
 844 0619 4A       		.byte	0x4a
 845 061a A7000000 		.4byte	0xa7
 846 061e 04       		.byte	0x4
 847 061f 07       		.uleb128 0x7
 848 0620 9A020000 		.4byte	.LASF102
 849 0624 09       		.byte	0x9
 850 0625 4B       		.byte	0x4b
 851 0626 A7000000 		.4byte	0xa7
 852 062a 08       		.byte	0x8
ARM GAS  C:\Users\Luis\AppData\Local\Temp\cc2W8q8U.s 			page 16


 853 062b 12       		.uleb128 0x12
 854 062c 6E00     		.ascii	"n\000"
 855 062e 09       		.byte	0x9
 856 062f 4C       		.byte	0x4c
 857 0630 0A010000 		.4byte	0x10a
 858 0634 0C       		.byte	0xc
 859 0635 07       		.uleb128 0x7
 860 0636 79030000 		.4byte	.LASF103
 861 063a 09       		.byte	0x9
 862 063b 4D       		.byte	0x4d
 863 063c B2000000 		.4byte	0xb2
 864 0640 10       		.byte	0x10
 865 0641 00       		.byte	0
 866 0642 04       		.uleb128 0x4
 867 0643 7A000000 		.4byte	.LASF104
 868 0647 09       		.byte	0x9
 869 0648 4E       		.byte	0x4e
 870 0649 FF050000 		.4byte	0x5ff
 871 064d 13       		.uleb128 0x13
 872 064e 38       		.byte	0x38
 873 064f 0A       		.byte	0xa
 874 0650 38       		.byte	0x38
 875 0651 86060000 		.4byte	0x686
 876 0655 07       		.uleb128 0x7
 877 0656 5C020000 		.4byte	.LASF105
 878 065a 0A       		.byte	0xa
 879 065b 39       		.byte	0x39
 880 065c 0A010000 		.4byte	0x10a
 881 0660 00       		.byte	0
 882 0661 07       		.uleb128 0x7
 883 0662 B5030000 		.4byte	.LASF106
 884 0666 0A       		.byte	0xa
 885 0667 3A       		.byte	0x3a
 886 0668 0A010000 		.4byte	0x10a
 887 066c 04       		.byte	0x4
 888 066d 07       		.uleb128 0x7
 889 066e 58060000 		.4byte	.LASF107
 890 0672 0A       		.byte	0xa
 891 0673 3B       		.byte	0x3b
 892 0674 42060000 		.4byte	0x642
 893 0678 08       		.byte	0x8
 894 0679 07       		.uleb128 0x7
 895 067a BA020000 		.4byte	.LASF108
 896 067e 0A       		.byte	0xa
 897 067f 3D       		.byte	0x3d
 898 0680 42060000 		.4byte	0x642
 899 0684 20       		.byte	0x20
 900 0685 00       		.byte	0
 901 0686 04       		.uleb128 0x4
 902 0687 7B020000 		.4byte	.LASF109
 903 068b 0A       		.byte	0xa
 904 068c 3F       		.byte	0x3f
 905 068d 4D060000 		.4byte	0x64d
 906 0691 17       		.uleb128 0x17
 907 0692 04       		.byte	0x4
 908 0693 05       		.byte	0x5
 909 0694 FA       		.byte	0xfa
ARM GAS  C:\Users\Luis\AppData\Local\Temp\cc2W8q8U.s 			page 17


 910 0695 EE060000 		.4byte	0x6ee
 911 0699 18       		.uleb128 0x18
 912 069a 22000000 		.4byte	.LASF110
 913 069e 05       		.byte	0x5
 914 069f 0101     		.2byte	0x101
 915 06a1 E9000000 		.4byte	0xe9
 916 06a5 18       		.uleb128 0x18
 917 06a6 BF000000 		.4byte	.LASF111
 918 06aa 05       		.byte	0x5
 919 06ab 0801     		.2byte	0x108
 920 06ad E9000000 		.4byte	0xe9
 921 06b1 18       		.uleb128 0x18
 922 06b2 28060000 		.4byte	.LASF112
 923 06b6 05       		.byte	0x5
 924 06b7 0F01     		.2byte	0x10f
 925 06b9 26030000 		.4byte	0x326
 926 06bd 18       		.uleb128 0x18
 927 06be 1C000000 		.4byte	.LASF113
 928 06c2 05       		.byte	0x5
 929 06c3 1601     		.2byte	0x116
 930 06c5 EE060000 		.4byte	0x6ee
 931 06c9 18       		.uleb128 0x18
 932 06ca 3D020000 		.4byte	.LASF114
 933 06ce 05       		.byte	0x5
 934 06cf 1E01     		.2byte	0x11e
 935 06d1 19070000 		.4byte	0x719
 936 06d5 18       		.uleb128 0x18
 937 06d6 7F040000 		.4byte	.LASF115
 938 06da 05       		.byte	0x5
 939 06db 2701     		.2byte	0x127
 940 06dd 50070000 		.4byte	0x750
 941 06e1 18       		.uleb128 0x18
 942 06e2 23040000 		.4byte	.LASF116
 943 06e6 05       		.byte	0x5
 944 06e7 2F01     		.2byte	0x12f
 945 06e9 F4000000 		.4byte	0xf4
 946 06ed 00       		.byte	0
 947 06ee 0A       		.uleb128 0xa
 948 06ef 04       		.byte	0x4
 949 06f0 3E020000 		.4byte	0x23e
 950 06f4 06       		.uleb128 0x6
 951 06f5 5E040000 		.4byte	.LASF117
 952 06f9 0C       		.byte	0xc
 953 06fa 0B       		.byte	0xb
 954 06fb 34       		.byte	0x34
 955 06fc 19070000 		.4byte	0x719
 956 0700 07       		.uleb128 0x7
 957 0701 69010000 		.4byte	.LASF118
 958 0705 0B       		.byte	0xb
 959 0706 35       		.byte	0x35
 960 0707 73020000 		.4byte	0x273
 961 070b 00       		.byte	0
 962 070c 07       		.uleb128 0x7
 963 070d 62020000 		.4byte	.LASF119
 964 0711 0B       		.byte	0xb
 965 0712 37       		.byte	0x37
 966 0713 FF000000 		.4byte	0xff
ARM GAS  C:\Users\Luis\AppData\Local\Temp\cc2W8q8U.s 			page 18


 967 0717 08       		.byte	0x8
 968 0718 00       		.byte	0
 969 0719 0A       		.uleb128 0xa
 970 071a 04       		.byte	0x4
 971 071b F4060000 		.4byte	0x6f4
 972 071f 06       		.uleb128 0x6
 973 0720 F9050000 		.4byte	.LASF120
 974 0724 10       		.byte	0x10
 975 0725 0C       		.byte	0xc
 976 0726 39       		.byte	0x39
 977 0727 50070000 		.4byte	0x750
 978 072b 07       		.uleb128 0x7
 979 072c 37010000 		.4byte	.LASF121
 980 0730 0C       		.byte	0xc
 981 0731 3A       		.byte	0x3a
 982 0732 73020000 		.4byte	0x273
 983 0736 00       		.byte	0
 984 0737 07       		.uleb128 0x7
 985 0738 63060000 		.4byte	.LASF122
 986 073c 0C       		.byte	0xc
 987 073d 3C       		.byte	0x3c
 988 073e 49020000 		.4byte	0x249
 989 0742 08       		.byte	0x8
 990 0743 07       		.uleb128 0x7
 991 0744 95050000 		.4byte	.LASF123
 992 0748 0C       		.byte	0xc
 993 0749 3E       		.byte	0x3e
 994 074a 9F070000 		.4byte	0x79f
 995 074e 0C       		.byte	0xc
 996 074f 00       		.byte	0
 997 0750 0A       		.uleb128 0xa
 998 0751 04       		.byte	0x4
 999 0752 1F070000 		.4byte	0x71f
 1000 0756 0A       		.uleb128 0xa
 1001 0757 04       		.byte	0x4
 1002 0758 5C070000 		.4byte	0x75c
 1003 075c 19       		.uleb128 0x19
 1004 075d 61070000 		.4byte	0x761
 1005 0761 03       		.uleb128 0x3
 1006 0762 01       		.byte	0x1
 1007 0763 08       		.byte	0x8
 1008 0764 B9040000 		.4byte	.LASF124
 1009 0768 0A       		.uleb128 0xa
 1010 0769 04       		.byte	0x4
 1011 076a A7040000 		.4byte	0x4a7
 1012 076e 0A       		.uleb128 0xa
 1013 076f 04       		.byte	0x4
 1014 0770 28030000 		.4byte	0x328
 1015 0774 05       		.uleb128 0x5
 1016 0775 56070000 		.4byte	0x756
 1017 0779 15       		.uleb128 0x15
 1018 077a A7040000 		.4byte	0x4a7
 1019 077e 89070000 		.4byte	0x789
 1020 0782 16       		.uleb128 0x16
 1021 0783 95040000 		.4byte	0x495
 1022 0787 1F       		.byte	0x1f
 1023 0788 00       		.byte	0
ARM GAS  C:\Users\Luis\AppData\Local\Temp\cc2W8q8U.s 			page 19


 1024 0789 04       		.uleb128 0x4
 1025 078a 41040000 		.4byte	.LASF125
 1026 078e 0B       		.byte	0xb
 1027 078f 38       		.byte	0x38
 1028 0790 F4060000 		.4byte	0x6f4
 1029 0794 04       		.uleb128 0x4
 1030 0795 EC010000 		.4byte	.LASF126
 1031 0799 0C       		.byte	0xc
 1032 079a 34       		.byte	0x34
 1033 079b 1F070000 		.4byte	0x71f
 1034 079f 0A       		.uleb128 0xa
 1035 07a0 04       		.byte	0x4
 1036 07a1 94070000 		.4byte	0x794
 1037 07a5 03       		.uleb128 0x3
 1038 07a6 01       		.byte	0x1
 1039 07a7 02       		.byte	0x2
 1040 07a8 BE030000 		.4byte	.LASF127
 1041 07ac 04       		.uleb128 0x4
 1042 07ad D3000000 		.4byte	.LASF128
 1043 07b1 0D       		.byte	0xd
 1044 07b2 39       		.byte	0x39
 1045 07b3 33000000 		.4byte	0x33
 1046 07b7 04       		.uleb128 0x4
 1047 07b8 4F020000 		.4byte	.LASF129
 1048 07bc 0D       		.byte	0xd
 1049 07bd 3C       		.byte	0x3c
 1050 07be 77000000 		.4byte	0x77
 1051 07c2 04       		.uleb128 0x4
 1052 07c3 F4020000 		.4byte	.LASF130
 1053 07c7 0E       		.byte	0xe
 1054 07c8 2F       		.byte	0x2f
 1055 07c9 AC070000 		.4byte	0x7ac
 1056 07cd 04       		.uleb128 0x4
 1057 07ce 0B010000 		.4byte	.LASF131
 1058 07d2 0F       		.byte	0xf
 1059 07d3 38       		.byte	0x38
 1060 07d4 D8070000 		.4byte	0x7d8
 1061 07d8 0A       		.uleb128 0xa
 1062 07d9 04       		.byte	0x4
 1063 07da 89070000 		.4byte	0x789
 1064 07de 1A       		.uleb128 0x1a
 1065 07df 32020000 		.4byte	.LASF137
 1066 07e3 01       		.byte	0x1
 1067 07e4 37       		.byte	0x37
 1068 07e5 00000000 		.4byte	.LFB260
 1069 07e9 42000000 		.4byte	.LFE260-.LFB260
 1070 07ed 01       		.uleb128 0x1
 1071 07ee 9C       		.byte	0x9c
 1072 07ef 27080000 		.4byte	0x827
 1073 07f3 1B       		.uleb128 0x1b
 1074 07f4 6D7300   		.ascii	"ms\000"
 1075 07f7 01       		.byte	0x1
 1076 07f8 37       		.byte	0x37
 1077 07f9 B7070000 		.4byte	0x7b7
 1078 07fd 02       		.uleb128 0x2
 1079 07fe 91       		.byte	0x91
 1080 07ff 6C       		.sleb128 -20
ARM GAS  C:\Users\Luis\AppData\Local\Temp\cc2W8q8U.s 			page 20


 1081 0800 1C       		.uleb128 0x1c
 1082 0801 0E000000 		.4byte	.LBB2
 1083 0805 2E000000 		.4byte	.LBE2-.LBB2
 1084 0809 1D       		.uleb128 0x1d
 1085 080a 3F000000 		.4byte	.LASF132
 1086 080e 01       		.byte	0x1
 1087 080f 3A       		.byte	0x3a
 1088 0810 CD070000 		.4byte	0x7cd
 1089 0814 02       		.uleb128 0x2
 1090 0815 91       		.byte	0x91
 1091 0816 70       		.sleb128 -16
 1092 0817 1E       		.uleb128 0x1e
 1093 0818 65727200 		.ascii	"err\000"
 1094 081c 01       		.byte	0x1
 1095 081d 3B       		.byte	0x3b
 1096 081e C2070000 		.4byte	0x7c2
 1097 0822 02       		.uleb128 0x2
 1098 0823 91       		.byte	0x91
 1099 0824 77       		.sleb128 -9
 1100 0825 00       		.byte	0
 1101 0826 00       		.byte	0
 1102 0827 1F       		.uleb128 0x1f
 1103 0828 EE000000 		.4byte	.LASF133
 1104 082c 10       		.byte	0x10
 1105 082d A706     		.2byte	0x6a7
 1106 082f A2000000 		.4byte	0xa2
 1107 0833 20       		.uleb128 0x20
 1108 0834 636800   		.ascii	"ch\000"
 1109 0837 05       		.byte	0x5
 1110 0838 0902     		.2byte	0x209
 1111 083a 1D040000 		.4byte	0x41d
 1112 083e 00       		.byte	0
 1113              		.section	.debug_abbrev,"",%progbits
 1114              	.Ldebug_abbrev0:
 1115 0000 01       		.uleb128 0x1
 1116 0001 11       		.uleb128 0x11
 1117 0002 01       		.byte	0x1
 1118 0003 25       		.uleb128 0x25
 1119 0004 0E       		.uleb128 0xe
 1120 0005 13       		.uleb128 0x13
 1121 0006 0B       		.uleb128 0xb
 1122 0007 03       		.uleb128 0x3
 1123 0008 0E       		.uleb128 0xe
 1124 0009 1B       		.uleb128 0x1b
 1125 000a 0E       		.uleb128 0xe
 1126 000b 55       		.uleb128 0x55
 1127 000c 17       		.uleb128 0x17
 1128 000d 11       		.uleb128 0x11
 1129 000e 01       		.uleb128 0x1
 1130 000f 10       		.uleb128 0x10
 1131 0010 17       		.uleb128 0x17
 1132 0011 00       		.byte	0
 1133 0012 00       		.byte	0
 1134 0013 02       		.uleb128 0x2
 1135 0014 24       		.uleb128 0x24
 1136 0015 00       		.byte	0
 1137 0016 0B       		.uleb128 0xb
ARM GAS  C:\Users\Luis\AppData\Local\Temp\cc2W8q8U.s 			page 21


 1138 0017 0B       		.uleb128 0xb
 1139 0018 3E       		.uleb128 0x3e
 1140 0019 0B       		.uleb128 0xb
 1141 001a 03       		.uleb128 0x3
 1142 001b 08       		.uleb128 0x8
 1143 001c 00       		.byte	0
 1144 001d 00       		.byte	0
 1145 001e 03       		.uleb128 0x3
 1146 001f 24       		.uleb128 0x24
 1147 0020 00       		.byte	0
 1148 0021 0B       		.uleb128 0xb
 1149 0022 0B       		.uleb128 0xb
 1150 0023 3E       		.uleb128 0x3e
 1151 0024 0B       		.uleb128 0xb
 1152 0025 03       		.uleb128 0x3
 1153 0026 0E       		.uleb128 0xe
 1154 0027 00       		.byte	0
 1155 0028 00       		.byte	0
 1156 0029 04       		.uleb128 0x4
 1157 002a 16       		.uleb128 0x16
 1158 002b 00       		.byte	0
 1159 002c 03       		.uleb128 0x3
 1160 002d 0E       		.uleb128 0xe
 1161 002e 3A       		.uleb128 0x3a
 1162 002f 0B       		.uleb128 0xb
 1163 0030 3B       		.uleb128 0x3b
 1164 0031 0B       		.uleb128 0xb
 1165 0032 49       		.uleb128 0x49
 1166 0033 13       		.uleb128 0x13
 1167 0034 00       		.byte	0
 1168 0035 00       		.byte	0
 1169 0036 05       		.uleb128 0x5
 1170 0037 35       		.uleb128 0x35
 1171 0038 00       		.byte	0
 1172 0039 49       		.uleb128 0x49
 1173 003a 13       		.uleb128 0x13
 1174 003b 00       		.byte	0
 1175 003c 00       		.byte	0
 1176 003d 06       		.uleb128 0x6
 1177 003e 13       		.uleb128 0x13
 1178 003f 01       		.byte	0x1
 1179 0040 03       		.uleb128 0x3
 1180 0041 0E       		.uleb128 0xe
 1181 0042 0B       		.uleb128 0xb
 1182 0043 0B       		.uleb128 0xb
 1183 0044 3A       		.uleb128 0x3a
 1184 0045 0B       		.uleb128 0xb
 1185 0046 3B       		.uleb128 0x3b
 1186 0047 0B       		.uleb128 0xb
 1187 0048 01       		.uleb128 0x1
 1188 0049 13       		.uleb128 0x13
 1189 004a 00       		.byte	0
 1190 004b 00       		.byte	0
 1191 004c 07       		.uleb128 0x7
 1192 004d 0D       		.uleb128 0xd
 1193 004e 00       		.byte	0
 1194 004f 03       		.uleb128 0x3
ARM GAS  C:\Users\Luis\AppData\Local\Temp\cc2W8q8U.s 			page 22


 1195 0050 0E       		.uleb128 0xe
 1196 0051 3A       		.uleb128 0x3a
 1197 0052 0B       		.uleb128 0xb
 1198 0053 3B       		.uleb128 0x3b
 1199 0054 0B       		.uleb128 0xb
 1200 0055 49       		.uleb128 0x49
 1201 0056 13       		.uleb128 0x13
 1202 0057 38       		.uleb128 0x38
 1203 0058 0B       		.uleb128 0xb
 1204 0059 00       		.byte	0
 1205 005a 00       		.byte	0
 1206 005b 08       		.uleb128 0x8
 1207 005c 0D       		.uleb128 0xd
 1208 005d 00       		.byte	0
 1209 005e 03       		.uleb128 0x3
 1210 005f 08       		.uleb128 0x8
 1211 0060 3A       		.uleb128 0x3a
 1212 0061 0B       		.uleb128 0xb
 1213 0062 3B       		.uleb128 0x3b
 1214 0063 05       		.uleb128 0x5
 1215 0064 49       		.uleb128 0x49
 1216 0065 13       		.uleb128 0x13
 1217 0066 38       		.uleb128 0x38
 1218 0067 0B       		.uleb128 0xb
 1219 0068 00       		.byte	0
 1220 0069 00       		.byte	0
 1221 006a 09       		.uleb128 0x9
 1222 006b 0D       		.uleb128 0xd
 1223 006c 00       		.byte	0
 1224 006d 03       		.uleb128 0x3
 1225 006e 0E       		.uleb128 0xe
 1226 006f 3A       		.uleb128 0x3a
 1227 0070 0B       		.uleb128 0xb
 1228 0071 3B       		.uleb128 0x3b
 1229 0072 05       		.uleb128 0x5
 1230 0073 49       		.uleb128 0x49
 1231 0074 13       		.uleb128 0x13
 1232 0075 38       		.uleb128 0x38
 1233 0076 0B       		.uleb128 0xb
 1234 0077 00       		.byte	0
 1235 0078 00       		.byte	0
 1236 0079 0A       		.uleb128 0xa
 1237 007a 0F       		.uleb128 0xf
 1238 007b 00       		.byte	0
 1239 007c 0B       		.uleb128 0xb
 1240 007d 0B       		.uleb128 0xb
 1241 007e 49       		.uleb128 0x49
 1242 007f 13       		.uleb128 0x13
 1243 0080 00       		.byte	0
 1244 0081 00       		.byte	0
 1245 0082 0B       		.uleb128 0xb
 1246 0083 13       		.uleb128 0x13
 1247 0084 01       		.byte	0x1
 1248 0085 03       		.uleb128 0x3
 1249 0086 0E       		.uleb128 0xe
 1250 0087 0B       		.uleb128 0xb
 1251 0088 0B       		.uleb128 0xb
ARM GAS  C:\Users\Luis\AppData\Local\Temp\cc2W8q8U.s 			page 23


 1252 0089 3A       		.uleb128 0x3a
 1253 008a 0B       		.uleb128 0xb
 1254 008b 3B       		.uleb128 0x3b
 1255 008c 05       		.uleb128 0x5
 1256 008d 01       		.uleb128 0x1
 1257 008e 13       		.uleb128 0x13
 1258 008f 00       		.byte	0
 1259 0090 00       		.byte	0
 1260 0091 0C       		.uleb128 0xc
 1261 0092 15       		.uleb128 0x15
 1262 0093 01       		.byte	0x1
 1263 0094 27       		.uleb128 0x27
 1264 0095 19       		.uleb128 0x19
 1265 0096 01       		.uleb128 0x1
 1266 0097 13       		.uleb128 0x13
 1267 0098 00       		.byte	0
 1268 0099 00       		.byte	0
 1269 009a 0D       		.uleb128 0xd
 1270 009b 05       		.uleb128 0x5
 1271 009c 00       		.byte	0
 1272 009d 49       		.uleb128 0x49
 1273 009e 13       		.uleb128 0x13
 1274 009f 00       		.byte	0
 1275 00a0 00       		.byte	0
 1276 00a1 0E       		.uleb128 0xe
 1277 00a2 0F       		.uleb128 0xf
 1278 00a3 00       		.byte	0
 1279 00a4 0B       		.uleb128 0xb
 1280 00a5 0B       		.uleb128 0xb
 1281 00a6 00       		.byte	0
 1282 00a7 00       		.byte	0
 1283 00a8 0F       		.uleb128 0xf
 1284 00a9 13       		.uleb128 0x13
 1285 00aa 01       		.byte	0x1
 1286 00ab 03       		.uleb128 0x3
 1287 00ac 0E       		.uleb128 0xe
 1288 00ad 0B       		.uleb128 0xb
 1289 00ae 05       		.uleb128 0x5
 1290 00af 3A       		.uleb128 0x3a
 1291 00b0 0B       		.uleb128 0xb
 1292 00b1 3B       		.uleb128 0x3b
 1293 00b2 05       		.uleb128 0x5
 1294 00b3 01       		.uleb128 0x1
 1295 00b4 13       		.uleb128 0x13
 1296 00b5 00       		.byte	0
 1297 00b6 00       		.byte	0
 1298 00b7 10       		.uleb128 0x10
 1299 00b8 0D       		.uleb128 0xd
 1300 00b9 00       		.byte	0
 1301 00ba 03       		.uleb128 0x3
 1302 00bb 0E       		.uleb128 0xe
 1303 00bc 3A       		.uleb128 0x3a
 1304 00bd 0B       		.uleb128 0xb
 1305 00be 3B       		.uleb128 0x3b
 1306 00bf 05       		.uleb128 0x5
 1307 00c0 49       		.uleb128 0x49
 1308 00c1 13       		.uleb128 0x13
ARM GAS  C:\Users\Luis\AppData\Local\Temp\cc2W8q8U.s 			page 24


 1309 00c2 38       		.uleb128 0x38
 1310 00c3 05       		.uleb128 0x5
 1311 00c4 00       		.byte	0
 1312 00c5 00       		.byte	0
 1313 00c6 11       		.uleb128 0x11
 1314 00c7 0D       		.uleb128 0xd
 1315 00c8 00       		.byte	0
 1316 00c9 03       		.uleb128 0x3
 1317 00ca 08       		.uleb128 0x8
 1318 00cb 3A       		.uleb128 0x3a
 1319 00cc 0B       		.uleb128 0xb
 1320 00cd 3B       		.uleb128 0x3b
 1321 00ce 05       		.uleb128 0x5
 1322 00cf 49       		.uleb128 0x49
 1323 00d0 13       		.uleb128 0x13
 1324 00d1 38       		.uleb128 0x38
 1325 00d2 05       		.uleb128 0x5
 1326 00d3 00       		.byte	0
 1327 00d4 00       		.byte	0
 1328 00d5 12       		.uleb128 0x12
 1329 00d6 0D       		.uleb128 0xd
 1330 00d7 00       		.byte	0
 1331 00d8 03       		.uleb128 0x3
 1332 00d9 08       		.uleb128 0x8
 1333 00da 3A       		.uleb128 0x3a
 1334 00db 0B       		.uleb128 0xb
 1335 00dc 3B       		.uleb128 0x3b
 1336 00dd 0B       		.uleb128 0xb
 1337 00de 49       		.uleb128 0x49
 1338 00df 13       		.uleb128 0x13
 1339 00e0 38       		.uleb128 0x38
 1340 00e1 0B       		.uleb128 0xb
 1341 00e2 00       		.byte	0
 1342 00e3 00       		.byte	0
 1343 00e4 13       		.uleb128 0x13
 1344 00e5 13       		.uleb128 0x13
 1345 00e6 01       		.byte	0x1
 1346 00e7 0B       		.uleb128 0xb
 1347 00e8 0B       		.uleb128 0xb
 1348 00e9 3A       		.uleb128 0x3a
 1349 00ea 0B       		.uleb128 0xb
 1350 00eb 3B       		.uleb128 0x3b
 1351 00ec 0B       		.uleb128 0xb
 1352 00ed 01       		.uleb128 0x1
 1353 00ee 13       		.uleb128 0x13
 1354 00ef 00       		.byte	0
 1355 00f0 00       		.byte	0
 1356 00f1 14       		.uleb128 0x14
 1357 00f2 13       		.uleb128 0x13
 1358 00f3 01       		.byte	0x1
 1359 00f4 0B       		.uleb128 0xb
 1360 00f5 05       		.uleb128 0x5
 1361 00f6 3A       		.uleb128 0x3a
 1362 00f7 0B       		.uleb128 0xb
 1363 00f8 3B       		.uleb128 0x3b
 1364 00f9 0B       		.uleb128 0xb
 1365 00fa 01       		.uleb128 0x1
ARM GAS  C:\Users\Luis\AppData\Local\Temp\cc2W8q8U.s 			page 25


 1366 00fb 13       		.uleb128 0x13
 1367 00fc 00       		.byte	0
 1368 00fd 00       		.byte	0
 1369 00fe 15       		.uleb128 0x15
 1370 00ff 01       		.uleb128 0x1
 1371 0100 01       		.byte	0x1
 1372 0101 49       		.uleb128 0x49
 1373 0102 13       		.uleb128 0x13
 1374 0103 01       		.uleb128 0x1
 1375 0104 13       		.uleb128 0x13
 1376 0105 00       		.byte	0
 1377 0106 00       		.byte	0
 1378 0107 16       		.uleb128 0x16
 1379 0108 21       		.uleb128 0x21
 1380 0109 00       		.byte	0
 1381 010a 49       		.uleb128 0x49
 1382 010b 13       		.uleb128 0x13
 1383 010c 2F       		.uleb128 0x2f
 1384 010d 0B       		.uleb128 0xb
 1385 010e 00       		.byte	0
 1386 010f 00       		.byte	0
 1387 0110 17       		.uleb128 0x17
 1388 0111 17       		.uleb128 0x17
 1389 0112 01       		.byte	0x1
 1390 0113 0B       		.uleb128 0xb
 1391 0114 0B       		.uleb128 0xb
 1392 0115 3A       		.uleb128 0x3a
 1393 0116 0B       		.uleb128 0xb
 1394 0117 3B       		.uleb128 0x3b
 1395 0118 0B       		.uleb128 0xb
 1396 0119 01       		.uleb128 0x1
 1397 011a 13       		.uleb128 0x13
 1398 011b 00       		.byte	0
 1399 011c 00       		.byte	0
 1400 011d 18       		.uleb128 0x18
 1401 011e 0D       		.uleb128 0xd
 1402 011f 00       		.byte	0
 1403 0120 03       		.uleb128 0x3
 1404 0121 0E       		.uleb128 0xe
 1405 0122 3A       		.uleb128 0x3a
 1406 0123 0B       		.uleb128 0xb
 1407 0124 3B       		.uleb128 0x3b
 1408 0125 05       		.uleb128 0x5
 1409 0126 49       		.uleb128 0x49
 1410 0127 13       		.uleb128 0x13
 1411 0128 00       		.byte	0
 1412 0129 00       		.byte	0
 1413 012a 19       		.uleb128 0x19
 1414 012b 26       		.uleb128 0x26
 1415 012c 00       		.byte	0
 1416 012d 49       		.uleb128 0x49
 1417 012e 13       		.uleb128 0x13
 1418 012f 00       		.byte	0
 1419 0130 00       		.byte	0
 1420 0131 1A       		.uleb128 0x1a
 1421 0132 2E       		.uleb128 0x2e
 1422 0133 01       		.byte	0x1
ARM GAS  C:\Users\Luis\AppData\Local\Temp\cc2W8q8U.s 			page 26


 1423 0134 3F       		.uleb128 0x3f
 1424 0135 19       		.uleb128 0x19
 1425 0136 03       		.uleb128 0x3
 1426 0137 0E       		.uleb128 0xe
 1427 0138 3A       		.uleb128 0x3a
 1428 0139 0B       		.uleb128 0xb
 1429 013a 3B       		.uleb128 0x3b
 1430 013b 0B       		.uleb128 0xb
 1431 013c 27       		.uleb128 0x27
 1432 013d 19       		.uleb128 0x19
 1433 013e 11       		.uleb128 0x11
 1434 013f 01       		.uleb128 0x1
 1435 0140 12       		.uleb128 0x12
 1436 0141 06       		.uleb128 0x6
 1437 0142 40       		.uleb128 0x40
 1438 0143 18       		.uleb128 0x18
 1439 0144 9642     		.uleb128 0x2116
 1440 0146 19       		.uleb128 0x19
 1441 0147 01       		.uleb128 0x1
 1442 0148 13       		.uleb128 0x13
 1443 0149 00       		.byte	0
 1444 014a 00       		.byte	0
 1445 014b 1B       		.uleb128 0x1b
 1446 014c 05       		.uleb128 0x5
 1447 014d 00       		.byte	0
 1448 014e 03       		.uleb128 0x3
 1449 014f 08       		.uleb128 0x8
 1450 0150 3A       		.uleb128 0x3a
 1451 0151 0B       		.uleb128 0xb
 1452 0152 3B       		.uleb128 0x3b
 1453 0153 0B       		.uleb128 0xb
 1454 0154 49       		.uleb128 0x49
 1455 0155 13       		.uleb128 0x13
 1456 0156 02       		.uleb128 0x2
 1457 0157 18       		.uleb128 0x18
 1458 0158 00       		.byte	0
 1459 0159 00       		.byte	0
 1460 015a 1C       		.uleb128 0x1c
 1461 015b 0B       		.uleb128 0xb
 1462 015c 01       		.byte	0x1
 1463 015d 11       		.uleb128 0x11
 1464 015e 01       		.uleb128 0x1
 1465 015f 12       		.uleb128 0x12
 1466 0160 06       		.uleb128 0x6
 1467 0161 00       		.byte	0
 1468 0162 00       		.byte	0
 1469 0163 1D       		.uleb128 0x1d
 1470 0164 34       		.uleb128 0x34
 1471 0165 00       		.byte	0
 1472 0166 03       		.uleb128 0x3
 1473 0167 0E       		.uleb128 0xe
 1474 0168 3A       		.uleb128 0x3a
 1475 0169 0B       		.uleb128 0xb
 1476 016a 3B       		.uleb128 0x3b
 1477 016b 0B       		.uleb128 0xb
 1478 016c 49       		.uleb128 0x49
 1479 016d 13       		.uleb128 0x13
ARM GAS  C:\Users\Luis\AppData\Local\Temp\cc2W8q8U.s 			page 27


 1480 016e 02       		.uleb128 0x2
 1481 016f 18       		.uleb128 0x18
 1482 0170 00       		.byte	0
 1483 0171 00       		.byte	0
 1484 0172 1E       		.uleb128 0x1e
 1485 0173 34       		.uleb128 0x34
 1486 0174 00       		.byte	0
 1487 0175 03       		.uleb128 0x3
 1488 0176 08       		.uleb128 0x8
 1489 0177 3A       		.uleb128 0x3a
 1490 0178 0B       		.uleb128 0xb
 1491 0179 3B       		.uleb128 0x3b
 1492 017a 0B       		.uleb128 0xb
 1493 017b 49       		.uleb128 0x49
 1494 017c 13       		.uleb128 0x13
 1495 017d 02       		.uleb128 0x2
 1496 017e 18       		.uleb128 0x18
 1497 017f 00       		.byte	0
 1498 0180 00       		.byte	0
 1499 0181 1F       		.uleb128 0x1f
 1500 0182 34       		.uleb128 0x34
 1501 0183 00       		.byte	0
 1502 0184 03       		.uleb128 0x3
 1503 0185 0E       		.uleb128 0xe
 1504 0186 3A       		.uleb128 0x3a
 1505 0187 0B       		.uleb128 0xb
 1506 0188 3B       		.uleb128 0x3b
 1507 0189 05       		.uleb128 0x5
 1508 018a 49       		.uleb128 0x49
 1509 018b 13       		.uleb128 0x13
 1510 018c 3F       		.uleb128 0x3f
 1511 018d 19       		.uleb128 0x19
 1512 018e 3C       		.uleb128 0x3c
 1513 018f 19       		.uleb128 0x19
 1514 0190 00       		.byte	0
 1515 0191 00       		.byte	0
 1516 0192 20       		.uleb128 0x20
 1517 0193 34       		.uleb128 0x34
 1518 0194 00       		.byte	0
 1519 0195 03       		.uleb128 0x3
 1520 0196 08       		.uleb128 0x8
 1521 0197 3A       		.uleb128 0x3a
 1522 0198 0B       		.uleb128 0xb
 1523 0199 3B       		.uleb128 0x3b
 1524 019a 05       		.uleb128 0x5
 1525 019b 49       		.uleb128 0x49
 1526 019c 13       		.uleb128 0x13
 1527 019d 3F       		.uleb128 0x3f
 1528 019e 19       		.uleb128 0x19
 1529 019f 3C       		.uleb128 0x3c
 1530 01a0 19       		.uleb128 0x19
 1531 01a1 00       		.byte	0
 1532 01a2 00       		.byte	0
 1533 01a3 00       		.byte	0
 1534              		.section	.debug_aranges,"",%progbits
 1535 0000 1C000000 		.4byte	0x1c
 1536 0004 0200     		.2byte	0x2
ARM GAS  C:\Users\Luis\AppData\Local\Temp\cc2W8q8U.s 			page 28


 1537 0006 00000000 		.4byte	.Ldebug_info0
 1538 000a 04       		.byte	0x4
 1539 000b 00       		.byte	0
 1540 000c 0000     		.2byte	0
 1541 000e 0000     		.2byte	0
 1542 0010 00000000 		.4byte	.LFB260
 1543 0014 42000000 		.4byte	.LFE260-.LFB260
 1544 0018 00000000 		.4byte	0
 1545 001c 00000000 		.4byte	0
 1546              		.section	.debug_ranges,"",%progbits
 1547              	.Ldebug_ranges0:
 1548 0000 00000000 		.4byte	.LFB260
 1549 0004 42000000 		.4byte	.LFE260
 1550 0008 00000000 		.4byte	0
 1551 000c 00000000 		.4byte	0
 1552              		.section	.debug_line,"",%progbits
 1553              	.Ldebug_line0:
 1554 0000 1A020000 		.section	.debug_str,"MS",%progbits,1
 1554      0200FF01 
 1554      00000201 
 1554      FB0E0D00 
 1554      01010101 
 1555              	.LASF95:
 1556 0000 74625F70 		.ascii	"tb_ptr\000"
 1556      747200
 1557              	.LASF52:
 1558 0007 72656164 		.ascii	"ready_list_t\000"
 1558      795F6C69 
 1558      73745F74 
 1558      00
 1559              	.LASF89:
 1560 0014 73655F74 		.ascii	"se_time\000"
 1560      696D6500 
 1561              	.LASF113:
 1562 001c 77747472 		.ascii	"wttrp\000"
 1562      7000
 1563              	.LASF110:
 1564 0022 7264796D 		.ascii	"rdymsg\000"
 1564      736700
 1565              	.LASF12:
 1566 0029 75696E74 		.ascii	"uint64_t\000"
 1566      36345F74 
 1566      00
 1567              	.LASF82:
 1568 0032 6B65726E 		.ascii	"kernel_stats\000"
 1568      656C5F73 
 1568      74617473 
 1568      00
 1569              	.LASF132:
 1570 003f 64656C61 		.ascii	"delaysem\000"
 1570      7973656D 
 1570      00
 1571              	.LASF88:
 1572 0048 706F7274 		.ascii	"port_intctx\000"
 1572      5F696E74 
 1572      63747800 
 1573              	.LASF51:
ARM GAS  C:\Users\Luis\AppData\Local\Temp\cc2W8q8U.s 			page 29


 1574 0054 63685F74 		.ascii	"ch_threads_queue\000"
 1574      68726561 
 1574      64735F71 
 1574      75657565 
 1574      00
 1575              	.LASF71:
 1576 0065 73797374 		.ascii	"system_debug_t\000"
 1576      656D5F64 
 1576      65627567 
 1576      5F7400
 1577              	.LASF101:
 1578 0074 776F7273 		.ascii	"worst\000"
 1578      7400
 1579              	.LASF104:
 1580 007a 74696D65 		.ascii	"time_measurement_t\000"
 1580      5F6D6561 
 1580      73757265 
 1580      6D656E74 
 1580      5F7400
 1581              	.LASF13:
 1582 008d 6C6F6E67 		.ascii	"long long unsigned int\000"
 1582      206C6F6E 
 1582      6720756E 
 1582      7369676E 
 1582      65642069 
 1583              	.LASF97:
 1584 00a4 63685F74 		.ascii	"ch_trace_buffer_t\000"
 1584      72616365 
 1584      5F627566 
 1584      6665725F 
 1584      7400
 1585              	.LASF92:
 1586 00b6 73655F73 		.ascii	"se_state\000"
 1586      74617465 
 1586      00
 1587              	.LASF111:
 1588 00bf 65786974 		.ascii	"exitcode\000"
 1588      636F6465 
 1588      00
 1589              	.LASF81:
 1590 00c8 6D61696E 		.ascii	"mainthread\000"
 1590      74687265 
 1590      616400
 1591              	.LASF128:
 1592 00d3 73385F74 		.ascii	"s8_t\000"
 1592      00
 1593              	.LASF68:
 1594 00d8 76697274 		.ascii	"virtual_timers_list_t\000"
 1594      75616C5F 
 1594      74696D65 
 1594      72735F6C 
 1594      6973745F 
 1595              	.LASF133:
 1596 00ee 49544D5F 		.ascii	"ITM_RxBuffer\000"
 1596      52784275 
 1596      66666572 
 1596      00
ARM GAS  C:\Users\Luis\AppData\Local\Temp\cc2W8q8U.s 			page 30


 1597              	.LASF15:
 1598 00fb 72747469 		.ascii	"rttime_t\000"
 1598      6D655F74 
 1598      00
 1599              	.LASF28:
 1600 0104 705F7072 		.ascii	"p_prio\000"
 1600      696F00
 1601              	.LASF131:
 1602 010b 7379735F 		.ascii	"sys_sem_t\000"
 1602      73656D5F 
 1602      7400
 1603              	.LASF11:
 1604 0115 6C6F6E67 		.ascii	"long long int\000"
 1604      206C6F6E 
 1604      6720696E 
 1604      7400
 1605              	.LASF1:
 1606 0123 7369676E 		.ascii	"signed char\000"
 1606      65642063 
 1606      68617200 
 1607              	.LASF43:
 1608 012f 705F6D70 		.ascii	"p_mpool\000"
 1608      6F6F6C00 
 1609              	.LASF121:
 1610 0137 6D5F7175 		.ascii	"m_queue\000"
 1610      65756500 
 1611              	.LASF78:
 1612 013f 63685F73 		.ascii	"ch_system\000"
 1612      79737465 
 1612      6D00
 1613              	.LASF8:
 1614 0149 6C6F6E67 		.ascii	"long int\000"
 1614      20696E74 
 1614      00
 1615              	.LASF17:
 1616 0152 74737461 		.ascii	"tstate_t\000"
 1616      74655F74 
 1616      00
 1617              	.LASF90:
 1618 015b 73655F74 		.ascii	"se_tp\000"
 1618      7000
 1619              	.LASF30:
 1620 0161 705F6E65 		.ascii	"p_newer\000"
 1620      77657200 
 1621              	.LASF118:
 1622 0169 735F7175 		.ascii	"s_queue\000"
 1622      65756500 
 1623              	.LASF94:
 1624 0171 74625F73 		.ascii	"tb_size\000"
 1624      697A6500 
 1625              	.LASF57:
 1626 0179 725F6E65 		.ascii	"r_newer\000"
 1626      77657200 
 1627              	.LASF85:
 1628 0181 72656761 		.ascii	"regarm_t\000"
 1628      726D5F74 
 1628      00
ARM GAS  C:\Users\Luis\AppData\Local\Temp\cc2W8q8U.s 			page 31


 1629              	.LASF64:
 1630 018a 76745F70 		.ascii	"vt_prev\000"
 1630      72657600 
 1631              	.LASF80:
 1632 0192 76746C69 		.ascii	"vtlist\000"
 1632      737400
 1633              	.LASF136:
 1634 0199 433A5C55 		.ascii	"C:\\Users\\Luis\\git\\DSP-Library-Lanin\\examples\\"
 1634      73657273 
 1634      5C4C7569 
 1634      735C6769 
 1634      745C4453 
 1635 01c6 53544D33 		.ascii	"STM32F407_EMTECH-LWIP\000"
 1635      32463430 
 1635      375F454D 
 1635      54454348 
 1635      2D4C5749 
 1636              	.LASF72:
 1637 01dc 63685F73 		.ascii	"ch_system_debug\000"
 1637      79737465 
 1637      6D5F6465 
 1637      62756700 
 1638              	.LASF126:
 1639 01ec 6D757465 		.ascii	"mutex_t\000"
 1639      785F7400 
 1640              	.LASF75:
 1641 01f4 6C6F636B 		.ascii	"lock_cnt\000"
 1641      5F636E74 
 1641      00
 1642              	.LASF83:
 1643 01fd 69646C65 		.ascii	"idle_thread_wa\000"
 1643      5F746872 
 1643      6561645F 
 1643      776100
 1644              	.LASF22:
 1645 020c 636E745F 		.ascii	"cnt_t\000"
 1645      7400
 1646              	.LASF33:
 1647 0212 705F7374 		.ascii	"p_stklimit\000"
 1647      6B6C696D 
 1647      697400
 1648              	.LASF0:
 1649 021d 756E7369 		.ascii	"unsigned int\000"
 1649      676E6564 
 1649      20696E74 
 1649      00
 1650              	.LASF63:
 1651 022a 76745F6E 		.ascii	"vt_next\000"
 1651      65787400 
 1652              	.LASF137:
 1653 0232 7379735F 		.ascii	"sys_msleep\000"
 1653      6D736C65 
 1653      657000
 1654              	.LASF114:
 1655 023d 77747365 		.ascii	"wtsemp\000"
 1655      6D7000
 1656              	.LASF38:
ARM GAS  C:\Users\Luis\AppData\Local\Temp\cc2W8q8U.s 			page 32


 1657 0244 705F6D73 		.ascii	"p_msgqueue\000"
 1657      67717565 
 1657      756500
 1658              	.LASF129:
 1659 024f 7533325F 		.ascii	"u32_t\000"
 1659      7400
 1660              	.LASF45:
 1661 0255 746C7350 		.ascii	"tlsPtr\000"
 1661      747200
 1662              	.LASF105:
 1663 025c 6E5F6972 		.ascii	"n_irq\000"
 1663      7100
 1664              	.LASF119:
 1665 0262 735F636E 		.ascii	"s_cnt\000"
 1665      7400
 1666              	.LASF6:
 1667 0268 73686F72 		.ascii	"short unsigned int\000"
 1667      7420756E 
 1667      7369676E 
 1667      65642069 
 1667      6E7400
 1668              	.LASF109:
 1669 027b 6B65726E 		.ascii	"kernel_stats_t\000"
 1669      656C5F73 
 1669      74617473 
 1669      5F7400
 1670              	.LASF48:
 1671 028a 63685F74 		.ascii	"ch_thread\000"
 1671      68726561 
 1671      6400
 1672              	.LASF20:
 1673 0294 6D73675F 		.ascii	"msg_t\000"
 1673      7400
 1674              	.LASF102:
 1675 029a 6C617374 		.ascii	"last\000"
 1675      00
 1676              	.LASF23:
 1677 029f 75636E74 		.ascii	"ucnt_t\000"
 1677      5F7400
 1678              	.LASF77:
 1679 02a6 63685F73 		.ascii	"ch_system_t\000"
 1679      79737465 
 1679      6D5F7400 
 1680              	.LASF16:
 1681 02b2 746D6F64 		.ascii	"tmode_t\000"
 1681      655F7400 
 1682              	.LASF108:
 1683 02ba 6D5F6372 		.ascii	"m_crit_isr\000"
 1683      69745F69 
 1683      737200
 1684              	.LASF53:
 1685 02c5 63685F72 		.ascii	"ch_ready_list\000"
 1685      65616479 
 1685      5F6C6973 
 1685      7400
 1686              	.LASF21:
 1687 02d3 6576656E 		.ascii	"eventmask_t\000"
ARM GAS  C:\Users\Luis\AppData\Local\Temp\cc2W8q8U.s 			page 33


 1687      746D6173 
 1687      6B5F7400 
 1688              	.LASF86:
 1689 02df 73746B61 		.ascii	"stkalign_t\000"
 1689      6C69676E 
 1689      5F7400
 1690              	.LASF37:
 1691 02ea 705F7761 		.ascii	"p_waiting\000"
 1691      6974696E 
 1691      6700
 1692              	.LASF130:
 1693 02f4 6572725F 		.ascii	"err_t\000"
 1693      7400
 1694              	.LASF84:
 1695 02fa 73697A65 		.ascii	"sizetype\000"
 1695      74797065 
 1695      00
 1696              	.LASF46:
 1697 0303 74687265 		.ascii	"thread_reference_t\000"
 1697      61645F72 
 1697      65666572 
 1697      656E6365 
 1697      5F7400
 1698              	.LASF69:
 1699 0316 63685F76 		.ascii	"ch_virtual_timers_list\000"
 1699      69727475 
 1699      616C5F74 
 1699      696D6572 
 1699      735F6C69 
 1700              	.LASF93:
 1701 032d 63685F73 		.ascii	"ch_swc_event_t\000"
 1701      77635F65 
 1701      76656E74 
 1701      5F7400
 1702              	.LASF70:
 1703 033c 76745F6C 		.ascii	"vt_lasttime\000"
 1703      61737474 
 1703      696D6500 
 1704              	.LASF31:
 1705 0348 705F6F6C 		.ascii	"p_older\000"
 1705      64657200 
 1706              	.LASF56:
 1707 0350 725F6374 		.ascii	"r_ctx\000"
 1707      7800
 1708              	.LASF99:
 1709 0356 746D5F63 		.ascii	"tm_calibration_t\000"
 1709      616C6962 
 1709      72617469 
 1709      6F6E5F74 
 1709      00
 1710              	.LASF59:
 1711 0367 725F6375 		.ascii	"r_current\000"
 1711      7272656E 
 1711      7400
 1712              	.LASF58:
 1713 0371 725F6F6C 		.ascii	"r_older\000"
 1713      64657200 
ARM GAS  C:\Users\Luis\AppData\Local\Temp\cc2W8q8U.s 			page 34


 1714              	.LASF103:
 1715 0379 63756D75 		.ascii	"cumulative\000"
 1715      6C617469 
 1715      766500
 1716              	.LASF18:
 1717 0384 74726566 		.ascii	"trefs_t\000"
 1717      735F7400 
 1718              	.LASF96:
 1719 038c 74625F62 		.ascii	"tb_buffer\000"
 1719      75666665 
 1719      7200
 1720              	.LASF61:
 1721 0396 76697274 		.ascii	"virtual_timer_t\000"
 1721      75616C5F 
 1721      74696D65 
 1721      725F7400 
 1722              	.LASF27:
 1723 03a6 705F7072 		.ascii	"p_prev\000"
 1723      657600
 1724              	.LASF19:
 1725 03ad 74707269 		.ascii	"tprio_t\000"
 1725      6F5F7400 
 1726              	.LASF106:
 1727 03b5 6E5F6374 		.ascii	"n_ctxswc\000"
 1727      78737763 
 1727      00
 1728              	.LASF127:
 1729 03be 5F426F6F 		.ascii	"_Bool\000"
 1729      6C00
 1730              	.LASF7:
 1731 03c4 696E7433 		.ascii	"int32_t\000"
 1731      325F7400 
 1732              	.LASF4:
 1733 03cc 756E7369 		.ascii	"unsigned char\000"
 1733      676E6564 
 1733      20636861 
 1733      7200
 1734              	.LASF41:
 1735 03da 705F6D74 		.ascii	"p_mtxlist\000"
 1735      786C6973 
 1735      7400
 1736              	.LASF5:
 1737 03e4 73686F72 		.ascii	"short int\000"
 1737      7420696E 
 1737      7400
 1738              	.LASF34:
 1739 03ee 705F7374 		.ascii	"p_state\000"
 1739      61746500 
 1740              	.LASF135:
 1741 03f6 2E2E2F2E 		.ascii	"../../ChibiOS/ext/lwip/src/core/sys.c\000"
 1741      2E2F4368 
 1741      6962694F 
 1741      532F6578 
 1741      742F6C77 
 1742              	.LASF55:
 1743 041c 725F7072 		.ascii	"r_prio\000"
 1743      696F00
ARM GAS  C:\Users\Luis\AppData\Local\Temp\cc2W8q8U.s 			page 35


 1744              	.LASF116:
 1745 0423 65776D61 		.ascii	"ewmask\000"
 1745      736B00
 1746              	.LASF26:
 1747 042a 705F6E65 		.ascii	"p_next\000"
 1747      787400
 1748              	.LASF35:
 1749 0431 705F666C 		.ascii	"p_flags\000"
 1749      61677300 
 1750              	.LASF44:
 1751 0439 705F7374 		.ascii	"p_stats\000"
 1751      61747300 
 1752              	.LASF125:
 1753 0441 73656D61 		.ascii	"semaphore_t\000"
 1753      70686F72 
 1753      655F7400 
 1754              	.LASF62:
 1755 044d 63685F76 		.ascii	"ch_virtual_timer\000"
 1755      69727475 
 1755      616C5F74 
 1755      696D6572 
 1755      00
 1756              	.LASF117:
 1757 045e 63685F73 		.ascii	"ch_semaphore\000"
 1757      656D6170 
 1757      686F7265 
 1757      00
 1758              	.LASF40:
 1759 046b 705F6570 		.ascii	"p_epending\000"
 1759      656E6469 
 1759      6E6700
 1760              	.LASF9:
 1761 0476 75696E74 		.ascii	"uint32_t\000"
 1761      33325F74 
 1761      00
 1762              	.LASF115:
 1763 047f 77746D74 		.ascii	"wtmtxp\000"
 1763      787000
 1764              	.LASF54:
 1765 0486 725F7175 		.ascii	"r_queue\000"
 1765      65756500 
 1766              	.LASF65:
 1767 048e 76745F64 		.ascii	"vt_delta\000"
 1767      656C7461 
 1767      00
 1768              	.LASF49:
 1769 0497 63685F74 		.ascii	"ch_threads_list\000"
 1769      68726561 
 1769      64735F6C 
 1769      69737400 
 1770              	.LASF10:
 1771 04a7 6C6F6E67 		.ascii	"long unsigned int\000"
 1771      20756E73 
 1771      69676E65 
 1771      6420696E 
 1771      7400
 1772              	.LASF124:
ARM GAS  C:\Users\Luis\AppData\Local\Temp\cc2W8q8U.s 			page 36


 1773 04b9 63686172 		.ascii	"char\000"
 1773      00
 1774              	.LASF134:
 1775 04be 474E5520 		.ascii	"GNU C 4.8.3 20131129 (release) [ARM/embedded-4_8-br"
 1775      4320342E 
 1775      382E3320 
 1775      32303133 
 1775      31313239 
 1776 04f1 616E6368 		.ascii	"anch revision 205641] -mcpu=cortex-m4 -mapcs-frame "
 1776      20726576 
 1776      6973696F 
 1776      6E203230 
 1776      35363431 
 1777 0524 2D6D6E6F 		.ascii	"-mno-thumb-interwork -mthumb -ggdb -O0 -falign-func"
 1777      2D746875 
 1777      6D622D69 
 1777      6E746572 
 1777      776F726B 
 1778 0557 74696F6E 		.ascii	"tions=16 -ffunction-sections -fdata-sections -fno-c"
 1778      733D3136 
 1778      202D6666 
 1778      756E6374 
 1778      696F6E2D 
 1779 058a 6F6D6D6F 		.ascii	"ommon\000"
 1779      6E00
 1780              	.LASF100:
 1781 0590 62657374 		.ascii	"best\000"
 1781      00
 1782              	.LASF123:
 1783 0595 6D5F6E65 		.ascii	"m_next\000"
 1783      787400
 1784              	.LASF24:
 1785 059c 73797374 		.ascii	"systime_t\000"
 1785      696D655F 
 1785      7400
 1786              	.LASF42:
 1787 05a6 705F7265 		.ascii	"p_realprio\000"
 1787      616C7072 
 1787      696F00
 1788              	.LASF60:
 1789 05b1 76746675 		.ascii	"vtfunc_t\000"
 1789      6E635F74 
 1789      00
 1790              	.LASF73:
 1791 05ba 70616E69 		.ascii	"panic_msg\000"
 1791      635F6D73 
 1791      6700
 1792              	.LASF98:
 1793 05c4 6F666673 		.ascii	"offset\000"
 1793      657400
 1794              	.LASF87:
 1795 05cb 636F6E74 		.ascii	"context\000"
 1795      65787400 
 1796              	.LASF14:
 1797 05d3 7274636E 		.ascii	"rtcnt_t\000"
 1797      745F7400 
 1798              	.LASF2:
ARM GAS  C:\Users\Luis\AppData\Local\Temp\cc2W8q8U.s 			page 37


 1799 05db 696E7438 		.ascii	"int8_t\000"
 1799      5F7400
 1800              	.LASF67:
 1801 05e2 76745F70 		.ascii	"vt_par\000"
 1801      617200
 1802              	.LASF50:
 1803 05e9 74687265 		.ascii	"threads_queue_t\000"
 1803      6164735F 
 1803      71756575 
 1803      655F7400 
 1804              	.LASF120:
 1805 05f9 63685F6D 		.ascii	"ch_mutex\000"
 1805      75746578 
 1805      00
 1806              	.LASF36:
 1807 0602 705F7265 		.ascii	"p_refs\000"
 1807      667300
 1808              	.LASF74:
 1809 0609 6973725F 		.ascii	"isr_cnt\000"
 1809      636E7400 
 1810              	.LASF25:
 1811 0611 74687265 		.ascii	"thread_t\000"
 1811      61645F74 
 1811      00
 1812              	.LASF79:
 1813 061a 726C6973 		.ascii	"rlist\000"
 1813      7400
 1814              	.LASF3:
 1815 0620 75696E74 		.ascii	"uint8_t\000"
 1815      385F7400 
 1816              	.LASF112:
 1817 0628 77746F62 		.ascii	"wtobjp\000"
 1817      6A7000
 1818              	.LASF32:
 1819 062f 705F6E61 		.ascii	"p_name\000"
 1819      6D6500
 1820              	.LASF47:
 1821 0636 74687265 		.ascii	"threads_list_t\000"
 1821      6164735F 
 1821      6C697374 
 1821      5F7400
 1822              	.LASF76:
 1823 0645 74726163 		.ascii	"trace_buffer\000"
 1823      655F6275 
 1823      66666572 
 1823      00
 1824              	.LASF39:
 1825 0652 705F6D73 		.ascii	"p_msg\000"
 1825      6700
 1826              	.LASF107:
 1827 0658 6D5F6372 		.ascii	"m_crit_thd\000"
 1827      69745F74 
 1827      686400
 1828              	.LASF122:
 1829 0663 6D5F6F77 		.ascii	"m_owner\000"
 1829      6E657200 
 1830              	.LASF91:
ARM GAS  C:\Users\Luis\AppData\Local\Temp\cc2W8q8U.s 			page 38


 1831 066b 73655F77 		.ascii	"se_wtobjp\000"
 1831      746F626A 
 1831      7000
 1832              	.LASF29:
 1833 0675 705F6374 		.ascii	"p_ctx\000"
 1833      7800
 1834              	.LASF66:
 1835 067b 76745F66 		.ascii	"vt_func\000"
 1835      756E6300 
 1836              		.ident	"GCC: (GNU Tools for ARM Embedded Processors) 4.8.3 20131129 (release) [ARM/embedded-4_8-br
ARM GAS  C:\Users\Luis\AppData\Local\Temp\cc2W8q8U.s 			page 39


DEFINED SYMBOLS
                            *ABS*:00000000 sys.c
C:\Users\Luis\AppData\Local\Temp\cc2W8q8U.s:19     .text.sys_msleep:00000000 $t
C:\Users\Luis\AppData\Local\Temp\cc2W8q8U.s:25     .text.sys_msleep:00000000 sys_msleep
                     .debug_frame:00000010 $d

UNDEFINED SYMBOLS
sys_sem_new
sys_arch_sem_wait
sys_sem_free
